<?xml version="1.0" encoding="UTF-8"?>
<!-- Generated by org.testng.reporters.JUnitXMLReporter -->
<testsuite ignored="0" hostname="DESKTOP-5OD0AA6" failures="1" tests="4" name="groupTest" time="19.683" errors="0" timestamp="2024-11-01T13:08:24 CET">
  <testcase classname="testCases.TC_003_WalidacjaPoprawnejRejestracji" name="WalidacjaPoprawnejRejestracji" time="1.706">
    <failure type="java.lang.AssertionError" message="null">
      <![CDATA[java.lang.AssertionError: null
at testCases.TC_003_WalidacjaPoprawnejRejestracji.WalidacjaPoprawnejRejestracji(TC_003_WalidacjaPoprawnejRejestracji.java:41)
at java.base/java.util.ArrayList.forEach(ArrayList.java:1511)
... Removed 29 stack frames]]>
    </failure>
  </testcase> <!-- WalidacjaPoprawnejRejestracji -->
  <testcase classname="testCases.TC_005_WalidacjaNazwyStronyWhatsNew" name="WalidacjaNazwyStronyWhatsNew" time="0.424"/>
  <testcase classname="testCases.TC_200_WalidacjaCheckBoxZdalnyAsystent_MyAccountPage" name="WalidacjaCheckBoxZdalnyAsystent_MyAccountPage" time="1.692"/>
  <testcase classname="testCases.TC_204_WalidacjaFunkcjonalnościDropDownSelektor_Nazwa_Tops_M" name="WalidacjaFunkcjonalnościDropDownSelektor_Nazwa_Tops_M" time="0.862"/>
</testsuite> <!-- groupTest -->
