<html>
<head>
<title>TestNG:  groupTest</title>
<link href="../testng.css" rel="stylesheet" type="text/css" />
<link href="../my-testng.css" rel="stylesheet" type="text/css" />

<style type="text/css">
.log { display: none;} 
.stack-trace { display: none;} 
</style>
<script type="text/javascript">
<!--
function flip(e) {
  current = e.style.display;
  if (current == 'block') {
    e.style.display = 'none';
    return 0;
  }
  else {
    e.style.display = 'block';
    return 1;
  }
}

function toggleBox(szDivId, elem, msg1, msg2)
{
  var res = -1;  if (document.getElementById) {
    res = flip(document.getElementById(szDivId));
  }
  else if (document.all) {
    // this is the way old msie versions work
    res = flip(document.all[szDivId]);
  }
  if(elem) {
    if(res == 0) elem.innerHTML = msg1; else elem.innerHTML = msg2;
  }

}

function toggleAllBoxes() {
  if (document.getElementsByTagName) {
    d = document.getElementsByTagName('div');
    for (i = 0; i < d.length; i++) {
      if (d[i].className == 'log') {
        flip(d[i]);
      }
    }
  }
}

// -->
</script>

</head>
<body>
<h2 align='center'>groupTest</h2><table border='1' align="center">
<tr>
<td>Tests passed/Failed/Skipped:</td><td>115/41/0</td>
</tr><tr>
<td>Started on:</td><td>Mon Nov 04 17:17:43 CET 2024</td>
</tr>
<tr><td>Total time:</td><td>1453 seconds (1453768 ms)</td>
</tr><tr>
<td>Included groups:</td><td>dataDriver </td>
</tr><tr>
<td>Excluded groups:</td><td></td>
</tr>
</table><p/>
<small><i>(Hover the method name to see the test class name)</i></small><p/>
<table width='100%' border='1' class='invocation-failed'>
<tr><td colspan='4' align='center'><b>FAILED TESTS</b></td></tr>
<tr><td><b>Test method</b></td>
<td><b>Attribute(s)</b></td>
<td width="30%"><b>Exception</b></td>
<td width="10%"><b>Time (seconds)</b></td>
<td><b>Instance</b></td>
</tr>
<tr>
<td title='testCases.TC_002_WalidacjaNiepoprawnejRejestracji_TDD.WalidacjaRejestracji_TDD()'><b>WalidacjaRejestracji_TDD</b><br>Test class: testCases.TC_002_WalidacjaNiepoprawnejRejestracji_TDD<br>Parameters: Dawid, Borek, abcr@gmail.com, Pass!$1fa, Pass!$1fa, Invalid</td>
<td><div><pre>java.lang.AssertionError: expected [true] but found [false]
	at testCases.TC_002_WalidacjaNiepoprawnejRejestracji_TDD.WalidacjaRejestracji_TDD(TC_002_WalidacjaNiepoprawnejRejestracji_TDD.java:40)
	at java.base/java.util.ArrayList.forEach(ArrayList.java:1597)
... Removed 33 stack frames</pre></div><a href='#' onClick='toggleBox("stack-trace337875491", this, "Click to show all stack frames", "Click to hide stack frames")'>Click to show all stack frames</a>
<div class='stack-trace' id='stack-trace337875491'><pre>java.lang.AssertionError: expected [true] but found [false]
	at org.testng.Assert.fail(Assert.java:111)
	at org.testng.Assert.failNotEquals(Assert.java:1578)
	at org.testng.Assert.assertTrue(Assert.java:57)
	at org.testng.Assert.assertTrue(Assert.java:67)
	at testCases.TC_002_WalidacjaNiepoprawnejRejestracji_TDD.WalidacjaRejestracji_TDD(TC_002_WalidacjaNiepoprawnejRejestracji_TDD.java:40)
	at java.base/jdk.internal.reflect.DirectMethodHandleAccessor.invoke(DirectMethodHandleAccessor.java:103)
	at java.base/java.lang.reflect.Method.invoke(Method.java:580)
	at org.testng.internal.invokers.MethodInvocationHelper.invokeMethod(MethodInvocationHelper.java:141)
	at org.testng.internal.invokers.TestInvoker.invokeMethod(TestInvoker.java:686)
	at org.testng.internal.invokers.TestInvoker.invokeTestMethod(TestInvoker.java:230)
	at org.testng.internal.invokers.MethodRunner.runInSequence(MethodRunner.java:63)
	at org.testng.internal.invokers.TestInvoker$MethodInvocationAgent.invoke(TestInvoker.java:992)
	at org.testng.internal.invokers.TestInvoker.invokeTestMethods(TestInvoker.java:203)
	at org.testng.internal.invokers.TestMethodWorker.invokeTestMethods(TestMethodWorker.java:154)
	at org.testng.internal.invokers.TestMethodWorker.run(TestMethodWorker.java:134)
	at java.base/java.util.ArrayList.forEach(ArrayList.java:1597)
	at org.testng.TestRunner.privateRun(TestRunner.java:739)
	at org.testng.TestRunner.run(TestRunner.java:614)
	at org.testng.SuiteRunner.runTest(SuiteRunner.java:421)
	at org.testng.SuiteRunner.runSequentially(SuiteRunner.java:413)
	at org.testng.SuiteRunner.privateRun(SuiteRunner.java:373)
	at org.testng.SuiteRunner.run(SuiteRunner.java:312)
	at org.testng.SuiteRunnerWorker.runSuite(SuiteRunnerWorker.java:52)
	at org.testng.SuiteRunnerWorker.run(SuiteRunnerWorker.java:95)
	at org.testng.TestNG.runSuitesSequentially(TestNG.java:1274)
	at org.testng.TestNG.runSuitesLocally(TestNG.java:1208)
	at org.testng.TestNG.runSuites(TestNG.java:1112)
	at org.testng.TestNG.run(TestNG.java:1079)
	at org.apache.maven.surefire.testng.TestNGExecutor.run(TestNGExecutor.java:308)
	at org.apache.maven.surefire.testng.TestNGXmlTestSuite.execute(TestNGXmlTestSuite.java:71)
	at org.apache.maven.surefire.testng.TestNGProvider.invoke(TestNGProvider.java:113)
	at org.apache.maven.surefire.booter.ForkedBooter.runSuitesInProcess(ForkedBooter.java:385)
	at org.apache.maven.surefire.booter.ForkedBooter.execute(ForkedBooter.java:162)
	at org.apache.maven.surefire.booter.ForkedBooter.run(ForkedBooter.java:507)
	at org.apache.maven.surefire.booter.ForkedBooter.main(ForkedBooter.java:495)
</pre></div></td>
<td>2</td>
<td>testCases.TC_002_WalidacjaNiepoprawnejRejestracji_TDD@10959ece</td></tr>
<tr>
<td title='testCases.TC_219_WalidacjaZakładkiEdytujInformacjeKontaTDD_MainAccountPage.WalidacjaZakładkiEdytujInformacjeKontaTDD_MainAccountPage()'><b>WalidacjaZakładkiEdytujInformacjeKontaTDD_MainAccountPage</b><br>Test class: testCases.TC_219_WalidacjaZakładkiEdytujInformacjeKontaTDD_MainAccountPage<br>Parameters: Kacper, Psikuta, psikuta$@gmail.com, roni_cost3@, Zajączek007, Zajączek007, Ivalid</td>
<td><div><pre>java.lang.AssertionError: null
	at testCases.TC_219_WalidacjaZakładkiEdytujInformacjeKontaTDD_MainAccountPage.WalidacjaZakładkiEdytujInformacjeKontaTDD_MainAccountPage(TC_219_WalidacjaZakładkiEdytujInformacjeKontaTDD_MainAccountPage.java:55)
	at java.base/java.util.ArrayList.forEach(ArrayList.java:1597)
... Removed 31 stack frames</pre></div><a href='#' onClick='toggleBox("stack-trace2090951968", this, "Click to show all stack frames", "Click to hide stack frames")'>Click to show all stack frames</a>
<div class='stack-trace' id='stack-trace2090951968'><pre>java.lang.AssertionError: null
	at org.testng.Assert.fail(Assert.java:111)
	at org.testng.Assert.fail(Assert.java:116)
	at testCases.TC_219_WalidacjaZakładkiEdytujInformacjeKontaTDD_MainAccountPage.WalidacjaZakładkiEdytujInformacjeKontaTDD_MainAccountPage(TC_219_WalidacjaZakładkiEdytujInformacjeKontaTDD_MainAccountPage.java:55)
	at java.base/jdk.internal.reflect.DirectMethodHandleAccessor.invoke(DirectMethodHandleAccessor.java:103)
	at java.base/java.lang.reflect.Method.invoke(Method.java:580)
	at org.testng.internal.invokers.MethodInvocationHelper.invokeMethod(MethodInvocationHelper.java:141)
	at org.testng.internal.invokers.TestInvoker.invokeMethod(TestInvoker.java:686)
	at org.testng.internal.invokers.TestInvoker.invokeTestMethod(TestInvoker.java:230)
	at org.testng.internal.invokers.MethodRunner.runInSequence(MethodRunner.java:63)
	at org.testng.internal.invokers.TestInvoker$MethodInvocationAgent.invoke(TestInvoker.java:992)
	at org.testng.internal.invokers.TestInvoker.invokeTestMethods(TestInvoker.java:203)
	at org.testng.internal.invokers.TestMethodWorker.invokeTestMethods(TestMethodWorker.java:154)
	at org.testng.internal.invokers.TestMethodWorker.run(TestMethodWorker.java:134)
	at java.base/java.util.ArrayList.forEach(ArrayList.java:1597)
	at org.testng.TestRunner.privateRun(TestRunner.java:739)
	at org.testng.TestRunner.run(TestRunner.java:614)
	at org.testng.SuiteRunner.runTest(SuiteRunner.java:421)
	at org.testng.SuiteRunner.runSequentially(SuiteRunner.java:413)
	at org.testng.SuiteRunner.privateRun(SuiteRunner.java:373)
	at org.testng.SuiteRunner.run(SuiteRunner.java:312)
	at org.testng.SuiteRunnerWorker.runSuite(SuiteRunnerWorker.java:52)
	at org.testng.SuiteRunnerWorker.run(SuiteRunnerWorker.java:95)
	at org.testng.TestNG.runSuitesSequentially(TestNG.java:1274)
	at org.testng.TestNG.runSuitesLocally(TestNG.java:1208)
	at org.testng.TestNG.runSuites(TestNG.java:1112)
	at org.testng.TestNG.run(TestNG.java:1079)
	at org.apache.maven.surefire.testng.TestNGExecutor.run(TestNGExecutor.java:308)
	at org.apache.maven.surefire.testng.TestNGXmlTestSuite.execute(TestNGXmlTestSuite.java:71)
	at org.apache.maven.surefire.testng.TestNGProvider.invoke(TestNGProvider.java:113)
	at org.apache.maven.surefire.booter.ForkedBooter.runSuitesInProcess(ForkedBooter.java:385)
	at org.apache.maven.surefire.booter.ForkedBooter.execute(ForkedBooter.java:162)
	at org.apache.maven.surefire.booter.ForkedBooter.run(ForkedBooter.java:507)
	at org.apache.maven.surefire.booter.ForkedBooter.main(ForkedBooter.java:495)
</pre></div></td>
<td>5</td>
<td>testCases.TC_219_WalidacjaZakładkiEdytujInformacjeKontaTDD_MainAccountPage@d5b810e</td></tr>
<tr>
<td title='testCases.TC_219_WalidacjaZakładkiEdytujInformacjeKontaTDD_MainAccountPage.WalidacjaZakładkiEdytujInformacjeKontaTDD_MainAccountPage()'><b>WalidacjaZakładkiEdytujInformacjeKontaTDD_MainAccountPage</b><br>Test class: testCases.TC_219_WalidacjaZakładkiEdytujInformacjeKontaTDD_MainAccountPage<br>Parameters: Kacper, Psikuta, psikuta$@gmai, roni_cost3@example.com, Zajączek007, Zajączek007, Ivalid</td>
<td><div><pre>java.lang.AssertionError: null
	at testCases.TC_219_WalidacjaZakładkiEdytujInformacjeKontaTDD_MainAccountPage.WalidacjaZakładkiEdytujInformacjeKontaTDD_MainAccountPage(TC_219_WalidacjaZakładkiEdytujInformacjeKontaTDD_MainAccountPage.java:55)
	at java.base/java.util.ArrayList.forEach(ArrayList.java:1597)
... Removed 31 stack frames</pre></div><a href='#' onClick='toggleBox("stack-trace1759515620", this, "Click to show all stack frames", "Click to hide stack frames")'>Click to show all stack frames</a>
<div class='stack-trace' id='stack-trace1759515620'><pre>java.lang.AssertionError: null
	at org.testng.Assert.fail(Assert.java:111)
	at org.testng.Assert.fail(Assert.java:116)
	at testCases.TC_219_WalidacjaZakładkiEdytujInformacjeKontaTDD_MainAccountPage.WalidacjaZakładkiEdytujInformacjeKontaTDD_MainAccountPage(TC_219_WalidacjaZakładkiEdytujInformacjeKontaTDD_MainAccountPage.java:55)
	at java.base/jdk.internal.reflect.DirectMethodHandleAccessor.invoke(DirectMethodHandleAccessor.java:103)
	at java.base/java.lang.reflect.Method.invoke(Method.java:580)
	at org.testng.internal.invokers.MethodInvocationHelper.invokeMethod(MethodInvocationHelper.java:141)
	at org.testng.internal.invokers.TestInvoker.invokeMethod(TestInvoker.java:686)
	at org.testng.internal.invokers.TestInvoker.invokeTestMethod(TestInvoker.java:230)
	at org.testng.internal.invokers.MethodRunner.runInSequence(MethodRunner.java:63)
	at org.testng.internal.invokers.TestInvoker$MethodInvocationAgent.invoke(TestInvoker.java:992)
	at org.testng.internal.invokers.TestInvoker.invokeTestMethods(TestInvoker.java:203)
	at org.testng.internal.invokers.TestMethodWorker.invokeTestMethods(TestMethodWorker.java:154)
	at org.testng.internal.invokers.TestMethodWorker.run(TestMethodWorker.java:134)
	at java.base/java.util.ArrayList.forEach(ArrayList.java:1597)
	at org.testng.TestRunner.privateRun(TestRunner.java:739)
	at org.testng.TestRunner.run(TestRunner.java:614)
	at org.testng.SuiteRunner.runTest(SuiteRunner.java:421)
	at org.testng.SuiteRunner.runSequentially(SuiteRunner.java:413)
	at org.testng.SuiteRunner.privateRun(SuiteRunner.java:373)
	at org.testng.SuiteRunner.run(SuiteRunner.java:312)
	at org.testng.SuiteRunnerWorker.runSuite(SuiteRunnerWorker.java:52)
	at org.testng.SuiteRunnerWorker.run(SuiteRunnerWorker.java:95)
	at org.testng.TestNG.runSuitesSequentially(TestNG.java:1274)
	at org.testng.TestNG.runSuitesLocally(TestNG.java:1208)
	at org.testng.TestNG.runSuites(TestNG.java:1112)
	at org.testng.TestNG.run(TestNG.java:1079)
	at org.apache.maven.surefire.testng.TestNGExecutor.run(TestNGExecutor.java:308)
	at org.apache.maven.surefire.testng.TestNGXmlTestSuite.execute(TestNGXmlTestSuite.java:71)
	at org.apache.maven.surefire.testng.TestNGProvider.invoke(TestNGProvider.java:113)
	at org.apache.maven.surefire.booter.ForkedBooter.runSuitesInProcess(ForkedBooter.java:385)
	at org.apache.maven.surefire.booter.ForkedBooter.execute(ForkedBooter.java:162)
	at org.apache.maven.surefire.booter.ForkedBooter.run(ForkedBooter.java:507)
	at org.apache.maven.surefire.booter.ForkedBooter.main(ForkedBooter.java:495)
</pre></div></td>
<td>5</td>
<td>testCases.TC_219_WalidacjaZakładkiEdytujInformacjeKontaTDD_MainAccountPage@d5b810e</td></tr>
<tr>
<td title='testCases.TC_064_DodawanieProduktu_ProductPage_TDD.DodawanieProduktu_KartaZProduktem_TDD()'><b>DodawanieProduktu_KartaZProduktem_TDD</b><br>Test class: testCases.TC_064_DodawanieProduktu_ProductPage_TDD<br>Parameters: 20000.0, Invalid</td>
<td><div><pre>java.lang.AssertionError: null
	at testCases.TC_064_DodawanieProduktu_ProductPage_TDD.DodawanieProduktu_KartaZProduktem_TDD(TC_064_DodawanieProduktu_ProductPage_TDD.java:81)
	at java.base/java.util.ArrayList.forEach(ArrayList.java:1597)
... Removed 31 stack frames</pre></div><a href='#' onClick='toggleBox("stack-trace1836739263", this, "Click to show all stack frames", "Click to hide stack frames")'>Click to show all stack frames</a>
<div class='stack-trace' id='stack-trace1836739263'><pre>java.lang.AssertionError: null
	at org.testng.Assert.fail(Assert.java:111)
	at org.testng.Assert.fail(Assert.java:116)
	at testCases.TC_064_DodawanieProduktu_ProductPage_TDD.DodawanieProduktu_KartaZProduktem_TDD(TC_064_DodawanieProduktu_ProductPage_TDD.java:81)
	at java.base/jdk.internal.reflect.DirectMethodHandleAccessor.invoke(DirectMethodHandleAccessor.java:103)
	at java.base/java.lang.reflect.Method.invoke(Method.java:580)
	at org.testng.internal.invokers.MethodInvocationHelper.invokeMethod(MethodInvocationHelper.java:141)
	at org.testng.internal.invokers.TestInvoker.invokeMethod(TestInvoker.java:686)
	at org.testng.internal.invokers.TestInvoker.invokeTestMethod(TestInvoker.java:230)
	at org.testng.internal.invokers.MethodRunner.runInSequence(MethodRunner.java:63)
	at org.testng.internal.invokers.TestInvoker$MethodInvocationAgent.invoke(TestInvoker.java:992)
	at org.testng.internal.invokers.TestInvoker.invokeTestMethods(TestInvoker.java:203)
	at org.testng.internal.invokers.TestMethodWorker.invokeTestMethods(TestMethodWorker.java:154)
	at org.testng.internal.invokers.TestMethodWorker.run(TestMethodWorker.java:134)
	at java.base/java.util.ArrayList.forEach(ArrayList.java:1597)
	at org.testng.TestRunner.privateRun(TestRunner.java:739)
	at org.testng.TestRunner.run(TestRunner.java:614)
	at org.testng.SuiteRunner.runTest(SuiteRunner.java:421)
	at org.testng.SuiteRunner.runSequentially(SuiteRunner.java:413)
	at org.testng.SuiteRunner.privateRun(SuiteRunner.java:373)
	at org.testng.SuiteRunner.run(SuiteRunner.java:312)
	at org.testng.SuiteRunnerWorker.runSuite(SuiteRunnerWorker.java:52)
	at org.testng.SuiteRunnerWorker.run(SuiteRunnerWorker.java:95)
	at org.testng.TestNG.runSuitesSequentially(TestNG.java:1274)
	at org.testng.TestNG.runSuitesLocally(TestNG.java:1208)
	at org.testng.TestNG.runSuites(TestNG.java:1112)
	at org.testng.TestNG.run(TestNG.java:1079)
	at org.apache.maven.surefire.testng.TestNGExecutor.run(TestNGExecutor.java:308)
	at org.apache.maven.surefire.testng.TestNGXmlTestSuite.execute(TestNGXmlTestSuite.java:71)
	at org.apache.maven.surefire.testng.TestNGProvider.invoke(TestNGProvider.java:113)
	at org.apache.maven.surefire.booter.ForkedBooter.runSuitesInProcess(ForkedBooter.java:385)
	at org.apache.maven.surefire.booter.ForkedBooter.execute(ForkedBooter.java:162)
	at org.apache.maven.surefire.booter.ForkedBooter.run(ForkedBooter.java:507)
	at org.apache.maven.surefire.booter.ForkedBooter.main(ForkedBooter.java:495)
</pre></div></td>
<td>5</td>
<td>testCases.TC_064_DodawanieProduktu_ProductPage_TDD@702b8b12</td></tr>
<tr>
<td title='testCases.TC_219_WalidacjaZakładkiEdytujInformacjeKontaTDD_MainAccountPage.WalidacjaZakładkiEdytujInformacjeKontaTDD_MainAccountPage()'><b>WalidacjaZakładkiEdytujInformacjeKontaTDD_MainAccountPage</b><br>Test class: testCases.TC_219_WalidacjaZakładkiEdytujInformacjeKontaTDD_MainAccountPage<br>Parameters: Janusz, Psikuta, psikuta$@gmail.com, roni_cost3@example.com, , , Ivalid</td>
<td><div><pre>java.lang.AssertionError: null
	at testCases.TC_219_WalidacjaZakładkiEdytujInformacjeKontaTDD_MainAccountPage.WalidacjaZakładkiEdytujInformacjeKontaTDD_MainAccountPage(TC_219_WalidacjaZakładkiEdytujInformacjeKontaTDD_MainAccountPage.java:55)
	at java.base/java.util.ArrayList.forEach(ArrayList.java:1597)
... Removed 31 stack frames</pre></div><a href='#' onClick='toggleBox("stack-trace790489560", this, "Click to show all stack frames", "Click to hide stack frames")'>Click to show all stack frames</a>
<div class='stack-trace' id='stack-trace790489560'><pre>java.lang.AssertionError: null
	at org.testng.Assert.fail(Assert.java:111)
	at org.testng.Assert.fail(Assert.java:116)
	at testCases.TC_219_WalidacjaZakładkiEdytujInformacjeKontaTDD_MainAccountPage.WalidacjaZakładkiEdytujInformacjeKontaTDD_MainAccountPage(TC_219_WalidacjaZakładkiEdytujInformacjeKontaTDD_MainAccountPage.java:55)
	at java.base/jdk.internal.reflect.DirectMethodHandleAccessor.invoke(DirectMethodHandleAccessor.java:103)
	at java.base/java.lang.reflect.Method.invoke(Method.java:580)
	at org.testng.internal.invokers.MethodInvocationHelper.invokeMethod(MethodInvocationHelper.java:141)
	at org.testng.internal.invokers.TestInvoker.invokeMethod(TestInvoker.java:686)
	at org.testng.internal.invokers.TestInvoker.invokeTestMethod(TestInvoker.java:230)
	at org.testng.internal.invokers.MethodRunner.runInSequence(MethodRunner.java:63)
	at org.testng.internal.invokers.TestInvoker$MethodInvocationAgent.invoke(TestInvoker.java:992)
	at org.testng.internal.invokers.TestInvoker.invokeTestMethods(TestInvoker.java:203)
	at org.testng.internal.invokers.TestMethodWorker.invokeTestMethods(TestMethodWorker.java:154)
	at org.testng.internal.invokers.TestMethodWorker.run(TestMethodWorker.java:134)
	at java.base/java.util.ArrayList.forEach(ArrayList.java:1597)
	at org.testng.TestRunner.privateRun(TestRunner.java:739)
	at org.testng.TestRunner.run(TestRunner.java:614)
	at org.testng.SuiteRunner.runTest(SuiteRunner.java:421)
	at org.testng.SuiteRunner.runSequentially(SuiteRunner.java:413)
	at org.testng.SuiteRunner.privateRun(SuiteRunner.java:373)
	at org.testng.SuiteRunner.run(SuiteRunner.java:312)
	at org.testng.SuiteRunnerWorker.runSuite(SuiteRunnerWorker.java:52)
	at org.testng.SuiteRunnerWorker.run(SuiteRunnerWorker.java:95)
	at org.testng.TestNG.runSuitesSequentially(TestNG.java:1274)
	at org.testng.TestNG.runSuitesLocally(TestNG.java:1208)
	at org.testng.TestNG.runSuites(TestNG.java:1112)
	at org.testng.TestNG.run(TestNG.java:1079)
	at org.apache.maven.surefire.testng.TestNGExecutor.run(TestNGExecutor.java:308)
	at org.apache.maven.surefire.testng.TestNGXmlTestSuite.execute(TestNGXmlTestSuite.java:71)
	at org.apache.maven.surefire.testng.TestNGProvider.invoke(TestNGProvider.java:113)
	at org.apache.maven.surefire.booter.ForkedBooter.runSuitesInProcess(ForkedBooter.java:385)
	at org.apache.maven.surefire.booter.ForkedBooter.execute(ForkedBooter.java:162)
	at org.apache.maven.surefire.booter.ForkedBooter.run(ForkedBooter.java:507)
	at org.apache.maven.surefire.booter.ForkedBooter.main(ForkedBooter.java:495)
</pre></div></td>
<td>5</td>
<td>testCases.TC_219_WalidacjaZakładkiEdytujInformacjeKontaTDD_MainAccountPage@d5b810e</td></tr>
<tr>
<td title='testCases.TC_131_WalidacjaWysyłaniaWiadomości_contactPage.WalidacjaWysyłaniaWiadomości_contactPage()'><b>WalidacjaWysyłaniaWiadomości_contactPage</b><br>Test class: testCases.TC_131_WalidacjaWysyłaniaWiadomości_contactPage<br>Parameters: A, Karamba@gmail.com, 1.23456789E8, Wysłałem wam wiadomość, valid</td>
<td><div><pre>java.lang.AssertionError: null
	at testCases.TC_131_WalidacjaWysyłaniaWiadomości_contactPage.WalidacjaWysyłaniaWiadomości_contactPage(TC_131_WalidacjaWysyłaniaWiadomości_contactPage.java:57)
	at java.base/java.util.ArrayList.forEach(ArrayList.java:1597)
... Removed 31 stack frames</pre></div><a href='#' onClick='toggleBox("stack-trace786751534", this, "Click to show all stack frames", "Click to hide stack frames")'>Click to show all stack frames</a>
<div class='stack-trace' id='stack-trace786751534'><pre>java.lang.AssertionError: null
	at org.testng.Assert.fail(Assert.java:111)
	at org.testng.Assert.fail(Assert.java:116)
	at testCases.TC_131_WalidacjaWysyłaniaWiadomości_contactPage.WalidacjaWysyłaniaWiadomości_contactPage(TC_131_WalidacjaWysyłaniaWiadomości_contactPage.java:57)
	at java.base/jdk.internal.reflect.DirectMethodHandleAccessor.invoke(DirectMethodHandleAccessor.java:103)
	at java.base/java.lang.reflect.Method.invoke(Method.java:580)
	at org.testng.internal.invokers.MethodInvocationHelper.invokeMethod(MethodInvocationHelper.java:141)
	at org.testng.internal.invokers.TestInvoker.invokeMethod(TestInvoker.java:686)
	at org.testng.internal.invokers.TestInvoker.invokeTestMethod(TestInvoker.java:230)
	at org.testng.internal.invokers.MethodRunner.runInSequence(MethodRunner.java:63)
	at org.testng.internal.invokers.TestInvoker$MethodInvocationAgent.invoke(TestInvoker.java:992)
	at org.testng.internal.invokers.TestInvoker.invokeTestMethods(TestInvoker.java:203)
	at org.testng.internal.invokers.TestMethodWorker.invokeTestMethods(TestMethodWorker.java:154)
	at org.testng.internal.invokers.TestMethodWorker.run(TestMethodWorker.java:134)
	at java.base/java.util.ArrayList.forEach(ArrayList.java:1597)
	at org.testng.TestRunner.privateRun(TestRunner.java:739)
	at org.testng.TestRunner.run(TestRunner.java:614)
	at org.testng.SuiteRunner.runTest(SuiteRunner.java:421)
	at org.testng.SuiteRunner.runSequentially(SuiteRunner.java:413)
	at org.testng.SuiteRunner.privateRun(SuiteRunner.java:373)
	at org.testng.SuiteRunner.run(SuiteRunner.java:312)
	at org.testng.SuiteRunnerWorker.runSuite(SuiteRunnerWorker.java:52)
	at org.testng.SuiteRunnerWorker.run(SuiteRunnerWorker.java:95)
	at org.testng.TestNG.runSuitesSequentially(TestNG.java:1274)
	at org.testng.TestNG.runSuitesLocally(TestNG.java:1208)
	at org.testng.TestNG.runSuites(TestNG.java:1112)
	at org.testng.TestNG.run(TestNG.java:1079)
	at org.apache.maven.surefire.testng.TestNGExecutor.run(TestNGExecutor.java:308)
	at org.apache.maven.surefire.testng.TestNGXmlTestSuite.execute(TestNGXmlTestSuite.java:71)
	at org.apache.maven.surefire.testng.TestNGProvider.invoke(TestNGProvider.java:113)
	at org.apache.maven.surefire.booter.ForkedBooter.runSuitesInProcess(ForkedBooter.java:385)
	at org.apache.maven.surefire.booter.ForkedBooter.execute(ForkedBooter.java:162)
	at org.apache.maven.surefire.booter.ForkedBooter.run(ForkedBooter.java:507)
	at org.apache.maven.surefire.booter.ForkedBooter.main(ForkedBooter.java:495)
</pre></div></td>
<td>16</td>
<td>testCases.TC_131_WalidacjaWysyłaniaWiadomości_contactPage@6d4e5011</td></tr>
<tr>
<td title='testCases.TC_219_WalidacjaZakładkiEdytujInformacjeKontaTDD_MainAccountPage.WalidacjaZakładkiEdytujInformacjeKontaTDD_MainAccountPage()'><b>WalidacjaZakładkiEdytujInformacjeKontaTDD_MainAccountPage</b><br>Test class: testCases.TC_219_WalidacjaZakładkiEdytujInformacjeKontaTDD_MainAccountPage<br>Parameters: Kacper, Psikuta, psikuta$@gmail.com, #%!%@#, Zajączek007, Zajączek007, Ivalid</td>
<td><div><pre>java.lang.AssertionError: null
	at testCases.TC_219_WalidacjaZakładkiEdytujInformacjeKontaTDD_MainAccountPage.WalidacjaZakładkiEdytujInformacjeKontaTDD_MainAccountPage(TC_219_WalidacjaZakładkiEdytujInformacjeKontaTDD_MainAccountPage.java:55)
	at java.base/java.util.ArrayList.forEach(ArrayList.java:1597)
... Removed 31 stack frames</pre></div><a href='#' onClick='toggleBox("stack-trace837093615", this, "Click to show all stack frames", "Click to hide stack frames")'>Click to show all stack frames</a>
<div class='stack-trace' id='stack-trace837093615'><pre>java.lang.AssertionError: null
	at org.testng.Assert.fail(Assert.java:111)
	at org.testng.Assert.fail(Assert.java:116)
	at testCases.TC_219_WalidacjaZakładkiEdytujInformacjeKontaTDD_MainAccountPage.WalidacjaZakładkiEdytujInformacjeKontaTDD_MainAccountPage(TC_219_WalidacjaZakładkiEdytujInformacjeKontaTDD_MainAccountPage.java:55)
	at java.base/jdk.internal.reflect.DirectMethodHandleAccessor.invoke(DirectMethodHandleAccessor.java:103)
	at java.base/java.lang.reflect.Method.invoke(Method.java:580)
	at org.testng.internal.invokers.MethodInvocationHelper.invokeMethod(MethodInvocationHelper.java:141)
	at org.testng.internal.invokers.TestInvoker.invokeMethod(TestInvoker.java:686)
	at org.testng.internal.invokers.TestInvoker.invokeTestMethod(TestInvoker.java:230)
	at org.testng.internal.invokers.MethodRunner.runInSequence(MethodRunner.java:63)
	at org.testng.internal.invokers.TestInvoker$MethodInvocationAgent.invoke(TestInvoker.java:992)
	at org.testng.internal.invokers.TestInvoker.invokeTestMethods(TestInvoker.java:203)
	at org.testng.internal.invokers.TestMethodWorker.invokeTestMethods(TestMethodWorker.java:154)
	at org.testng.internal.invokers.TestMethodWorker.run(TestMethodWorker.java:134)
	at java.base/java.util.ArrayList.forEach(ArrayList.java:1597)
	at org.testng.TestRunner.privateRun(TestRunner.java:739)
	at org.testng.TestRunner.run(TestRunner.java:614)
	at org.testng.SuiteRunner.runTest(SuiteRunner.java:421)
	at org.testng.SuiteRunner.runSequentially(SuiteRunner.java:413)
	at org.testng.SuiteRunner.privateRun(SuiteRunner.java:373)
	at org.testng.SuiteRunner.run(SuiteRunner.java:312)
	at org.testng.SuiteRunnerWorker.runSuite(SuiteRunnerWorker.java:52)
	at org.testng.SuiteRunnerWorker.run(SuiteRunnerWorker.java:95)
	at org.testng.TestNG.runSuitesSequentially(TestNG.java:1274)
	at org.testng.TestNG.runSuitesLocally(TestNG.java:1208)
	at org.testng.TestNG.runSuites(TestNG.java:1112)
	at org.testng.TestNG.run(TestNG.java:1079)
	at org.apache.maven.surefire.testng.TestNGExecutor.run(TestNGExecutor.java:308)
	at org.apache.maven.surefire.testng.TestNGXmlTestSuite.execute(TestNGXmlTestSuite.java:71)
	at org.apache.maven.surefire.testng.TestNGProvider.invoke(TestNGProvider.java:113)
	at org.apache.maven.surefire.booter.ForkedBooter.runSuitesInProcess(ForkedBooter.java:385)
	at org.apache.maven.surefire.booter.ForkedBooter.execute(ForkedBooter.java:162)
	at org.apache.maven.surefire.booter.ForkedBooter.run(ForkedBooter.java:507)
	at org.apache.maven.surefire.booter.ForkedBooter.main(ForkedBooter.java:495)
</pre></div></td>
<td>5</td>
<td>testCases.TC_219_WalidacjaZakładkiEdytujInformacjeKontaTDD_MainAccountPage@d5b810e</td></tr>
<tr>
<td title='testCases.TC_002_WalidacjaNiepoprawnejRejestracji_TDD.WalidacjaRejestracji_TDD()'><b>WalidacjaRejestracji_TDD</b><br>Test class: testCases.TC_002_WalidacjaNiepoprawnejRejestracji_TDD<br>Parameters: 123fa, Borek, gvbwiaj@gmail.com, Pass!$1fa, Pass!$1fa, Invalid</td>
<td><div><pre>java.lang.AssertionError: expected [true] but found [false]
	at testCases.TC_002_WalidacjaNiepoprawnejRejestracji_TDD.WalidacjaRejestracji_TDD(TC_002_WalidacjaNiepoprawnejRejestracji_TDD.java:40)
	at java.base/java.util.ArrayList.forEach(ArrayList.java:1597)
... Removed 33 stack frames</pre></div><a href='#' onClick='toggleBox("stack-trace939517171", this, "Click to show all stack frames", "Click to hide stack frames")'>Click to show all stack frames</a>
<div class='stack-trace' id='stack-trace939517171'><pre>java.lang.AssertionError: expected [true] but found [false]
	at org.testng.Assert.fail(Assert.java:111)
	at org.testng.Assert.failNotEquals(Assert.java:1578)
	at org.testng.Assert.assertTrue(Assert.java:57)
	at org.testng.Assert.assertTrue(Assert.java:67)
	at testCases.TC_002_WalidacjaNiepoprawnejRejestracji_TDD.WalidacjaRejestracji_TDD(TC_002_WalidacjaNiepoprawnejRejestracji_TDD.java:40)
	at java.base/jdk.internal.reflect.DirectMethodHandleAccessor.invoke(DirectMethodHandleAccessor.java:103)
	at java.base/java.lang.reflect.Method.invoke(Method.java:580)
	at org.testng.internal.invokers.MethodInvocationHelper.invokeMethod(MethodInvocationHelper.java:141)
	at org.testng.internal.invokers.TestInvoker.invokeMethod(TestInvoker.java:686)
	at org.testng.internal.invokers.TestInvoker.invokeTestMethod(TestInvoker.java:230)
	at org.testng.internal.invokers.MethodRunner.runInSequence(MethodRunner.java:63)
	at org.testng.internal.invokers.TestInvoker$MethodInvocationAgent.invoke(TestInvoker.java:992)
	at org.testng.internal.invokers.TestInvoker.invokeTestMethods(TestInvoker.java:203)
	at org.testng.internal.invokers.TestMethodWorker.invokeTestMethods(TestMethodWorker.java:154)
	at org.testng.internal.invokers.TestMethodWorker.run(TestMethodWorker.java:134)
	at java.base/java.util.ArrayList.forEach(ArrayList.java:1597)
	at org.testng.TestRunner.privateRun(TestRunner.java:739)
	at org.testng.TestRunner.run(TestRunner.java:614)
	at org.testng.SuiteRunner.runTest(SuiteRunner.java:421)
	at org.testng.SuiteRunner.runSequentially(SuiteRunner.java:413)
	at org.testng.SuiteRunner.privateRun(SuiteRunner.java:373)
	at org.testng.SuiteRunner.run(SuiteRunner.java:312)
	at org.testng.SuiteRunnerWorker.runSuite(SuiteRunnerWorker.java:52)
	at org.testng.SuiteRunnerWorker.run(SuiteRunnerWorker.java:95)
	at org.testng.TestNG.runSuitesSequentially(TestNG.java:1274)
	at org.testng.TestNG.runSuitesLocally(TestNG.java:1208)
	at org.testng.TestNG.runSuites(TestNG.java:1112)
	at org.testng.TestNG.run(TestNG.java:1079)
	at org.apache.maven.surefire.testng.TestNGExecutor.run(TestNGExecutor.java:308)
	at org.apache.maven.surefire.testng.TestNGXmlTestSuite.execute(TestNGXmlTestSuite.java:71)
	at org.apache.maven.surefire.testng.TestNGProvider.invoke(TestNGProvider.java:113)
	at org.apache.maven.surefire.booter.ForkedBooter.runSuitesInProcess(ForkedBooter.java:385)
	at org.apache.maven.surefire.booter.ForkedBooter.execute(ForkedBooter.java:162)
	at org.apache.maven.surefire.booter.ForkedBooter.run(ForkedBooter.java:507)
	at org.apache.maven.surefire.booter.ForkedBooter.main(ForkedBooter.java:495)
</pre></div></td>
<td>2</td>
<td>testCases.TC_002_WalidacjaNiepoprawnejRejestracji_TDD@10959ece</td></tr>
<tr>
<td title='testCases.TC_002_WalidacjaNiepoprawnejRejestracji_TDD.WalidacjaRejestracji_TDD()'><b>WalidacjaRejestracji_TDD</b><br>Test class: testCases.TC_002_WalidacjaNiepoprawnejRejestracji_TDD<br>Parameters: A, Borek, hcaffq@gmail.com, Pass!$1fa, Pass!$1fa, Invalid</td>
<td><div><pre>java.lang.AssertionError: expected [true] but found [false]
	at testCases.TC_002_WalidacjaNiepoprawnejRejestracji_TDD.WalidacjaRejestracji_TDD(TC_002_WalidacjaNiepoprawnejRejestracji_TDD.java:40)
	at java.base/java.util.ArrayList.forEach(ArrayList.java:1597)
... Removed 33 stack frames</pre></div><a href='#' onClick='toggleBox("stack-trace524671817", this, "Click to show all stack frames", "Click to hide stack frames")'>Click to show all stack frames</a>
<div class='stack-trace' id='stack-trace524671817'><pre>java.lang.AssertionError: expected [true] but found [false]
	at org.testng.Assert.fail(Assert.java:111)
	at org.testng.Assert.failNotEquals(Assert.java:1578)
	at org.testng.Assert.assertTrue(Assert.java:57)
	at org.testng.Assert.assertTrue(Assert.java:67)
	at testCases.TC_002_WalidacjaNiepoprawnejRejestracji_TDD.WalidacjaRejestracji_TDD(TC_002_WalidacjaNiepoprawnejRejestracji_TDD.java:40)
	at java.base/jdk.internal.reflect.DirectMethodHandleAccessor.invoke(DirectMethodHandleAccessor.java:103)
	at java.base/java.lang.reflect.Method.invoke(Method.java:580)
	at org.testng.internal.invokers.MethodInvocationHelper.invokeMethod(MethodInvocationHelper.java:141)
	at org.testng.internal.invokers.TestInvoker.invokeMethod(TestInvoker.java:686)
	at org.testng.internal.invokers.TestInvoker.invokeTestMethod(TestInvoker.java:230)
	at org.testng.internal.invokers.MethodRunner.runInSequence(MethodRunner.java:63)
	at org.testng.internal.invokers.TestInvoker$MethodInvocationAgent.invoke(TestInvoker.java:992)
	at org.testng.internal.invokers.TestInvoker.invokeTestMethods(TestInvoker.java:203)
	at org.testng.internal.invokers.TestMethodWorker.invokeTestMethods(TestMethodWorker.java:154)
	at org.testng.internal.invokers.TestMethodWorker.run(TestMethodWorker.java:134)
	at java.base/java.util.ArrayList.forEach(ArrayList.java:1597)
	at org.testng.TestRunner.privateRun(TestRunner.java:739)
	at org.testng.TestRunner.run(TestRunner.java:614)
	at org.testng.SuiteRunner.runTest(SuiteRunner.java:421)
	at org.testng.SuiteRunner.runSequentially(SuiteRunner.java:413)
	at org.testng.SuiteRunner.privateRun(SuiteRunner.java:373)
	at org.testng.SuiteRunner.run(SuiteRunner.java:312)
	at org.testng.SuiteRunnerWorker.runSuite(SuiteRunnerWorker.java:52)
	at org.testng.SuiteRunnerWorker.run(SuiteRunnerWorker.java:95)
	at org.testng.TestNG.runSuitesSequentially(TestNG.java:1274)
	at org.testng.TestNG.runSuitesLocally(TestNG.java:1208)
	at org.testng.TestNG.runSuites(TestNG.java:1112)
	at org.testng.TestNG.run(TestNG.java:1079)
	at org.apache.maven.surefire.testng.TestNGExecutor.run(TestNGExecutor.java:308)
	at org.apache.maven.surefire.testng.TestNGXmlTestSuite.execute(TestNGXmlTestSuite.java:71)
	at org.apache.maven.surefire.testng.TestNGProvider.invoke(TestNGProvider.java:113)
	at org.apache.maven.surefire.booter.ForkedBooter.runSuitesInProcess(ForkedBooter.java:385)
	at org.apache.maven.surefire.booter.ForkedBooter.execute(ForkedBooter.java:162)
	at org.apache.maven.surefire.booter.ForkedBooter.run(ForkedBooter.java:507)
	at org.apache.maven.surefire.booter.ForkedBooter.main(ForkedBooter.java:495)
</pre></div></td>
<td>2</td>
<td>testCases.TC_002_WalidacjaNiepoprawnejRejestracji_TDD@10959ece</td></tr>
<tr>
<td title='testCases.TC_219_WalidacjaZakładkiEdytujInformacjeKontaTDD_MainAccountPage.WalidacjaZakładkiEdytujInformacjeKontaTDD_MainAccountPage()'><b>WalidacjaZakładkiEdytujInformacjeKontaTDD_MainAccountPage</b><br>Test class: testCases.TC_219_WalidacjaZakładkiEdytujInformacjeKontaTDD_MainAccountPage<br>Parameters: Kacper, Psikuta, psikuta$@gmail.com, roni_cost3@example.co, Zajączek007, Zajączek007, Ivalid</td>
<td><div><pre>java.lang.AssertionError: null
	at testCases.TC_219_WalidacjaZakładkiEdytujInformacjeKontaTDD_MainAccountPage.WalidacjaZakładkiEdytujInformacjeKontaTDD_MainAccountPage(TC_219_WalidacjaZakładkiEdytujInformacjeKontaTDD_MainAccountPage.java:55)
	at java.base/java.util.ArrayList.forEach(ArrayList.java:1597)
... Removed 31 stack frames</pre></div><a href='#' onClick='toggleBox("stack-trace1979665073", this, "Click to show all stack frames", "Click to hide stack frames")'>Click to show all stack frames</a>
<div class='stack-trace' id='stack-trace1979665073'><pre>java.lang.AssertionError: null
	at org.testng.Assert.fail(Assert.java:111)
	at org.testng.Assert.fail(Assert.java:116)
	at testCases.TC_219_WalidacjaZakładkiEdytujInformacjeKontaTDD_MainAccountPage.WalidacjaZakładkiEdytujInformacjeKontaTDD_MainAccountPage(TC_219_WalidacjaZakładkiEdytujInformacjeKontaTDD_MainAccountPage.java:55)
	at java.base/jdk.internal.reflect.DirectMethodHandleAccessor.invoke(DirectMethodHandleAccessor.java:103)
	at java.base/java.lang.reflect.Method.invoke(Method.java:580)
	at org.testng.internal.invokers.MethodInvocationHelper.invokeMethod(MethodInvocationHelper.java:141)
	at org.testng.internal.invokers.TestInvoker.invokeMethod(TestInvoker.java:686)
	at org.testng.internal.invokers.TestInvoker.invokeTestMethod(TestInvoker.java:230)
	at org.testng.internal.invokers.MethodRunner.runInSequence(MethodRunner.java:63)
	at org.testng.internal.invokers.TestInvoker$MethodInvocationAgent.invoke(TestInvoker.java:992)
	at org.testng.internal.invokers.TestInvoker.invokeTestMethods(TestInvoker.java:203)
	at org.testng.internal.invokers.TestMethodWorker.invokeTestMethods(TestMethodWorker.java:154)
	at org.testng.internal.invokers.TestMethodWorker.run(TestMethodWorker.java:134)
	at java.base/java.util.ArrayList.forEach(ArrayList.java:1597)
	at org.testng.TestRunner.privateRun(TestRunner.java:739)
	at org.testng.TestRunner.run(TestRunner.java:614)
	at org.testng.SuiteRunner.runTest(SuiteRunner.java:421)
	at org.testng.SuiteRunner.runSequentially(SuiteRunner.java:413)
	at org.testng.SuiteRunner.privateRun(SuiteRunner.java:373)
	at org.testng.SuiteRunner.run(SuiteRunner.java:312)
	at org.testng.SuiteRunnerWorker.runSuite(SuiteRunnerWorker.java:52)
	at org.testng.SuiteRunnerWorker.run(SuiteRunnerWorker.java:95)
	at org.testng.TestNG.runSuitesSequentially(TestNG.java:1274)
	at org.testng.TestNG.runSuitesLocally(TestNG.java:1208)
	at org.testng.TestNG.runSuites(TestNG.java:1112)
	at org.testng.TestNG.run(TestNG.java:1079)
	at org.apache.maven.surefire.testng.TestNGExecutor.run(TestNGExecutor.java:308)
	at org.apache.maven.surefire.testng.TestNGXmlTestSuite.execute(TestNGXmlTestSuite.java:71)
	at org.apache.maven.surefire.testng.TestNGProvider.invoke(TestNGProvider.java:113)
	at org.apache.maven.surefire.booter.ForkedBooter.runSuitesInProcess(ForkedBooter.java:385)
	at org.apache.maven.surefire.booter.ForkedBooter.execute(ForkedBooter.java:162)
	at org.apache.maven.surefire.booter.ForkedBooter.run(ForkedBooter.java:507)
	at org.apache.maven.surefire.booter.ForkedBooter.main(ForkedBooter.java:495)
</pre></div></td>
<td>5</td>
<td>testCases.TC_219_WalidacjaZakładkiEdytujInformacjeKontaTDD_MainAccountPage@d5b810e</td></tr>
<tr>
<td title='testCases.TC_219_WalidacjaZakładkiEdytujInformacjeKontaTDD_MainAccountPage.WalidacjaZakładkiEdytujInformacjeKontaTDD_MainAccountPage()'><b>WalidacjaZakładkiEdytujInformacjeKontaTDD_MainAccountPage</b><br>Test class: testCases.TC_219_WalidacjaZakładkiEdytujInformacjeKontaTDD_MainAccountPage<br>Parameters: Kacper, Psikuta, psikuta$@gmail.com, , Zajączek007, Zajączek007, Ivalid</td>
<td><div><pre>java.lang.AssertionError: null
	at testCases.TC_219_WalidacjaZakładkiEdytujInformacjeKontaTDD_MainAccountPage.WalidacjaZakładkiEdytujInformacjeKontaTDD_MainAccountPage(TC_219_WalidacjaZakładkiEdytujInformacjeKontaTDD_MainAccountPage.java:55)
	at java.base/java.util.ArrayList.forEach(ArrayList.java:1597)
... Removed 31 stack frames</pre></div><a href='#' onClick='toggleBox("stack-trace1783030423", this, "Click to show all stack frames", "Click to hide stack frames")'>Click to show all stack frames</a>
<div class='stack-trace' id='stack-trace1783030423'><pre>java.lang.AssertionError: null
	at org.testng.Assert.fail(Assert.java:111)
	at org.testng.Assert.fail(Assert.java:116)
	at testCases.TC_219_WalidacjaZakładkiEdytujInformacjeKontaTDD_MainAccountPage.WalidacjaZakładkiEdytujInformacjeKontaTDD_MainAccountPage(TC_219_WalidacjaZakładkiEdytujInformacjeKontaTDD_MainAccountPage.java:55)
	at java.base/jdk.internal.reflect.DirectMethodHandleAccessor.invoke(DirectMethodHandleAccessor.java:103)
	at java.base/java.lang.reflect.Method.invoke(Method.java:580)
	at org.testng.internal.invokers.MethodInvocationHelper.invokeMethod(MethodInvocationHelper.java:141)
	at org.testng.internal.invokers.TestInvoker.invokeMethod(TestInvoker.java:686)
	at org.testng.internal.invokers.TestInvoker.invokeTestMethod(TestInvoker.java:230)
	at org.testng.internal.invokers.MethodRunner.runInSequence(MethodRunner.java:63)
	at org.testng.internal.invokers.TestInvoker$MethodInvocationAgent.invoke(TestInvoker.java:992)
	at org.testng.internal.invokers.TestInvoker.invokeTestMethods(TestInvoker.java:203)
	at org.testng.internal.invokers.TestMethodWorker.invokeTestMethods(TestMethodWorker.java:154)
	at org.testng.internal.invokers.TestMethodWorker.run(TestMethodWorker.java:134)
	at java.base/java.util.ArrayList.forEach(ArrayList.java:1597)
	at org.testng.TestRunner.privateRun(TestRunner.java:739)
	at org.testng.TestRunner.run(TestRunner.java:614)
	at org.testng.SuiteRunner.runTest(SuiteRunner.java:421)
	at org.testng.SuiteRunner.runSequentially(SuiteRunner.java:413)
	at org.testng.SuiteRunner.privateRun(SuiteRunner.java:373)
	at org.testng.SuiteRunner.run(SuiteRunner.java:312)
	at org.testng.SuiteRunnerWorker.runSuite(SuiteRunnerWorker.java:52)
	at org.testng.SuiteRunnerWorker.run(SuiteRunnerWorker.java:95)
	at org.testng.TestNG.runSuitesSequentially(TestNG.java:1274)
	at org.testng.TestNG.runSuitesLocally(TestNG.java:1208)
	at org.testng.TestNG.runSuites(TestNG.java:1112)
	at org.testng.TestNG.run(TestNG.java:1079)
	at org.apache.maven.surefire.testng.TestNGExecutor.run(TestNGExecutor.java:308)
	at org.apache.maven.surefire.testng.TestNGXmlTestSuite.execute(TestNGXmlTestSuite.java:71)
	at org.apache.maven.surefire.testng.TestNGProvider.invoke(TestNGProvider.java:113)
	at org.apache.maven.surefire.booter.ForkedBooter.runSuitesInProcess(ForkedBooter.java:385)
	at org.apache.maven.surefire.booter.ForkedBooter.execute(ForkedBooter.java:162)
	at org.apache.maven.surefire.booter.ForkedBooter.run(ForkedBooter.java:507)
	at org.apache.maven.surefire.booter.ForkedBooter.main(ForkedBooter.java:495)
</pre></div></td>
<td>5</td>
<td>testCases.TC_219_WalidacjaZakładkiEdytujInformacjeKontaTDD_MainAccountPage@d5b810e</td></tr>
<tr>
<td title='testCases.TC_219_WalidacjaZakładkiEdytujInformacjeKontaTDD_MainAccountPage.WalidacjaZakładkiEdytujInformacjeKontaTDD_MainAccountPage()'><b>WalidacjaZakładkiEdytujInformacjeKontaTDD_MainAccountPage</b><br>Test class: testCases.TC_219_WalidacjaZakładkiEdytujInformacjeKontaTDD_MainAccountPage<br>Parameters: Kacper, Psikuta, psikuta$@gmail.com, roni_cost3@example.com, !%#!hfa, !%#!hfa, Ivalid</td>
<td><div><pre>java.lang.AssertionError: null
	at testCases.TC_219_WalidacjaZakładkiEdytujInformacjeKontaTDD_MainAccountPage.WalidacjaZakładkiEdytujInformacjeKontaTDD_MainAccountPage(TC_219_WalidacjaZakładkiEdytujInformacjeKontaTDD_MainAccountPage.java:55)
	at java.base/java.util.ArrayList.forEach(ArrayList.java:1597)
... Removed 31 stack frames</pre></div><a href='#' onClick='toggleBox("stack-trace1479375228", this, "Click to show all stack frames", "Click to hide stack frames")'>Click to show all stack frames</a>
<div class='stack-trace' id='stack-trace1479375228'><pre>java.lang.AssertionError: null
	at org.testng.Assert.fail(Assert.java:111)
	at org.testng.Assert.fail(Assert.java:116)
	at testCases.TC_219_WalidacjaZakładkiEdytujInformacjeKontaTDD_MainAccountPage.WalidacjaZakładkiEdytujInformacjeKontaTDD_MainAccountPage(TC_219_WalidacjaZakładkiEdytujInformacjeKontaTDD_MainAccountPage.java:55)
	at java.base/jdk.internal.reflect.DirectMethodHandleAccessor.invoke(DirectMethodHandleAccessor.java:103)
	at java.base/java.lang.reflect.Method.invoke(Method.java:580)
	at org.testng.internal.invokers.MethodInvocationHelper.invokeMethod(MethodInvocationHelper.java:141)
	at org.testng.internal.invokers.TestInvoker.invokeMethod(TestInvoker.java:686)
	at org.testng.internal.invokers.TestInvoker.invokeTestMethod(TestInvoker.java:230)
	at org.testng.internal.invokers.MethodRunner.runInSequence(MethodRunner.java:63)
	at org.testng.internal.invokers.TestInvoker$MethodInvocationAgent.invoke(TestInvoker.java:992)
	at org.testng.internal.invokers.TestInvoker.invokeTestMethods(TestInvoker.java:203)
	at org.testng.internal.invokers.TestMethodWorker.invokeTestMethods(TestMethodWorker.java:154)
	at org.testng.internal.invokers.TestMethodWorker.run(TestMethodWorker.java:134)
	at java.base/java.util.ArrayList.forEach(ArrayList.java:1597)
	at org.testng.TestRunner.privateRun(TestRunner.java:739)
	at org.testng.TestRunner.run(TestRunner.java:614)
	at org.testng.SuiteRunner.runTest(SuiteRunner.java:421)
	at org.testng.SuiteRunner.runSequentially(SuiteRunner.java:413)
	at org.testng.SuiteRunner.privateRun(SuiteRunner.java:373)
	at org.testng.SuiteRunner.run(SuiteRunner.java:312)
	at org.testng.SuiteRunnerWorker.runSuite(SuiteRunnerWorker.java:52)
	at org.testng.SuiteRunnerWorker.run(SuiteRunnerWorker.java:95)
	at org.testng.TestNG.runSuitesSequentially(TestNG.java:1274)
	at org.testng.TestNG.runSuitesLocally(TestNG.java:1208)
	at org.testng.TestNG.runSuites(TestNG.java:1112)
	at org.testng.TestNG.run(TestNG.java:1079)
	at org.apache.maven.surefire.testng.TestNGExecutor.run(TestNGExecutor.java:308)
	at org.apache.maven.surefire.testng.TestNGXmlTestSuite.execute(TestNGXmlTestSuite.java:71)
	at org.apache.maven.surefire.testng.TestNGProvider.invoke(TestNGProvider.java:113)
	at org.apache.maven.surefire.booter.ForkedBooter.runSuitesInProcess(ForkedBooter.java:385)
	at org.apache.maven.surefire.booter.ForkedBooter.execute(ForkedBooter.java:162)
	at org.apache.maven.surefire.booter.ForkedBooter.run(ForkedBooter.java:507)
	at org.apache.maven.surefire.booter.ForkedBooter.main(ForkedBooter.java:495)
</pre></div></td>
<td>5</td>
<td>testCases.TC_219_WalidacjaZakładkiEdytujInformacjeKontaTDD_MainAccountPage@d5b810e</td></tr>
<tr>
<td title='testCases.TC_064_DodawanieProduktu_ProductPage_TDD.DodawanieProduktu_KartaZProduktem_TDD()'><b>DodawanieProduktu_KartaZProduktem_TDD</b><br>Test class: testCases.TC_064_DodawanieProduktu_ProductPage_TDD<br>Parameters: 9999.0, Valid</td>
<td><div><pre>java.lang.AssertionError: null
	at testCases.TC_064_DodawanieProduktu_ProductPage_TDD.DodawanieProduktu_KartaZProduktem_TDD(TC_064_DodawanieProduktu_ProductPage_TDD.java:81)
	at java.base/java.util.ArrayList.forEach(ArrayList.java:1597)
... Removed 31 stack frames</pre></div><a href='#' onClick='toggleBox("stack-trace407603353", this, "Click to show all stack frames", "Click to hide stack frames")'>Click to show all stack frames</a>
<div class='stack-trace' id='stack-trace407603353'><pre>java.lang.AssertionError: null
	at org.testng.Assert.fail(Assert.java:111)
	at org.testng.Assert.fail(Assert.java:116)
	at testCases.TC_064_DodawanieProduktu_ProductPage_TDD.DodawanieProduktu_KartaZProduktem_TDD(TC_064_DodawanieProduktu_ProductPage_TDD.java:81)
	at java.base/jdk.internal.reflect.DirectMethodHandleAccessor.invoke(DirectMethodHandleAccessor.java:103)
	at java.base/java.lang.reflect.Method.invoke(Method.java:580)
	at org.testng.internal.invokers.MethodInvocationHelper.invokeMethod(MethodInvocationHelper.java:141)
	at org.testng.internal.invokers.TestInvoker.invokeMethod(TestInvoker.java:686)
	at org.testng.internal.invokers.TestInvoker.invokeTestMethod(TestInvoker.java:230)
	at org.testng.internal.invokers.MethodRunner.runInSequence(MethodRunner.java:63)
	at org.testng.internal.invokers.TestInvoker$MethodInvocationAgent.invoke(TestInvoker.java:992)
	at org.testng.internal.invokers.TestInvoker.invokeTestMethods(TestInvoker.java:203)
	at org.testng.internal.invokers.TestMethodWorker.invokeTestMethods(TestMethodWorker.java:154)
	at org.testng.internal.invokers.TestMethodWorker.run(TestMethodWorker.java:134)
	at java.base/java.util.ArrayList.forEach(ArrayList.java:1597)
	at org.testng.TestRunner.privateRun(TestRunner.java:739)
	at org.testng.TestRunner.run(TestRunner.java:614)
	at org.testng.SuiteRunner.runTest(SuiteRunner.java:421)
	at org.testng.SuiteRunner.runSequentially(SuiteRunner.java:413)
	at org.testng.SuiteRunner.privateRun(SuiteRunner.java:373)
	at org.testng.SuiteRunner.run(SuiteRunner.java:312)
	at org.testng.SuiteRunnerWorker.runSuite(SuiteRunnerWorker.java:52)
	at org.testng.SuiteRunnerWorker.run(SuiteRunnerWorker.java:95)
	at org.testng.TestNG.runSuitesSequentially(TestNG.java:1274)
	at org.testng.TestNG.runSuitesLocally(TestNG.java:1208)
	at org.testng.TestNG.runSuites(TestNG.java:1112)
	at org.testng.TestNG.run(TestNG.java:1079)
	at org.apache.maven.surefire.testng.TestNGExecutor.run(TestNGExecutor.java:308)
	at org.apache.maven.surefire.testng.TestNGXmlTestSuite.execute(TestNGXmlTestSuite.java:71)
	at org.apache.maven.surefire.testng.TestNGProvider.invoke(TestNGProvider.java:113)
	at org.apache.maven.surefire.booter.ForkedBooter.runSuitesInProcess(ForkedBooter.java:385)
	at org.apache.maven.surefire.booter.ForkedBooter.execute(ForkedBooter.java:162)
	at org.apache.maven.surefire.booter.ForkedBooter.run(ForkedBooter.java:507)
	at org.apache.maven.surefire.booter.ForkedBooter.main(ForkedBooter.java:495)
</pre></div></td>
<td>5</td>
<td>testCases.TC_064_DodawanieProduktu_ProductPage_TDD@702b8b12</td></tr>
<tr>
<td title='testCases.TC_131_WalidacjaWysyłaniaWiadomości_contactPage.WalidacjaWysyłaniaWiadomości_contactPage()'><b>WalidacjaWysyłaniaWiadomości_contactPage</b><br>Test class: testCases.TC_131_WalidacjaWysyłaniaWiadomości_contactPage<br>Parameters: Pacior, Paciorek@gmail.com, , Wysłałem wam wiadomość, valid</td>
<td><div><pre>java.lang.AssertionError: null
	at testCases.TC_131_WalidacjaWysyłaniaWiadomości_contactPage.WalidacjaWysyłaniaWiadomości_contactPage(TC_131_WalidacjaWysyłaniaWiadomości_contactPage.java:57)
	at java.base/java.util.ArrayList.forEach(ArrayList.java:1597)
... Removed 31 stack frames</pre></div><a href='#' onClick='toggleBox("stack-trace1843343821", this, "Click to show all stack frames", "Click to hide stack frames")'>Click to show all stack frames</a>
<div class='stack-trace' id='stack-trace1843343821'><pre>java.lang.AssertionError: null
	at org.testng.Assert.fail(Assert.java:111)
	at org.testng.Assert.fail(Assert.java:116)
	at testCases.TC_131_WalidacjaWysyłaniaWiadomości_contactPage.WalidacjaWysyłaniaWiadomości_contactPage(TC_131_WalidacjaWysyłaniaWiadomości_contactPage.java:57)
	at java.base/jdk.internal.reflect.DirectMethodHandleAccessor.invoke(DirectMethodHandleAccessor.java:103)
	at java.base/java.lang.reflect.Method.invoke(Method.java:580)
	at org.testng.internal.invokers.MethodInvocationHelper.invokeMethod(MethodInvocationHelper.java:141)
	at org.testng.internal.invokers.TestInvoker.invokeMethod(TestInvoker.java:686)
	at org.testng.internal.invokers.TestInvoker.invokeTestMethod(TestInvoker.java:230)
	at org.testng.internal.invokers.MethodRunner.runInSequence(MethodRunner.java:63)
	at org.testng.internal.invokers.TestInvoker$MethodInvocationAgent.invoke(TestInvoker.java:992)
	at org.testng.internal.invokers.TestInvoker.invokeTestMethods(TestInvoker.java:203)
	at org.testng.internal.invokers.TestMethodWorker.invokeTestMethods(TestMethodWorker.java:154)
	at org.testng.internal.invokers.TestMethodWorker.run(TestMethodWorker.java:134)
	at java.base/java.util.ArrayList.forEach(ArrayList.java:1597)
	at org.testng.TestRunner.privateRun(TestRunner.java:739)
	at org.testng.TestRunner.run(TestRunner.java:614)
	at org.testng.SuiteRunner.runTest(SuiteRunner.java:421)
	at org.testng.SuiteRunner.runSequentially(SuiteRunner.java:413)
	at org.testng.SuiteRunner.privateRun(SuiteRunner.java:373)
	at org.testng.SuiteRunner.run(SuiteRunner.java:312)
	at org.testng.SuiteRunnerWorker.runSuite(SuiteRunnerWorker.java:52)
	at org.testng.SuiteRunnerWorker.run(SuiteRunnerWorker.java:95)
	at org.testng.TestNG.runSuitesSequentially(TestNG.java:1274)
	at org.testng.TestNG.runSuitesLocally(TestNG.java:1208)
	at org.testng.TestNG.runSuites(TestNG.java:1112)
	at org.testng.TestNG.run(TestNG.java:1079)
	at org.apache.maven.surefire.testng.TestNGExecutor.run(TestNGExecutor.java:308)
	at org.apache.maven.surefire.testng.TestNGXmlTestSuite.execute(TestNGXmlTestSuite.java:71)
	at org.apache.maven.surefire.testng.TestNGProvider.invoke(TestNGProvider.java:113)
	at org.apache.maven.surefire.booter.ForkedBooter.runSuitesInProcess(ForkedBooter.java:385)
	at org.apache.maven.surefire.booter.ForkedBooter.execute(ForkedBooter.java:162)
	at org.apache.maven.surefire.booter.ForkedBooter.run(ForkedBooter.java:507)
	at org.apache.maven.surefire.booter.ForkedBooter.main(ForkedBooter.java:495)
</pre></div></td>
<td>16</td>
<td>testCases.TC_131_WalidacjaWysyłaniaWiadomości_contactPage@6d4e5011</td></tr>
<tr>
<td title='testCases.TC_138_WalidacjaMailBox_FooterPage_TDD.WalidacjaMailBox_FooterPage()'><b>WalidacjaMailBox_FooterPage</b><br>Test class: testCases.TC_138_WalidacjaMailBox_FooterPage_TDD<br>Parameters: fafcbu@gmail.co, Invalid</td>
<td><div><pre>java.lang.AssertionError: null
	at testCases.TC_138_WalidacjaMailBox_FooterPage_TDD.WalidacjaMailBox_FooterPage(TC_138_WalidacjaMailBox_FooterPage_TDD.java:34)
	at java.base/java.util.ArrayList.forEach(ArrayList.java:1597)
... Removed 31 stack frames</pre></div><a href='#' onClick='toggleBox("stack-trace1821734919", this, "Click to show all stack frames", "Click to hide stack frames")'>Click to show all stack frames</a>
<div class='stack-trace' id='stack-trace1821734919'><pre>java.lang.AssertionError: null
	at org.testng.Assert.fail(Assert.java:111)
	at org.testng.Assert.fail(Assert.java:116)
	at testCases.TC_138_WalidacjaMailBox_FooterPage_TDD.WalidacjaMailBox_FooterPage(TC_138_WalidacjaMailBox_FooterPage_TDD.java:34)
	at java.base/jdk.internal.reflect.DirectMethodHandleAccessor.invoke(DirectMethodHandleAccessor.java:103)
	at java.base/java.lang.reflect.Method.invoke(Method.java:580)
	at org.testng.internal.invokers.MethodInvocationHelper.invokeMethod(MethodInvocationHelper.java:141)
	at org.testng.internal.invokers.TestInvoker.invokeMethod(TestInvoker.java:686)
	at org.testng.internal.invokers.TestInvoker.invokeTestMethod(TestInvoker.java:230)
	at org.testng.internal.invokers.MethodRunner.runInSequence(MethodRunner.java:63)
	at org.testng.internal.invokers.TestInvoker$MethodInvocationAgent.invoke(TestInvoker.java:992)
	at org.testng.internal.invokers.TestInvoker.invokeTestMethods(TestInvoker.java:203)
	at org.testng.internal.invokers.TestMethodWorker.invokeTestMethods(TestMethodWorker.java:154)
	at org.testng.internal.invokers.TestMethodWorker.run(TestMethodWorker.java:134)
	at java.base/java.util.ArrayList.forEach(ArrayList.java:1597)
	at org.testng.TestRunner.privateRun(TestRunner.java:739)
	at org.testng.TestRunner.run(TestRunner.java:614)
	at org.testng.SuiteRunner.runTest(SuiteRunner.java:421)
	at org.testng.SuiteRunner.runSequentially(SuiteRunner.java:413)
	at org.testng.SuiteRunner.privateRun(SuiteRunner.java:373)
	at org.testng.SuiteRunner.run(SuiteRunner.java:312)
	at org.testng.SuiteRunnerWorker.runSuite(SuiteRunnerWorker.java:52)
	at org.testng.SuiteRunnerWorker.run(SuiteRunnerWorker.java:95)
	at org.testng.TestNG.runSuitesSequentially(TestNG.java:1274)
	at org.testng.TestNG.runSuitesLocally(TestNG.java:1208)
	at org.testng.TestNG.runSuites(TestNG.java:1112)
	at org.testng.TestNG.run(TestNG.java:1079)
	at org.apache.maven.surefire.testng.TestNGExecutor.run(TestNGExecutor.java:308)
	at org.apache.maven.surefire.testng.TestNGXmlTestSuite.execute(TestNGXmlTestSuite.java:71)
	at org.apache.maven.surefire.testng.TestNGProvider.invoke(TestNGProvider.java:113)
	at org.apache.maven.surefire.booter.ForkedBooter.runSuitesInProcess(ForkedBooter.java:385)
	at org.apache.maven.surefire.booter.ForkedBooter.execute(ForkedBooter.java:162)
	at org.apache.maven.surefire.booter.ForkedBooter.run(ForkedBooter.java:507)
	at org.apache.maven.surefire.booter.ForkedBooter.main(ForkedBooter.java:495)
</pre></div></td>
<td>21</td>
<td>testCases.TC_138_WalidacjaMailBox_FooterPage_TDD@fa49800</td></tr>
<tr>
<td title='testCases.TC_219_WalidacjaZakładkiEdytujInformacjeKontaTDD_MainAccountPage.WalidacjaZakładkiEdytujInformacjeKontaTDD_MainAccountPage()'><b>WalidacjaZakładkiEdytujInformacjeKontaTDD_MainAccountPage</b><br>Test class: testCases.TC_219_WalidacjaZakładkiEdytujInformacjeKontaTDD_MainAccountPage<br>Parameters: , Psikuta, psikuta$@gmail.com, roni_cost3@example.com, Zajączek007, Zajączek007, Ivalid</td>
<td><div><pre>java.lang.AssertionError: null
	at testCases.TC_219_WalidacjaZakładkiEdytujInformacjeKontaTDD_MainAccountPage.WalidacjaZakładkiEdytujInformacjeKontaTDD_MainAccountPage(TC_219_WalidacjaZakładkiEdytujInformacjeKontaTDD_MainAccountPage.java:55)
	at java.base/java.util.ArrayList.forEach(ArrayList.java:1597)
... Removed 31 stack frames</pre></div><a href='#' onClick='toggleBox("stack-trace1178495466", this, "Click to show all stack frames", "Click to hide stack frames")'>Click to show all stack frames</a>
<div class='stack-trace' id='stack-trace1178495466'><pre>java.lang.AssertionError: null
	at org.testng.Assert.fail(Assert.java:111)
	at org.testng.Assert.fail(Assert.java:116)
	at testCases.TC_219_WalidacjaZakładkiEdytujInformacjeKontaTDD_MainAccountPage.WalidacjaZakładkiEdytujInformacjeKontaTDD_MainAccountPage(TC_219_WalidacjaZakładkiEdytujInformacjeKontaTDD_MainAccountPage.java:55)
	at java.base/jdk.internal.reflect.DirectMethodHandleAccessor.invoke(DirectMethodHandleAccessor.java:103)
	at java.base/java.lang.reflect.Method.invoke(Method.java:580)
	at org.testng.internal.invokers.MethodInvocationHelper.invokeMethod(MethodInvocationHelper.java:141)
	at org.testng.internal.invokers.TestInvoker.invokeMethod(TestInvoker.java:686)
	at org.testng.internal.invokers.TestInvoker.invokeTestMethod(TestInvoker.java:230)
	at org.testng.internal.invokers.MethodRunner.runInSequence(MethodRunner.java:63)
	at org.testng.internal.invokers.TestInvoker$MethodInvocationAgent.invoke(TestInvoker.java:992)
	at org.testng.internal.invokers.TestInvoker.invokeTestMethods(TestInvoker.java:203)
	at org.testng.internal.invokers.TestMethodWorker.invokeTestMethods(TestMethodWorker.java:154)
	at org.testng.internal.invokers.TestMethodWorker.run(TestMethodWorker.java:134)
	at java.base/java.util.ArrayList.forEach(ArrayList.java:1597)
	at org.testng.TestRunner.privateRun(TestRunner.java:739)
	at org.testng.TestRunner.run(TestRunner.java:614)
	at org.testng.SuiteRunner.runTest(SuiteRunner.java:421)
	at org.testng.SuiteRunner.runSequentially(SuiteRunner.java:413)
	at org.testng.SuiteRunner.privateRun(SuiteRunner.java:373)
	at org.testng.SuiteRunner.run(SuiteRunner.java:312)
	at org.testng.SuiteRunnerWorker.runSuite(SuiteRunnerWorker.java:52)
	at org.testng.SuiteRunnerWorker.run(SuiteRunnerWorker.java:95)
	at org.testng.TestNG.runSuitesSequentially(TestNG.java:1274)
	at org.testng.TestNG.runSuitesLocally(TestNG.java:1208)
	at org.testng.TestNG.runSuites(TestNG.java:1112)
	at org.testng.TestNG.run(TestNG.java:1079)
	at org.apache.maven.surefire.testng.TestNGExecutor.run(TestNGExecutor.java:308)
	at org.apache.maven.surefire.testng.TestNGXmlTestSuite.execute(TestNGXmlTestSuite.java:71)
	at org.apache.maven.surefire.testng.TestNGProvider.invoke(TestNGProvider.java:113)
	at org.apache.maven.surefire.booter.ForkedBooter.runSuitesInProcess(ForkedBooter.java:385)
	at org.apache.maven.surefire.booter.ForkedBooter.execute(ForkedBooter.java:162)
	at org.apache.maven.surefire.booter.ForkedBooter.run(ForkedBooter.java:507)
	at org.apache.maven.surefire.booter.ForkedBooter.main(ForkedBooter.java:495)
</pre></div></td>
<td>5</td>
<td>testCases.TC_219_WalidacjaZakładkiEdytujInformacjeKontaTDD_MainAccountPage@d5b810e</td></tr>
<tr>
<td title='testCases.TC_219_WalidacjaZakładkiEdytujInformacjeKontaTDD_MainAccountPage.WalidacjaZakładkiEdytujInformacjeKontaTDD_MainAccountPage()'><b>WalidacjaZakładkiEdytujInformacjeKontaTDD_MainAccountPage</b><br>Test class: testCases.TC_219_WalidacjaZakładkiEdytujInformacjeKontaTDD_MainAccountPage<br>Parameters: Janusz, Psikuta, psikuta$@gmail.com, , , , Ivalid</td>
<td><div><pre>java.lang.AssertionError: null
	at testCases.TC_219_WalidacjaZakładkiEdytujInformacjeKontaTDD_MainAccountPage.WalidacjaZakładkiEdytujInformacjeKontaTDD_MainAccountPage(TC_219_WalidacjaZakładkiEdytujInformacjeKontaTDD_MainAccountPage.java:55)
	at java.base/java.util.ArrayList.forEach(ArrayList.java:1597)
... Removed 31 stack frames</pre></div><a href='#' onClick='toggleBox("stack-trace70138426", this, "Click to show all stack frames", "Click to hide stack frames")'>Click to show all stack frames</a>
<div class='stack-trace' id='stack-trace70138426'><pre>java.lang.AssertionError: null
	at org.testng.Assert.fail(Assert.java:111)
	at org.testng.Assert.fail(Assert.java:116)
	at testCases.TC_219_WalidacjaZakładkiEdytujInformacjeKontaTDD_MainAccountPage.WalidacjaZakładkiEdytujInformacjeKontaTDD_MainAccountPage(TC_219_WalidacjaZakładkiEdytujInformacjeKontaTDD_MainAccountPage.java:55)
	at java.base/jdk.internal.reflect.DirectMethodHandleAccessor.invoke(DirectMethodHandleAccessor.java:103)
	at java.base/java.lang.reflect.Method.invoke(Method.java:580)
	at org.testng.internal.invokers.MethodInvocationHelper.invokeMethod(MethodInvocationHelper.java:141)
	at org.testng.internal.invokers.TestInvoker.invokeMethod(TestInvoker.java:686)
	at org.testng.internal.invokers.TestInvoker.invokeTestMethod(TestInvoker.java:230)
	at org.testng.internal.invokers.MethodRunner.runInSequence(MethodRunner.java:63)
	at org.testng.internal.invokers.TestInvoker$MethodInvocationAgent.invoke(TestInvoker.java:992)
	at org.testng.internal.invokers.TestInvoker.invokeTestMethods(TestInvoker.java:203)
	at org.testng.internal.invokers.TestMethodWorker.invokeTestMethods(TestMethodWorker.java:154)
	at org.testng.internal.invokers.TestMethodWorker.run(TestMethodWorker.java:134)
	at java.base/java.util.ArrayList.forEach(ArrayList.java:1597)
	at org.testng.TestRunner.privateRun(TestRunner.java:739)
	at org.testng.TestRunner.run(TestRunner.java:614)
	at org.testng.SuiteRunner.runTest(SuiteRunner.java:421)
	at org.testng.SuiteRunner.runSequentially(SuiteRunner.java:413)
	at org.testng.SuiteRunner.privateRun(SuiteRunner.java:373)
	at org.testng.SuiteRunner.run(SuiteRunner.java:312)
	at org.testng.SuiteRunnerWorker.runSuite(SuiteRunnerWorker.java:52)
	at org.testng.SuiteRunnerWorker.run(SuiteRunnerWorker.java:95)
	at org.testng.TestNG.runSuitesSequentially(TestNG.java:1274)
	at org.testng.TestNG.runSuitesLocally(TestNG.java:1208)
	at org.testng.TestNG.runSuites(TestNG.java:1112)
	at org.testng.TestNG.run(TestNG.java:1079)
	at org.apache.maven.surefire.testng.TestNGExecutor.run(TestNGExecutor.java:308)
	at org.apache.maven.surefire.testng.TestNGXmlTestSuite.execute(TestNGXmlTestSuite.java:71)
	at org.apache.maven.surefire.testng.TestNGProvider.invoke(TestNGProvider.java:113)
	at org.apache.maven.surefire.booter.ForkedBooter.runSuitesInProcess(ForkedBooter.java:385)
	at org.apache.maven.surefire.booter.ForkedBooter.execute(ForkedBooter.java:162)
	at org.apache.maven.surefire.booter.ForkedBooter.run(ForkedBooter.java:507)
	at org.apache.maven.surefire.booter.ForkedBooter.main(ForkedBooter.java:495)
</pre></div></td>
<td>5</td>
<td>testCases.TC_219_WalidacjaZakładkiEdytujInformacjeKontaTDD_MainAccountPage@d5b810e</td></tr>
<tr>
<td title='testCases.TC_219_WalidacjaZakładkiEdytujInformacjeKontaTDD_MainAccountPage.WalidacjaZakładkiEdytujInformacjeKontaTDD_MainAccountPage()'><b>WalidacjaZakładkiEdytujInformacjeKontaTDD_MainAccountPage</b><br>Test class: testCases.TC_219_WalidacjaZakładkiEdytujInformacjeKontaTDD_MainAccountPage<br>Parameters: Kacper, Psikuta, psikuta$@gmail.com, roni_cost3@example.com, Zajączek007, , Ivalid</td>
<td><div><pre>java.lang.AssertionError: null
	at testCases.TC_219_WalidacjaZakładkiEdytujInformacjeKontaTDD_MainAccountPage.WalidacjaZakładkiEdytujInformacjeKontaTDD_MainAccountPage(TC_219_WalidacjaZakładkiEdytujInformacjeKontaTDD_MainAccountPage.java:55)
	at java.base/java.util.ArrayList.forEach(ArrayList.java:1597)
... Removed 31 stack frames</pre></div><a href='#' onClick='toggleBox("stack-trace1716689224", this, "Click to show all stack frames", "Click to hide stack frames")'>Click to show all stack frames</a>
<div class='stack-trace' id='stack-trace1716689224'><pre>java.lang.AssertionError: null
	at org.testng.Assert.fail(Assert.java:111)
	at org.testng.Assert.fail(Assert.java:116)
	at testCases.TC_219_WalidacjaZakładkiEdytujInformacjeKontaTDD_MainAccountPage.WalidacjaZakładkiEdytujInformacjeKontaTDD_MainAccountPage(TC_219_WalidacjaZakładkiEdytujInformacjeKontaTDD_MainAccountPage.java:55)
	at java.base/jdk.internal.reflect.DirectMethodHandleAccessor.invoke(DirectMethodHandleAccessor.java:103)
	at java.base/java.lang.reflect.Method.invoke(Method.java:580)
	at org.testng.internal.invokers.MethodInvocationHelper.invokeMethod(MethodInvocationHelper.java:141)
	at org.testng.internal.invokers.TestInvoker.invokeMethod(TestInvoker.java:686)
	at org.testng.internal.invokers.TestInvoker.invokeTestMethod(TestInvoker.java:230)
	at org.testng.internal.invokers.MethodRunner.runInSequence(MethodRunner.java:63)
	at org.testng.internal.invokers.TestInvoker$MethodInvocationAgent.invoke(TestInvoker.java:992)
	at org.testng.internal.invokers.TestInvoker.invokeTestMethods(TestInvoker.java:203)
	at org.testng.internal.invokers.TestMethodWorker.invokeTestMethods(TestMethodWorker.java:154)
	at org.testng.internal.invokers.TestMethodWorker.run(TestMethodWorker.java:134)
	at java.base/java.util.ArrayList.forEach(ArrayList.java:1597)
	at org.testng.TestRunner.privateRun(TestRunner.java:739)
	at org.testng.TestRunner.run(TestRunner.java:614)
	at org.testng.SuiteRunner.runTest(SuiteRunner.java:421)
	at org.testng.SuiteRunner.runSequentially(SuiteRunner.java:413)
	at org.testng.SuiteRunner.privateRun(SuiteRunner.java:373)
	at org.testng.SuiteRunner.run(SuiteRunner.java:312)
	at org.testng.SuiteRunnerWorker.runSuite(SuiteRunnerWorker.java:52)
	at org.testng.SuiteRunnerWorker.run(SuiteRunnerWorker.java:95)
	at org.testng.TestNG.runSuitesSequentially(TestNG.java:1274)
	at org.testng.TestNG.runSuitesLocally(TestNG.java:1208)
	at org.testng.TestNG.runSuites(TestNG.java:1112)
	at org.testng.TestNG.run(TestNG.java:1079)
	at org.apache.maven.surefire.testng.TestNGExecutor.run(TestNGExecutor.java:308)
	at org.apache.maven.surefire.testng.TestNGXmlTestSuite.execute(TestNGXmlTestSuite.java:71)
	at org.apache.maven.surefire.testng.TestNGProvider.invoke(TestNGProvider.java:113)
	at org.apache.maven.surefire.booter.ForkedBooter.runSuitesInProcess(ForkedBooter.java:385)
	at org.apache.maven.surefire.booter.ForkedBooter.execute(ForkedBooter.java:162)
	at org.apache.maven.surefire.booter.ForkedBooter.run(ForkedBooter.java:507)
	at org.apache.maven.surefire.booter.ForkedBooter.main(ForkedBooter.java:495)
</pre></div></td>
<td>5</td>
<td>testCases.TC_219_WalidacjaZakładkiEdytujInformacjeKontaTDD_MainAccountPage@d5b810e</td></tr>
<tr>
<td title='testCases.TC_064_DodawanieProduktu_ProductPage_TDD.DodawanieProduktu_KartaZProduktem_TDD()'><b>DodawanieProduktu_KartaZProduktem_TDD</b><br>Test class: testCases.TC_064_DodawanieProduktu_ProductPage_TDD<br>Parameters: 10000.0, Valid</td>
<td><div><pre>java.lang.AssertionError: null
	at testCases.TC_064_DodawanieProduktu_ProductPage_TDD.DodawanieProduktu_KartaZProduktem_TDD(TC_064_DodawanieProduktu_ProductPage_TDD.java:81)
	at java.base/java.util.ArrayList.forEach(ArrayList.java:1597)
... Removed 31 stack frames</pre></div><a href='#' onClick='toggleBox("stack-trace1713366724", this, "Click to show all stack frames", "Click to hide stack frames")'>Click to show all stack frames</a>
<div class='stack-trace' id='stack-trace1713366724'><pre>java.lang.AssertionError: null
	at org.testng.Assert.fail(Assert.java:111)
	at org.testng.Assert.fail(Assert.java:116)
	at testCases.TC_064_DodawanieProduktu_ProductPage_TDD.DodawanieProduktu_KartaZProduktem_TDD(TC_064_DodawanieProduktu_ProductPage_TDD.java:81)
	at java.base/jdk.internal.reflect.DirectMethodHandleAccessor.invoke(DirectMethodHandleAccessor.java:103)
	at java.base/java.lang.reflect.Method.invoke(Method.java:580)
	at org.testng.internal.invokers.MethodInvocationHelper.invokeMethod(MethodInvocationHelper.java:141)
	at org.testng.internal.invokers.TestInvoker.invokeMethod(TestInvoker.java:686)
	at org.testng.internal.invokers.TestInvoker.invokeTestMethod(TestInvoker.java:230)
	at org.testng.internal.invokers.MethodRunner.runInSequence(MethodRunner.java:63)
	at org.testng.internal.invokers.TestInvoker$MethodInvocationAgent.invoke(TestInvoker.java:992)
	at org.testng.internal.invokers.TestInvoker.invokeTestMethods(TestInvoker.java:203)
	at org.testng.internal.invokers.TestMethodWorker.invokeTestMethods(TestMethodWorker.java:154)
	at org.testng.internal.invokers.TestMethodWorker.run(TestMethodWorker.java:134)
	at java.base/java.util.ArrayList.forEach(ArrayList.java:1597)
	at org.testng.TestRunner.privateRun(TestRunner.java:739)
	at org.testng.TestRunner.run(TestRunner.java:614)
	at org.testng.SuiteRunner.runTest(SuiteRunner.java:421)
	at org.testng.SuiteRunner.runSequentially(SuiteRunner.java:413)
	at org.testng.SuiteRunner.privateRun(SuiteRunner.java:373)
	at org.testng.SuiteRunner.run(SuiteRunner.java:312)
	at org.testng.SuiteRunnerWorker.runSuite(SuiteRunnerWorker.java:52)
	at org.testng.SuiteRunnerWorker.run(SuiteRunnerWorker.java:95)
	at org.testng.TestNG.runSuitesSequentially(TestNG.java:1274)
	at org.testng.TestNG.runSuitesLocally(TestNG.java:1208)
	at org.testng.TestNG.runSuites(TestNG.java:1112)
	at org.testng.TestNG.run(TestNG.java:1079)
	at org.apache.maven.surefire.testng.TestNGExecutor.run(TestNGExecutor.java:308)
	at org.apache.maven.surefire.testng.TestNGXmlTestSuite.execute(TestNGXmlTestSuite.java:71)
	at org.apache.maven.surefire.testng.TestNGProvider.invoke(TestNGProvider.java:113)
	at org.apache.maven.surefire.booter.ForkedBooter.runSuitesInProcess(ForkedBooter.java:385)
	at org.apache.maven.surefire.booter.ForkedBooter.execute(ForkedBooter.java:162)
	at org.apache.maven.surefire.booter.ForkedBooter.run(ForkedBooter.java:507)
	at org.apache.maven.surefire.booter.ForkedBooter.main(ForkedBooter.java:495)
</pre></div></td>
<td>5</td>
<td>testCases.TC_064_DodawanieProduktu_ProductPage_TDD@702b8b12</td></tr>
<tr>
<td title='testCases.TC_219_WalidacjaZakładkiEdytujInformacjeKontaTDD_MainAccountPage.WalidacjaZakładkiEdytujInformacjeKontaTDD_MainAccountPage()'><b>WalidacjaZakładkiEdytujInformacjeKontaTDD_MainAccountPage</b><br>Test class: testCases.TC_219_WalidacjaZakładkiEdytujInformacjeKontaTDD_MainAccountPage<br>Parameters: Kacper, Psikuta, psikuta$@gmail.com, roni_cost3@example, Zajączek007, Zajączek007, Ivalid</td>
<td><div><pre>java.lang.AssertionError: null
	at testCases.TC_219_WalidacjaZakładkiEdytujInformacjeKontaTDD_MainAccountPage.WalidacjaZakładkiEdytujInformacjeKontaTDD_MainAccountPage(TC_219_WalidacjaZakładkiEdytujInformacjeKontaTDD_MainAccountPage.java:55)
	at java.base/java.util.ArrayList.forEach(ArrayList.java:1597)
... Removed 31 stack frames</pre></div><a href='#' onClick='toggleBox("stack-trace2109162412", this, "Click to show all stack frames", "Click to hide stack frames")'>Click to show all stack frames</a>
<div class='stack-trace' id='stack-trace2109162412'><pre>java.lang.AssertionError: null
	at org.testng.Assert.fail(Assert.java:111)
	at org.testng.Assert.fail(Assert.java:116)
	at testCases.TC_219_WalidacjaZakładkiEdytujInformacjeKontaTDD_MainAccountPage.WalidacjaZakładkiEdytujInformacjeKontaTDD_MainAccountPage(TC_219_WalidacjaZakładkiEdytujInformacjeKontaTDD_MainAccountPage.java:55)
	at java.base/jdk.internal.reflect.DirectMethodHandleAccessor.invoke(DirectMethodHandleAccessor.java:103)
	at java.base/java.lang.reflect.Method.invoke(Method.java:580)
	at org.testng.internal.invokers.MethodInvocationHelper.invokeMethod(MethodInvocationHelper.java:141)
	at org.testng.internal.invokers.TestInvoker.invokeMethod(TestInvoker.java:686)
	at org.testng.internal.invokers.TestInvoker.invokeTestMethod(TestInvoker.java:230)
	at org.testng.internal.invokers.MethodRunner.runInSequence(MethodRunner.java:63)
	at org.testng.internal.invokers.TestInvoker$MethodInvocationAgent.invoke(TestInvoker.java:992)
	at org.testng.internal.invokers.TestInvoker.invokeTestMethods(TestInvoker.java:203)
	at org.testng.internal.invokers.TestMethodWorker.invokeTestMethods(TestMethodWorker.java:154)
	at org.testng.internal.invokers.TestMethodWorker.run(TestMethodWorker.java:134)
	at java.base/java.util.ArrayList.forEach(ArrayList.java:1597)
	at org.testng.TestRunner.privateRun(TestRunner.java:739)
	at org.testng.TestRunner.run(TestRunner.java:614)
	at org.testng.SuiteRunner.runTest(SuiteRunner.java:421)
	at org.testng.SuiteRunner.runSequentially(SuiteRunner.java:413)
	at org.testng.SuiteRunner.privateRun(SuiteRunner.java:373)
	at org.testng.SuiteRunner.run(SuiteRunner.java:312)
	at org.testng.SuiteRunnerWorker.runSuite(SuiteRunnerWorker.java:52)
	at org.testng.SuiteRunnerWorker.run(SuiteRunnerWorker.java:95)
	at org.testng.TestNG.runSuitesSequentially(TestNG.java:1274)
	at org.testng.TestNG.runSuitesLocally(TestNG.java:1208)
	at org.testng.TestNG.runSuites(TestNG.java:1112)
	at org.testng.TestNG.run(TestNG.java:1079)
	at org.apache.maven.surefire.testng.TestNGExecutor.run(TestNGExecutor.java:308)
	at org.apache.maven.surefire.testng.TestNGXmlTestSuite.execute(TestNGXmlTestSuite.java:71)
	at org.apache.maven.surefire.testng.TestNGProvider.invoke(TestNGProvider.java:113)
	at org.apache.maven.surefire.booter.ForkedBooter.runSuitesInProcess(ForkedBooter.java:385)
	at org.apache.maven.surefire.booter.ForkedBooter.execute(ForkedBooter.java:162)
	at org.apache.maven.surefire.booter.ForkedBooter.run(ForkedBooter.java:507)
	at org.apache.maven.surefire.booter.ForkedBooter.main(ForkedBooter.java:495)
</pre></div></td>
<td>5</td>
<td>testCases.TC_219_WalidacjaZakładkiEdytujInformacjeKontaTDD_MainAccountPage@d5b810e</td></tr>
<tr>
<td title='testCases.TC_131_WalidacjaWysyłaniaWiadomości_contactPage.WalidacjaWysyłaniaWiadomości_contactPage()'><b>WalidacjaWysyłaniaWiadomości_contactPage</b><br>Test class: testCases.TC_131_WalidacjaWysyłaniaWiadomości_contactPage<br>Parameters: Dekiel, Kacper013@gmail.com, 1.23456789E8, Wysłałem wam wiadomość, valid</td>
<td><div><pre>java.lang.AssertionError: null
	at testCases.TC_131_WalidacjaWysyłaniaWiadomości_contactPage.WalidacjaWysyłaniaWiadomości_contactPage(TC_131_WalidacjaWysyłaniaWiadomości_contactPage.java:57)
	at java.base/java.util.ArrayList.forEach(ArrayList.java:1597)
... Removed 31 stack frames</pre></div><a href='#' onClick='toggleBox("stack-trace615670703", this, "Click to show all stack frames", "Click to hide stack frames")'>Click to show all stack frames</a>
<div class='stack-trace' id='stack-trace615670703'><pre>java.lang.AssertionError: null
	at org.testng.Assert.fail(Assert.java:111)
	at org.testng.Assert.fail(Assert.java:116)
	at testCases.TC_131_WalidacjaWysyłaniaWiadomości_contactPage.WalidacjaWysyłaniaWiadomości_contactPage(TC_131_WalidacjaWysyłaniaWiadomości_contactPage.java:57)
	at java.base/jdk.internal.reflect.DirectMethodHandleAccessor.invoke(DirectMethodHandleAccessor.java:103)
	at java.base/java.lang.reflect.Method.invoke(Method.java:580)
	at org.testng.internal.invokers.MethodInvocationHelper.invokeMethod(MethodInvocationHelper.java:141)
	at org.testng.internal.invokers.TestInvoker.invokeMethod(TestInvoker.java:686)
	at org.testng.internal.invokers.TestInvoker.invokeTestMethod(TestInvoker.java:230)
	at org.testng.internal.invokers.MethodRunner.runInSequence(MethodRunner.java:63)
	at org.testng.internal.invokers.TestInvoker$MethodInvocationAgent.invoke(TestInvoker.java:992)
	at org.testng.internal.invokers.TestInvoker.invokeTestMethods(TestInvoker.java:203)
	at org.testng.internal.invokers.TestMethodWorker.invokeTestMethods(TestMethodWorker.java:154)
	at org.testng.internal.invokers.TestMethodWorker.run(TestMethodWorker.java:134)
	at java.base/java.util.ArrayList.forEach(ArrayList.java:1597)
	at org.testng.TestRunner.privateRun(TestRunner.java:739)
	at org.testng.TestRunner.run(TestRunner.java:614)
	at org.testng.SuiteRunner.runTest(SuiteRunner.java:421)
	at org.testng.SuiteRunner.runSequentially(SuiteRunner.java:413)
	at org.testng.SuiteRunner.privateRun(SuiteRunner.java:373)
	at org.testng.SuiteRunner.run(SuiteRunner.java:312)
	at org.testng.SuiteRunnerWorker.runSuite(SuiteRunnerWorker.java:52)
	at org.testng.SuiteRunnerWorker.run(SuiteRunnerWorker.java:95)
	at org.testng.TestNG.runSuitesSequentially(TestNG.java:1274)
	at org.testng.TestNG.runSuitesLocally(TestNG.java:1208)
	at org.testng.TestNG.runSuites(TestNG.java:1112)
	at org.testng.TestNG.run(TestNG.java:1079)
	at org.apache.maven.surefire.testng.TestNGExecutor.run(TestNGExecutor.java:308)
	at org.apache.maven.surefire.testng.TestNGXmlTestSuite.execute(TestNGXmlTestSuite.java:71)
	at org.apache.maven.surefire.testng.TestNGProvider.invoke(TestNGProvider.java:113)
	at org.apache.maven.surefire.booter.ForkedBooter.runSuitesInProcess(ForkedBooter.java:385)
	at org.apache.maven.surefire.booter.ForkedBooter.execute(ForkedBooter.java:162)
	at org.apache.maven.surefire.booter.ForkedBooter.run(ForkedBooter.java:507)
	at org.apache.maven.surefire.booter.ForkedBooter.main(ForkedBooter.java:495)
</pre></div></td>
<td>16</td>
<td>testCases.TC_131_WalidacjaWysyłaniaWiadomości_contactPage@6d4e5011</td></tr>
<tr>
<td title='testCases.TC_002_WalidacjaNiepoprawnejRejestracji_TDD.WalidacjaRejestracji_TDD()'><b>WalidacjaRejestracji_TDD</b><br>Test class: testCases.TC_002_WalidacjaNiepoprawnejRejestracji_TDD<br>Parameters: Dawid, !#$^%, jfbyq@gmail.com, Pass!$1fa, Pass!$1fa, Invalid</td>
<td><div><pre>java.lang.AssertionError: expected [true] but found [false]
	at testCases.TC_002_WalidacjaNiepoprawnejRejestracji_TDD.WalidacjaRejestracji_TDD(TC_002_WalidacjaNiepoprawnejRejestracji_TDD.java:40)
	at java.base/java.util.ArrayList.forEach(ArrayList.java:1597)
... Removed 33 stack frames</pre></div><a href='#' onClick='toggleBox("stack-trace688662124", this, "Click to show all stack frames", "Click to hide stack frames")'>Click to show all stack frames</a>
<div class='stack-trace' id='stack-trace688662124'><pre>java.lang.AssertionError: expected [true] but found [false]
	at org.testng.Assert.fail(Assert.java:111)
	at org.testng.Assert.failNotEquals(Assert.java:1578)
	at org.testng.Assert.assertTrue(Assert.java:57)
	at org.testng.Assert.assertTrue(Assert.java:67)
	at testCases.TC_002_WalidacjaNiepoprawnejRejestracji_TDD.WalidacjaRejestracji_TDD(TC_002_WalidacjaNiepoprawnejRejestracji_TDD.java:40)
	at java.base/jdk.internal.reflect.DirectMethodHandleAccessor.invoke(DirectMethodHandleAccessor.java:103)
	at java.base/java.lang.reflect.Method.invoke(Method.java:580)
	at org.testng.internal.invokers.MethodInvocationHelper.invokeMethod(MethodInvocationHelper.java:141)
	at org.testng.internal.invokers.TestInvoker.invokeMethod(TestInvoker.java:686)
	at org.testng.internal.invokers.TestInvoker.invokeTestMethod(TestInvoker.java:230)
	at org.testng.internal.invokers.MethodRunner.runInSequence(MethodRunner.java:63)
	at org.testng.internal.invokers.TestInvoker$MethodInvocationAgent.invoke(TestInvoker.java:992)
	at org.testng.internal.invokers.TestInvoker.invokeTestMethods(TestInvoker.java:203)
	at org.testng.internal.invokers.TestMethodWorker.invokeTestMethods(TestMethodWorker.java:154)
	at org.testng.internal.invokers.TestMethodWorker.run(TestMethodWorker.java:134)
	at java.base/java.util.ArrayList.forEach(ArrayList.java:1597)
	at org.testng.TestRunner.privateRun(TestRunner.java:739)
	at org.testng.TestRunner.run(TestRunner.java:614)
	at org.testng.SuiteRunner.runTest(SuiteRunner.java:421)
	at org.testng.SuiteRunner.runSequentially(SuiteRunner.java:413)
	at org.testng.SuiteRunner.privateRun(SuiteRunner.java:373)
	at org.testng.SuiteRunner.run(SuiteRunner.java:312)
	at org.testng.SuiteRunnerWorker.runSuite(SuiteRunnerWorker.java:52)
	at org.testng.SuiteRunnerWorker.run(SuiteRunnerWorker.java:95)
	at org.testng.TestNG.runSuitesSequentially(TestNG.java:1274)
	at org.testng.TestNG.runSuitesLocally(TestNG.java:1208)
	at org.testng.TestNG.runSuites(TestNG.java:1112)
	at org.testng.TestNG.run(TestNG.java:1079)
	at org.apache.maven.surefire.testng.TestNGExecutor.run(TestNGExecutor.java:308)
	at org.apache.maven.surefire.testng.TestNGXmlTestSuite.execute(TestNGXmlTestSuite.java:71)
	at org.apache.maven.surefire.testng.TestNGProvider.invoke(TestNGProvider.java:113)
	at org.apache.maven.surefire.booter.ForkedBooter.runSuitesInProcess(ForkedBooter.java:385)
	at org.apache.maven.surefire.booter.ForkedBooter.execute(ForkedBooter.java:162)
	at org.apache.maven.surefire.booter.ForkedBooter.run(ForkedBooter.java:507)
	at org.apache.maven.surefire.booter.ForkedBooter.main(ForkedBooter.java:495)
</pre></div></td>
<td>2</td>
<td>testCases.TC_002_WalidacjaNiepoprawnejRejestracji_TDD@10959ece</td></tr>
<tr>
<td title='testCases.TC_131_WalidacjaWysyłaniaWiadomości_contactPage.WalidacjaWysyłaniaWiadomości_contactPage()'><b>WalidacjaWysyłaniaWiadomości_contactPage</b><br>Test class: testCases.TC_131_WalidacjaWysyłaniaWiadomości_contactPage<br>Parameters: @#$%, Koperek@gmail.com, 1.23456789E8, Wysłałem wam wiadomość, valid</td>
<td><div><pre>java.lang.AssertionError: null
	at testCases.TC_131_WalidacjaWysyłaniaWiadomości_contactPage.WalidacjaWysyłaniaWiadomości_contactPage(TC_131_WalidacjaWysyłaniaWiadomości_contactPage.java:57)
	at java.base/java.util.ArrayList.forEach(ArrayList.java:1597)
... Removed 31 stack frames</pre></div><a href='#' onClick='toggleBox("stack-trace566205790", this, "Click to show all stack frames", "Click to hide stack frames")'>Click to show all stack frames</a>
<div class='stack-trace' id='stack-trace566205790'><pre>java.lang.AssertionError: null
	at org.testng.Assert.fail(Assert.java:111)
	at org.testng.Assert.fail(Assert.java:116)
	at testCases.TC_131_WalidacjaWysyłaniaWiadomości_contactPage.WalidacjaWysyłaniaWiadomości_contactPage(TC_131_WalidacjaWysyłaniaWiadomości_contactPage.java:57)
	at java.base/jdk.internal.reflect.DirectMethodHandleAccessor.invoke(DirectMethodHandleAccessor.java:103)
	at java.base/java.lang.reflect.Method.invoke(Method.java:580)
	at org.testng.internal.invokers.MethodInvocationHelper.invokeMethod(MethodInvocationHelper.java:141)
	at org.testng.internal.invokers.TestInvoker.invokeMethod(TestInvoker.java:686)
	at org.testng.internal.invokers.TestInvoker.invokeTestMethod(TestInvoker.java:230)
	at org.testng.internal.invokers.MethodRunner.runInSequence(MethodRunner.java:63)
	at org.testng.internal.invokers.TestInvoker$MethodInvocationAgent.invoke(TestInvoker.java:992)
	at org.testng.internal.invokers.TestInvoker.invokeTestMethods(TestInvoker.java:203)
	at org.testng.internal.invokers.TestMethodWorker.invokeTestMethods(TestMethodWorker.java:154)
	at org.testng.internal.invokers.TestMethodWorker.run(TestMethodWorker.java:134)
	at java.base/java.util.ArrayList.forEach(ArrayList.java:1597)
	at org.testng.TestRunner.privateRun(TestRunner.java:739)
	at org.testng.TestRunner.run(TestRunner.java:614)
	at org.testng.SuiteRunner.runTest(SuiteRunner.java:421)
	at org.testng.SuiteRunner.runSequentially(SuiteRunner.java:413)
	at org.testng.SuiteRunner.privateRun(SuiteRunner.java:373)
	at org.testng.SuiteRunner.run(SuiteRunner.java:312)
	at org.testng.SuiteRunnerWorker.runSuite(SuiteRunnerWorker.java:52)
	at org.testng.SuiteRunnerWorker.run(SuiteRunnerWorker.java:95)
	at org.testng.TestNG.runSuitesSequentially(TestNG.java:1274)
	at org.testng.TestNG.runSuitesLocally(TestNG.java:1208)
	at org.testng.TestNG.runSuites(TestNG.java:1112)
	at org.testng.TestNG.run(TestNG.java:1079)
	at org.apache.maven.surefire.testng.TestNGExecutor.run(TestNGExecutor.java:308)
	at org.apache.maven.surefire.testng.TestNGXmlTestSuite.execute(TestNGXmlTestSuite.java:71)
	at org.apache.maven.surefire.testng.TestNGProvider.invoke(TestNGProvider.java:113)
	at org.apache.maven.surefire.booter.ForkedBooter.runSuitesInProcess(ForkedBooter.java:385)
	at org.apache.maven.surefire.booter.ForkedBooter.execute(ForkedBooter.java:162)
	at org.apache.maven.surefire.booter.ForkedBooter.run(ForkedBooter.java:507)
	at org.apache.maven.surefire.booter.ForkedBooter.main(ForkedBooter.java:495)
</pre></div></td>
<td>16</td>
<td>testCases.TC_131_WalidacjaWysyłaniaWiadomości_contactPage@6d4e5011</td></tr>
<tr>
<td title='testCases.TC_219_WalidacjaZakładkiEdytujInformacjeKontaTDD_MainAccountPage.WalidacjaZakładkiEdytujInformacjeKontaTDD_MainAccountPage()'><b>WalidacjaZakładkiEdytujInformacjeKontaTDD_MainAccountPage</b><br>Test class: testCases.TC_219_WalidacjaZakładkiEdytujInformacjeKontaTDD_MainAccountPage<br>Parameters: Kacper, Psikuta, psikuta$@gmail., roni_cost3@example.com, Zajączek007, Zajączek007, Ivalid</td>
<td><div><pre>java.lang.AssertionError: null
	at testCases.TC_219_WalidacjaZakładkiEdytujInformacjeKontaTDD_MainAccountPage.WalidacjaZakładkiEdytujInformacjeKontaTDD_MainAccountPage(TC_219_WalidacjaZakładkiEdytujInformacjeKontaTDD_MainAccountPage.java:55)
	at java.base/java.util.ArrayList.forEach(ArrayList.java:1597)
... Removed 31 stack frames</pre></div><a href='#' onClick='toggleBox("stack-trace1597809246", this, "Click to show all stack frames", "Click to hide stack frames")'>Click to show all stack frames</a>
<div class='stack-trace' id='stack-trace1597809246'><pre>java.lang.AssertionError: null
	at org.testng.Assert.fail(Assert.java:111)
	at org.testng.Assert.fail(Assert.java:116)
	at testCases.TC_219_WalidacjaZakładkiEdytujInformacjeKontaTDD_MainAccountPage.WalidacjaZakładkiEdytujInformacjeKontaTDD_MainAccountPage(TC_219_WalidacjaZakładkiEdytujInformacjeKontaTDD_MainAccountPage.java:55)
	at java.base/jdk.internal.reflect.DirectMethodHandleAccessor.invoke(DirectMethodHandleAccessor.java:103)
	at java.base/java.lang.reflect.Method.invoke(Method.java:580)
	at org.testng.internal.invokers.MethodInvocationHelper.invokeMethod(MethodInvocationHelper.java:141)
	at org.testng.internal.invokers.TestInvoker.invokeMethod(TestInvoker.java:686)
	at org.testng.internal.invokers.TestInvoker.invokeTestMethod(TestInvoker.java:230)
	at org.testng.internal.invokers.MethodRunner.runInSequence(MethodRunner.java:63)
	at org.testng.internal.invokers.TestInvoker$MethodInvocationAgent.invoke(TestInvoker.java:992)
	at org.testng.internal.invokers.TestInvoker.invokeTestMethods(TestInvoker.java:203)
	at org.testng.internal.invokers.TestMethodWorker.invokeTestMethods(TestMethodWorker.java:154)
	at org.testng.internal.invokers.TestMethodWorker.run(TestMethodWorker.java:134)
	at java.base/java.util.ArrayList.forEach(ArrayList.java:1597)
	at org.testng.TestRunner.privateRun(TestRunner.java:739)
	at org.testng.TestRunner.run(TestRunner.java:614)
	at org.testng.SuiteRunner.runTest(SuiteRunner.java:421)
	at org.testng.SuiteRunner.runSequentially(SuiteRunner.java:413)
	at org.testng.SuiteRunner.privateRun(SuiteRunner.java:373)
	at org.testng.SuiteRunner.run(SuiteRunner.java:312)
	at org.testng.SuiteRunnerWorker.runSuite(SuiteRunnerWorker.java:52)
	at org.testng.SuiteRunnerWorker.run(SuiteRunnerWorker.java:95)
	at org.testng.TestNG.runSuitesSequentially(TestNG.java:1274)
	at org.testng.TestNG.runSuitesLocally(TestNG.java:1208)
	at org.testng.TestNG.runSuites(TestNG.java:1112)
	at org.testng.TestNG.run(TestNG.java:1079)
	at org.apache.maven.surefire.testng.TestNGExecutor.run(TestNGExecutor.java:308)
	at org.apache.maven.surefire.testng.TestNGXmlTestSuite.execute(TestNGXmlTestSuite.java:71)
	at org.apache.maven.surefire.testng.TestNGProvider.invoke(TestNGProvider.java:113)
	at org.apache.maven.surefire.booter.ForkedBooter.runSuitesInProcess(ForkedBooter.java:385)
	at org.apache.maven.surefire.booter.ForkedBooter.execute(ForkedBooter.java:162)
	at org.apache.maven.surefire.booter.ForkedBooter.run(ForkedBooter.java:507)
	at org.apache.maven.surefire.booter.ForkedBooter.main(ForkedBooter.java:495)
</pre></div></td>
<td>6</td>
<td>testCases.TC_219_WalidacjaZakładkiEdytujInformacjeKontaTDD_MainAccountPage@d5b810e</td></tr>
<tr>
<td title='testCases.TC_064_DodawanieProduktu_ProductPage_TDD.DodawanieProduktu_KartaZProduktem_TDD()'><b>DodawanieProduktu_KartaZProduktem_TDD</b><br>Test class: testCases.TC_064_DodawanieProduktu_ProductPage_TDD<br>Parameters: 1000.0, Valid</td>
<td><div><pre>java.lang.AssertionError: null
	at testCases.TC_064_DodawanieProduktu_ProductPage_TDD.DodawanieProduktu_KartaZProduktem_TDD(TC_064_DodawanieProduktu_ProductPage_TDD.java:81)
	at java.base/java.util.ArrayList.forEach(ArrayList.java:1597)
... Removed 31 stack frames</pre></div><a href='#' onClick='toggleBox("stack-trace1901260342", this, "Click to show all stack frames", "Click to hide stack frames")'>Click to show all stack frames</a>
<div class='stack-trace' id='stack-trace1901260342'><pre>java.lang.AssertionError: null
	at org.testng.Assert.fail(Assert.java:111)
	at org.testng.Assert.fail(Assert.java:116)
	at testCases.TC_064_DodawanieProduktu_ProductPage_TDD.DodawanieProduktu_KartaZProduktem_TDD(TC_064_DodawanieProduktu_ProductPage_TDD.java:81)
	at java.base/jdk.internal.reflect.DirectMethodHandleAccessor.invoke(DirectMethodHandleAccessor.java:103)
	at java.base/java.lang.reflect.Method.invoke(Method.java:580)
	at org.testng.internal.invokers.MethodInvocationHelper.invokeMethod(MethodInvocationHelper.java:141)
	at org.testng.internal.invokers.TestInvoker.invokeMethod(TestInvoker.java:686)
	at org.testng.internal.invokers.TestInvoker.invokeTestMethod(TestInvoker.java:230)
	at org.testng.internal.invokers.MethodRunner.runInSequence(MethodRunner.java:63)
	at org.testng.internal.invokers.TestInvoker$MethodInvocationAgent.invoke(TestInvoker.java:992)
	at org.testng.internal.invokers.TestInvoker.invokeTestMethods(TestInvoker.java:203)
	at org.testng.internal.invokers.TestMethodWorker.invokeTestMethods(TestMethodWorker.java:154)
	at org.testng.internal.invokers.TestMethodWorker.run(TestMethodWorker.java:134)
	at java.base/java.util.ArrayList.forEach(ArrayList.java:1597)
	at org.testng.TestRunner.privateRun(TestRunner.java:739)
	at org.testng.TestRunner.run(TestRunner.java:614)
	at org.testng.SuiteRunner.runTest(SuiteRunner.java:421)
	at org.testng.SuiteRunner.runSequentially(SuiteRunner.java:413)
	at org.testng.SuiteRunner.privateRun(SuiteRunner.java:373)
	at org.testng.SuiteRunner.run(SuiteRunner.java:312)
	at org.testng.SuiteRunnerWorker.runSuite(SuiteRunnerWorker.java:52)
	at org.testng.SuiteRunnerWorker.run(SuiteRunnerWorker.java:95)
	at org.testng.TestNG.runSuitesSequentially(TestNG.java:1274)
	at org.testng.TestNG.runSuitesLocally(TestNG.java:1208)
	at org.testng.TestNG.runSuites(TestNG.java:1112)
	at org.testng.TestNG.run(TestNG.java:1079)
	at org.apache.maven.surefire.testng.TestNGExecutor.run(TestNGExecutor.java:308)
	at org.apache.maven.surefire.testng.TestNGXmlTestSuite.execute(TestNGXmlTestSuite.java:71)
	at org.apache.maven.surefire.testng.TestNGProvider.invoke(TestNGProvider.java:113)
	at org.apache.maven.surefire.booter.ForkedBooter.runSuitesInProcess(ForkedBooter.java:385)
	at org.apache.maven.surefire.booter.ForkedBooter.execute(ForkedBooter.java:162)
	at org.apache.maven.surefire.booter.ForkedBooter.run(ForkedBooter.java:507)
	at org.apache.maven.surefire.booter.ForkedBooter.main(ForkedBooter.java:495)
</pre></div></td>
<td>5</td>
<td>testCases.TC_064_DodawanieProduktu_ProductPage_TDD@702b8b12</td></tr>
<tr>
<td title='testCases.TC_121_WalidacjaFunkcjonalnościAdvanceSearch_TDD.WalidacjaFunkcjonalnościAdvanceSearch_TDD()'><b>WalidacjaFunkcjonalnościAdvanceSearch_TDD</b><br>Test class: testCases.TC_121_WalidacjaFunkcjonalnościAdvanceSearch_TDD<br>Parameters: , , , Tee, , , Valid</td>
<td><div><pre>java.lang.AssertionError: null
	at testCases.TC_121_WalidacjaFunkcjonalnościAdvanceSearch_TDD.WalidacjaFunkcjonalnościAdvanceSearch_TDD(TC_121_WalidacjaFunkcjonalnościAdvanceSearch_TDD.java:43)
	at java.base/java.util.ArrayList.forEach(ArrayList.java:1597)
... Removed 31 stack frames</pre></div><a href='#' onClick='toggleBox("stack-trace952239014", this, "Click to show all stack frames", "Click to hide stack frames")'>Click to show all stack frames</a>
<div class='stack-trace' id='stack-trace952239014'><pre>java.lang.AssertionError: null
	at org.testng.Assert.fail(Assert.java:111)
	at org.testng.Assert.fail(Assert.java:116)
	at testCases.TC_121_WalidacjaFunkcjonalnościAdvanceSearch_TDD.WalidacjaFunkcjonalnościAdvanceSearch_TDD(TC_121_WalidacjaFunkcjonalnościAdvanceSearch_TDD.java:43)
	at java.base/jdk.internal.reflect.DirectMethodHandleAccessor.invoke(DirectMethodHandleAccessor.java:103)
	at java.base/java.lang.reflect.Method.invoke(Method.java:580)
	at org.testng.internal.invokers.MethodInvocationHelper.invokeMethod(MethodInvocationHelper.java:141)
	at org.testng.internal.invokers.TestInvoker.invokeMethod(TestInvoker.java:686)
	at org.testng.internal.invokers.TestInvoker.invokeTestMethod(TestInvoker.java:230)
	at org.testng.internal.invokers.MethodRunner.runInSequence(MethodRunner.java:63)
	at org.testng.internal.invokers.TestInvoker$MethodInvocationAgent.invoke(TestInvoker.java:992)
	at org.testng.internal.invokers.TestInvoker.invokeTestMethods(TestInvoker.java:203)
	at org.testng.internal.invokers.TestMethodWorker.invokeTestMethods(TestMethodWorker.java:154)
	at org.testng.internal.invokers.TestMethodWorker.run(TestMethodWorker.java:134)
	at java.base/java.util.ArrayList.forEach(ArrayList.java:1597)
	at org.testng.TestRunner.privateRun(TestRunner.java:739)
	at org.testng.TestRunner.run(TestRunner.java:614)
	at org.testng.SuiteRunner.runTest(SuiteRunner.java:421)
	at org.testng.SuiteRunner.runSequentially(SuiteRunner.java:413)
	at org.testng.SuiteRunner.privateRun(SuiteRunner.java:373)
	at org.testng.SuiteRunner.run(SuiteRunner.java:312)
	at org.testng.SuiteRunnerWorker.runSuite(SuiteRunnerWorker.java:52)
	at org.testng.SuiteRunnerWorker.run(SuiteRunnerWorker.java:95)
	at org.testng.TestNG.runSuitesSequentially(TestNG.java:1274)
	at org.testng.TestNG.runSuitesLocally(TestNG.java:1208)
	at org.testng.TestNG.runSuites(TestNG.java:1112)
	at org.testng.TestNG.run(TestNG.java:1079)
	at org.apache.maven.surefire.testng.TestNGExecutor.run(TestNGExecutor.java:308)
	at org.apache.maven.surefire.testng.TestNGXmlTestSuite.execute(TestNGXmlTestSuite.java:71)
	at org.apache.maven.surefire.testng.TestNGProvider.invoke(TestNGProvider.java:113)
	at org.apache.maven.surefire.booter.ForkedBooter.runSuitesInProcess(ForkedBooter.java:385)
	at org.apache.maven.surefire.booter.ForkedBooter.execute(ForkedBooter.java:162)
	at org.apache.maven.surefire.booter.ForkedBooter.run(ForkedBooter.java:507)
	at org.apache.maven.surefire.booter.ForkedBooter.main(ForkedBooter.java:495)
</pre></div></td>
<td>5</td>
<td>testCases.TC_121_WalidacjaFunkcjonalnościAdvanceSearch_TDD@4a7f959b</td></tr>
<tr>
<td title='testCases.TC_219_WalidacjaZakładkiEdytujInformacjeKontaTDD_MainAccountPage.WalidacjaZakładkiEdytujInformacjeKontaTDD_MainAccountPage()'><b>WalidacjaZakładkiEdytujInformacjeKontaTDD_MainAccountPage</b><br>Test class: testCases.TC_219_WalidacjaZakładkiEdytujInformacjeKontaTDD_MainAccountPage<br>Parameters: Kacper, Psikuta, psikuta$@gmail.com, roni_cost3@example.com, Zajączek007, Zajączek123, Ivalid</td>
<td><div><pre>java.lang.AssertionError: null
	at testCases.TC_219_WalidacjaZakładkiEdytujInformacjeKontaTDD_MainAccountPage.WalidacjaZakładkiEdytujInformacjeKontaTDD_MainAccountPage(TC_219_WalidacjaZakładkiEdytujInformacjeKontaTDD_MainAccountPage.java:55)
	at java.base/java.util.ArrayList.forEach(ArrayList.java:1597)
... Removed 31 stack frames</pre></div><a href='#' onClick='toggleBox("stack-trace897829861", this, "Click to show all stack frames", "Click to hide stack frames")'>Click to show all stack frames</a>
<div class='stack-trace' id='stack-trace897829861'><pre>java.lang.AssertionError: null
	at org.testng.Assert.fail(Assert.java:111)
	at org.testng.Assert.fail(Assert.java:116)
	at testCases.TC_219_WalidacjaZakładkiEdytujInformacjeKontaTDD_MainAccountPage.WalidacjaZakładkiEdytujInformacjeKontaTDD_MainAccountPage(TC_219_WalidacjaZakładkiEdytujInformacjeKontaTDD_MainAccountPage.java:55)
	at java.base/jdk.internal.reflect.DirectMethodHandleAccessor.invoke(DirectMethodHandleAccessor.java:103)
	at java.base/java.lang.reflect.Method.invoke(Method.java:580)
	at org.testng.internal.invokers.MethodInvocationHelper.invokeMethod(MethodInvocationHelper.java:141)
	at org.testng.internal.invokers.TestInvoker.invokeMethod(TestInvoker.java:686)
	at org.testng.internal.invokers.TestInvoker.invokeTestMethod(TestInvoker.java:230)
	at org.testng.internal.invokers.MethodRunner.runInSequence(MethodRunner.java:63)
	at org.testng.internal.invokers.TestInvoker$MethodInvocationAgent.invoke(TestInvoker.java:992)
	at org.testng.internal.invokers.TestInvoker.invokeTestMethods(TestInvoker.java:203)
	at org.testng.internal.invokers.TestMethodWorker.invokeTestMethods(TestMethodWorker.java:154)
	at org.testng.internal.invokers.TestMethodWorker.run(TestMethodWorker.java:134)
	at java.base/java.util.ArrayList.forEach(ArrayList.java:1597)
	at org.testng.TestRunner.privateRun(TestRunner.java:739)
	at org.testng.TestRunner.run(TestRunner.java:614)
	at org.testng.SuiteRunner.runTest(SuiteRunner.java:421)
	at org.testng.SuiteRunner.runSequentially(SuiteRunner.java:413)
	at org.testng.SuiteRunner.privateRun(SuiteRunner.java:373)
	at org.testng.SuiteRunner.run(SuiteRunner.java:312)
	at org.testng.SuiteRunnerWorker.runSuite(SuiteRunnerWorker.java:52)
	at org.testng.SuiteRunnerWorker.run(SuiteRunnerWorker.java:95)
	at org.testng.TestNG.runSuitesSequentially(TestNG.java:1274)
	at org.testng.TestNG.runSuitesLocally(TestNG.java:1208)
	at org.testng.TestNG.runSuites(TestNG.java:1112)
	at org.testng.TestNG.run(TestNG.java:1079)
	at org.apache.maven.surefire.testng.TestNGExecutor.run(TestNGExecutor.java:308)
	at org.apache.maven.surefire.testng.TestNGXmlTestSuite.execute(TestNGXmlTestSuite.java:71)
	at org.apache.maven.surefire.testng.TestNGProvider.invoke(TestNGProvider.java:113)
	at org.apache.maven.surefire.booter.ForkedBooter.runSuitesInProcess(ForkedBooter.java:385)
	at org.apache.maven.surefire.booter.ForkedBooter.execute(ForkedBooter.java:162)
	at org.apache.maven.surefire.booter.ForkedBooter.run(ForkedBooter.java:507)
	at org.apache.maven.surefire.booter.ForkedBooter.main(ForkedBooter.java:495)
</pre></div></td>
<td>5</td>
<td>testCases.TC_219_WalidacjaZakładkiEdytujInformacjeKontaTDD_MainAccountPage@d5b810e</td></tr>
<tr>
<td title='testCases.TC_219_WalidacjaZakładkiEdytujInformacjeKontaTDD_MainAccountPage.WalidacjaZakładkiEdytujInformacjeKontaTDD_MainAccountPage()'><b>WalidacjaZakładkiEdytujInformacjeKontaTDD_MainAccountPage</b><br>Test class: testCases.TC_219_WalidacjaZakładkiEdytujInformacjeKontaTDD_MainAccountPage<br>Parameters: Kacper, Psikuta, psikuta$, roni_cost3@example.com, Zajączek007, Zajączek007, Ivalid</td>
<td><div><pre>java.lang.AssertionError: null
	at testCases.TC_219_WalidacjaZakładkiEdytujInformacjeKontaTDD_MainAccountPage.WalidacjaZakładkiEdytujInformacjeKontaTDD_MainAccountPage(TC_219_WalidacjaZakładkiEdytujInformacjeKontaTDD_MainAccountPage.java:55)
	at java.base/java.util.ArrayList.forEach(ArrayList.java:1597)
... Removed 31 stack frames</pre></div><a href='#' onClick='toggleBox("stack-trace1232596432", this, "Click to show all stack frames", "Click to hide stack frames")'>Click to show all stack frames</a>
<div class='stack-trace' id='stack-trace1232596432'><pre>java.lang.AssertionError: null
	at org.testng.Assert.fail(Assert.java:111)
	at org.testng.Assert.fail(Assert.java:116)
	at testCases.TC_219_WalidacjaZakładkiEdytujInformacjeKontaTDD_MainAccountPage.WalidacjaZakładkiEdytujInformacjeKontaTDD_MainAccountPage(TC_219_WalidacjaZakładkiEdytujInformacjeKontaTDD_MainAccountPage.java:55)
	at java.base/jdk.internal.reflect.DirectMethodHandleAccessor.invoke(DirectMethodHandleAccessor.java:103)
	at java.base/java.lang.reflect.Method.invoke(Method.java:580)
	at org.testng.internal.invokers.MethodInvocationHelper.invokeMethod(MethodInvocationHelper.java:141)
	at org.testng.internal.invokers.TestInvoker.invokeMethod(TestInvoker.java:686)
	at org.testng.internal.invokers.TestInvoker.invokeTestMethod(TestInvoker.java:230)
	at org.testng.internal.invokers.MethodRunner.runInSequence(MethodRunner.java:63)
	at org.testng.internal.invokers.TestInvoker$MethodInvocationAgent.invoke(TestInvoker.java:992)
	at org.testng.internal.invokers.TestInvoker.invokeTestMethods(TestInvoker.java:203)
	at org.testng.internal.invokers.TestMethodWorker.invokeTestMethods(TestMethodWorker.java:154)
	at org.testng.internal.invokers.TestMethodWorker.run(TestMethodWorker.java:134)
	at java.base/java.util.ArrayList.forEach(ArrayList.java:1597)
	at org.testng.TestRunner.privateRun(TestRunner.java:739)
	at org.testng.TestRunner.run(TestRunner.java:614)
	at org.testng.SuiteRunner.runTest(SuiteRunner.java:421)
	at org.testng.SuiteRunner.runSequentially(SuiteRunner.java:413)
	at org.testng.SuiteRunner.privateRun(SuiteRunner.java:373)
	at org.testng.SuiteRunner.run(SuiteRunner.java:312)
	at org.testng.SuiteRunnerWorker.runSuite(SuiteRunnerWorker.java:52)
	at org.testng.SuiteRunnerWorker.run(SuiteRunnerWorker.java:95)
	at org.testng.TestNG.runSuitesSequentially(TestNG.java:1274)
	at org.testng.TestNG.runSuitesLocally(TestNG.java:1208)
	at org.testng.TestNG.runSuites(TestNG.java:1112)
	at org.testng.TestNG.run(TestNG.java:1079)
	at org.apache.maven.surefire.testng.TestNGExecutor.run(TestNGExecutor.java:308)
	at org.apache.maven.surefire.testng.TestNGXmlTestSuite.execute(TestNGXmlTestSuite.java:71)
	at org.apache.maven.surefire.testng.TestNGProvider.invoke(TestNGProvider.java:113)
	at org.apache.maven.surefire.booter.ForkedBooter.runSuitesInProcess(ForkedBooter.java:385)
	at org.apache.maven.surefire.booter.ForkedBooter.execute(ForkedBooter.java:162)
	at org.apache.maven.surefire.booter.ForkedBooter.run(ForkedBooter.java:507)
	at org.apache.maven.surefire.booter.ForkedBooter.main(ForkedBooter.java:495)
</pre></div></td>
<td>5</td>
<td>testCases.TC_219_WalidacjaZakładkiEdytujInformacjeKontaTDD_MainAccountPage@d5b810e</td></tr>
<tr>
<td title='testCases.TC_219_WalidacjaZakładkiEdytujInformacjeKontaTDD_MainAccountPage.WalidacjaZakładkiEdytujInformacjeKontaTDD_MainAccountPage()'><b>WalidacjaZakładkiEdytujInformacjeKontaTDD_MainAccountPage</b><br>Test class: testCases.TC_219_WalidacjaZakładkiEdytujInformacjeKontaTDD_MainAccountPage<br>Parameters: Kacper, Psikuta, psikuta$@gmail.com, roni_cost3@example.com, !%# !hfa, !%# !hfa, Ivalid</td>
<td><div><pre>java.lang.AssertionError: null
	at testCases.TC_219_WalidacjaZakładkiEdytujInformacjeKontaTDD_MainAccountPage.WalidacjaZakładkiEdytujInformacjeKontaTDD_MainAccountPage(TC_219_WalidacjaZakładkiEdytujInformacjeKontaTDD_MainAccountPage.java:55)
	at java.base/java.util.ArrayList.forEach(ArrayList.java:1597)
... Removed 31 stack frames</pre></div><a href='#' onClick='toggleBox("stack-trace1361369027", this, "Click to show all stack frames", "Click to hide stack frames")'>Click to show all stack frames</a>
<div class='stack-trace' id='stack-trace1361369027'><pre>java.lang.AssertionError: null
	at org.testng.Assert.fail(Assert.java:111)
	at org.testng.Assert.fail(Assert.java:116)
	at testCases.TC_219_WalidacjaZakładkiEdytujInformacjeKontaTDD_MainAccountPage.WalidacjaZakładkiEdytujInformacjeKontaTDD_MainAccountPage(TC_219_WalidacjaZakładkiEdytujInformacjeKontaTDD_MainAccountPage.java:55)
	at java.base/jdk.internal.reflect.DirectMethodHandleAccessor.invoke(DirectMethodHandleAccessor.java:103)
	at java.base/java.lang.reflect.Method.invoke(Method.java:580)
	at org.testng.internal.invokers.MethodInvocationHelper.invokeMethod(MethodInvocationHelper.java:141)
	at org.testng.internal.invokers.TestInvoker.invokeMethod(TestInvoker.java:686)
	at org.testng.internal.invokers.TestInvoker.invokeTestMethod(TestInvoker.java:230)
	at org.testng.internal.invokers.MethodRunner.runInSequence(MethodRunner.java:63)
	at org.testng.internal.invokers.TestInvoker$MethodInvocationAgent.invoke(TestInvoker.java:992)
	at org.testng.internal.invokers.TestInvoker.invokeTestMethods(TestInvoker.java:203)
	at org.testng.internal.invokers.TestMethodWorker.invokeTestMethods(TestMethodWorker.java:154)
	at org.testng.internal.invokers.TestMethodWorker.run(TestMethodWorker.java:134)
	at java.base/java.util.ArrayList.forEach(ArrayList.java:1597)
	at org.testng.TestRunner.privateRun(TestRunner.java:739)
	at org.testng.TestRunner.run(TestRunner.java:614)
	at org.testng.SuiteRunner.runTest(SuiteRunner.java:421)
	at org.testng.SuiteRunner.runSequentially(SuiteRunner.java:413)
	at org.testng.SuiteRunner.privateRun(SuiteRunner.java:373)
	at org.testng.SuiteRunner.run(SuiteRunner.java:312)
	at org.testng.SuiteRunnerWorker.runSuite(SuiteRunnerWorker.java:52)
	at org.testng.SuiteRunnerWorker.run(SuiteRunnerWorker.java:95)
	at org.testng.TestNG.runSuitesSequentially(TestNG.java:1274)
	at org.testng.TestNG.runSuitesLocally(TestNG.java:1208)
	at org.testng.TestNG.runSuites(TestNG.java:1112)
	at org.testng.TestNG.run(TestNG.java:1079)
	at org.apache.maven.surefire.testng.TestNGExecutor.run(TestNGExecutor.java:308)
	at org.apache.maven.surefire.testng.TestNGXmlTestSuite.execute(TestNGXmlTestSuite.java:71)
	at org.apache.maven.surefire.testng.TestNGProvider.invoke(TestNGProvider.java:113)
	at org.apache.maven.surefire.booter.ForkedBooter.runSuitesInProcess(ForkedBooter.java:385)
	at org.apache.maven.surefire.booter.ForkedBooter.execute(ForkedBooter.java:162)
	at org.apache.maven.surefire.booter.ForkedBooter.run(ForkedBooter.java:507)
	at org.apache.maven.surefire.booter.ForkedBooter.main(ForkedBooter.java:495)
</pre></div></td>
<td>5</td>
<td>testCases.TC_219_WalidacjaZakładkiEdytujInformacjeKontaTDD_MainAccountPage@d5b810e</td></tr>
<tr>
<td title='testCases.TC_219_WalidacjaZakładkiEdytujInformacjeKontaTDD_MainAccountPage.WalidacjaZakładkiEdytujInformacjeKontaTDD_MainAccountPage()'><b>WalidacjaZakładkiEdytujInformacjeKontaTDD_MainAccountPage</b><br>Test class: testCases.TC_219_WalidacjaZakładkiEdytujInformacjeKontaTDD_MainAccountPage<br>Parameters: Kacper, Psikuta, , roni_cost3@example.com, Zajączek007, Zajączek007, Ivalid</td>
<td><div><pre>java.lang.AssertionError: null
	at testCases.TC_219_WalidacjaZakładkiEdytujInformacjeKontaTDD_MainAccountPage.WalidacjaZakładkiEdytujInformacjeKontaTDD_MainAccountPage(TC_219_WalidacjaZakładkiEdytujInformacjeKontaTDD_MainAccountPage.java:55)
	at java.base/java.util.ArrayList.forEach(ArrayList.java:1597)
... Removed 31 stack frames</pre></div><a href='#' onClick='toggleBox("stack-trace1741896955", this, "Click to show all stack frames", "Click to hide stack frames")'>Click to show all stack frames</a>
<div class='stack-trace' id='stack-trace1741896955'><pre>java.lang.AssertionError: null
	at org.testng.Assert.fail(Assert.java:111)
	at org.testng.Assert.fail(Assert.java:116)
	at testCases.TC_219_WalidacjaZakładkiEdytujInformacjeKontaTDD_MainAccountPage.WalidacjaZakładkiEdytujInformacjeKontaTDD_MainAccountPage(TC_219_WalidacjaZakładkiEdytujInformacjeKontaTDD_MainAccountPage.java:55)
	at java.base/jdk.internal.reflect.DirectMethodHandleAccessor.invoke(DirectMethodHandleAccessor.java:103)
	at java.base/java.lang.reflect.Method.invoke(Method.java:580)
	at org.testng.internal.invokers.MethodInvocationHelper.invokeMethod(MethodInvocationHelper.java:141)
	at org.testng.internal.invokers.TestInvoker.invokeMethod(TestInvoker.java:686)
	at org.testng.internal.invokers.TestInvoker.invokeTestMethod(TestInvoker.java:230)
	at org.testng.internal.invokers.MethodRunner.runInSequence(MethodRunner.java:63)
	at org.testng.internal.invokers.TestInvoker$MethodInvocationAgent.invoke(TestInvoker.java:992)
	at org.testng.internal.invokers.TestInvoker.invokeTestMethods(TestInvoker.java:203)
	at org.testng.internal.invokers.TestMethodWorker.invokeTestMethods(TestMethodWorker.java:154)
	at org.testng.internal.invokers.TestMethodWorker.run(TestMethodWorker.java:134)
	at java.base/java.util.ArrayList.forEach(ArrayList.java:1597)
	at org.testng.TestRunner.privateRun(TestRunner.java:739)
	at org.testng.TestRunner.run(TestRunner.java:614)
	at org.testng.SuiteRunner.runTest(SuiteRunner.java:421)
	at org.testng.SuiteRunner.runSequentially(SuiteRunner.java:413)
	at org.testng.SuiteRunner.privateRun(SuiteRunner.java:373)
	at org.testng.SuiteRunner.run(SuiteRunner.java:312)
	at org.testng.SuiteRunnerWorker.runSuite(SuiteRunnerWorker.java:52)
	at org.testng.SuiteRunnerWorker.run(SuiteRunnerWorker.java:95)
	at org.testng.TestNG.runSuitesSequentially(TestNG.java:1274)
	at org.testng.TestNG.runSuitesLocally(TestNG.java:1208)
	at org.testng.TestNG.runSuites(TestNG.java:1112)
	at org.testng.TestNG.run(TestNG.java:1079)
	at org.apache.maven.surefire.testng.TestNGExecutor.run(TestNGExecutor.java:308)
	at org.apache.maven.surefire.testng.TestNGXmlTestSuite.execute(TestNGXmlTestSuite.java:71)
	at org.apache.maven.surefire.testng.TestNGProvider.invoke(TestNGProvider.java:113)
	at org.apache.maven.surefire.booter.ForkedBooter.runSuitesInProcess(ForkedBooter.java:385)
	at org.apache.maven.surefire.booter.ForkedBooter.execute(ForkedBooter.java:162)
	at org.apache.maven.surefire.booter.ForkedBooter.run(ForkedBooter.java:507)
	at org.apache.maven.surefire.booter.ForkedBooter.main(ForkedBooter.java:495)
</pre></div></td>
<td>5</td>
<td>testCases.TC_219_WalidacjaZakładkiEdytujInformacjeKontaTDD_MainAccountPage@d5b810e</td></tr>
<tr>
<td title='testCases.TC_121_WalidacjaFunkcjonalnościAdvanceSearch_TDD.WalidacjaFunkcjonalnościAdvanceSearch_TDD()'><b>WalidacjaFunkcjonalnościAdvanceSearch_TDD</b><br>Test class: testCases.TC_121_WalidacjaFunkcjonalnościAdvanceSearch_TDD<br>Parameters: , , , Watch, , , Valid</td>
<td><div><pre>java.lang.AssertionError: null
	at testCases.TC_121_WalidacjaFunkcjonalnościAdvanceSearch_TDD.WalidacjaFunkcjonalnościAdvanceSearch_TDD(TC_121_WalidacjaFunkcjonalnościAdvanceSearch_TDD.java:43)
	at java.base/java.util.ArrayList.forEach(ArrayList.java:1597)
... Removed 31 stack frames</pre></div><a href='#' onClick='toggleBox("stack-trace1339093052", this, "Click to show all stack frames", "Click to hide stack frames")'>Click to show all stack frames</a>
<div class='stack-trace' id='stack-trace1339093052'><pre>java.lang.AssertionError: null
	at org.testng.Assert.fail(Assert.java:111)
	at org.testng.Assert.fail(Assert.java:116)
	at testCases.TC_121_WalidacjaFunkcjonalnościAdvanceSearch_TDD.WalidacjaFunkcjonalnościAdvanceSearch_TDD(TC_121_WalidacjaFunkcjonalnościAdvanceSearch_TDD.java:43)
	at java.base/jdk.internal.reflect.DirectMethodHandleAccessor.invoke(DirectMethodHandleAccessor.java:103)
	at java.base/java.lang.reflect.Method.invoke(Method.java:580)
	at org.testng.internal.invokers.MethodInvocationHelper.invokeMethod(MethodInvocationHelper.java:141)
	at org.testng.internal.invokers.TestInvoker.invokeMethod(TestInvoker.java:686)
	at org.testng.internal.invokers.TestInvoker.invokeTestMethod(TestInvoker.java:230)
	at org.testng.internal.invokers.MethodRunner.runInSequence(MethodRunner.java:63)
	at org.testng.internal.invokers.TestInvoker$MethodInvocationAgent.invoke(TestInvoker.java:992)
	at org.testng.internal.invokers.TestInvoker.invokeTestMethods(TestInvoker.java:203)
	at org.testng.internal.invokers.TestMethodWorker.invokeTestMethods(TestMethodWorker.java:154)
	at org.testng.internal.invokers.TestMethodWorker.run(TestMethodWorker.java:134)
	at java.base/java.util.ArrayList.forEach(ArrayList.java:1597)
	at org.testng.TestRunner.privateRun(TestRunner.java:739)
	at org.testng.TestRunner.run(TestRunner.java:614)
	at org.testng.SuiteRunner.runTest(SuiteRunner.java:421)
	at org.testng.SuiteRunner.runSequentially(SuiteRunner.java:413)
	at org.testng.SuiteRunner.privateRun(SuiteRunner.java:373)
	at org.testng.SuiteRunner.run(SuiteRunner.java:312)
	at org.testng.SuiteRunnerWorker.runSuite(SuiteRunnerWorker.java:52)
	at org.testng.SuiteRunnerWorker.run(SuiteRunnerWorker.java:95)
	at org.testng.TestNG.runSuitesSequentially(TestNG.java:1274)
	at org.testng.TestNG.runSuitesLocally(TestNG.java:1208)
	at org.testng.TestNG.runSuites(TestNG.java:1112)
	at org.testng.TestNG.run(TestNG.java:1079)
	at org.apache.maven.surefire.testng.TestNGExecutor.run(TestNGExecutor.java:308)
	at org.apache.maven.surefire.testng.TestNGXmlTestSuite.execute(TestNGXmlTestSuite.java:71)
	at org.apache.maven.surefire.testng.TestNGProvider.invoke(TestNGProvider.java:113)
	at org.apache.maven.surefire.booter.ForkedBooter.runSuitesInProcess(ForkedBooter.java:385)
	at org.apache.maven.surefire.booter.ForkedBooter.execute(ForkedBooter.java:162)
	at org.apache.maven.surefire.booter.ForkedBooter.run(ForkedBooter.java:507)
	at org.apache.maven.surefire.booter.ForkedBooter.main(ForkedBooter.java:495)
</pre></div></td>
<td>5</td>
<td>testCases.TC_121_WalidacjaFunkcjonalnościAdvanceSearch_TDD@4a7f959b</td></tr>
<tr>
<td title='testCases.TC_219_WalidacjaZakładkiEdytujInformacjeKontaTDD_MainAccountPage.WalidacjaZakładkiEdytujInformacjeKontaTDD_MainAccountPage()'><b>WalidacjaZakładkiEdytujInformacjeKontaTDD_MainAccountPage</b><br>Test class: testCases.TC_219_WalidacjaZakładkiEdytujInformacjeKontaTDD_MainAccountPage<br>Parameters: Janusz, Psikuta, , , , , Ivalid</td>
<td><div><pre>java.lang.AssertionError: null
	at testCases.TC_219_WalidacjaZakładkiEdytujInformacjeKontaTDD_MainAccountPage.WalidacjaZakładkiEdytujInformacjeKontaTDD_MainAccountPage(TC_219_WalidacjaZakładkiEdytujInformacjeKontaTDD_MainAccountPage.java:55)
	at java.base/java.util.ArrayList.forEach(ArrayList.java:1597)
... Removed 31 stack frames</pre></div><a href='#' onClick='toggleBox("stack-trace979175664", this, "Click to show all stack frames", "Click to hide stack frames")'>Click to show all stack frames</a>
<div class='stack-trace' id='stack-trace979175664'><pre>java.lang.AssertionError: null
	at org.testng.Assert.fail(Assert.java:111)
	at org.testng.Assert.fail(Assert.java:116)
	at testCases.TC_219_WalidacjaZakładkiEdytujInformacjeKontaTDD_MainAccountPage.WalidacjaZakładkiEdytujInformacjeKontaTDD_MainAccountPage(TC_219_WalidacjaZakładkiEdytujInformacjeKontaTDD_MainAccountPage.java:55)
	at java.base/jdk.internal.reflect.DirectMethodHandleAccessor.invoke(DirectMethodHandleAccessor.java:103)
	at java.base/java.lang.reflect.Method.invoke(Method.java:580)
	at org.testng.internal.invokers.MethodInvocationHelper.invokeMethod(MethodInvocationHelper.java:141)
	at org.testng.internal.invokers.TestInvoker.invokeMethod(TestInvoker.java:686)
	at org.testng.internal.invokers.TestInvoker.invokeTestMethod(TestInvoker.java:230)
	at org.testng.internal.invokers.MethodRunner.runInSequence(MethodRunner.java:63)
	at org.testng.internal.invokers.TestInvoker$MethodInvocationAgent.invoke(TestInvoker.java:992)
	at org.testng.internal.invokers.TestInvoker.invokeTestMethods(TestInvoker.java:203)
	at org.testng.internal.invokers.TestMethodWorker.invokeTestMethods(TestMethodWorker.java:154)
	at org.testng.internal.invokers.TestMethodWorker.run(TestMethodWorker.java:134)
	at java.base/java.util.ArrayList.forEach(ArrayList.java:1597)
	at org.testng.TestRunner.privateRun(TestRunner.java:739)
	at org.testng.TestRunner.run(TestRunner.java:614)
	at org.testng.SuiteRunner.runTest(SuiteRunner.java:421)
	at org.testng.SuiteRunner.runSequentially(SuiteRunner.java:413)
	at org.testng.SuiteRunner.privateRun(SuiteRunner.java:373)
	at org.testng.SuiteRunner.run(SuiteRunner.java:312)
	at org.testng.SuiteRunnerWorker.runSuite(SuiteRunnerWorker.java:52)
	at org.testng.SuiteRunnerWorker.run(SuiteRunnerWorker.java:95)
	at org.testng.TestNG.runSuitesSequentially(TestNG.java:1274)
	at org.testng.TestNG.runSuitesLocally(TestNG.java:1208)
	at org.testng.TestNG.runSuites(TestNG.java:1112)
	at org.testng.TestNG.run(TestNG.java:1079)
	at org.apache.maven.surefire.testng.TestNGExecutor.run(TestNGExecutor.java:308)
	at org.apache.maven.surefire.testng.TestNGXmlTestSuite.execute(TestNGXmlTestSuite.java:71)
	at org.apache.maven.surefire.testng.TestNGProvider.invoke(TestNGProvider.java:113)
	at org.apache.maven.surefire.booter.ForkedBooter.runSuitesInProcess(ForkedBooter.java:385)
	at org.apache.maven.surefire.booter.ForkedBooter.execute(ForkedBooter.java:162)
	at org.apache.maven.surefire.booter.ForkedBooter.run(ForkedBooter.java:507)
	at org.apache.maven.surefire.booter.ForkedBooter.main(ForkedBooter.java:495)
</pre></div></td>
<td>5</td>
<td>testCases.TC_219_WalidacjaZakładkiEdytujInformacjeKontaTDD_MainAccountPage@d5b810e</td></tr>
<tr>
<td title='testCases.TC_002_WalidacjaNiepoprawnejRejestracji_TDD.WalidacjaRejestracji_TDD()'><b>WalidacjaRejestracji_TDD</b><br>Test class: testCases.TC_002_WalidacjaNiepoprawnejRejestracji_TDD<br>Parameters: Dawid, 1234fa, hagcvaiq@gmail.com, Pass!$1fa, Pass!$1fa, Invalid</td>
<td><div><pre>java.lang.AssertionError: expected [true] but found [false]
	at testCases.TC_002_WalidacjaNiepoprawnejRejestracji_TDD.WalidacjaRejestracji_TDD(TC_002_WalidacjaNiepoprawnejRejestracji_TDD.java:40)
	at java.base/java.util.ArrayList.forEach(ArrayList.java:1597)
... Removed 33 stack frames</pre></div><a href='#' onClick='toggleBox("stack-trace1912609905", this, "Click to show all stack frames", "Click to hide stack frames")'>Click to show all stack frames</a>
<div class='stack-trace' id='stack-trace1912609905'><pre>java.lang.AssertionError: expected [true] but found [false]
	at org.testng.Assert.fail(Assert.java:111)
	at org.testng.Assert.failNotEquals(Assert.java:1578)
	at org.testng.Assert.assertTrue(Assert.java:57)
	at org.testng.Assert.assertTrue(Assert.java:67)
	at testCases.TC_002_WalidacjaNiepoprawnejRejestracji_TDD.WalidacjaRejestracji_TDD(TC_002_WalidacjaNiepoprawnejRejestracji_TDD.java:40)
	at java.base/jdk.internal.reflect.DirectMethodHandleAccessor.invoke(DirectMethodHandleAccessor.java:103)
	at java.base/java.lang.reflect.Method.invoke(Method.java:580)
	at org.testng.internal.invokers.MethodInvocationHelper.invokeMethod(MethodInvocationHelper.java:141)
	at org.testng.internal.invokers.TestInvoker.invokeMethod(TestInvoker.java:686)
	at org.testng.internal.invokers.TestInvoker.invokeTestMethod(TestInvoker.java:230)
	at org.testng.internal.invokers.MethodRunner.runInSequence(MethodRunner.java:63)
	at org.testng.internal.invokers.TestInvoker$MethodInvocationAgent.invoke(TestInvoker.java:992)
	at org.testng.internal.invokers.TestInvoker.invokeTestMethods(TestInvoker.java:203)
	at org.testng.internal.invokers.TestMethodWorker.invokeTestMethods(TestMethodWorker.java:154)
	at org.testng.internal.invokers.TestMethodWorker.run(TestMethodWorker.java:134)
	at java.base/java.util.ArrayList.forEach(ArrayList.java:1597)
	at org.testng.TestRunner.privateRun(TestRunner.java:739)
	at org.testng.TestRunner.run(TestRunner.java:614)
	at org.testng.SuiteRunner.runTest(SuiteRunner.java:421)
	at org.testng.SuiteRunner.runSequentially(SuiteRunner.java:413)
	at org.testng.SuiteRunner.privateRun(SuiteRunner.java:373)
	at org.testng.SuiteRunner.run(SuiteRunner.java:312)
	at org.testng.SuiteRunnerWorker.runSuite(SuiteRunnerWorker.java:52)
	at org.testng.SuiteRunnerWorker.run(SuiteRunnerWorker.java:95)
	at org.testng.TestNG.runSuitesSequentially(TestNG.java:1274)
	at org.testng.TestNG.runSuitesLocally(TestNG.java:1208)
	at org.testng.TestNG.runSuites(TestNG.java:1112)
	at org.testng.TestNG.run(TestNG.java:1079)
	at org.apache.maven.surefire.testng.TestNGExecutor.run(TestNGExecutor.java:308)
	at org.apache.maven.surefire.testng.TestNGXmlTestSuite.execute(TestNGXmlTestSuite.java:71)
	at org.apache.maven.surefire.testng.TestNGProvider.invoke(TestNGProvider.java:113)
	at org.apache.maven.surefire.booter.ForkedBooter.runSuitesInProcess(ForkedBooter.java:385)
	at org.apache.maven.surefire.booter.ForkedBooter.execute(ForkedBooter.java:162)
	at org.apache.maven.surefire.booter.ForkedBooter.run(ForkedBooter.java:507)
	at org.apache.maven.surefire.booter.ForkedBooter.main(ForkedBooter.java:495)
</pre></div></td>
<td>2</td>
<td>testCases.TC_002_WalidacjaNiepoprawnejRejestracji_TDD@10959ece</td></tr>
<tr>
<td title='testCases.TC_219_WalidacjaZakładkiEdytujInformacjeKontaTDD_MainAccountPage.WalidacjaZakładkiEdytujInformacjeKontaTDD_MainAccountPage()'><b>WalidacjaZakładkiEdytujInformacjeKontaTDD_MainAccountPage</b><br>Test class: testCases.TC_219_WalidacjaZakładkiEdytujInformacjeKontaTDD_MainAccountPage<br>Parameters: Kacper, Psikuta, psikuta$@gmail.com, roni_cost3@example.com, , Zajączek007, Ivalid</td>
<td><div><pre>java.lang.AssertionError: null
	at testCases.TC_219_WalidacjaZakładkiEdytujInformacjeKontaTDD_MainAccountPage.WalidacjaZakładkiEdytujInformacjeKontaTDD_MainAccountPage(TC_219_WalidacjaZakładkiEdytujInformacjeKontaTDD_MainAccountPage.java:55)
	at java.base/java.util.ArrayList.forEach(ArrayList.java:1597)
... Removed 31 stack frames</pre></div><a href='#' onClick='toggleBox("stack-trace2025204101", this, "Click to show all stack frames", "Click to hide stack frames")'>Click to show all stack frames</a>
<div class='stack-trace' id='stack-trace2025204101'><pre>java.lang.AssertionError: null
	at org.testng.Assert.fail(Assert.java:111)
	at org.testng.Assert.fail(Assert.java:116)
	at testCases.TC_219_WalidacjaZakładkiEdytujInformacjeKontaTDD_MainAccountPage.WalidacjaZakładkiEdytujInformacjeKontaTDD_MainAccountPage(TC_219_WalidacjaZakładkiEdytujInformacjeKontaTDD_MainAccountPage.java:55)
	at java.base/jdk.internal.reflect.DirectMethodHandleAccessor.invoke(DirectMethodHandleAccessor.java:103)
	at java.base/java.lang.reflect.Method.invoke(Method.java:580)
	at org.testng.internal.invokers.MethodInvocationHelper.invokeMethod(MethodInvocationHelper.java:141)
	at org.testng.internal.invokers.TestInvoker.invokeMethod(TestInvoker.java:686)
	at org.testng.internal.invokers.TestInvoker.invokeTestMethod(TestInvoker.java:230)
	at org.testng.internal.invokers.MethodRunner.runInSequence(MethodRunner.java:63)
	at org.testng.internal.invokers.TestInvoker$MethodInvocationAgent.invoke(TestInvoker.java:992)
	at org.testng.internal.invokers.TestInvoker.invokeTestMethods(TestInvoker.java:203)
	at org.testng.internal.invokers.TestMethodWorker.invokeTestMethods(TestMethodWorker.java:154)
	at org.testng.internal.invokers.TestMethodWorker.run(TestMethodWorker.java:134)
	at java.base/java.util.ArrayList.forEach(ArrayList.java:1597)
	at org.testng.TestRunner.privateRun(TestRunner.java:739)
	at org.testng.TestRunner.run(TestRunner.java:614)
	at org.testng.SuiteRunner.runTest(SuiteRunner.java:421)
	at org.testng.SuiteRunner.runSequentially(SuiteRunner.java:413)
	at org.testng.SuiteRunner.privateRun(SuiteRunner.java:373)
	at org.testng.SuiteRunner.run(SuiteRunner.java:312)
	at org.testng.SuiteRunnerWorker.runSuite(SuiteRunnerWorker.java:52)
	at org.testng.SuiteRunnerWorker.run(SuiteRunnerWorker.java:95)
	at org.testng.TestNG.runSuitesSequentially(TestNG.java:1274)
	at org.testng.TestNG.runSuitesLocally(TestNG.java:1208)
	at org.testng.TestNG.runSuites(TestNG.java:1112)
	at org.testng.TestNG.run(TestNG.java:1079)
	at org.apache.maven.surefire.testng.TestNGExecutor.run(TestNGExecutor.java:308)
	at org.apache.maven.surefire.testng.TestNGXmlTestSuite.execute(TestNGXmlTestSuite.java:71)
	at org.apache.maven.surefire.testng.TestNGProvider.invoke(TestNGProvider.java:113)
	at org.apache.maven.surefire.booter.ForkedBooter.runSuitesInProcess(ForkedBooter.java:385)
	at org.apache.maven.surefire.booter.ForkedBooter.execute(ForkedBooter.java:162)
	at org.apache.maven.surefire.booter.ForkedBooter.run(ForkedBooter.java:507)
	at org.apache.maven.surefire.booter.ForkedBooter.main(ForkedBooter.java:495)
</pre></div></td>
<td>5</td>
<td>testCases.TC_219_WalidacjaZakładkiEdytujInformacjeKontaTDD_MainAccountPage@d5b810e</td></tr>
<tr>
<td title='testCases.TC_219_WalidacjaZakładkiEdytujInformacjeKontaTDD_MainAccountPage.WalidacjaZakładkiEdytujInformacjeKontaTDD_MainAccountPage()'><b>WalidacjaZakładkiEdytujInformacjeKontaTDD_MainAccountPage</b><br>Test class: testCases.TC_219_WalidacjaZakładkiEdytujInformacjeKontaTDD_MainAccountPage<br>Parameters: Kacper, Psikuta, psikuta$@gmail.com, 1edfa123, Zajączek007, Zajączek007, Ivalid</td>
<td><div><pre>java.lang.AssertionError: null
	at testCases.TC_219_WalidacjaZakładkiEdytujInformacjeKontaTDD_MainAccountPage.WalidacjaZakładkiEdytujInformacjeKontaTDD_MainAccountPage(TC_219_WalidacjaZakładkiEdytujInformacjeKontaTDD_MainAccountPage.java:55)
	at java.base/java.util.ArrayList.forEach(ArrayList.java:1597)
... Removed 31 stack frames</pre></div><a href='#' onClick='toggleBox("stack-trace834353550", this, "Click to show all stack frames", "Click to hide stack frames")'>Click to show all stack frames</a>
<div class='stack-trace' id='stack-trace834353550'><pre>java.lang.AssertionError: null
	at org.testng.Assert.fail(Assert.java:111)
	at org.testng.Assert.fail(Assert.java:116)
	at testCases.TC_219_WalidacjaZakładkiEdytujInformacjeKontaTDD_MainAccountPage.WalidacjaZakładkiEdytujInformacjeKontaTDD_MainAccountPage(TC_219_WalidacjaZakładkiEdytujInformacjeKontaTDD_MainAccountPage.java:55)
	at java.base/jdk.internal.reflect.DirectMethodHandleAccessor.invoke(DirectMethodHandleAccessor.java:103)
	at java.base/java.lang.reflect.Method.invoke(Method.java:580)
	at org.testng.internal.invokers.MethodInvocationHelper.invokeMethod(MethodInvocationHelper.java:141)
	at org.testng.internal.invokers.TestInvoker.invokeMethod(TestInvoker.java:686)
	at org.testng.internal.invokers.TestInvoker.invokeTestMethod(TestInvoker.java:230)
	at org.testng.internal.invokers.MethodRunner.runInSequence(MethodRunner.java:63)
	at org.testng.internal.invokers.TestInvoker$MethodInvocationAgent.invoke(TestInvoker.java:992)
	at org.testng.internal.invokers.TestInvoker.invokeTestMethods(TestInvoker.java:203)
	at org.testng.internal.invokers.TestMethodWorker.invokeTestMethods(TestMethodWorker.java:154)
	at org.testng.internal.invokers.TestMethodWorker.run(TestMethodWorker.java:134)
	at java.base/java.util.ArrayList.forEach(ArrayList.java:1597)
	at org.testng.TestRunner.privateRun(TestRunner.java:739)
	at org.testng.TestRunner.run(TestRunner.java:614)
	at org.testng.SuiteRunner.runTest(SuiteRunner.java:421)
	at org.testng.SuiteRunner.runSequentially(SuiteRunner.java:413)
	at org.testng.SuiteRunner.privateRun(SuiteRunner.java:373)
	at org.testng.SuiteRunner.run(SuiteRunner.java:312)
	at org.testng.SuiteRunnerWorker.runSuite(SuiteRunnerWorker.java:52)
	at org.testng.SuiteRunnerWorker.run(SuiteRunnerWorker.java:95)
	at org.testng.TestNG.runSuitesSequentially(TestNG.java:1274)
	at org.testng.TestNG.runSuitesLocally(TestNG.java:1208)
	at org.testng.TestNG.runSuites(TestNG.java:1112)
	at org.testng.TestNG.run(TestNG.java:1079)
	at org.apache.maven.surefire.testng.TestNGExecutor.run(TestNGExecutor.java:308)
	at org.apache.maven.surefire.testng.TestNGXmlTestSuite.execute(TestNGXmlTestSuite.java:71)
	at org.apache.maven.surefire.testng.TestNGProvider.invoke(TestNGProvider.java:113)
	at org.apache.maven.surefire.booter.ForkedBooter.runSuitesInProcess(ForkedBooter.java:385)
	at org.apache.maven.surefire.booter.ForkedBooter.execute(ForkedBooter.java:162)
	at org.apache.maven.surefire.booter.ForkedBooter.run(ForkedBooter.java:507)
	at org.apache.maven.surefire.booter.ForkedBooter.main(ForkedBooter.java:495)
</pre></div></td>
<td>5</td>
<td>testCases.TC_219_WalidacjaZakładkiEdytujInformacjeKontaTDD_MainAccountPage@d5b810e</td></tr>
<tr>
<td title='testCases.TC_131_WalidacjaWysyłaniaWiadomości_contactPage.WalidacjaWysyłaniaWiadomości_contactPage()'><b>WalidacjaWysyłaniaWiadomości_contactPage</b><br>Test class: testCases.TC_131_WalidacjaWysyłaniaWiadomości_contactPage<br>Parameters: dq1341, Magia!#21@gmail.com, 1.23456789E8, Wysłałem wam wiadomość, valid</td>
<td><div><pre>java.lang.AssertionError: null
	at testCases.TC_131_WalidacjaWysyłaniaWiadomości_contactPage.WalidacjaWysyłaniaWiadomości_contactPage(TC_131_WalidacjaWysyłaniaWiadomości_contactPage.java:57)
	at java.base/java.util.ArrayList.forEach(ArrayList.java:1597)
... Removed 31 stack frames</pre></div><a href='#' onClick='toggleBox("stack-trace835575483", this, "Click to show all stack frames", "Click to hide stack frames")'>Click to show all stack frames</a>
<div class='stack-trace' id='stack-trace835575483'><pre>java.lang.AssertionError: null
	at org.testng.Assert.fail(Assert.java:111)
	at org.testng.Assert.fail(Assert.java:116)
	at testCases.TC_131_WalidacjaWysyłaniaWiadomości_contactPage.WalidacjaWysyłaniaWiadomości_contactPage(TC_131_WalidacjaWysyłaniaWiadomości_contactPage.java:57)
	at java.base/jdk.internal.reflect.DirectMethodHandleAccessor.invoke(DirectMethodHandleAccessor.java:103)
	at java.base/java.lang.reflect.Method.invoke(Method.java:580)
	at org.testng.internal.invokers.MethodInvocationHelper.invokeMethod(MethodInvocationHelper.java:141)
	at org.testng.internal.invokers.TestInvoker.invokeMethod(TestInvoker.java:686)
	at org.testng.internal.invokers.TestInvoker.invokeTestMethod(TestInvoker.java:230)
	at org.testng.internal.invokers.MethodRunner.runInSequence(MethodRunner.java:63)
	at org.testng.internal.invokers.TestInvoker$MethodInvocationAgent.invoke(TestInvoker.java:992)
	at org.testng.internal.invokers.TestInvoker.invokeTestMethods(TestInvoker.java:203)
	at org.testng.internal.invokers.TestMethodWorker.invokeTestMethods(TestMethodWorker.java:154)
	at org.testng.internal.invokers.TestMethodWorker.run(TestMethodWorker.java:134)
	at java.base/java.util.ArrayList.forEach(ArrayList.java:1597)
	at org.testng.TestRunner.privateRun(TestRunner.java:739)
	at org.testng.TestRunner.run(TestRunner.java:614)
	at org.testng.SuiteRunner.runTest(SuiteRunner.java:421)
	at org.testng.SuiteRunner.runSequentially(SuiteRunner.java:413)
	at org.testng.SuiteRunner.privateRun(SuiteRunner.java:373)
	at org.testng.SuiteRunner.run(SuiteRunner.java:312)
	at org.testng.SuiteRunnerWorker.runSuite(SuiteRunnerWorker.java:52)
	at org.testng.SuiteRunnerWorker.run(SuiteRunnerWorker.java:95)
	at org.testng.TestNG.runSuitesSequentially(TestNG.java:1274)
	at org.testng.TestNG.runSuitesLocally(TestNG.java:1208)
	at org.testng.TestNG.runSuites(TestNG.java:1112)
	at org.testng.TestNG.run(TestNG.java:1079)
	at org.apache.maven.surefire.testng.TestNGExecutor.run(TestNGExecutor.java:308)
	at org.apache.maven.surefire.testng.TestNGXmlTestSuite.execute(TestNGXmlTestSuite.java:71)
	at org.apache.maven.surefire.testng.TestNGProvider.invoke(TestNGProvider.java:113)
	at org.apache.maven.surefire.booter.ForkedBooter.runSuitesInProcess(ForkedBooter.java:385)
	at org.apache.maven.surefire.booter.ForkedBooter.execute(ForkedBooter.java:162)
	at org.apache.maven.surefire.booter.ForkedBooter.run(ForkedBooter.java:507)
	at org.apache.maven.surefire.booter.ForkedBooter.main(ForkedBooter.java:495)
</pre></div></td>
<td>16</td>
<td>testCases.TC_131_WalidacjaWysyłaniaWiadomości_contactPage@6d4e5011</td></tr>
<tr>
<td title='testCases.TC_121_WalidacjaFunkcjonalnościAdvanceSearch_TDD.WalidacjaFunkcjonalnościAdvanceSearch_TDD()'><b>WalidacjaFunkcjonalnościAdvanceSearch_TDD</b><br>Test class: testCases.TC_121_WalidacjaFunkcjonalnościAdvanceSearch_TDD<br>Parameters: , , , Abominable, , , Valid</td>
<td><div><pre>java.lang.AssertionError: null
	at testCases.TC_121_WalidacjaFunkcjonalnościAdvanceSearch_TDD.WalidacjaFunkcjonalnościAdvanceSearch_TDD(TC_121_WalidacjaFunkcjonalnościAdvanceSearch_TDD.java:43)
	at java.base/java.util.ArrayList.forEach(ArrayList.java:1597)
... Removed 31 stack frames</pre></div><a href='#' onClick='toggleBox("stack-trace258548382", this, "Click to show all stack frames", "Click to hide stack frames")'>Click to show all stack frames</a>
<div class='stack-trace' id='stack-trace258548382'><pre>java.lang.AssertionError: null
	at org.testng.Assert.fail(Assert.java:111)
	at org.testng.Assert.fail(Assert.java:116)
	at testCases.TC_121_WalidacjaFunkcjonalnościAdvanceSearch_TDD.WalidacjaFunkcjonalnościAdvanceSearch_TDD(TC_121_WalidacjaFunkcjonalnościAdvanceSearch_TDD.java:43)
	at java.base/jdk.internal.reflect.DirectMethodHandleAccessor.invoke(DirectMethodHandleAccessor.java:103)
	at java.base/java.lang.reflect.Method.invoke(Method.java:580)
	at org.testng.internal.invokers.MethodInvocationHelper.invokeMethod(MethodInvocationHelper.java:141)
	at org.testng.internal.invokers.TestInvoker.invokeMethod(TestInvoker.java:686)
	at org.testng.internal.invokers.TestInvoker.invokeTestMethod(TestInvoker.java:230)
	at org.testng.internal.invokers.MethodRunner.runInSequence(MethodRunner.java:63)
	at org.testng.internal.invokers.TestInvoker$MethodInvocationAgent.invoke(TestInvoker.java:992)
	at org.testng.internal.invokers.TestInvoker.invokeTestMethods(TestInvoker.java:203)
	at org.testng.internal.invokers.TestMethodWorker.invokeTestMethods(TestMethodWorker.java:154)
	at org.testng.internal.invokers.TestMethodWorker.run(TestMethodWorker.java:134)
	at java.base/java.util.ArrayList.forEach(ArrayList.java:1597)
	at org.testng.TestRunner.privateRun(TestRunner.java:739)
	at org.testng.TestRunner.run(TestRunner.java:614)
	at org.testng.SuiteRunner.runTest(SuiteRunner.java:421)
	at org.testng.SuiteRunner.runSequentially(SuiteRunner.java:413)
	at org.testng.SuiteRunner.privateRun(SuiteRunner.java:373)
	at org.testng.SuiteRunner.run(SuiteRunner.java:312)
	at org.testng.SuiteRunnerWorker.runSuite(SuiteRunnerWorker.java:52)
	at org.testng.SuiteRunnerWorker.run(SuiteRunnerWorker.java:95)
	at org.testng.TestNG.runSuitesSequentially(TestNG.java:1274)
	at org.testng.TestNG.runSuitesLocally(TestNG.java:1208)
	at org.testng.TestNG.runSuites(TestNG.java:1112)
	at org.testng.TestNG.run(TestNG.java:1079)
	at org.apache.maven.surefire.testng.TestNGExecutor.run(TestNGExecutor.java:308)
	at org.apache.maven.surefire.testng.TestNGXmlTestSuite.execute(TestNGXmlTestSuite.java:71)
	at org.apache.maven.surefire.testng.TestNGProvider.invoke(TestNGProvider.java:113)
	at org.apache.maven.surefire.booter.ForkedBooter.runSuitesInProcess(ForkedBooter.java:385)
	at org.apache.maven.surefire.booter.ForkedBooter.execute(ForkedBooter.java:162)
	at org.apache.maven.surefire.booter.ForkedBooter.run(ForkedBooter.java:507)
	at org.apache.maven.surefire.booter.ForkedBooter.main(ForkedBooter.java:495)
</pre></div></td>
<td>5</td>
<td>testCases.TC_121_WalidacjaFunkcjonalnościAdvanceSearch_TDD@4a7f959b</td></tr>
<tr>
<td title='testCases.TC_219_WalidacjaZakładkiEdytujInformacjeKontaTDD_MainAccountPage.WalidacjaZakładkiEdytujInformacjeKontaTDD_MainAccountPage()'><b>WalidacjaZakładkiEdytujInformacjeKontaTDD_MainAccountPage</b><br>Test class: testCases.TC_219_WalidacjaZakładkiEdytujInformacjeKontaTDD_MainAccountPage<br>Parameters: Janusz, , , , , , Ivalid</td>
<td><div><pre>java.lang.AssertionError: null
	at testCases.TC_219_WalidacjaZakładkiEdytujInformacjeKontaTDD_MainAccountPage.WalidacjaZakładkiEdytujInformacjeKontaTDD_MainAccountPage(TC_219_WalidacjaZakładkiEdytujInformacjeKontaTDD_MainAccountPage.java:55)
	at java.base/java.util.ArrayList.forEach(ArrayList.java:1597)
... Removed 31 stack frames</pre></div><a href='#' onClick='toggleBox("stack-trace1705938518", this, "Click to show all stack frames", "Click to hide stack frames")'>Click to show all stack frames</a>
<div class='stack-trace' id='stack-trace1705938518'><pre>java.lang.AssertionError: null
	at org.testng.Assert.fail(Assert.java:111)
	at org.testng.Assert.fail(Assert.java:116)
	at testCases.TC_219_WalidacjaZakładkiEdytujInformacjeKontaTDD_MainAccountPage.WalidacjaZakładkiEdytujInformacjeKontaTDD_MainAccountPage(TC_219_WalidacjaZakładkiEdytujInformacjeKontaTDD_MainAccountPage.java:55)
	at java.base/jdk.internal.reflect.DirectMethodHandleAccessor.invoke(DirectMethodHandleAccessor.java:103)
	at java.base/java.lang.reflect.Method.invoke(Method.java:580)
	at org.testng.internal.invokers.MethodInvocationHelper.invokeMethod(MethodInvocationHelper.java:141)
	at org.testng.internal.invokers.TestInvoker.invokeMethod(TestInvoker.java:686)
	at org.testng.internal.invokers.TestInvoker.invokeTestMethod(TestInvoker.java:230)
	at org.testng.internal.invokers.MethodRunner.runInSequence(MethodRunner.java:63)
	at org.testng.internal.invokers.TestInvoker$MethodInvocationAgent.invoke(TestInvoker.java:992)
	at org.testng.internal.invokers.TestInvoker.invokeTestMethods(TestInvoker.java:203)
	at org.testng.internal.invokers.TestMethodWorker.invokeTestMethods(TestMethodWorker.java:154)
	at org.testng.internal.invokers.TestMethodWorker.run(TestMethodWorker.java:134)
	at java.base/java.util.ArrayList.forEach(ArrayList.java:1597)
	at org.testng.TestRunner.privateRun(TestRunner.java:739)
	at org.testng.TestRunner.run(TestRunner.java:614)
	at org.testng.SuiteRunner.runTest(SuiteRunner.java:421)
	at org.testng.SuiteRunner.runSequentially(SuiteRunner.java:413)
	at org.testng.SuiteRunner.privateRun(SuiteRunner.java:373)
	at org.testng.SuiteRunner.run(SuiteRunner.java:312)
	at org.testng.SuiteRunnerWorker.runSuite(SuiteRunnerWorker.java:52)
	at org.testng.SuiteRunnerWorker.run(SuiteRunnerWorker.java:95)
	at org.testng.TestNG.runSuitesSequentially(TestNG.java:1274)
	at org.testng.TestNG.runSuitesLocally(TestNG.java:1208)
	at org.testng.TestNG.runSuites(TestNG.java:1112)
	at org.testng.TestNG.run(TestNG.java:1079)
	at org.apache.maven.surefire.testng.TestNGExecutor.run(TestNGExecutor.java:308)
	at org.apache.maven.surefire.testng.TestNGXmlTestSuite.execute(TestNGXmlTestSuite.java:71)
	at org.apache.maven.surefire.testng.TestNGProvider.invoke(TestNGProvider.java:113)
	at org.apache.maven.surefire.booter.ForkedBooter.runSuitesInProcess(ForkedBooter.java:385)
	at org.apache.maven.surefire.booter.ForkedBooter.execute(ForkedBooter.java:162)
	at org.apache.maven.surefire.booter.ForkedBooter.run(ForkedBooter.java:507)
	at org.apache.maven.surefire.booter.ForkedBooter.main(ForkedBooter.java:495)
</pre></div></td>
<td>6</td>
<td>testCases.TC_219_WalidacjaZakładkiEdytujInformacjeKontaTDD_MainAccountPage@d5b810e</td></tr>
<tr>
<td title='testCases.TC_138_WalidacjaMailBox_FooterPage_TDD.WalidacjaMailBox_FooterPage()'><b>WalidacjaMailBox_FooterPage</b><br>Test class: testCases.TC_138_WalidacjaMailBox_FooterPage_TDD<br>Parameters: tvdabq, Invalid</td>
<td><div><pre>java.lang.AssertionError: null
	at testCases.TC_138_WalidacjaMailBox_FooterPage_TDD.WalidacjaMailBox_FooterPage(TC_138_WalidacjaMailBox_FooterPage_TDD.java:34)
	at java.base/java.util.ArrayList.forEach(ArrayList.java:1597)
... Removed 31 stack frames</pre></div><a href='#' onClick='toggleBox("stack-trace1198420055", this, "Click to show all stack frames", "Click to hide stack frames")'>Click to show all stack frames</a>
<div class='stack-trace' id='stack-trace1198420055'><pre>java.lang.AssertionError: null
	at org.testng.Assert.fail(Assert.java:111)
	at org.testng.Assert.fail(Assert.java:116)
	at testCases.TC_138_WalidacjaMailBox_FooterPage_TDD.WalidacjaMailBox_FooterPage(TC_138_WalidacjaMailBox_FooterPage_TDD.java:34)
	at java.base/jdk.internal.reflect.DirectMethodHandleAccessor.invoke(DirectMethodHandleAccessor.java:103)
	at java.base/java.lang.reflect.Method.invoke(Method.java:580)
	at org.testng.internal.invokers.MethodInvocationHelper.invokeMethod(MethodInvocationHelper.java:141)
	at org.testng.internal.invokers.TestInvoker.invokeMethod(TestInvoker.java:686)
	at org.testng.internal.invokers.TestInvoker.invokeTestMethod(TestInvoker.java:230)
	at org.testng.internal.invokers.MethodRunner.runInSequence(MethodRunner.java:63)
	at org.testng.internal.invokers.TestInvoker$MethodInvocationAgent.invoke(TestInvoker.java:992)
	at org.testng.internal.invokers.TestInvoker.invokeTestMethods(TestInvoker.java:203)
	at org.testng.internal.invokers.TestMethodWorker.invokeTestMethods(TestMethodWorker.java:154)
	at org.testng.internal.invokers.TestMethodWorker.run(TestMethodWorker.java:134)
	at java.base/java.util.ArrayList.forEach(ArrayList.java:1597)
	at org.testng.TestRunner.privateRun(TestRunner.java:739)
	at org.testng.TestRunner.run(TestRunner.java:614)
	at org.testng.SuiteRunner.runTest(SuiteRunner.java:421)
	at org.testng.SuiteRunner.runSequentially(SuiteRunner.java:413)
	at org.testng.SuiteRunner.privateRun(SuiteRunner.java:373)
	at org.testng.SuiteRunner.run(SuiteRunner.java:312)
	at org.testng.SuiteRunnerWorker.runSuite(SuiteRunnerWorker.java:52)
	at org.testng.SuiteRunnerWorker.run(SuiteRunnerWorker.java:95)
	at org.testng.TestNG.runSuitesSequentially(TestNG.java:1274)
	at org.testng.TestNG.runSuitesLocally(TestNG.java:1208)
	at org.testng.TestNG.runSuites(TestNG.java:1112)
	at org.testng.TestNG.run(TestNG.java:1079)
	at org.apache.maven.surefire.testng.TestNGExecutor.run(TestNGExecutor.java:308)
	at org.apache.maven.surefire.testng.TestNGXmlTestSuite.execute(TestNGXmlTestSuite.java:71)
	at org.apache.maven.surefire.testng.TestNGProvider.invoke(TestNGProvider.java:113)
	at org.apache.maven.surefire.booter.ForkedBooter.runSuitesInProcess(ForkedBooter.java:385)
	at org.apache.maven.surefire.booter.ForkedBooter.execute(ForkedBooter.java:162)
	at org.apache.maven.surefire.booter.ForkedBooter.run(ForkedBooter.java:507)
	at org.apache.maven.surefire.booter.ForkedBooter.main(ForkedBooter.java:495)
</pre></div></td>
<td>20</td>
<td>testCases.TC_138_WalidacjaMailBox_FooterPage_TDD@fa49800</td></tr>
<tr>
<td title='testCases.TC_219_WalidacjaZakładkiEdytujInformacjeKontaTDD_MainAccountPage.WalidacjaZakładkiEdytujInformacjeKontaTDD_MainAccountPage()'><b>WalidacjaZakładkiEdytujInformacjeKontaTDD_MainAccountPage</b><br>Test class: testCases.TC_219_WalidacjaZakładkiEdytujInformacjeKontaTDD_MainAccountPage<br>Parameters: Kacper, Psikuta, psikuta$@gmail.com, roni_co, Zajączek007, Zajączek007, Ivalid</td>
<td><div><pre>java.lang.AssertionError: null
	at testCases.TC_219_WalidacjaZakładkiEdytujInformacjeKontaTDD_MainAccountPage.WalidacjaZakładkiEdytujInformacjeKontaTDD_MainAccountPage(TC_219_WalidacjaZakładkiEdytujInformacjeKontaTDD_MainAccountPage.java:55)
	at java.base/java.util.ArrayList.forEach(ArrayList.java:1597)
... Removed 31 stack frames</pre></div><a href='#' onClick='toggleBox("stack-trace632621706", this, "Click to show all stack frames", "Click to hide stack frames")'>Click to show all stack frames</a>
<div class='stack-trace' id='stack-trace632621706'><pre>java.lang.AssertionError: null
	at org.testng.Assert.fail(Assert.java:111)
	at org.testng.Assert.fail(Assert.java:116)
	at testCases.TC_219_WalidacjaZakładkiEdytujInformacjeKontaTDD_MainAccountPage.WalidacjaZakładkiEdytujInformacjeKontaTDD_MainAccountPage(TC_219_WalidacjaZakładkiEdytujInformacjeKontaTDD_MainAccountPage.java:55)
	at java.base/jdk.internal.reflect.DirectMethodHandleAccessor.invoke(DirectMethodHandleAccessor.java:103)
	at java.base/java.lang.reflect.Method.invoke(Method.java:580)
	at org.testng.internal.invokers.MethodInvocationHelper.invokeMethod(MethodInvocationHelper.java:141)
	at org.testng.internal.invokers.TestInvoker.invokeMethod(TestInvoker.java:686)
	at org.testng.internal.invokers.TestInvoker.invokeTestMethod(TestInvoker.java:230)
	at org.testng.internal.invokers.MethodRunner.runInSequence(MethodRunner.java:63)
	at org.testng.internal.invokers.TestInvoker$MethodInvocationAgent.invoke(TestInvoker.java:992)
	at org.testng.internal.invokers.TestInvoker.invokeTestMethods(TestInvoker.java:203)
	at org.testng.internal.invokers.TestMethodWorker.invokeTestMethods(TestMethodWorker.java:154)
	at org.testng.internal.invokers.TestMethodWorker.run(TestMethodWorker.java:134)
	at java.base/java.util.ArrayList.forEach(ArrayList.java:1597)
	at org.testng.TestRunner.privateRun(TestRunner.java:739)
	at org.testng.TestRunner.run(TestRunner.java:614)
	at org.testng.SuiteRunner.runTest(SuiteRunner.java:421)
	at org.testng.SuiteRunner.runSequentially(SuiteRunner.java:413)
	at org.testng.SuiteRunner.privateRun(SuiteRunner.java:373)
	at org.testng.SuiteRunner.run(SuiteRunner.java:312)
	at org.testng.SuiteRunnerWorker.runSuite(SuiteRunnerWorker.java:52)
	at org.testng.SuiteRunnerWorker.run(SuiteRunnerWorker.java:95)
	at org.testng.TestNG.runSuitesSequentially(TestNG.java:1274)
	at org.testng.TestNG.runSuitesLocally(TestNG.java:1208)
	at org.testng.TestNG.runSuites(TestNG.java:1112)
	at org.testng.TestNG.run(TestNG.java:1079)
	at org.apache.maven.surefire.testng.TestNGExecutor.run(TestNGExecutor.java:308)
	at org.apache.maven.surefire.testng.TestNGXmlTestSuite.execute(TestNGXmlTestSuite.java:71)
	at org.apache.maven.surefire.testng.TestNGProvider.invoke(TestNGProvider.java:113)
	at org.apache.maven.surefire.booter.ForkedBooter.runSuitesInProcess(ForkedBooter.java:385)
	at org.apache.maven.surefire.booter.ForkedBooter.execute(ForkedBooter.java:162)
	at org.apache.maven.surefire.booter.ForkedBooter.run(ForkedBooter.java:507)
	at org.apache.maven.surefire.booter.ForkedBooter.main(ForkedBooter.java:495)
</pre></div></td>
<td>5</td>
<td>testCases.TC_219_WalidacjaZakładkiEdytujInformacjeKontaTDD_MainAccountPage@d5b810e</td></tr>
<tr>
<td title='testCases.TC_219_WalidacjaZakładkiEdytujInformacjeKontaTDD_MainAccountPage.WalidacjaZakładkiEdytujInformacjeKontaTDD_MainAccountPage()'><b>WalidacjaZakładkiEdytujInformacjeKontaTDD_MainAccountPage</b><br>Test class: testCases.TC_219_WalidacjaZakładkiEdytujInformacjeKontaTDD_MainAccountPage<br>Parameters: Kacper, , psikuta$@gmail.com, roni_cost3@example.com, Zajączek007, Zajączek007, Ivalid</td>
<td><div><pre>java.lang.AssertionError: null
	at testCases.TC_219_WalidacjaZakładkiEdytujInformacjeKontaTDD_MainAccountPage.WalidacjaZakładkiEdytujInformacjeKontaTDD_MainAccountPage(TC_219_WalidacjaZakładkiEdytujInformacjeKontaTDD_MainAccountPage.java:55)
	at java.base/java.util.ArrayList.forEach(ArrayList.java:1597)
... Removed 31 stack frames</pre></div><a href='#' onClick='toggleBox("stack-trace1506245624", this, "Click to show all stack frames", "Click to hide stack frames")'>Click to show all stack frames</a>
<div class='stack-trace' id='stack-trace1506245624'><pre>java.lang.AssertionError: null
	at org.testng.Assert.fail(Assert.java:111)
	at org.testng.Assert.fail(Assert.java:116)
	at testCases.TC_219_WalidacjaZakładkiEdytujInformacjeKontaTDD_MainAccountPage.WalidacjaZakładkiEdytujInformacjeKontaTDD_MainAccountPage(TC_219_WalidacjaZakładkiEdytujInformacjeKontaTDD_MainAccountPage.java:55)
	at java.base/jdk.internal.reflect.DirectMethodHandleAccessor.invoke(DirectMethodHandleAccessor.java:103)
	at java.base/java.lang.reflect.Method.invoke(Method.java:580)
	at org.testng.internal.invokers.MethodInvocationHelper.invokeMethod(MethodInvocationHelper.java:141)
	at org.testng.internal.invokers.TestInvoker.invokeMethod(TestInvoker.java:686)
	at org.testng.internal.invokers.TestInvoker.invokeTestMethod(TestInvoker.java:230)
	at org.testng.internal.invokers.MethodRunner.runInSequence(MethodRunner.java:63)
	at org.testng.internal.invokers.TestInvoker$MethodInvocationAgent.invoke(TestInvoker.java:992)
	at org.testng.internal.invokers.TestInvoker.invokeTestMethods(TestInvoker.java:203)
	at org.testng.internal.invokers.TestMethodWorker.invokeTestMethods(TestMethodWorker.java:154)
	at org.testng.internal.invokers.TestMethodWorker.run(TestMethodWorker.java:134)
	at java.base/java.util.ArrayList.forEach(ArrayList.java:1597)
	at org.testng.TestRunner.privateRun(TestRunner.java:739)
	at org.testng.TestRunner.run(TestRunner.java:614)
	at org.testng.SuiteRunner.runTest(SuiteRunner.java:421)
	at org.testng.SuiteRunner.runSequentially(SuiteRunner.java:413)
	at org.testng.SuiteRunner.privateRun(SuiteRunner.java:373)
	at org.testng.SuiteRunner.run(SuiteRunner.java:312)
	at org.testng.SuiteRunnerWorker.runSuite(SuiteRunnerWorker.java:52)
	at org.testng.SuiteRunnerWorker.run(SuiteRunnerWorker.java:95)
	at org.testng.TestNG.runSuitesSequentially(TestNG.java:1274)
	at org.testng.TestNG.runSuitesLocally(TestNG.java:1208)
	at org.testng.TestNG.runSuites(TestNG.java:1112)
	at org.testng.TestNG.run(TestNG.java:1079)
	at org.apache.maven.surefire.testng.TestNGExecutor.run(TestNGExecutor.java:308)
	at org.apache.maven.surefire.testng.TestNGXmlTestSuite.execute(TestNGXmlTestSuite.java:71)
	at org.apache.maven.surefire.testng.TestNGProvider.invoke(TestNGProvider.java:113)
	at org.apache.maven.surefire.booter.ForkedBooter.runSuitesInProcess(ForkedBooter.java:385)
	at org.apache.maven.surefire.booter.ForkedBooter.execute(ForkedBooter.java:162)
	at org.apache.maven.surefire.booter.ForkedBooter.run(ForkedBooter.java:507)
	at org.apache.maven.surefire.booter.ForkedBooter.main(ForkedBooter.java:495)
</pre></div></td>
<td>5</td>
<td>testCases.TC_219_WalidacjaZakładkiEdytujInformacjeKontaTDD_MainAccountPage@d5b810e</td></tr>
</table><p>
<table width='100%' border='1' class='invocation-passed'>
<tr><td colspan='4' align='center'><b>PASSED TESTS</b></td></tr>
<tr><td><b>Test method</b></td>
<td><b>Attribute(s)</b></td>
<td width="30%"><b>Exception</b></td>
<td width="10%"><b>Time (seconds)</b></td>
<td><b>Instance</b></td>
</tr>
<tr>
<td title='testCases.TC_004_WalidacjaLogowania_TDD.WalidacjaLogowania_TDD()'><b>WalidacjaLogowania_TDD</b><br>Test class: testCases.TC_004_WalidacjaLogowania_TDD<br>Parameters: roni_cost@example.com, roni_cost3, Invalid</td>
<td></td>
<td>10</td>
<td>testCases.TC_004_WalidacjaLogowania_TDD@34f7cfd9</td></tr>
<tr>
<td title='testCases.TC_081_WalidacjaKomuniaktówTworzeniaKomentarza_ProductPage.WalidacjaKomuniaktówTworzeniaKomentarza_ProductPage()'><b>WalidacjaKomuniaktówTworzeniaKomentarza_ProductPage</b><br>Test class: testCases.TC_081_WalidacjaKomuniaktówTworzeniaKomentarza_ProductPage<br>Parameters: , , , $%^, Invalid</td>
<td></td>
<td>1</td>
<td>testCases.TC_081_WalidacjaKomuniaktówTworzeniaKomentarza_ProductPage@57af006c</td></tr>
<tr>
<td title='testCases.TC_064_DodawanieProduktu_ProductPage_TDD.DodawanieProduktu_KartaZProduktem_TDD()'><b>DodawanieProduktu_KartaZProduktem_TDD</b><br>Test class: testCases.TC_064_DodawanieProduktu_ProductPage_TDD<br>Parameters: 1.0, Valid</td>
<td></td>
<td>1</td>
<td>testCases.TC_064_DodawanieProduktu_ProductPage_TDD@702b8b12</td></tr>
<tr>
<td title='testCases.TC_131_WalidacjaWysyłaniaWiadomości_contactPage.WalidacjaWysyłaniaWiadomości_contactPage()'><b>WalidacjaWysyłaniaWiadomości_contactPage</b><br>Test class: testCases.TC_131_WalidacjaWysyłaniaWiadomości_contactPage<br>Parameters: , , 1.23456789E8, , Invalid</td>
<td></td>
<td>0</td>
<td>testCases.TC_131_WalidacjaWysyłaniaWiadomości_contactPage@6d4e5011</td></tr>
<tr>
<td title='testCases.TC_004_WalidacjaLogowania_TDD.WalidacjaLogowania_TDD()'><b>WalidacjaLogowania_TDD</b><br>Test class: testCases.TC_004_WalidacjaLogowania_TDD<br>Parameters: roni_cost@example.com, , Invalid</td>
<td></td>
<td>10</td>
<td>testCases.TC_004_WalidacjaLogowania_TDD@34f7cfd9</td></tr>
<tr>
<td title='testCases.TC_004_WalidacjaLogowania_TDD.WalidacjaLogowania_TDD()'><b>WalidacjaLogowania_TDD</b><br>Test class: testCases.TC_004_WalidacjaLogowania_TDD<br>Parameters: 1@gmail.com, budaDlaPsa001, Invalid</td>
<td></td>
<td>10</td>
<td>testCases.TC_004_WalidacjaLogowania_TDD@34f7cfd9</td></tr>
<tr>
<td title='testCases.TC_002_WalidacjaNiepoprawnejRejestracji_TDD.WalidacjaRejestracji_TDD()'><b>WalidacjaRejestracji_TDD</b><br>Test class: testCases.TC_002_WalidacjaNiepoprawnejRejestracji_TDD<br>Parameters: Dawid, Borek, mkjnhj@gmail.com, Pass!$1fa, , Invalid</td>
<td></td>
<td>5</td>
<td>testCases.TC_002_WalidacjaNiepoprawnejRejestracji_TDD@10959ece</td></tr>
<tr>
<td title='testCases.TC_004_WalidacjaLogowania_TDD.WalidacjaLogowania_TDD()'><b>WalidacjaLogowania_TDD</b><br>Test class: testCases.TC_004_WalidacjaLogowania_TDD<br>Parameters: roni_cost@example.com, jbaiu9hdabihn1731836134fc, Invalid</td>
<td></td>
<td>10</td>
<td>testCases.TC_004_WalidacjaLogowania_TDD@34f7cfd9</td></tr>
<tr>
<td title='testCases.TC_131_WalidacjaWysyłaniaWiadomości_contactPage.WalidacjaWysyłaniaWiadomości_contactPage()'><b>WalidacjaWysyłaniaWiadomości_contactPage</b><br>Test class: testCases.TC_131_WalidacjaWysyłaniaWiadomości_contactPage<br>Parameters: dqfaAh, Pokemo@gmail.com, #$%^&*, Wysłałem wam wiadomość, Invalid</td>
<td></td>
<td>16</td>
<td>testCases.TC_131_WalidacjaWysyłaniaWiadomości_contactPage@6d4e5011</td></tr>
<tr>
<td title='testCases.TC_004_WalidacjaLogowania_TDD.WalidacjaLogowania_TDD()'><b>WalidacjaLogowania_TDD</b><br>Test class: testCases.TC_004_WalidacjaLogowania_TDD<br>Parameters: , roni_cost3@example.com, Invalid</td>
<td></td>
<td>10</td>
<td>testCases.TC_004_WalidacjaLogowania_TDD@34f7cfd9</td></tr>
<tr>
<td title='testCases.TC_121_WalidacjaFunkcjonalnościAdvanceSearch_TDD.WalidacjaFunkcjonalnościAdvanceSearch_TDD()'><b>WalidacjaFunkcjonalnościAdvanceSearch_TDD</b><br>Test class: testCases.TC_121_WalidacjaFunkcjonalnościAdvanceSearch_TDD<br>Parameters: , , , , faf, vaa, Invalid</td>
<td></td>
<td>0</td>
<td>testCases.TC_121_WalidacjaFunkcjonalnościAdvanceSearch_TDD@4a7f959b</td></tr>
<tr>
<td title='testCases.TC_004_WalidacjaLogowania_TDD.WalidacjaLogowania_TDD()'><b>WalidacjaLogowania_TDD</b><br>Test class: testCases.TC_004_WalidacjaLogowania_TDD<br>Parameters: roni_cost@example.com, @#$%^&^%$#$%^&, Invalid</td>
<td></td>
<td>10</td>
<td>testCases.TC_004_WalidacjaLogowania_TDD@34f7cfd9</td></tr>
<tr>
<td title='testCases.TC_138_WalidacjaMailBox_FooterPage_TDD.WalidacjaMailBox_FooterPage()'><b>WalidacjaMailBox_FooterPage</b><br>Test class: testCases.TC_138_WalidacjaMailBox_FooterPage_TDD<br>Parameters: 12311fa, Invalid</td>
<td></td>
<td>10</td>
<td>testCases.TC_138_WalidacjaMailBox_FooterPage_TDD@fa49800</td></tr>
<tr>
<td title='testCases.TC_081_WalidacjaKomuniaktówTworzeniaKomentarza_ProductPage.WalidacjaKomuniaktówTworzeniaKomentarza_ProductPage()'><b>WalidacjaKomuniaktówTworzeniaKomentarza_ProductPage</b><br>Test class: testCases.TC_081_WalidacjaKomuniaktówTworzeniaKomentarza_ProductPage<br>Parameters: , , , , Invalid</td>
<td></td>
<td>1</td>
<td>testCases.TC_081_WalidacjaKomuniaktówTworzeniaKomentarza_ProductPage@57af006c</td></tr>
<tr>
<td title='testCases.TC_081_WalidacjaKomuniaktówTworzeniaKomentarza_ProductPage.WalidacjaKomuniaktówTworzeniaKomentarza_ProductPage()'><b>WalidacjaKomuniaktówTworzeniaKomentarza_ProductPage</b><br>Test class: testCases.TC_081_WalidacjaKomuniaktówTworzeniaKomentarza_ProductPage<br>Parameters: cztery, $%^, M, , Invalid</td>
<td></td>
<td>11</td>
<td>testCases.TC_081_WalidacjaKomuniaktówTworzeniaKomentarza_ProductPage@57af006c</td></tr>
<tr>
<td title='testCases.TC_002_WalidacjaNiepoprawnejRejestracji_TDD.WalidacjaRejestracji_TDD()'><b>WalidacjaRejestracji_TDD</b><br>Test class: testCases.TC_002_WalidacjaNiepoprawnejRejestracji_TDD<br>Parameters: , , , Password , , Invalid</td>
<td></td>
<td>5</td>
<td>testCases.TC_002_WalidacjaNiepoprawnejRejestracji_TDD@10959ece</td></tr>
<tr>
<td title='testCases.TC_081_WalidacjaKomuniaktówTworzeniaKomentarza_ProductPage.WalidacjaKomuniaktówTworzeniaKomentarza_ProductPage()'><b>WalidacjaKomuniaktówTworzeniaKomentarza_ProductPage</b><br>Test class: testCases.TC_081_WalidacjaKomuniaktówTworzeniaKomentarza_ProductPage<br>Parameters: dwie, , , , Invalid</td>
<td></td>
<td>1</td>
<td>testCases.TC_081_WalidacjaKomuniaktówTworzeniaKomentarza_ProductPage@57af006c</td></tr>
<tr>
<td title='testCases.TC_081_WalidacjaKomuniaktówTworzeniaKomentarza_ProductPage.WalidacjaKomuniaktówTworzeniaKomentarza_ProductPage()'><b>WalidacjaKomuniaktówTworzeniaKomentarza_ProductPage</b><br>Test class: testCases.TC_081_WalidacjaKomuniaktówTworzeniaKomentarza_ProductPage<br>Parameters: , 1e, , , Invalid</td>
<td></td>
<td>6</td>
<td>testCases.TC_081_WalidacjaKomuniaktówTworzeniaKomentarza_ProductPage@57af006c</td></tr>
<tr>
<td title='testCases.TC_081_WalidacjaKomuniaktówTworzeniaKomentarza_ProductPage.WalidacjaKomuniaktówTworzeniaKomentarza_ProductPage()'><b>WalidacjaKomuniaktówTworzeniaKomentarza_ProductPage</b><br>Test class: testCases.TC_081_WalidacjaKomuniaktówTworzeniaKomentarza_ProductPage<br>Parameters: , , $%^, , Invalid</td>
<td></td>
<td>1</td>
<td>testCases.TC_081_WalidacjaKomuniaktówTworzeniaKomentarza_ProductPage@57af006c</td></tr>
<tr>
<td title='testCases.TC_131_WalidacjaWysyłaniaWiadomości_contactPage.WalidacjaWysyłaniaWiadomości_contactPage()'><b>WalidacjaWysyłaniaWiadomości_contactPage</b><br>Test class: testCases.TC_131_WalidacjaWysyłaniaWiadomości_contactPage<br>Parameters: pokemon, dada@, 1.23456789E8, Wysłałem wam wiadomość, Invalid</td>
<td></td>
<td>5</td>
<td>testCases.TC_131_WalidacjaWysyłaniaWiadomości_contactPage@6d4e5011</td></tr>
<tr>
<td title='testCases.TC_064_DodawanieProduktu_ProductPage_TDD.DodawanieProduktu_KartaZProduktem_TDD()'><b>DodawanieProduktu_KartaZProduktem_TDD</b><br>Test class: testCases.TC_064_DodawanieProduktu_ProductPage_TDD<br>Parameters: -1.0, Invalid</td>
<td></td>
<td>0</td>
<td>testCases.TC_064_DodawanieProduktu_ProductPage_TDD@702b8b12</td></tr>
<tr>
<td title='testCases.TC_131_WalidacjaWysyłaniaWiadomości_contactPage.WalidacjaWysyłaniaWiadomości_contactPage()'><b>WalidacjaWysyłaniaWiadomości_contactPage</b><br>Test class: testCases.TC_131_WalidacjaWysyłaniaWiadomości_contactPage<br>Parameters: dqfwvqgb, Kacper@gmail.com, 1563.0, Wysłałem wam wiadomość, Invalid</td>
<td></td>
<td>16</td>
<td>testCases.TC_131_WalidacjaWysyłaniaWiadomości_contactPage@6d4e5011</td></tr>
<tr>
<td title='testCases.TC_004_WalidacjaLogowania_TDD.WalidacjaLogowania_TDD()'><b>WalidacjaLogowania_TDD</b><br>Test class: testCases.TC_004_WalidacjaLogowania_TDD<br>Parameters: roni_cost@example.com, roni_cost3@example.co, Invalid</td>
<td></td>
<td>10</td>
<td>testCases.TC_004_WalidacjaLogowania_TDD@34f7cfd9</td></tr>
<tr>
<td title='testCases.TC_081_WalidacjaKomuniaktówTworzeniaKomentarza_ProductPage.WalidacjaKomuniaktówTworzeniaKomentarza_ProductPage()'><b>WalidacjaKomuniaktówTworzeniaKomentarza_ProductPage</b><br>Test class: testCases.TC_081_WalidacjaKomuniaktówTworzeniaKomentarza_ProductPage<br>Parameters: trzy, , , , Invalid</td>
<td></td>
<td>1</td>
<td>testCases.TC_081_WalidacjaKomuniaktówTworzeniaKomentarza_ProductPage@57af006c</td></tr>
<tr>
<td title='testCases.TC_004_WalidacjaLogowania_TDD.WalidacjaLogowania_TDD()'><b>WalidacjaLogowania_TDD</b><br>Test class: testCases.TC_004_WalidacjaLogowania_TDD<br>Parameters: roni_cost@example, roni_cost3@example.com, Invalid</td>
<td></td>
<td>10</td>
<td>testCases.TC_004_WalidacjaLogowania_TDD@34f7cfd9</td></tr>
<tr>
<td title='testCases.TC_121_WalidacjaFunkcjonalnościAdvanceSearch_TDD.WalidacjaFunkcjonalnościAdvanceSearch_TDD()'><b>WalidacjaFunkcjonalnościAdvanceSearch_TDD</b><br>Test class: testCases.TC_121_WalidacjaFunkcjonalnościAdvanceSearch_TDD<br>Parameters: , WS11, , , , , Valid</td>
<td></td>
<td>0</td>
<td>testCases.TC_121_WalidacjaFunkcjonalnościAdvanceSearch_TDD@4a7f959b</td></tr>
<tr>
<td title='testCases.TC_121_WalidacjaFunkcjonalnościAdvanceSearch_TDD.WalidacjaFunkcjonalnościAdvanceSearch_TDD()'><b>WalidacjaFunkcjonalnościAdvanceSearch_TDD</b><br>Test class: testCases.TC_121_WalidacjaFunkcjonalnościAdvanceSearch_TDD<br>Parameters: , , , , 20.68, 36.41, Valid</td>
<td></td>
<td>0</td>
<td>testCases.TC_121_WalidacjaFunkcjonalnościAdvanceSearch_TDD@4a7f959b</td></tr>
<tr>
<td title='testCases.TC_121_WalidacjaFunkcjonalnościAdvanceSearch_TDD.WalidacjaFunkcjonalnościAdvanceSearch_TDD()'><b>WalidacjaFunkcjonalnościAdvanceSearch_TDD</b><br>Test class: testCases.TC_121_WalidacjaFunkcjonalnościAdvanceSearch_TDD<br>Parameters: Fitness, WP10, Watch, , , , Invalid</td>
<td></td>
<td>0</td>
<td>testCases.TC_121_WalidacjaFunkcjonalnościAdvanceSearch_TDD@4a7f959b</td></tr>
<tr>
<td title='testCases.TC_138_WalidacjaMailBox_FooterPage_TDD.WalidacjaMailBox_FooterPage()'><b>WalidacjaMailBox_FooterPage</b><br>Test class: testCases.TC_138_WalidacjaMailBox_FooterPage_TDD<br>Parameters: DAIO@gmail, Invalid</td>
<td></td>
<td>10</td>
<td>testCases.TC_138_WalidacjaMailBox_FooterPage_TDD@fa49800</td></tr>
<tr>
<td title='testCases.TC_121_WalidacjaFunkcjonalnościAdvanceSearch_TDD.WalidacjaFunkcjonalnościAdvanceSearch_TDD()'><b>WalidacjaFunkcjonalnościAdvanceSearch_TDD</b><br>Test class: testCases.TC_121_WalidacjaFunkcjonalnościAdvanceSearch_TDD<br>Parameters: , WT01, Blue, , , 36.41, Valid</td>
<td></td>
<td>0</td>
<td>testCases.TC_121_WalidacjaFunkcjonalnościAdvanceSearch_TDD@4a7f959b</td></tr>
<tr>
<td title='testCases.TC_081_WalidacjaKomuniaktówTworzeniaKomentarza_ProductPage.WalidacjaKomuniaktówTworzeniaKomentarza_ProductPage()'><b>WalidacjaKomuniaktówTworzeniaKomentarza_ProductPage</b><br>Test class: testCases.TC_081_WalidacjaKomuniaktówTworzeniaKomentarza_ProductPage<br>Parameters: , , Tomasz, , Invalid</td>
<td></td>
<td>1</td>
<td>testCases.TC_081_WalidacjaKomuniaktówTworzeniaKomentarza_ProductPage@57af006c</td></tr>
<tr>
<td title='testCases.TC_081_WalidacjaKomuniaktówTworzeniaKomentarza_ProductPage.WalidacjaKomuniaktówTworzeniaKomentarza_ProductPage()'><b>WalidacjaKomuniaktówTworzeniaKomentarza_ProductPage</b><br>Test class: testCases.TC_081_WalidacjaKomuniaktówTworzeniaKomentarza_ProductPage<br>Parameters: , , , M, Invalid</td>
<td></td>
<td>1</td>
<td>testCases.TC_081_WalidacjaKomuniaktówTworzeniaKomentarza_ProductPage@57af006c</td></tr>
<tr>
<td title='testCases.TC_121_WalidacjaFunkcjonalnościAdvanceSearch_TDD.WalidacjaFunkcjonalnościAdvanceSearch_TDD()'><b>WalidacjaFunkcjonalnościAdvanceSearch_TDD</b><br>Test class: testCases.TC_121_WalidacjaFunkcjonalnościAdvanceSearch_TDD<br>Parameters: , WP10, , , , , Valid</td>
<td></td>
<td>0</td>
<td>testCases.TC_121_WalidacjaFunkcjonalnościAdvanceSearch_TDD@4a7f959b</td></tr>
<tr>
<td title='testCases.TC_002_WalidacjaNiepoprawnejRejestracji_TDD.WalidacjaRejestracji_TDD()'><b>WalidacjaRejestracji_TDD</b><br>Test class: testCases.TC_002_WalidacjaNiepoprawnejRejestracji_TDD<br>Parameters: Dawid, Borek, oaajhqg@gmail.com, Pad, Pad, Invalid</td>
<td></td>
<td>5</td>
<td>testCases.TC_002_WalidacjaNiepoprawnejRejestracji_TDD@10959ece</td></tr>
<tr>
<td title='testCases.TC_081_WalidacjaKomuniaktówTworzeniaKomentarza_ProductPage.WalidacjaKomuniaktówTworzeniaKomentarza_ProductPage()'><b>WalidacjaKomuniaktówTworzeniaKomentarza_ProductPage</b><br>Test class: testCases.TC_081_WalidacjaKomuniaktówTworzeniaKomentarza_ProductPage<br>Parameters: , Dawid, , , Invalid</td>
<td></td>
<td>6</td>
<td>testCases.TC_081_WalidacjaKomuniaktówTworzeniaKomentarza_ProductPage@57af006c</td></tr>
<tr>
<td title='testCases.TC_121_WalidacjaFunkcjonalnościAdvanceSearch_TDD.WalidacjaFunkcjonalnościAdvanceSearch_TDD()'><b>WalidacjaFunkcjonalnościAdvanceSearch_TDD</b><br>Test class: testCases.TC_121_WalidacjaFunkcjonalnościAdvanceSearch_TDD<br>Parameters: Tank, WT01, Blue, , 20.68, 36.41, Valid</td>
<td></td>
<td>0</td>
<td>testCases.TC_121_WalidacjaFunkcjonalnościAdvanceSearch_TDD@4a7f959b</td></tr>
<tr>
<td title='testCases.TC_138_WalidacjaMailBox_FooterPage_TDD.WalidacjaMailBox_FooterPage()'><b>WalidacjaMailBox_FooterPage</b><br>Test class: testCases.TC_138_WalidacjaMailBox_FooterPage_TDD<br>Parameters: fa1314@gmail., Invalid</td>
<td></td>
<td>10</td>
<td>testCases.TC_138_WalidacjaMailBox_FooterPage_TDD@fa49800</td></tr>
<tr>
<td title='testCases.TC_121_WalidacjaFunkcjonalnościAdvanceSearch_TDD.WalidacjaFunkcjonalnościAdvanceSearch_TDD()'><b>WalidacjaFunkcjonalnościAdvanceSearch_TDD</b><br>Test class: testCases.TC_121_WalidacjaFunkcjonalnościAdvanceSearch_TDD<br>Parameters: , , , , $%Q, $%Q, Invalid</td>
<td></td>
<td>0</td>
<td>testCases.TC_121_WalidacjaFunkcjonalnościAdvanceSearch_TDD@4a7f959b</td></tr>
<tr>
<td title='testCases.TC_002_WalidacjaNiepoprawnejRejestracji_TDD.WalidacjaRejestracji_TDD()'><b>WalidacjaRejestracji_TDD</b><br>Test class: testCases.TC_002_WalidacjaNiepoprawnejRejestracji_TDD<br>Parameters: , , vgahw2@gmail.com, , , Invalid</td>
<td></td>
<td>5</td>
<td>testCases.TC_002_WalidacjaNiepoprawnejRejestracji_TDD@10959ece</td></tr>
<tr>
<td title='testCases.TC_064_DodawanieProduktu_ProductPage_TDD.DodawanieProduktu_KartaZProduktem_TDD()'><b>DodawanieProduktu_KartaZProduktem_TDD</b><br>Test class: testCases.TC_064_DodawanieProduktu_ProductPage_TDD<br>Parameters: 10001.0, Invalid</td>
<td></td>
<td>0</td>
<td>testCases.TC_064_DodawanieProduktu_ProductPage_TDD@702b8b12</td></tr>
<tr>
<td title='testCases.TC_121_WalidacjaFunkcjonalnościAdvanceSearch_TDD.WalidacjaFunkcjonalnościAdvanceSearch_TDD()'><b>WalidacjaFunkcjonalnościAdvanceSearch_TDD</b><br>Test class: testCases.TC_121_WalidacjaFunkcjonalnościAdvanceSearch_TDD<br>Parameters: Tee, , , , , , Valid</td>
<td></td>
<td>0</td>
<td>testCases.TC_121_WalidacjaFunkcjonalnościAdvanceSearch_TDD@4a7f959b</td></tr>
<tr>
<td title='testCases.TC_004_WalidacjaLogowania_TDD.WalidacjaLogowania_TDD()'><b>WalidacjaLogowania_TDD</b><br>Test class: testCases.TC_004_WalidacjaLogowania_TDD<br>Parameters: roni_cost@example.com, 123456789098765d, Invalid</td>
<td></td>
<td>11</td>
<td>testCases.TC_004_WalidacjaLogowania_TDD@34f7cfd9</td></tr>
<tr>
<td title='testCases.TC_121_WalidacjaFunkcjonalnościAdvanceSearch_TDD.WalidacjaFunkcjonalnościAdvanceSearch_TDD()'><b>WalidacjaFunkcjonalnościAdvanceSearch_TDD</b><br>Test class: testCases.TC_121_WalidacjaFunkcjonalnościAdvanceSearch_TDD<br>Parameters: , , Sport, , , , Valid</td>
<td></td>
<td>0</td>
<td>testCases.TC_121_WalidacjaFunkcjonalnościAdvanceSearch_TDD@4a7f959b</td></tr>
<tr>
<td title='testCases.TC_002_WalidacjaNiepoprawnejRejestracji_TDD.WalidacjaRejestracji_TDD()'><b>WalidacjaRejestracji_TDD</b><br>Test class: testCases.TC_002_WalidacjaNiepoprawnejRejestracji_TDD<br>Parameters: , , , , Pass!$1fa, Invalid</td>
<td></td>
<td>5</td>
<td>testCases.TC_002_WalidacjaNiepoprawnejRejestracji_TDD@10959ece</td></tr>
<tr>
<td title='testCases.TC_002_WalidacjaNiepoprawnejRejestracji_TDD.WalidacjaRejestracji_TDD()'><b>WalidacjaRejestracji_TDD</b><br>Test class: testCases.TC_002_WalidacjaNiepoprawnejRejestracji_TDD<br>Parameters: Dawid, Borek, fpaiev@gmail.com, Password , $!#!#!#$, Invalid</td>
<td></td>
<td>5</td>
<td>testCases.TC_002_WalidacjaNiepoprawnejRejestracji_TDD@10959ece</td></tr>
<tr>
<td title='testCases.TC_121_WalidacjaFunkcjonalnościAdvanceSearch_TDD.WalidacjaFunkcjonalnościAdvanceSearch_TDD()'><b>WalidacjaFunkcjonalnościAdvanceSearch_TDD</b><br>Test class: testCases.TC_121_WalidacjaFunkcjonalnościAdvanceSearch_TDD<br>Parameters: , , , , 0.0, 0.0, Invalid</td>
<td></td>
<td>0</td>
<td>testCases.TC_121_WalidacjaFunkcjonalnościAdvanceSearch_TDD@4a7f959b</td></tr>
<tr>
<td title='testCases.TC_121_WalidacjaFunkcjonalnościAdvanceSearch_TDD.WalidacjaFunkcjonalnościAdvanceSearch_TDD()'><b>WalidacjaFunkcjonalnościAdvanceSearch_TDD</b><br>Test class: testCases.TC_121_WalidacjaFunkcjonalnościAdvanceSearch_TDD<br>Parameters: , , , , dq231, dq231, Invalid</td>
<td></td>
<td>0</td>
<td>testCases.TC_121_WalidacjaFunkcjonalnościAdvanceSearch_TDD@4a7f959b</td></tr>
<tr>
<td title='testCases.TC_004_WalidacjaLogowania_TDD.WalidacjaLogowania_TDD()'><b>WalidacjaLogowania_TDD</b><br>Test class: testCases.TC_004_WalidacjaLogowania_TDD<br>Parameters: roni_cost@example.com, 12j, Invalid</td>
<td></td>
<td>10</td>
<td>testCases.TC_004_WalidacjaLogowania_TDD@34f7cfd9</td></tr>
<tr>
<td title='testCases.TC_121_WalidacjaFunkcjonalnościAdvanceSearch_TDD.WalidacjaFunkcjonalnościAdvanceSearch_TDD()'><b>WalidacjaFunkcjonalnościAdvanceSearch_TDD</b><br>Test class: testCases.TC_121_WalidacjaFunkcjonalnościAdvanceSearch_TDD<br>Parameters: , , Watch, , , , Valid</td>
<td></td>
<td>0</td>
<td>testCases.TC_121_WalidacjaFunkcjonalnościAdvanceSearch_TDD@4a7f959b</td></tr>
<tr>
<td title='testCases.TC_004_WalidacjaLogowania_TDD.WalidacjaLogowania_TDD()'><b>WalidacjaLogowania_TDD</b><br>Test class: testCases.TC_004_WalidacjaLogowania_TDD<br>Parameters: buda123@gmail.com, budaDlaPsa001, Invalid</td>
<td></td>
<td>10</td>
<td>testCases.TC_004_WalidacjaLogowania_TDD@34f7cfd9</td></tr>
<tr>
<td title='testCases.TC_002_WalidacjaNiepoprawnejRejestracji_TDD.WalidacjaRejestracji_TDD()'><b>WalidacjaRejestracji_TDD</b><br>Test class: testCases.TC_002_WalidacjaNiepoprawnejRejestracji_TDD<br>Parameters: Dawid, Borek, haiqbevc@gmail.com, A, A, Invalid</td>
<td></td>
<td>5</td>
<td>testCases.TC_002_WalidacjaNiepoprawnejRejestracji_TDD@10959ece</td></tr>
<tr>
<td title='testCases.TC_081_WalidacjaKomuniaktówTworzeniaKomentarza_ProductPage.WalidacjaKomuniaktówTworzeniaKomentarza_ProductPage()'><b>WalidacjaKomuniaktówTworzeniaKomentarza_ProductPage</b><br>Test class: testCases.TC_081_WalidacjaKomuniaktówTworzeniaKomentarza_ProductPage<br>Parameters: , Janel, 1e, $%^, Invalid</td>
<td></td>
<td>6</td>
<td>testCases.TC_081_WalidacjaKomuniaktówTworzeniaKomentarza_ProductPage@57af006c</td></tr>
<tr>
<td title='testCases.TC_081_WalidacjaKomuniaktówTworzeniaKomentarza_ProductPage.WalidacjaKomuniaktówTworzeniaKomentarza_ProductPage()'><b>WalidacjaKomuniaktówTworzeniaKomentarza_ProductPage</b><br>Test class: testCases.TC_081_WalidacjaKomuniaktówTworzeniaKomentarza_ProductPage<br>Parameters: pięć, , , , Invalid</td>
<td></td>
<td>1</td>
<td>testCases.TC_081_WalidacjaKomuniaktówTworzeniaKomentarza_ProductPage@57af006c</td></tr>
<tr>
<td title='testCases.TC_121_WalidacjaFunkcjonalnościAdvanceSearch_TDD.WalidacjaFunkcjonalnościAdvanceSearch_TDD()'><b>WalidacjaFunkcjonalnościAdvanceSearch_TDD</b><br>Test class: testCases.TC_121_WalidacjaFunkcjonalnościAdvanceSearch_TDD<br>Parameters: Hoodie, , , , , , Valid</td>
<td></td>
<td>1</td>
<td>testCases.TC_121_WalidacjaFunkcjonalnościAdvanceSearch_TDD@4a7f959b</td></tr>
<tr>
<td title='testCases.TC_121_WalidacjaFunkcjonalnościAdvanceSearch_TDD.WalidacjaFunkcjonalnościAdvanceSearch_TDD()'><b>WalidacjaFunkcjonalnościAdvanceSearch_TDD</b><br>Test class: testCases.TC_121_WalidacjaFunkcjonalnościAdvanceSearch_TDD<br>Parameters: Abominable, , , , , , Valid</td>
<td></td>
<td>0</td>
<td>testCases.TC_121_WalidacjaFunkcjonalnościAdvanceSearch_TDD@4a7f959b</td></tr>
<tr>
<td title='testCases.TC_004_WalidacjaLogowania_TDD.WalidacjaLogowania_TDD()'><b>WalidacjaLogowania_TDD</b><br>Test class: testCases.TC_004_WalidacjaLogowania_TDD<br>Parameters: roni_cost@example.com, roni_cost3@, Invalid</td>
<td></td>
<td>10</td>
<td>testCases.TC_004_WalidacjaLogowania_TDD@34f7cfd9</td></tr>
<tr>
<td title='testCases.TC_002_WalidacjaNiepoprawnejRejestracji_TDD.WalidacjaRejestracji_TDD()'><b>WalidacjaRejestracji_TDD</b><br>Test class: testCases.TC_002_WalidacjaNiepoprawnejRejestracji_TDD<br>Parameters: , Borek, cbqbqb@gmail.com, Pass!$1fa, Pass!$1fa, Invalid</td>
<td></td>
<td>5</td>
<td>testCases.TC_002_WalidacjaNiepoprawnejRejestracji_TDD@10959ece</td></tr>
<tr>
<td title='testCases.TC_002_WalidacjaNiepoprawnejRejestracji_TDD.WalidacjaRejestracji_TDD()'><b>WalidacjaRejestracji_TDD</b><br>Test class: testCases.TC_002_WalidacjaNiepoprawnejRejestracji_TDD<br>Parameters: Dawid, Borek, Borek@gmail.c, Pass!$1fa, Pass!$1fa, Invalid</td>
<td></td>
<td>5</td>
<td>testCases.TC_002_WalidacjaNiepoprawnejRejestracji_TDD@10959ece</td></tr>
<tr>
<td title='testCases.TC_064_DodawanieProduktu_ProductPage_TDD.DodawanieProduktu_KartaZProduktem_TDD()'><b>DodawanieProduktu_KartaZProduktem_TDD</b><br>Test class: testCases.TC_064_DodawanieProduktu_ProductPage_TDD<br>Parameters: 30.0, Valid</td>
<td></td>
<td>1</td>
<td>testCases.TC_064_DodawanieProduktu_ProductPage_TDD@702b8b12</td></tr>
<tr>
<td title='testCases.TC_064_DodawanieProduktu_ProductPage_TDD.DodawanieProduktu_KartaZProduktem_TDD()'><b>DodawanieProduktu_KartaZProduktem_TDD</b><br>Test class: testCases.TC_064_DodawanieProduktu_ProductPage_TDD<br>Parameters: 0.0, Invalid</td>
<td></td>
<td>0</td>
<td>testCases.TC_064_DodawanieProduktu_ProductPage_TDD@702b8b12</td></tr>
<tr>
<td title='testCases.TC_131_WalidacjaWysyłaniaWiadomości_contactPage.WalidacjaWysyłaniaWiadomości_contactPage()'><b>WalidacjaWysyłaniaWiadomości_contactPage</b><br>Test class: testCases.TC_131_WalidacjaWysyłaniaWiadomości_contactPage<br>Parameters: Janusz, Kacper, 1.23456789E8, Wysłałem wam wiadomość, Invalid</td>
<td></td>
<td>5</td>
<td>testCases.TC_131_WalidacjaWysyłaniaWiadomości_contactPage@6d4e5011</td></tr>
<tr>
<td title='testCases.TC_138_WalidacjaMailBox_FooterPage_TDD.WalidacjaMailBox_FooterPage()'><b>WalidacjaMailBox_FooterPage</b><br>Test class: testCases.TC_138_WalidacjaMailBox_FooterPage_TDD<br>Parameters: @$%^&^, Invalid</td>
<td></td>
<td>10</td>
<td>testCases.TC_138_WalidacjaMailBox_FooterPage_TDD@fa49800</td></tr>
<tr>
<td title='testCases.TC_081_WalidacjaKomuniaktówTworzeniaKomentarza_ProductPage.WalidacjaKomuniaktówTworzeniaKomentarza_ProductPage()'><b>WalidacjaKomuniaktówTworzeniaKomentarza_ProductPage</b><br>Test class: testCases.TC_081_WalidacjaKomuniaktówTworzeniaKomentarza_ProductPage<br>Parameters: , , , Ważna Opinia, Invalid</td>
<td></td>
<td>1</td>
<td>testCases.TC_081_WalidacjaKomuniaktówTworzeniaKomentarza_ProductPage@57af006c</td></tr>
<tr>
<td title='testCases.TC_081_WalidacjaKomuniaktówTworzeniaKomentarza_ProductPage.WalidacjaKomuniaktówTworzeniaKomentarza_ProductPage()'><b>WalidacjaKomuniaktówTworzeniaKomentarza_ProductPage</b><br>Test class: testCases.TC_081_WalidacjaKomuniaktówTworzeniaKomentarza_ProductPage<br>Parameters: , $%^, , , Invalid</td>
<td></td>
<td>6</td>
<td>testCases.TC_081_WalidacjaKomuniaktówTworzeniaKomentarza_ProductPage@57af006c</td></tr>
<tr>
<td title='testCases.TC_131_WalidacjaWysyłaniaWiadomości_contactPage.WalidacjaWysyłaniaWiadomości_contactPage()'><b>WalidacjaWysyłaniaWiadomości_contactPage</b><br>Test class: testCases.TC_131_WalidacjaWysyłaniaWiadomości_contactPage<br>Parameters: dqfwvq, Kacfagper@gmail.com, 1.0, Wysłałem wam wiadomość, Invalid</td>
<td></td>
<td>16</td>
<td>testCases.TC_131_WalidacjaWysyłaniaWiadomości_contactPage@6d4e5011</td></tr>
<tr>
<td title='testCases.TC_002_WalidacjaNiepoprawnejRejestracji_TDD.WalidacjaRejestracji_TDD()'><b>WalidacjaRejestracji_TDD</b><br>Test class: testCases.TC_002_WalidacjaNiepoprawnejRejestracji_TDD<br>Parameters: Dawid, Borek, Borek@gmail., Pass!$1fa, Pass!$1fa, Invalid</td>
<td></td>
<td>5</td>
<td>testCases.TC_002_WalidacjaNiepoprawnejRejestracji_TDD@10959ece</td></tr>
<tr>
<td title='testCases.TC_138_WalidacjaMailBox_FooterPage_TDD.WalidacjaMailBox_FooterPage()'><b>WalidacjaMailBox_FooterPage</b><br>Test class: testCases.TC_138_WalidacjaMailBox_FooterPage_TDD<br>Parameters: DAIO@gmail.com, Valid</td>
<td></td>
<td>1</td>
<td>testCases.TC_138_WalidacjaMailBox_FooterPage_TDD@fa49800</td></tr>
<tr>
<td title='testCases.TC_081_WalidacjaKomuniaktówTworzeniaKomentarza_ProductPage.WalidacjaKomuniaktówTworzeniaKomentarza_ProductPage()'><b>WalidacjaKomuniaktówTworzeniaKomentarza_ProductPage</b><br>Test class: testCases.TC_081_WalidacjaKomuniaktówTworzeniaKomentarza_ProductPage<br>Parameters: jedna, , , , Invalid</td>
<td></td>
<td>1</td>
<td>testCases.TC_081_WalidacjaKomuniaktówTworzeniaKomentarza_ProductPage@57af006c</td></tr>
<tr>
<td title='testCases.TC_131_WalidacjaWysyłaniaWiadomości_contactPage.WalidacjaWysyłaniaWiadomości_contactPage()'><b>WalidacjaWysyłaniaWiadomości_contactPage</b><br>Test class: testCases.TC_131_WalidacjaWysyłaniaWiadomości_contactPage<br>Parameters: , Kacper@gmail.com, , , Invalid</td>
<td></td>
<td>0</td>
<td>testCases.TC_131_WalidacjaWysyłaniaWiadomości_contactPage@6d4e5011</td></tr>
<tr>
<td title='testCases.TC_081_WalidacjaKomuniaktówTworzeniaKomentarza_ProductPage.WalidacjaKomuniaktówTworzeniaKomentarza_ProductPage()'><b>WalidacjaKomuniaktówTworzeniaKomentarza_ProductPage</b><br>Test class: testCases.TC_081_WalidacjaKomuniaktówTworzeniaKomentarza_ProductPage<br>Parameters: , M, , , Invalid</td>
<td></td>
<td>6</td>
<td>testCases.TC_081_WalidacjaKomuniaktówTworzeniaKomentarza_ProductPage@57af006c</td></tr>
<tr>
<td title='testCases.TC_121_WalidacjaFunkcjonalnościAdvanceSearch_TDD.WalidacjaFunkcjonalnościAdvanceSearch_TDD()'><b>WalidacjaFunkcjonalnościAdvanceSearch_TDD</b><br>Test class: testCases.TC_121_WalidacjaFunkcjonalnościAdvanceSearch_TDD<br>Parameters: , , Red, , , , Valid</td>
<td></td>
<td>0</td>
<td>testCases.TC_121_WalidacjaFunkcjonalnościAdvanceSearch_TDD@4a7f959b</td></tr>
<tr>
<td title='testCases.TC_131_WalidacjaWysyłaniaWiadomości_contactPage.WalidacjaWysyłaniaWiadomości_contactPage()'><b>WalidacjaWysyłaniaWiadomości_contactPage</b><br>Test class: testCases.TC_131_WalidacjaWysyłaniaWiadomości_contactPage<br>Parameters: dqfwfaz, dada@gmail., 1.23456789E8, Wysłałem wam wiadomość, Invalid</td>
<td></td>
<td>5</td>
<td>testCases.TC_131_WalidacjaWysyłaniaWiadomości_contactPage@6d4e5011</td></tr>
<tr>
<td title='testCases.TC_121_WalidacjaFunkcjonalnościAdvanceSearch_TDD.WalidacjaFunkcjonalnościAdvanceSearch_TDD()'><b>WalidacjaFunkcjonalnościAdvanceSearch_TDD</b><br>Test class: testCases.TC_121_WalidacjaFunkcjonalnościAdvanceSearch_TDD<br>Parameters: , , , , 22.0, , Valid</td>
<td></td>
<td>0</td>
<td>testCases.TC_121_WalidacjaFunkcjonalnościAdvanceSearch_TDD@4a7f959b</td></tr>
<tr>
<td title='testCases.TC_121_WalidacjaFunkcjonalnościAdvanceSearch_TDD.WalidacjaFunkcjonalnościAdvanceSearch_TDD()'><b>WalidacjaFunkcjonalnościAdvanceSearch_TDD</b><br>Test class: testCases.TC_121_WalidacjaFunkcjonalnościAdvanceSearch_TDD<br>Parameters: Fitness, , , , , , Valid</td>
<td></td>
<td>1</td>
<td>testCases.TC_121_WalidacjaFunkcjonalnościAdvanceSearch_TDD@4a7f959b</td></tr>
<tr>
<td title='testCases.TC_081_WalidacjaKomuniaktówTworzeniaKomentarza_ProductPage.WalidacjaKomuniaktówTworzeniaKomentarza_ProductPage()'><b>WalidacjaKomuniaktówTworzeniaKomentarza_ProductPage</b><br>Test class: testCases.TC_081_WalidacjaKomuniaktówTworzeniaKomentarza_ProductPage<br>Parameters: , , 1e, , Invalid</td>
<td></td>
<td>1</td>
<td>testCases.TC_081_WalidacjaKomuniaktówTworzeniaKomentarza_ProductPage@57af006c</td></tr>
<tr>
<td title='testCases.TC_002_WalidacjaNiepoprawnejRejestracji_TDD.WalidacjaRejestracji_TDD()'><b>WalidacjaRejestracji_TDD</b><br>Test class: testCases.TC_002_WalidacjaNiepoprawnejRejestracji_TDD<br>Parameters: Dawid, Borek, vbavccqyd@gmail.com, Password , AV, Invalid</td>
<td></td>
<td>5</td>
<td>testCases.TC_002_WalidacjaNiepoprawnejRejestracji_TDD@10959ece</td></tr>
<tr>
<td title='testCases.TC_138_WalidacjaMailBox_FooterPage_TDD.WalidacjaMailBox_FooterPage()'><b>WalidacjaMailBox_FooterPage</b><br>Test class: testCases.TC_138_WalidacjaMailBox_FooterPage_TDD<br>Parameters: bfua@, Invalid</td>
<td></td>
<td>10</td>
<td>testCases.TC_138_WalidacjaMailBox_FooterPage_TDD@fa49800</td></tr>
<tr>
<td title='testCases.TC_004_WalidacjaLogowania_TDD.WalidacjaLogowania_TDD()'><b>WalidacjaLogowania_TDD</b><br>Test class: testCases.TC_004_WalidacjaLogowania_TDD<br>Parameters: roni_cost@, roni_cost3@example.com, Invalid</td>
<td></td>
<td>10</td>
<td>testCases.TC_004_WalidacjaLogowania_TDD@34f7cfd9</td></tr>
<tr>
<td title='testCases.TC_121_WalidacjaFunkcjonalnościAdvanceSearch_TDD.WalidacjaFunkcjonalnościAdvanceSearch_TDD()'><b>WalidacjaFunkcjonalnościAdvanceSearch_TDD</b><br>Test class: testCases.TC_121_WalidacjaFunkcjonalnościAdvanceSearch_TDD<br>Parameters: , , , , , 41.0, Valid</td>
<td></td>
<td>0</td>
<td>testCases.TC_121_WalidacjaFunkcjonalnościAdvanceSearch_TDD@4a7f959b</td></tr>
<tr>
<td title='testCases.TC_002_WalidacjaNiepoprawnejRejestracji_TDD.WalidacjaRejestracji_TDD()'><b>WalidacjaRejestracji_TDD</b><br>Test class: testCases.TC_002_WalidacjaNiepoprawnejRejestracji_TDD<br>Parameters: Dawid,   ,   , , , Invalid</td>
<td></td>
<td>5</td>
<td>testCases.TC_002_WalidacjaNiepoprawnejRejestracji_TDD@10959ece</td></tr>
<tr>
<td title='testCases.TC_081_WalidacjaKomuniaktówTworzeniaKomentarza_ProductPage.WalidacjaKomuniaktówTworzeniaKomentarza_ProductPage()'><b>WalidacjaKomuniaktówTworzeniaKomentarza_ProductPage</b><br>Test class: testCases.TC_081_WalidacjaKomuniaktówTworzeniaKomentarza_ProductPage<br>Parameters: cztery, Kwiecień wieczorek, , $%^, Invalid</td>
<td></td>
<td>16</td>
<td>testCases.TC_081_WalidacjaKomuniaktówTworzeniaKomentarza_ProductPage@57af006c</td></tr>
<tr>
<td title='testCases.TC_121_WalidacjaFunkcjonalnościAdvanceSearch_TDD.WalidacjaFunkcjonalnościAdvanceSearch_TDD()'><b>WalidacjaFunkcjonalnościAdvanceSearch_TDD</b><br>Test class: testCases.TC_121_WalidacjaFunkcjonalnościAdvanceSearch_TDD<br>Parameters: , WT04, , , , , Valid</td>
<td></td>
<td>0</td>
<td>testCases.TC_121_WalidacjaFunkcjonalnościAdvanceSearch_TDD@4a7f959b</td></tr>
<tr>
<td title='testCases.TC_002_WalidacjaNiepoprawnejRejestracji_TDD.WalidacjaRejestracji_TDD()'><b>WalidacjaRejestracji_TDD</b><br>Test class: testCases.TC_002_WalidacjaNiepoprawnejRejestracji_TDD<br>Parameters: Dawid, Borek, Borek@gmail, Pass!$1fa, Pass!$1fa, Invalid</td>
<td></td>
<td>5</td>
<td>testCases.TC_002_WalidacjaNiepoprawnejRejestracji_TDD@10959ece</td></tr>
<tr>
<td title='testCases.TC_002_WalidacjaNiepoprawnejRejestracji_TDD.WalidacjaRejestracji_TDD()'><b>WalidacjaRejestracji_TDD</b><br>Test class: testCases.TC_002_WalidacjaNiepoprawnejRejestracji_TDD<br>Parameters: , , , , Password , Invalid</td>
<td></td>
<td>5</td>
<td>testCases.TC_002_WalidacjaNiepoprawnejRejestracji_TDD@10959ece</td></tr>
<tr>
<td title='testCases.TC_004_WalidacjaLogowania_TDD.WalidacjaLogowania_TDD()'><b>WalidacjaLogowania_TDD</b><br>Test class: testCases.TC_004_WalidacjaLogowania_TDD<br>Parameters: roni_cost@example.co, roni_cost3@example.com, Invalid</td>
<td></td>
<td>10</td>
<td>testCases.TC_004_WalidacjaLogowania_TDD@34f7cfd9</td></tr>
<tr>
<td title='testCases.TC_002_WalidacjaNiepoprawnejRejestracji_TDD.WalidacjaRejestracji_TDD()'><b>WalidacjaRejestracji_TDD</b><br>Test class: testCases.TC_002_WalidacjaNiepoprawnejRejestracji_TDD<br>Parameters: Dawid, Borek, , , , Invalid</td>
<td></td>
<td>5</td>
<td>testCases.TC_002_WalidacjaNiepoprawnejRejestracji_TDD@10959ece</td></tr>
<tr>
<td title='testCases.TC_121_WalidacjaFunkcjonalnościAdvanceSearch_TDD.WalidacjaFunkcjonalnościAdvanceSearch_TDD()'><b>WalidacjaFunkcjonalnościAdvanceSearch_TDD</b><br>Test class: testCases.TC_121_WalidacjaFunkcjonalnościAdvanceSearch_TDD<br>Parameters: , , , , 20.68, 36.41, Valid</td>
<td></td>
<td>0</td>
<td>testCases.TC_121_WalidacjaFunkcjonalnościAdvanceSearch_TDD@4a7f959b</td></tr>
<tr>
<td title='testCases.TC_002_WalidacjaNiepoprawnejRejestracji_TDD.WalidacjaRejestracji_TDD()'><b>WalidacjaRejestracji_TDD</b><br>Test class: testCases.TC_002_WalidacjaNiepoprawnejRejestracji_TDD<br>Parameters: , Borek, , , , Invalid</td>
<td></td>
<td>5</td>
<td>testCases.TC_002_WalidacjaNiepoprawnejRejestracji_TDD@10959ece</td></tr>
<tr>
<td title='testCases.TC_002_WalidacjaNiepoprawnejRejestracji_TDD.WalidacjaRejestracji_TDD()'><b>WalidacjaRejestracji_TDD</b><br>Test class: testCases.TC_002_WalidacjaNiepoprawnejRejestracji_TDD<br>Parameters: Dawid, Borek, qvvvb@gmail.com, Password, Password, Invalid</td>
<td></td>
<td>5</td>
<td>testCases.TC_002_WalidacjaNiepoprawnejRejestracji_TDD@10959ece</td></tr>
<tr>
<td title='testCases.TC_004_WalidacjaLogowania_TDD.WalidacjaLogowania_TDD()'><b>WalidacjaLogowania_TDD</b><br>Test class: testCases.TC_004_WalidacjaLogowania_TDD<br>Parameters: roni_cost@example.com, g, Invalid</td>
<td></td>
<td>10</td>
<td>testCases.TC_004_WalidacjaLogowania_TDD@34f7cfd9</td></tr>
<tr>
<td title='testCases.TC_002_WalidacjaNiepoprawnejRejestracji_TDD.WalidacjaRejestracji_TDD()'><b>WalidacjaRejestracji_TDD</b><br>Test class: testCases.TC_002_WalidacjaNiepoprawnejRejestracji_TDD<br>Parameters: Dawid, Borek, qfghbn@gmail.com, , , Invalid</td>
<td></td>
<td>5</td>
<td>testCases.TC_002_WalidacjaNiepoprawnejRejestracji_TDD@10959ece</td></tr>
<tr>
<td title='testCases.TC_131_WalidacjaWysyłaniaWiadomości_contactPage.WalidacjaWysyłaniaWiadomości_contactPage()'><b>WalidacjaWysyłaniaWiadomości_contactPage</b><br>Test class: testCases.TC_131_WalidacjaWysyłaniaWiadomości_contactPage<br>Parameters: Kacper, , , , Invalid</td>
<td></td>
<td>5</td>
<td>testCases.TC_131_WalidacjaWysyłaniaWiadomości_contactPage@6d4e5011</td></tr>
<tr>
<td title='testCases.TC_081_WalidacjaKomuniaktówTworzeniaKomentarza_ProductPage.WalidacjaKomuniaktówTworzeniaKomentarza_ProductPage()'><b>WalidacjaKomuniaktówTworzeniaKomentarza_ProductPage</b><br>Test class: testCases.TC_081_WalidacjaKomuniaktówTworzeniaKomentarza_ProductPage<br>Parameters: cztery, , , , Invalid</td>
<td></td>
<td>1</td>
<td>testCases.TC_081_WalidacjaKomuniaktówTworzeniaKomentarza_ProductPage@57af006c</td></tr>
<tr>
<td title='testCases.TC_002_WalidacjaNiepoprawnejRejestracji_TDD.WalidacjaRejestracji_TDD()'><b>WalidacjaRejestracji_TDD</b><br>Test class: testCases.TC_002_WalidacjaNiepoprawnejRejestracji_TDD<br>Parameters: Dawid, Borek, bnaqg1@gmail.com, Pass!$1fa, pass!$1fa, Invalid</td>
<td></td>
<td>5</td>
<td>testCases.TC_002_WalidacjaNiepoprawnejRejestracji_TDD@10959ece</td></tr>
<tr>
<td title='testCases.TC_002_WalidacjaNiepoprawnejRejestracji_TDD.WalidacjaRejestracji_TDD()'><b>WalidacjaRejestracji_TDD</b><br>Test class: testCases.TC_002_WalidacjaNiepoprawnejRejestracji_TDD<br>Parameters: Dawid, Borek, popo@gmail.com, Password , 1341d, Invalid</td>
<td></td>
<td>5</td>
<td>testCases.TC_002_WalidacjaNiepoprawnejRejestracji_TDD@10959ece</td></tr>
<tr>
<td title='testCases.TC_002_WalidacjaNiepoprawnejRejestracji_TDD.WalidacjaRejestracji_TDD()'><b>WalidacjaRejestracji_TDD</b><br>Test class: testCases.TC_002_WalidacjaNiepoprawnejRejestracji_TDD<br>Parameters: !@#$%^&, Borek, ofpdh@gmail.com, Pass!$1fa, Pass!$1fa, Invalid</td>
<td></td>
<td>6</td>
<td>testCases.TC_002_WalidacjaNiepoprawnejRejestracji_TDD@10959ece</td></tr>
<tr>
<td title='testCases.TC_121_WalidacjaFunkcjonalnościAdvanceSearch_TDD.WalidacjaFunkcjonalnościAdvanceSearch_TDD()'><b>WalidacjaFunkcjonalnościAdvanceSearch_TDD</b><br>Test class: testCases.TC_121_WalidacjaFunkcjonalnościAdvanceSearch_TDD<br>Parameters: , , , , 22.0, 22.0, Valid</td>
<td></td>
<td>0</td>
<td>testCases.TC_121_WalidacjaFunkcjonalnościAdvanceSearch_TDD@4a7f959b</td></tr>
<tr>
<td title='testCases.TC_131_WalidacjaWysyłaniaWiadomości_contactPage.WalidacjaWysyłaniaWiadomości_contactPage()'><b>WalidacjaWysyłaniaWiadomości_contactPage</b><br>Test class: testCases.TC_131_WalidacjaWysyłaniaWiadomości_contactPage<br>Parameters: , , , , Invalid</td>
<td></td>
<td>0</td>
<td>testCases.TC_131_WalidacjaWysyłaniaWiadomości_contactPage@6d4e5011</td></tr>
<tr>
<td title='testCases.TC_004_WalidacjaLogowania_TDD.WalidacjaLogowania_TDD()'><b>WalidacjaLogowania_TDD</b><br>Test class: testCases.TC_004_WalidacjaLogowania_TDD<br>Parameters: #$%^&*!@gmail.com, budaDlaPsa001, Invalid</td>
<td></td>
<td>10</td>
<td>testCases.TC_004_WalidacjaLogowania_TDD@34f7cfd9</td></tr>
<tr>
<td title='testCases.TC_131_WalidacjaWysyłaniaWiadomości_contactPage.WalidacjaWysyłaniaWiadomości_contactPage()'><b>WalidacjaWysyłaniaWiadomości_contactPage</b><br>Test class: testCases.TC_131_WalidacjaWysyłaniaWiadomości_contactPage<br>Parameters: , , , Wysłałem wam wiadomość, Invalid</td>
<td></td>
<td>0</td>
<td>testCases.TC_131_WalidacjaWysyłaniaWiadomości_contactPage@6d4e5011</td></tr>
<tr>
<td title='testCases.TC_004_WalidacjaLogowania_TDD.WalidacjaLogowania_TDD()'><b>WalidacjaLogowania_TDD</b><br>Test class: testCases.TC_004_WalidacjaLogowania_TDD<br>Parameters: roni_cost, roni_cost3@example.com, Invalid</td>
<td></td>
<td>10</td>
<td>testCases.TC_004_WalidacjaLogowania_TDD@34f7cfd9</td></tr>
<tr>
<td title='testCases.TC_081_WalidacjaKomuniaktówTworzeniaKomentarza_ProductPage.WalidacjaKomuniaktówTworzeniaKomentarza_ProductPage()'><b>WalidacjaKomuniaktówTworzeniaKomentarza_ProductPage</b><br>Test class: testCases.TC_081_WalidacjaKomuniaktówTworzeniaKomentarza_ProductPage<br>Parameters: , , M, , Invalid</td>
<td></td>
<td>1</td>
<td>testCases.TC_081_WalidacjaKomuniaktówTworzeniaKomentarza_ProductPage@57af006c</td></tr>
<tr>
<td title='testCases.TC_121_WalidacjaFunkcjonalnościAdvanceSearch_TDD.WalidacjaFunkcjonalnościAdvanceSearch_TDD()'><b>WalidacjaFunkcjonalnościAdvanceSearch_TDD</b><br>Test class: testCases.TC_121_WalidacjaFunkcjonalnościAdvanceSearch_TDD<br>Parameters: , , Pants, , , , Valid</td>
<td></td>
<td>0</td>
<td>testCases.TC_121_WalidacjaFunkcjonalnościAdvanceSearch_TDD@4a7f959b</td></tr>
<tr>
<td title='testCases.TC_131_WalidacjaWysyłaniaWiadomości_contactPage.WalidacjaWysyłaniaWiadomości_contactPage()'><b>WalidacjaWysyłaniaWiadomości_contactPage</b><br>Test class: testCases.TC_131_WalidacjaWysyłaniaWiadomości_contactPage<br>Parameters: Kacper, dada@gmail, 1.23456789E8, Wysłałem wam wiadomość, Invalid</td>
<td></td>
<td>5</td>
<td>testCases.TC_131_WalidacjaWysyłaniaWiadomości_contactPage@6d4e5011</td></tr>
<tr>
<td title='testCases.TC_081_WalidacjaKomuniaktówTworzeniaKomentarza_ProductPage.WalidacjaKomuniaktówTworzeniaKomentarza_ProductPage()'><b>WalidacjaKomuniaktówTworzeniaKomentarza_ProductPage</b><br>Test class: testCases.TC_081_WalidacjaKomuniaktówTworzeniaKomentarza_ProductPage<br>Parameters: , , , 1e, Invalid</td>
<td></td>
<td>1</td>
<td>testCases.TC_081_WalidacjaKomuniaktówTworzeniaKomentarza_ProductPage@57af006c</td></tr>
<tr>
<td title='testCases.TC_131_WalidacjaWysyłaniaWiadomości_contactPage.WalidacjaWysyłaniaWiadomości_contactPage()'><b>WalidacjaWysyłaniaWiadomości_contactPage</b><br>Test class: testCases.TC_131_WalidacjaWysyłaniaWiadomości_contactPage<br>Parameters: Karolek, KacMorderca@gmail.com, 1.23456789E8, , Invalid</td>
<td></td>
<td>10</td>
<td>testCases.TC_131_WalidacjaWysyłaniaWiadomości_contactPage@6d4e5011</td></tr>
<tr>
<td title='testCases.TC_004_WalidacjaLogowania_TDD.WalidacjaLogowania_TDD()'><b>WalidacjaLogowania_TDD</b><br>Test class: testCases.TC_004_WalidacjaLogowania_TDD<br>Parameters: roni_cost@example.com, roni_cost3@example, Invalid</td>
<td></td>
<td>10</td>
<td>testCases.TC_004_WalidacjaLogowania_TDD@34f7cfd9</td></tr>
<tr>
<td title='testCases.TC_081_WalidacjaKomuniaktówTworzeniaKomentarza_ProductPage.WalidacjaKomuniaktówTworzeniaKomentarza_ProductPage()'><b>WalidacjaKomuniaktówTworzeniaKomentarza_ProductPage</b><br>Test class: testCases.TC_081_WalidacjaKomuniaktówTworzeniaKomentarza_ProductPage<br>Parameters: dwie, , Podsumowanie, $%^, Invalid</td>
<td></td>
<td>1</td>
<td>testCases.TC_081_WalidacjaKomuniaktówTworzeniaKomentarza_ProductPage@57af006c</td></tr>
<tr>
<td title='testCases.TC_131_WalidacjaWysyłaniaWiadomości_contactPage.WalidacjaWysyłaniaWiadomości_contactPage()'><b>WalidacjaWysyłaniaWiadomości_contactPage</b><br>Test class: testCases.TC_131_WalidacjaWysyłaniaWiadomości_contactPage<br>Parameters: Janek, Kacper@gmail.com, , , Invalid</td>
<td></td>
<td>10</td>
<td>testCases.TC_131_WalidacjaWysyłaniaWiadomości_contactPage@6d4e5011</td></tr>
<tr>
<td title='testCases.TC_002_WalidacjaNiepoprawnejRejestracji_TDD.WalidacjaRejestracji_TDD()'><b>WalidacjaRejestracji_TDD</b><br>Test class: testCases.TC_002_WalidacjaNiepoprawnejRejestracji_TDD<br>Parameters: , , vghghn@gmail.com, Pass!$1fa, Pass!$1fa, Invalid</td>
<td></td>
<td>5</td>
<td>testCases.TC_002_WalidacjaNiepoprawnejRejestracji_TDD@10959ece</td></tr>
<tr>
<td title='testCases.TC_121_WalidacjaFunkcjonalnościAdvanceSearch_TDD.WalidacjaFunkcjonalnościAdvanceSearch_TDD()'><b>WalidacjaFunkcjonalnościAdvanceSearch_TDD</b><br>Test class: testCases.TC_121_WalidacjaFunkcjonalnościAdvanceSearch_TDD<br>Parameters: , MJ07, , , , , Valid</td>
<td></td>
<td>0</td>
<td>testCases.TC_121_WalidacjaFunkcjonalnościAdvanceSearch_TDD@4a7f959b</td></tr>
<tr>
<td title='testCases.TC_131_WalidacjaWysyłaniaWiadomości_contactPage.WalidacjaWysyłaniaWiadomości_contactPage()'><b>WalidacjaWysyłaniaWiadomości_contactPage</b><br>Test class: testCases.TC_131_WalidacjaWysyłaniaWiadomości_contactPage<br>Parameters: dqGFAix, Kacpec@gmail.com, dqafgw, Wysłałem wam wiadomość, Invalid</td>
<td></td>
<td>16</td>
<td>testCases.TC_131_WalidacjaWysyłaniaWiadomości_contactPage@6d4e5011</td></tr>
<tr>
<td title='testCases.TC_002_WalidacjaNiepoprawnejRejestracji_TDD.WalidacjaRejestracji_TDD()'><b>WalidacjaRejestracji_TDD</b><br>Test class: testCases.TC_002_WalidacjaNiepoprawnejRejestracji_TDD<br>Parameters: Dawid, Borek, Borek@, Pass!$1fa, Pass!$1fa, Invalid</td>
<td></td>
<td>5</td>
<td>testCases.TC_002_WalidacjaNiepoprawnejRejestracji_TDD@10959ece</td></tr>
<tr>
<td title='testCases.TC_064_DodawanieProduktu_ProductPage_TDD.DodawanieProduktu_KartaZProduktem_TDD()'><b>DodawanieProduktu_KartaZProduktem_TDD</b><br>Test class: testCases.TC_064_DodawanieProduktu_ProductPage_TDD<br>Parameters: e, Invalid</td>
<td></td>
<td>1</td>
<td>testCases.TC_064_DodawanieProduktu_ProductPage_TDD@702b8b12</td></tr>
<tr>
<td title='testCases.TC_002_WalidacjaNiepoprawnejRejestracji_TDD.WalidacjaRejestracji_TDD()'><b>WalidacjaRejestracji_TDD</b><br>Test class: testCases.TC_002_WalidacjaNiepoprawnejRejestracji_TDD<br>Parameters: , , , Pass!$1fa, Pass!$1fa, Invalid</td>
<td></td>
<td>5</td>
<td>testCases.TC_002_WalidacjaNiepoprawnejRejestracji_TDD@10959ece</td></tr>
</table><p>
</body>
</html>