<?xml version="1.0" encoding="UTF-8"?>
<!-- Generated by org.testng.reporters.JUnitReportReporter -->
<testsuite hostname="DESKTOP-5OD0AA6" failures="3" tests="27" name="testCases.TC_121_WalidacjaFunkcjonalnościAdvanceSearch_TDD" time="127.198" errors="0" timestamp="2024-10-30T12:29:52 CET" skipped="0">
  <testcase classname="testCases.TC_121_WalidacjaFunkcjonalnościAdvanceSearch_TDD" name="WalidacjaFunkcjonalnościAdvanceSearch_TDD" time="8.956">
    <failure message="null" type="java.lang.AssertionError">
      <![CDATA[java.lang.AssertionError: null
at org.testng.Assert.fail(Assert.java:99)
at org.testng.Assert.fail(Assert.java:106)
at testCases.TC_121_WalidacjaFunkcjonalnościAdvanceSearch_TDD.WalidacjaFunkcjonalnościAdvanceSearch_TDD(TC_121_WalidacjaFunkcjonalnościAdvanceSearch_TDD.java:43)
at java.base/jdk.internal.reflect.NativeMethodAccessorImpl.invoke0(Native Method)
at java.base/jdk.internal.reflect.NativeMethodAccessorImpl.invoke(NativeMethodAccessorImpl.java:77)
at java.base/jdk.internal.reflect.DelegatingMethodAccessorImpl.invoke(DelegatingMethodAccessorImpl.java:43)
at java.base/java.lang.reflect.Method.invoke(Method.java:568)
at org.testng.internal.MethodInvocationHelper.invokeMethod(MethodInvocationHelper.java:133)
at org.testng.internal.TestInvoker.invokeMethod(TestInvoker.java:598)
at org.testng.internal.TestInvoker.invokeTestMethod(TestInvoker.java:173)
at org.testng.internal.MethodRunner.runInSequence(MethodRunner.java:46)
at org.testng.internal.TestInvoker$MethodInvocationAgent.invoke(TestInvoker.java:824)
at org.testng.internal.TestInvoker.invokeTestMethods(TestInvoker.java:146)
at org.testng.internal.TestMethodWorker.invokeTestMethods(TestMethodWorker.java:146)
at org.testng.internal.TestMethodWorker.run(TestMethodWorker.java:128)
at java.base/java.util.ArrayList.forEach(ArrayList.java:1511)
at org.testng.TestRunner.privateRun(TestRunner.java:794)
at org.testng.TestRunner.run(TestRunner.java:596)
at org.testng.SuiteRunner.runTest(SuiteRunner.java:377)
at org.testng.SuiteRunner.runSequentially(SuiteRunner.java:371)
at org.testng.SuiteRunner.privateRun(SuiteRunner.java:332)
at org.testng.SuiteRunner.run(SuiteRunner.java:276)
at org.testng.SuiteRunnerWorker.runSuite(SuiteRunnerWorker.java:53)
at org.testng.SuiteRunnerWorker.run(SuiteRunnerWorker.java:96)
at org.testng.TestNG.runSuitesSequentially(TestNG.java:1212)
at org.testng.TestNG.runSuitesLocally(TestNG.java:1134)
at org.testng.TestNG.runSuites(TestNG.java:1063)
at org.testng.TestNG.run(TestNG.java:1031)
at org.testng.remote.AbstractRemoteTestNG.run(AbstractRemoteTestNG.java:115)
at org.testng.remote.RemoteTestNG.initAndRun(RemoteTestNG.java:293)
at org.testng.remote.RemoteTestNG.main(RemoteTestNG.java:91)
]]>
    </failure>
  </testcase> <!-- WalidacjaFunkcjonalnościAdvanceSearch_TDD -->
  <system-out/>
  <testcase classname="testCases.TC_121_WalidacjaFunkcjonalnościAdvanceSearch_TDD" name="WalidacjaFunkcjonalnościAdvanceSearch_TDD" time="4.540"/>
  <system-out/>
  <testcase classname="testCases.TC_121_WalidacjaFunkcjonalnościAdvanceSearch_TDD" name="WalidacjaFunkcjonalnościAdvanceSearch_TDD" time="4.049"/>
  <system-out/>
  <testcase classname="testCases.TC_121_WalidacjaFunkcjonalnościAdvanceSearch_TDD" name="WalidacjaFunkcjonalnościAdvanceSearch_TDD" time="4.029"/>
  <system-out/>
  <testcase classname="testCases.TC_121_WalidacjaFunkcjonalnościAdvanceSearch_TDD" name="WalidacjaFunkcjonalnościAdvanceSearch_TDD" time="4.184"/>
  <system-out/>
  <testcase classname="testCases.TC_121_WalidacjaFunkcjonalnościAdvanceSearch_TDD" name="WalidacjaFunkcjonalnościAdvanceSearch_TDD" time="3.835"/>
  <system-out/>
  <testcase classname="testCases.TC_121_WalidacjaFunkcjonalnościAdvanceSearch_TDD" name="WalidacjaFunkcjonalnościAdvanceSearch_TDD" time="4.147"/>
  <system-out/>
  <testcase classname="testCases.TC_121_WalidacjaFunkcjonalnościAdvanceSearch_TDD" name="WalidacjaFunkcjonalnościAdvanceSearch_TDD" time="4.404"/>
  <system-out/>
  <testcase classname="testCases.TC_121_WalidacjaFunkcjonalnościAdvanceSearch_TDD" name="WalidacjaFunkcjonalnościAdvanceSearch_TDD" time="4.165"/>
  <system-out/>
  <testcase classname="testCases.TC_121_WalidacjaFunkcjonalnościAdvanceSearch_TDD" name="WalidacjaFunkcjonalnościAdvanceSearch_TDD" time="4.093"/>
  <system-out/>
  <testcase classname="testCases.TC_121_WalidacjaFunkcjonalnościAdvanceSearch_TDD" name="WalidacjaFunkcjonalnościAdvanceSearch_TDD" time="4.147"/>
  <system-out/>
  <testcase classname="testCases.TC_121_WalidacjaFunkcjonalnościAdvanceSearch_TDD" name="WalidacjaFunkcjonalnościAdvanceSearch_TDD" time="4.221"/>
  <system-out/>
  <testcase classname="testCases.TC_121_WalidacjaFunkcjonalnościAdvanceSearch_TDD" name="WalidacjaFunkcjonalnościAdvanceSearch_TDD" time="4.128"/>
  <system-out/>
  <testcase classname="testCases.TC_121_WalidacjaFunkcjonalnościAdvanceSearch_TDD" name="WalidacjaFunkcjonalnościAdvanceSearch_TDD" time="4.158"/>
  <system-out/>
  <testcase classname="testCases.TC_121_WalidacjaFunkcjonalnościAdvanceSearch_TDD" name="WalidacjaFunkcjonalnościAdvanceSearch_TDD" time="4.208"/>
  <system-out/>
  <testcase classname="testCases.TC_121_WalidacjaFunkcjonalnościAdvanceSearch_TDD" name="WalidacjaFunkcjonalnościAdvanceSearch_TDD" time="4.057"/>
  <system-out/>
  <testcase classname="testCases.TC_121_WalidacjaFunkcjonalnościAdvanceSearch_TDD" name="WalidacjaFunkcjonalnościAdvanceSearch_TDD" time="3.882"/>
  <system-out/>
  <testcase classname="testCases.TC_121_WalidacjaFunkcjonalnościAdvanceSearch_TDD" name="WalidacjaFunkcjonalnościAdvanceSearch_TDD" time="4.209"/>
  <system-out/>
  <testcase classname="testCases.TC_121_WalidacjaFunkcjonalnościAdvanceSearch_TDD" name="WalidacjaFunkcjonalnościAdvanceSearch_TDD" time="4.143"/>
  <system-out/>
  <testcase classname="testCases.TC_121_WalidacjaFunkcjonalnościAdvanceSearch_TDD" name="WalidacjaFunkcjonalnościAdvanceSearch_TDD" time="4.099"/>
  <system-out/>
  <testcase classname="testCases.TC_121_WalidacjaFunkcjonalnościAdvanceSearch_TDD" name="WalidacjaFunkcjonalnościAdvanceSearch_TDD" time="4.158"/>
  <system-out/>
  <testcase classname="testCases.TC_121_WalidacjaFunkcjonalnościAdvanceSearch_TDD" name="WalidacjaFunkcjonalnościAdvanceSearch_TDD" time="8.989">
    <failure message="null" type="java.lang.AssertionError">
      <![CDATA[java.lang.AssertionError: null
at org.testng.Assert.fail(Assert.java:99)
at org.testng.Assert.fail(Assert.java:106)
at testCases.TC_121_WalidacjaFunkcjonalnościAdvanceSearch_TDD.WalidacjaFunkcjonalnościAdvanceSearch_TDD(TC_121_WalidacjaFunkcjonalnościAdvanceSearch_TDD.java:43)
at java.base/jdk.internal.reflect.NativeMethodAccessorImpl.invoke0(Native Method)
at java.base/jdk.internal.reflect.NativeMethodAccessorImpl.invoke(NativeMethodAccessorImpl.java:77)
at java.base/jdk.internal.reflect.DelegatingMethodAccessorImpl.invoke(DelegatingMethodAccessorImpl.java:43)
at java.base/java.lang.reflect.Method.invoke(Method.java:568)
at org.testng.internal.MethodInvocationHelper.invokeMethod(MethodInvocationHelper.java:133)
at org.testng.internal.TestInvoker.invokeMethod(TestInvoker.java:598)
at org.testng.internal.TestInvoker.invokeTestMethod(TestInvoker.java:173)
at org.testng.internal.MethodRunner.runInSequence(MethodRunner.java:46)
at org.testng.internal.TestInvoker$MethodInvocationAgent.invoke(TestInvoker.java:824)
at org.testng.internal.TestInvoker.invokeTestMethods(TestInvoker.java:146)
at org.testng.internal.TestMethodWorker.invokeTestMethods(TestMethodWorker.java:146)
at org.testng.internal.TestMethodWorker.run(TestMethodWorker.java:128)
at java.base/java.util.ArrayList.forEach(ArrayList.java:1511)
at org.testng.TestRunner.privateRun(TestRunner.java:794)
at org.testng.TestRunner.run(TestRunner.java:596)
at org.testng.SuiteRunner.runTest(SuiteRunner.java:377)
at org.testng.SuiteRunner.runSequentially(SuiteRunner.java:371)
at org.testng.SuiteRunner.privateRun(SuiteRunner.java:332)
at org.testng.SuiteRunner.run(SuiteRunner.java:276)
at org.testng.SuiteRunnerWorker.runSuite(SuiteRunnerWorker.java:53)
at org.testng.SuiteRunnerWorker.run(SuiteRunnerWorker.java:96)
at org.testng.TestNG.runSuitesSequentially(TestNG.java:1212)
at org.testng.TestNG.runSuitesLocally(TestNG.java:1134)
at org.testng.TestNG.runSuites(TestNG.java:1063)
at org.testng.TestNG.run(TestNG.java:1031)
at org.testng.remote.AbstractRemoteTestNG.run(AbstractRemoteTestNG.java:115)
at org.testng.remote.RemoteTestNG.initAndRun(RemoteTestNG.java:293)
at org.testng.remote.RemoteTestNG.main(RemoteTestNG.java:91)
]]>
    </failure>
  </testcase> <!-- WalidacjaFunkcjonalnościAdvanceSearch_TDD -->
  <system-out/>
  <testcase classname="testCases.TC_121_WalidacjaFunkcjonalnościAdvanceSearch_TDD" name="WalidacjaFunkcjonalnościAdvanceSearch_TDD" time="4.217"/>
  <system-out/>
  <testcase classname="testCases.TC_121_WalidacjaFunkcjonalnościAdvanceSearch_TDD" name="WalidacjaFunkcjonalnościAdvanceSearch_TDD" time="9.045">
    <failure message="null" type="java.lang.AssertionError">
      <![CDATA[java.lang.AssertionError: null
at org.testng.Assert.fail(Assert.java:99)
at org.testng.Assert.fail(Assert.java:106)
at testCases.TC_121_WalidacjaFunkcjonalnościAdvanceSearch_TDD.WalidacjaFunkcjonalnościAdvanceSearch_TDD(TC_121_WalidacjaFunkcjonalnościAdvanceSearch_TDD.java:43)
at java.base/jdk.internal.reflect.NativeMethodAccessorImpl.invoke0(Native Method)
at java.base/jdk.internal.reflect.NativeMethodAccessorImpl.invoke(NativeMethodAccessorImpl.java:77)
at java.base/jdk.internal.reflect.DelegatingMethodAccessorImpl.invoke(DelegatingMethodAccessorImpl.java:43)
at java.base/java.lang.reflect.Method.invoke(Method.java:568)
at org.testng.internal.MethodInvocationHelper.invokeMethod(MethodInvocationHelper.java:133)
at org.testng.internal.TestInvoker.invokeMethod(TestInvoker.java:598)
at org.testng.internal.TestInvoker.invokeTestMethod(TestInvoker.java:173)
at org.testng.internal.MethodRunner.runInSequence(MethodRunner.java:46)
at org.testng.internal.TestInvoker$MethodInvocationAgent.invoke(TestInvoker.java:824)
at org.testng.internal.TestInvoker.invokeTestMethods(TestInvoker.java:146)
at org.testng.internal.TestMethodWorker.invokeTestMethods(TestMethodWorker.java:146)
at org.testng.internal.TestMethodWorker.run(TestMethodWorker.java:128)
at java.base/java.util.ArrayList.forEach(ArrayList.java:1511)
at org.testng.TestRunner.privateRun(TestRunner.java:794)
at org.testng.TestRunner.run(TestRunner.java:596)
at org.testng.SuiteRunner.runTest(SuiteRunner.java:377)
at org.testng.SuiteRunner.runSequentially(SuiteRunner.java:371)
at org.testng.SuiteRunner.privateRun(SuiteRunner.java:332)
at org.testng.SuiteRunner.run(SuiteRunner.java:276)
at org.testng.SuiteRunnerWorker.runSuite(SuiteRunnerWorker.java:53)
at org.testng.SuiteRunnerWorker.run(SuiteRunnerWorker.java:96)
at org.testng.TestNG.runSuitesSequentially(TestNG.java:1212)
at org.testng.TestNG.runSuitesLocally(TestNG.java:1134)
at org.testng.TestNG.runSuites(TestNG.java:1063)
at org.testng.TestNG.run(TestNG.java:1031)
at org.testng.remote.AbstractRemoteTestNG.run(AbstractRemoteTestNG.java:115)
at org.testng.remote.RemoteTestNG.initAndRun(RemoteTestNG.java:293)
at org.testng.remote.RemoteTestNG.main(RemoteTestNG.java:91)
]]>
    </failure>
  </testcase> <!-- WalidacjaFunkcjonalnościAdvanceSearch_TDD -->
  <system-out/>
  <testcase classname="testCases.TC_121_WalidacjaFunkcjonalnościAdvanceSearch_TDD" name="WalidacjaFunkcjonalnościAdvanceSearch_TDD" time="4.405"/>
  <system-out/>
  <testcase classname="testCases.TC_121_WalidacjaFunkcjonalnościAdvanceSearch_TDD" name="WalidacjaFunkcjonalnościAdvanceSearch_TDD" time="4.311"/>
  <system-out/>
  <testcase classname="testCases.TC_121_WalidacjaFunkcjonalnościAdvanceSearch_TDD" name="WalidacjaFunkcjonalnościAdvanceSearch_TDD" time="4.419"/>
  <system-out/>
</testsuite> <!-- testCases.TC_121_WalidacjaFunkcjonalnościAdvanceSearch_TDD -->
