<?xml version="1.0" encoding="UTF-8"?>
<!-- Generated by org.testng.reporters.JUnitReportReporter -->
<testsuite hostname="DESKTOP-5OD0AA6" failures="5" tests="29" name="testCases.TC_002_WalidacjaNiepoprawnejRejestracji_TDD" time="269.093" errors="0" timestamp="2024-11-07T22:03:39 CET" skipped="0">
  <testcase classname="testCases.TC_002_WalidacjaNiepoprawnejRejestracji_TDD" name="WalidacjaRejestracji_TDD" time="9.882"/>
  <system-out/>
  <testcase classname="testCases.TC_002_WalidacjaNiepoprawnejRejestracji_TDD" name="WalidacjaRejestracji_TDD" time="6.453">
    <failure message="expected [true] but found [false]" type="java.lang.AssertionError">
      <![CDATA[java.lang.AssertionError: expected [true] but found [false]
at org.testng.Assert.fail(Assert.java:99)
at org.testng.Assert.failNotEquals(Assert.java:1037)
at org.testng.Assert.assertTrue(Assert.java:45)
at org.testng.Assert.assertTrue(Assert.java:55)
at testCases.TC_002_WalidacjaNiepoprawnejRejestracji_TDD.WalidacjaRejestracji_TDD(TC_002_WalidacjaNiepoprawnejRejestracji_TDD.java:40)
at java.base/jdk.internal.reflect.NativeMethodAccessorImpl.invoke0(Native Method)
at java.base/jdk.internal.reflect.NativeMethodAccessorImpl.invoke(NativeMethodAccessorImpl.java:77)
at java.base/jdk.internal.reflect.DelegatingMethodAccessorImpl.invoke(DelegatingMethodAccessorImpl.java:43)
at java.base/java.lang.reflect.Method.invoke(Method.java:568)
at org.testng.internal.MethodInvocationHelper.invokeMethod(MethodInvocationHelper.java:133)
at org.testng.internal.TestInvoker.invokeMethod(TestInvoker.java:598)
at org.testng.internal.TestInvoker.invokeTestMethod(TestInvoker.java:173)
at org.testng.internal.MethodRunner.runInSequence(MethodRunner.java:46)
at org.testng.internal.TestInvoker$MethodInvocationAgent.invoke(TestInvoker.java:824)
at org.testng.internal.TestInvoker.invokeTestMethods(TestInvoker.java:146)
at org.testng.internal.TestMethodWorker.invokeTestMethods(TestMethodWorker.java:146)
at org.testng.internal.TestMethodWorker.run(TestMethodWorker.java:128)
at java.base/java.util.ArrayList.forEach(ArrayList.java:1511)
at org.testng.TestRunner.privateRun(TestRunner.java:794)
at org.testng.TestRunner.run(TestRunner.java:596)
at org.testng.SuiteRunner.runTest(SuiteRunner.java:377)
at org.testng.SuiteRunner.runSequentially(SuiteRunner.java:371)
at org.testng.SuiteRunner.privateRun(SuiteRunner.java:332)
at org.testng.SuiteRunner.run(SuiteRunner.java:276)
at org.testng.SuiteRunnerWorker.runSuite(SuiteRunnerWorker.java:53)
at org.testng.SuiteRunnerWorker.run(SuiteRunnerWorker.java:96)
at org.testng.TestNG.runSuitesSequentially(TestNG.java:1212)
at org.testng.TestNG.runSuitesLocally(TestNG.java:1134)
at org.testng.TestNG.runSuites(TestNG.java:1063)
at org.testng.TestNG.run(TestNG.java:1031)
at org.testng.remote.AbstractRemoteTestNG.run(AbstractRemoteTestNG.java:115)
at org.testng.remote.RemoteTestNG.initAndRun(RemoteTestNG.java:293)
at org.testng.remote.RemoteTestNG.main(RemoteTestNG.java:91)
]]>
    </failure>
  </testcase> <!-- WalidacjaRejestracji_TDD -->
  <system-out/>
  <testcase classname="testCases.TC_002_WalidacjaNiepoprawnejRejestracji_TDD" name="WalidacjaRejestracji_TDD" time="9.926"/>
  <system-out/>
  <testcase classname="testCases.TC_002_WalidacjaNiepoprawnejRejestracji_TDD" name="WalidacjaRejestracji_TDD" time="9.902"/>
  <system-out/>
  <testcase classname="testCases.TC_002_WalidacjaNiepoprawnejRejestracji_TDD" name="WalidacjaRejestracji_TDD" time="9.858"/>
  <system-out/>
  <testcase classname="testCases.TC_002_WalidacjaNiepoprawnejRejestracji_TDD" name="WalidacjaRejestracji_TDD" time="9.747"/>
  <system-out/>
  <testcase classname="testCases.TC_002_WalidacjaNiepoprawnejRejestracji_TDD" name="WalidacjaRejestracji_TDD" time="9.797"/>
  <system-out/>
  <testcase classname="testCases.TC_002_WalidacjaNiepoprawnejRejestracji_TDD" name="WalidacjaRejestracji_TDD" time="6.248">
    <failure message="expected [true] but found [false]" type="java.lang.AssertionError">
      <![CDATA[java.lang.AssertionError: expected [true] but found [false]
at org.testng.Assert.fail(Assert.java:99)
at org.testng.Assert.failNotEquals(Assert.java:1037)
at org.testng.Assert.assertTrue(Assert.java:45)
at org.testng.Assert.assertTrue(Assert.java:55)
at testCases.TC_002_WalidacjaNiepoprawnejRejestracji_TDD.WalidacjaRejestracji_TDD(TC_002_WalidacjaNiepoprawnejRejestracji_TDD.java:40)
at java.base/jdk.internal.reflect.NativeMethodAccessorImpl.invoke0(Native Method)
at java.base/jdk.internal.reflect.NativeMethodAccessorImpl.invoke(NativeMethodAccessorImpl.java:77)
at java.base/jdk.internal.reflect.DelegatingMethodAccessorImpl.invoke(DelegatingMethodAccessorImpl.java:43)
at java.base/java.lang.reflect.Method.invoke(Method.java:568)
at org.testng.internal.MethodInvocationHelper.invokeMethod(MethodInvocationHelper.java:133)
at org.testng.internal.TestInvoker.invokeMethod(TestInvoker.java:598)
at org.testng.internal.TestInvoker.invokeTestMethod(TestInvoker.java:173)
at org.testng.internal.MethodRunner.runInSequence(MethodRunner.java:46)
at org.testng.internal.TestInvoker$MethodInvocationAgent.invoke(TestInvoker.java:824)
at org.testng.internal.TestInvoker.invokeTestMethods(TestInvoker.java:146)
at org.testng.internal.TestMethodWorker.invokeTestMethods(TestMethodWorker.java:146)
at org.testng.internal.TestMethodWorker.run(TestMethodWorker.java:128)
at java.base/java.util.ArrayList.forEach(ArrayList.java:1511)
at org.testng.TestRunner.privateRun(TestRunner.java:794)
at org.testng.TestRunner.run(TestRunner.java:596)
at org.testng.SuiteRunner.runTest(SuiteRunner.java:377)
at org.testng.SuiteRunner.runSequentially(SuiteRunner.java:371)
at org.testng.SuiteRunner.privateRun(SuiteRunner.java:332)
at org.testng.SuiteRunner.run(SuiteRunner.java:276)
at org.testng.SuiteRunnerWorker.runSuite(SuiteRunnerWorker.java:53)
at org.testng.SuiteRunnerWorker.run(SuiteRunnerWorker.java:96)
at org.testng.TestNG.runSuitesSequentially(TestNG.java:1212)
at org.testng.TestNG.runSuitesLocally(TestNG.java:1134)
at org.testng.TestNG.runSuites(TestNG.java:1063)
at org.testng.TestNG.run(TestNG.java:1031)
at org.testng.remote.AbstractRemoteTestNG.run(AbstractRemoteTestNG.java:115)
at org.testng.remote.RemoteTestNG.initAndRun(RemoteTestNG.java:293)
at org.testng.remote.RemoteTestNG.main(RemoteTestNG.java:91)
]]>
    </failure>
  </testcase> <!-- WalidacjaRejestracji_TDD -->
  <system-out/>
  <testcase classname="testCases.TC_002_WalidacjaNiepoprawnejRejestracji_TDD" name="WalidacjaRejestracji_TDD" time="9.775"/>
  <system-out/>
  <testcase classname="testCases.TC_002_WalidacjaNiepoprawnejRejestracji_TDD" name="WalidacjaRejestracji_TDD" time="9.644"/>
  <system-out/>
  <testcase classname="testCases.TC_002_WalidacjaNiepoprawnejRejestracji_TDD" name="WalidacjaRejestracji_TDD" time="9.779"/>
  <system-out/>
  <testcase classname="testCases.TC_002_WalidacjaNiepoprawnejRejestracji_TDD" name="WalidacjaRejestracji_TDD" time="9.955"/>
  <system-out/>
  <testcase classname="testCases.TC_002_WalidacjaNiepoprawnejRejestracji_TDD" name="WalidacjaRejestracji_TDD" time="10.001"/>
  <system-out/>
  <testcase classname="testCases.TC_002_WalidacjaNiepoprawnejRejestracji_TDD" name="WalidacjaRejestracji_TDD" time="10.323"/>
  <system-out/>
  <testcase classname="testCases.TC_002_WalidacjaNiepoprawnejRejestracji_TDD" name="WalidacjaRejestracji_TDD" time="6.181">
    <failure message="expected [true] but found [false]" type="java.lang.AssertionError">
      <![CDATA[java.lang.AssertionError: expected [true] but found [false]
at org.testng.Assert.fail(Assert.java:99)
at org.testng.Assert.failNotEquals(Assert.java:1037)
at org.testng.Assert.assertTrue(Assert.java:45)
at org.testng.Assert.assertTrue(Assert.java:55)
at testCases.TC_002_WalidacjaNiepoprawnejRejestracji_TDD.WalidacjaRejestracji_TDD(TC_002_WalidacjaNiepoprawnejRejestracji_TDD.java:40)
at java.base/jdk.internal.reflect.NativeMethodAccessorImpl.invoke0(Native Method)
at java.base/jdk.internal.reflect.NativeMethodAccessorImpl.invoke(NativeMethodAccessorImpl.java:77)
at java.base/jdk.internal.reflect.DelegatingMethodAccessorImpl.invoke(DelegatingMethodAccessorImpl.java:43)
at java.base/java.lang.reflect.Method.invoke(Method.java:568)
at org.testng.internal.MethodInvocationHelper.invokeMethod(MethodInvocationHelper.java:133)
at org.testng.internal.TestInvoker.invokeMethod(TestInvoker.java:598)
at org.testng.internal.TestInvoker.invokeTestMethod(TestInvoker.java:173)
at org.testng.internal.MethodRunner.runInSequence(MethodRunner.java:46)
at org.testng.internal.TestInvoker$MethodInvocationAgent.invoke(TestInvoker.java:824)
at org.testng.internal.TestInvoker.invokeTestMethods(TestInvoker.java:146)
at org.testng.internal.TestMethodWorker.invokeTestMethods(TestMethodWorker.java:146)
at org.testng.internal.TestMethodWorker.run(TestMethodWorker.java:128)
at java.base/java.util.ArrayList.forEach(ArrayList.java:1511)
at org.testng.TestRunner.privateRun(TestRunner.java:794)
at org.testng.TestRunner.run(TestRunner.java:596)
at org.testng.SuiteRunner.runTest(SuiteRunner.java:377)
at org.testng.SuiteRunner.runSequentially(SuiteRunner.java:371)
at org.testng.SuiteRunner.privateRun(SuiteRunner.java:332)
at org.testng.SuiteRunner.run(SuiteRunner.java:276)
at org.testng.SuiteRunnerWorker.runSuite(SuiteRunnerWorker.java:53)
at org.testng.SuiteRunnerWorker.run(SuiteRunnerWorker.java:96)
at org.testng.TestNG.runSuitesSequentially(TestNG.java:1212)
at org.testng.TestNG.runSuitesLocally(TestNG.java:1134)
at org.testng.TestNG.runSuites(TestNG.java:1063)
at org.testng.TestNG.run(TestNG.java:1031)
at org.testng.remote.AbstractRemoteTestNG.run(AbstractRemoteTestNG.java:115)
at org.testng.remote.RemoteTestNG.initAndRun(RemoteTestNG.java:293)
at org.testng.remote.RemoteTestNG.main(RemoteTestNG.java:91)
]]>
    </failure>
  </testcase> <!-- WalidacjaRejestracji_TDD -->
  <system-out/>
  <testcase classname="testCases.TC_002_WalidacjaNiepoprawnejRejestracji_TDD" name="WalidacjaRejestracji_TDD" time="10.107"/>
  <system-out/>
  <testcase classname="testCases.TC_002_WalidacjaNiepoprawnejRejestracji_TDD" name="WalidacjaRejestracji_TDD" time="9.935"/>
  <system-out/>
  <testcase classname="testCases.TC_002_WalidacjaNiepoprawnejRejestracji_TDD" name="WalidacjaRejestracji_TDD" time="9.965"/>
  <system-out/>
  <testcase classname="testCases.TC_002_WalidacjaNiepoprawnejRejestracji_TDD" name="WalidacjaRejestracji_TDD" time="9.732"/>
  <system-out/>
  <testcase classname="testCases.TC_002_WalidacjaNiepoprawnejRejestracji_TDD" name="WalidacjaRejestracji_TDD" time="9.802"/>
  <system-out/>
  <testcase classname="testCases.TC_002_WalidacjaNiepoprawnejRejestracji_TDD" name="WalidacjaRejestracji_TDD" time="10.040"/>
  <system-out/>
  <testcase classname="testCases.TC_002_WalidacjaNiepoprawnejRejestracji_TDD" name="WalidacjaRejestracji_TDD" time="6.230">
    <failure message="expected [true] but found [false]" type="java.lang.AssertionError">
      <![CDATA[java.lang.AssertionError: expected [true] but found [false]
at org.testng.Assert.fail(Assert.java:99)
at org.testng.Assert.failNotEquals(Assert.java:1037)
at org.testng.Assert.assertTrue(Assert.java:45)
at org.testng.Assert.assertTrue(Assert.java:55)
at testCases.TC_002_WalidacjaNiepoprawnejRejestracji_TDD.WalidacjaRejestracji_TDD(TC_002_WalidacjaNiepoprawnejRejestracji_TDD.java:40)
at java.base/jdk.internal.reflect.NativeMethodAccessorImpl.invoke0(Native Method)
at java.base/jdk.internal.reflect.NativeMethodAccessorImpl.invoke(NativeMethodAccessorImpl.java:77)
at java.base/jdk.internal.reflect.DelegatingMethodAccessorImpl.invoke(DelegatingMethodAccessorImpl.java:43)
at java.base/java.lang.reflect.Method.invoke(Method.java:568)
at org.testng.internal.MethodInvocationHelper.invokeMethod(MethodInvocationHelper.java:133)
at org.testng.internal.TestInvoker.invokeMethod(TestInvoker.java:598)
at org.testng.internal.TestInvoker.invokeTestMethod(TestInvoker.java:173)
at org.testng.internal.MethodRunner.runInSequence(MethodRunner.java:46)
at org.testng.internal.TestInvoker$MethodInvocationAgent.invoke(TestInvoker.java:824)
at org.testng.internal.TestInvoker.invokeTestMethods(TestInvoker.java:146)
at org.testng.internal.TestMethodWorker.invokeTestMethods(TestMethodWorker.java:146)
at org.testng.internal.TestMethodWorker.run(TestMethodWorker.java:128)
at java.base/java.util.ArrayList.forEach(ArrayList.java:1511)
at org.testng.TestRunner.privateRun(TestRunner.java:794)
at org.testng.TestRunner.run(TestRunner.java:596)
at org.testng.SuiteRunner.runTest(SuiteRunner.java:377)
at org.testng.SuiteRunner.runSequentially(SuiteRunner.java:371)
at org.testng.SuiteRunner.privateRun(SuiteRunner.java:332)
at org.testng.SuiteRunner.run(SuiteRunner.java:276)
at org.testng.SuiteRunnerWorker.runSuite(SuiteRunnerWorker.java:53)
at org.testng.SuiteRunnerWorker.run(SuiteRunnerWorker.java:96)
at org.testng.TestNG.runSuitesSequentially(TestNG.java:1212)
at org.testng.TestNG.runSuitesLocally(TestNG.java:1134)
at org.testng.TestNG.runSuites(TestNG.java:1063)
at org.testng.TestNG.run(TestNG.java:1031)
at org.testng.remote.AbstractRemoteTestNG.run(AbstractRemoteTestNG.java:115)
at org.testng.remote.RemoteTestNG.initAndRun(RemoteTestNG.java:293)
at org.testng.remote.RemoteTestNG.main(RemoteTestNG.java:91)
]]>
    </failure>
  </testcase> <!-- WalidacjaRejestracji_TDD -->
  <system-out/>
  <testcase classname="testCases.TC_002_WalidacjaNiepoprawnejRejestracji_TDD" name="WalidacjaRejestracji_TDD" time="9.966"/>
  <system-out/>
  <testcase classname="testCases.TC_002_WalidacjaNiepoprawnejRejestracji_TDD" name="WalidacjaRejestracji_TDD" time="9.773"/>
  <system-out/>
  <testcase classname="testCases.TC_002_WalidacjaNiepoprawnejRejestracji_TDD" name="WalidacjaRejestracji_TDD" time="10.061"/>
  <system-out/>
  <testcase classname="testCases.TC_002_WalidacjaNiepoprawnejRejestracji_TDD" name="WalidacjaRejestracji_TDD" time="9.900"/>
  <system-out/>
  <testcase classname="testCases.TC_002_WalidacjaNiepoprawnejRejestracji_TDD" name="WalidacjaRejestracji_TDD" time="9.754"/>
  <system-out/>
  <testcase classname="testCases.TC_002_WalidacjaNiepoprawnejRejestracji_TDD" name="WalidacjaRejestracji_TDD" time="10.093"/>
  <system-out/>
  <testcase classname="testCases.TC_002_WalidacjaNiepoprawnejRejestracji_TDD" name="WalidacjaRejestracji_TDD" time="6.264">
    <failure message="expected [true] but found [false]" type="java.lang.AssertionError">
      <![CDATA[java.lang.AssertionError: expected [true] but found [false]
at org.testng.Assert.fail(Assert.java:99)
at org.testng.Assert.failNotEquals(Assert.java:1037)
at org.testng.Assert.assertTrue(Assert.java:45)
at org.testng.Assert.assertTrue(Assert.java:55)
at testCases.TC_002_WalidacjaNiepoprawnejRejestracji_TDD.WalidacjaRejestracji_TDD(TC_002_WalidacjaNiepoprawnejRejestracji_TDD.java:40)
at java.base/jdk.internal.reflect.NativeMethodAccessorImpl.invoke0(Native Method)
at java.base/jdk.internal.reflect.NativeMethodAccessorImpl.invoke(NativeMethodAccessorImpl.java:77)
at java.base/jdk.internal.reflect.DelegatingMethodAccessorImpl.invoke(DelegatingMethodAccessorImpl.java:43)
at java.base/java.lang.reflect.Method.invoke(Method.java:568)
at org.testng.internal.MethodInvocationHelper.invokeMethod(MethodInvocationHelper.java:133)
at org.testng.internal.TestInvoker.invokeMethod(TestInvoker.java:598)
at org.testng.internal.TestInvoker.invokeTestMethod(TestInvoker.java:173)
at org.testng.internal.MethodRunner.runInSequence(MethodRunner.java:46)
at org.testng.internal.TestInvoker$MethodInvocationAgent.invoke(TestInvoker.java:824)
at org.testng.internal.TestInvoker.invokeTestMethods(TestInvoker.java:146)
at org.testng.internal.TestMethodWorker.invokeTestMethods(TestMethodWorker.java:146)
at org.testng.internal.TestMethodWorker.run(TestMethodWorker.java:128)
at java.base/java.util.ArrayList.forEach(ArrayList.java:1511)
at org.testng.TestRunner.privateRun(TestRunner.java:794)
at org.testng.TestRunner.run(TestRunner.java:596)
at org.testng.SuiteRunner.runTest(SuiteRunner.java:377)
at org.testng.SuiteRunner.runSequentially(SuiteRunner.java:371)
at org.testng.SuiteRunner.privateRun(SuiteRunner.java:332)
at org.testng.SuiteRunner.run(SuiteRunner.java:276)
at org.testng.SuiteRunnerWorker.runSuite(SuiteRunnerWorker.java:53)
at org.testng.SuiteRunnerWorker.run(SuiteRunnerWorker.java:96)
at org.testng.TestNG.runSuitesSequentially(TestNG.java:1212)
at org.testng.TestNG.runSuitesLocally(TestNG.java:1134)
at org.testng.TestNG.runSuites(TestNG.java:1063)
at org.testng.TestNG.run(TestNG.java:1031)
at org.testng.remote.AbstractRemoteTestNG.run(AbstractRemoteTestNG.java:115)
at org.testng.remote.RemoteTestNG.initAndRun(RemoteTestNG.java:293)
at org.testng.remote.RemoteTestNG.main(RemoteTestNG.java:91)
]]>
    </failure>
  </testcase> <!-- WalidacjaRejestracji_TDD -->
  <system-out/>
</testsuite> <!-- testCases.TC_002_WalidacjaNiepoprawnejRejestracji_TDD -->
