<?xml version="1.0" encoding="UTF-8"?>
<!-- Generated by org.testng.reporters.JUnitReportReporter -->
<testsuite hostname="DESKTOP-5OD0AA6" failures="6" tests="33" name="testCases.TC_219_WalidacjaZakładkiEdytujInformacjeKontaTDD_MainAccountPage" time="251.439" errors="0" timestamp="2024-11-05T18:31:49 CET" skipped="0">
  <testcase classname="testCases.TC_219_WalidacjaZakładkiEdytujInformacjeKontaTDD_MainAccountPage" name="WalidacjaZakładkiEdytujInformacjeKontaTDD_MainAccountPage" time="6.581">
    <failure message="null" type="java.lang.AssertionError">
      <![CDATA[java.lang.AssertionError: null
at org.testng.Assert.fail(Assert.java:111)
at org.testng.Assert.fail(Assert.java:116)
at testCases.TC_219_WalidacjaZakładkiEdytujInformacjeKontaTDD_MainAccountPage.WalidacjaZakładkiEdytujInformacjeKontaTDD_MainAccountPage(TC_219_WalidacjaZakładkiEdytujInformacjeKontaTDD_MainAccountPage.java:55)
at java.base/jdk.internal.reflect.DirectMethodHandleAccessor.invoke(DirectMethodHandleAccessor.java:103)
at java.base/java.lang.reflect.Method.invoke(Method.java:580)
at org.testng.internal.invokers.MethodInvocationHelper.invokeMethod(MethodInvocationHelper.java:141)
at org.testng.internal.invokers.TestInvoker.invokeMethod(TestInvoker.java:686)
at org.testng.internal.invokers.TestInvoker.invokeTestMethod(TestInvoker.java:230)
at org.testng.internal.invokers.MethodRunner.runInSequence(MethodRunner.java:63)
at org.testng.internal.invokers.TestInvoker$MethodInvocationAgent.invoke(TestInvoker.java:992)
at org.testng.internal.invokers.TestInvoker.invokeTestMethods(TestInvoker.java:203)
at org.testng.internal.invokers.TestMethodWorker.invokeTestMethods(TestMethodWorker.java:154)
at org.testng.internal.invokers.TestMethodWorker.run(TestMethodWorker.java:134)
at java.base/java.util.ArrayList.forEach(ArrayList.java:1597)
at org.testng.TestRunner.privateRun(TestRunner.java:739)
at org.testng.TestRunner.run(TestRunner.java:614)
at org.testng.SuiteRunner.runTest(SuiteRunner.java:421)
at org.testng.SuiteRunner.runSequentially(SuiteRunner.java:413)
at org.testng.SuiteRunner.privateRun(SuiteRunner.java:373)
at org.testng.SuiteRunner.run(SuiteRunner.java:312)
at org.testng.SuiteRunnerWorker.runSuite(SuiteRunnerWorker.java:52)
at org.testng.SuiteRunnerWorker.run(SuiteRunnerWorker.java:95)
at org.testng.TestNG.runSuitesSequentially(TestNG.java:1274)
at org.testng.TestNG.runSuitesLocally(TestNG.java:1208)
at org.testng.TestNG.runSuites(TestNG.java:1112)
at org.testng.TestNG.run(TestNG.java:1079)
at org.apache.maven.surefire.testng.TestNGExecutor.run(TestNGExecutor.java:308)
at org.apache.maven.surefire.testng.TestNGXmlTestSuite.execute(TestNGXmlTestSuite.java:71)
at org.apache.maven.surefire.testng.TestNGProvider.invoke(TestNGProvider.java:113)
at org.apache.maven.surefire.booter.ForkedBooter.runSuitesInProcess(ForkedBooter.java:385)
at org.apache.maven.surefire.booter.ForkedBooter.execute(ForkedBooter.java:162)
at org.apache.maven.surefire.booter.ForkedBooter.run(ForkedBooter.java:507)
at org.apache.maven.surefire.booter.ForkedBooter.main(ForkedBooter.java:495)
]]>
    </failure>
  </testcase> <!-- WalidacjaZakładkiEdytujInformacjeKontaTDD_MainAccountPage -->
  <testcase classname="testCases.TC_219_WalidacjaZakładkiEdytujInformacjeKontaTDD_MainAccountPage" name="WalidacjaZakładkiEdytujInformacjeKontaTDD_MainAccountPage" time="4.777"/>
  <testcase classname="testCases.TC_219_WalidacjaZakładkiEdytujInformacjeKontaTDD_MainAccountPage" name="WalidacjaZakładkiEdytujInformacjeKontaTDD_MainAccountPage" time="6.547">
    <failure message="null" type="java.lang.AssertionError">
      <![CDATA[java.lang.AssertionError: null
at org.testng.Assert.fail(Assert.java:111)
at org.testng.Assert.fail(Assert.java:116)
at testCases.TC_219_WalidacjaZakładkiEdytujInformacjeKontaTDD_MainAccountPage.WalidacjaZakładkiEdytujInformacjeKontaTDD_MainAccountPage(TC_219_WalidacjaZakładkiEdytujInformacjeKontaTDD_MainAccountPage.java:55)
at java.base/jdk.internal.reflect.DirectMethodHandleAccessor.invoke(DirectMethodHandleAccessor.java:103)
at java.base/java.lang.reflect.Method.invoke(Method.java:580)
at org.testng.internal.invokers.MethodInvocationHelper.invokeMethod(MethodInvocationHelper.java:141)
at org.testng.internal.invokers.TestInvoker.invokeMethod(TestInvoker.java:686)
at org.testng.internal.invokers.TestInvoker.invokeTestMethod(TestInvoker.java:230)
at org.testng.internal.invokers.MethodRunner.runInSequence(MethodRunner.java:63)
at org.testng.internal.invokers.TestInvoker$MethodInvocationAgent.invoke(TestInvoker.java:992)
at org.testng.internal.invokers.TestInvoker.invokeTestMethods(TestInvoker.java:203)
at org.testng.internal.invokers.TestMethodWorker.invokeTestMethods(TestMethodWorker.java:154)
at org.testng.internal.invokers.TestMethodWorker.run(TestMethodWorker.java:134)
at java.base/java.util.ArrayList.forEach(ArrayList.java:1597)
at org.testng.TestRunner.privateRun(TestRunner.java:739)
at org.testng.TestRunner.run(TestRunner.java:614)
at org.testng.SuiteRunner.runTest(SuiteRunner.java:421)
at org.testng.SuiteRunner.runSequentially(SuiteRunner.java:413)
at org.testng.SuiteRunner.privateRun(SuiteRunner.java:373)
at org.testng.SuiteRunner.run(SuiteRunner.java:312)
at org.testng.SuiteRunnerWorker.runSuite(SuiteRunnerWorker.java:52)
at org.testng.SuiteRunnerWorker.run(SuiteRunnerWorker.java:95)
at org.testng.TestNG.runSuitesSequentially(TestNG.java:1274)
at org.testng.TestNG.runSuitesLocally(TestNG.java:1208)
at org.testng.TestNG.runSuites(TestNG.java:1112)
at org.testng.TestNG.run(TestNG.java:1079)
at org.apache.maven.surefire.testng.TestNGExecutor.run(TestNGExecutor.java:308)
at org.apache.maven.surefire.testng.TestNGXmlTestSuite.execute(TestNGXmlTestSuite.java:71)
at org.apache.maven.surefire.testng.TestNGProvider.invoke(TestNGProvider.java:113)
at org.apache.maven.surefire.booter.ForkedBooter.runSuitesInProcess(ForkedBooter.java:385)
at org.apache.maven.surefire.booter.ForkedBooter.execute(ForkedBooter.java:162)
at org.apache.maven.surefire.booter.ForkedBooter.run(ForkedBooter.java:507)
at org.apache.maven.surefire.booter.ForkedBooter.main(ForkedBooter.java:495)
]]>
    </failure>
  </testcase> <!-- WalidacjaZakładkiEdytujInformacjeKontaTDD_MainAccountPage -->
  <testcase classname="testCases.TC_219_WalidacjaZakładkiEdytujInformacjeKontaTDD_MainAccountPage" name="WalidacjaZakładkiEdytujInformacjeKontaTDD_MainAccountPage" time="9.006"/>
  <testcase classname="testCases.TC_219_WalidacjaZakładkiEdytujInformacjeKontaTDD_MainAccountPage" name="WalidacjaZakładkiEdytujInformacjeKontaTDD_MainAccountPage" time="6.726">
    <failure message="null" type="java.lang.AssertionError">
      <![CDATA[java.lang.AssertionError: null
at org.testng.Assert.fail(Assert.java:111)
at org.testng.Assert.fail(Assert.java:116)
at testCases.TC_219_WalidacjaZakładkiEdytujInformacjeKontaTDD_MainAccountPage.WalidacjaZakładkiEdytujInformacjeKontaTDD_MainAccountPage(TC_219_WalidacjaZakładkiEdytujInformacjeKontaTDD_MainAccountPage.java:55)
at java.base/jdk.internal.reflect.DirectMethodHandleAccessor.invoke(DirectMethodHandleAccessor.java:103)
at java.base/java.lang.reflect.Method.invoke(Method.java:580)
at org.testng.internal.invokers.MethodInvocationHelper.invokeMethod(MethodInvocationHelper.java:141)
at org.testng.internal.invokers.TestInvoker.invokeMethod(TestInvoker.java:686)
at org.testng.internal.invokers.TestInvoker.invokeTestMethod(TestInvoker.java:230)
at org.testng.internal.invokers.MethodRunner.runInSequence(MethodRunner.java:63)
at org.testng.internal.invokers.TestInvoker$MethodInvocationAgent.invoke(TestInvoker.java:992)
at org.testng.internal.invokers.TestInvoker.invokeTestMethods(TestInvoker.java:203)
at org.testng.internal.invokers.TestMethodWorker.invokeTestMethods(TestMethodWorker.java:154)
at org.testng.internal.invokers.TestMethodWorker.run(TestMethodWorker.java:134)
at java.base/java.util.ArrayList.forEach(ArrayList.java:1597)
at org.testng.TestRunner.privateRun(TestRunner.java:739)
at org.testng.TestRunner.run(TestRunner.java:614)
at org.testng.SuiteRunner.runTest(SuiteRunner.java:421)
at org.testng.SuiteRunner.runSequentially(SuiteRunner.java:413)
at org.testng.SuiteRunner.privateRun(SuiteRunner.java:373)
at org.testng.SuiteRunner.run(SuiteRunner.java:312)
at org.testng.SuiteRunnerWorker.runSuite(SuiteRunnerWorker.java:52)
at org.testng.SuiteRunnerWorker.run(SuiteRunnerWorker.java:95)
at org.testng.TestNG.runSuitesSequentially(TestNG.java:1274)
at org.testng.TestNG.runSuitesLocally(TestNG.java:1208)
at org.testng.TestNG.runSuites(TestNG.java:1112)
at org.testng.TestNG.run(TestNG.java:1079)
at org.apache.maven.surefire.testng.TestNGExecutor.run(TestNGExecutor.java:308)
at org.apache.maven.surefire.testng.TestNGXmlTestSuite.execute(TestNGXmlTestSuite.java:71)
at org.apache.maven.surefire.testng.TestNGProvider.invoke(TestNGProvider.java:113)
at org.apache.maven.surefire.booter.ForkedBooter.runSuitesInProcess(ForkedBooter.java:385)
at org.apache.maven.surefire.booter.ForkedBooter.execute(ForkedBooter.java:162)
at org.apache.maven.surefire.booter.ForkedBooter.run(ForkedBooter.java:507)
at org.apache.maven.surefire.booter.ForkedBooter.main(ForkedBooter.java:495)
]]>
    </failure>
  </testcase> <!-- WalidacjaZakładkiEdytujInformacjeKontaTDD_MainAccountPage -->
  <testcase classname="testCases.TC_219_WalidacjaZakładkiEdytujInformacjeKontaTDD_MainAccountPage" name="WalidacjaZakładkiEdytujInformacjeKontaTDD_MainAccountPage" time="8.086"/>
  <testcase classname="testCases.TC_219_WalidacjaZakładkiEdytujInformacjeKontaTDD_MainAccountPage" name="WalidacjaZakładkiEdytujInformacjeKontaTDD_MainAccountPage" time="8.931"/>
  <testcase classname="testCases.TC_219_WalidacjaZakładkiEdytujInformacjeKontaTDD_MainAccountPage" name="WalidacjaZakładkiEdytujInformacjeKontaTDD_MainAccountPage" time="4.099"/>
  <testcase classname="testCases.TC_219_WalidacjaZakładkiEdytujInformacjeKontaTDD_MainAccountPage" name="WalidacjaZakładkiEdytujInformacjeKontaTDD_MainAccountPage" time="4.145"/>
  <testcase classname="testCases.TC_219_WalidacjaZakładkiEdytujInformacjeKontaTDD_MainAccountPage" name="WalidacjaZakładkiEdytujInformacjeKontaTDD_MainAccountPage" time="8.153"/>
  <testcase classname="testCases.TC_219_WalidacjaZakładkiEdytujInformacjeKontaTDD_MainAccountPage" name="WalidacjaZakładkiEdytujInformacjeKontaTDD_MainAccountPage" time="9.078"/>
  <testcase classname="testCases.TC_219_WalidacjaZakładkiEdytujInformacjeKontaTDD_MainAccountPage" name="WalidacjaZakładkiEdytujInformacjeKontaTDD_MainAccountPage" time="8.563"/>
  <testcase classname="testCases.TC_219_WalidacjaZakładkiEdytujInformacjeKontaTDD_MainAccountPage" name="WalidacjaZakładkiEdytujInformacjeKontaTDD_MainAccountPage" time="9.536"/>
  <testcase classname="testCases.TC_219_WalidacjaZakładkiEdytujInformacjeKontaTDD_MainAccountPage" name="WalidacjaZakładkiEdytujInformacjeKontaTDD_MainAccountPage" time="8.667"/>
  <testcase classname="testCases.TC_219_WalidacjaZakładkiEdytujInformacjeKontaTDD_MainAccountPage" name="WalidacjaZakładkiEdytujInformacjeKontaTDD_MainAccountPage" time="4.293"/>
  <testcase classname="testCases.TC_219_WalidacjaZakładkiEdytujInformacjeKontaTDD_MainAccountPage" name="WalidacjaZakładkiEdytujInformacjeKontaTDD_MainAccountPage" time="8.642"/>
  <testcase classname="testCases.TC_219_WalidacjaZakładkiEdytujInformacjeKontaTDD_MainAccountPage" name="WalidacjaZakładkiEdytujInformacjeKontaTDD_MainAccountPage" time="7.773">
    <failure message="null" type="java.lang.AssertionError">
      <![CDATA[java.lang.AssertionError: null
at org.testng.Assert.fail(Assert.java:111)
at org.testng.Assert.fail(Assert.java:116)
at testCases.TC_219_WalidacjaZakładkiEdytujInformacjeKontaTDD_MainAccountPage.WalidacjaZakładkiEdytujInformacjeKontaTDD_MainAccountPage(TC_219_WalidacjaZakładkiEdytujInformacjeKontaTDD_MainAccountPage.java:55)
at java.base/jdk.internal.reflect.DirectMethodHandleAccessor.invoke(DirectMethodHandleAccessor.java:103)
at java.base/java.lang.reflect.Method.invoke(Method.java:580)
at org.testng.internal.invokers.MethodInvocationHelper.invokeMethod(MethodInvocationHelper.java:141)
at org.testng.internal.invokers.TestInvoker.invokeMethod(TestInvoker.java:686)
at org.testng.internal.invokers.TestInvoker.invokeTestMethod(TestInvoker.java:230)
at org.testng.internal.invokers.MethodRunner.runInSequence(MethodRunner.java:63)
at org.testng.internal.invokers.TestInvoker$MethodInvocationAgent.invoke(TestInvoker.java:992)
at org.testng.internal.invokers.TestInvoker.invokeTestMethods(TestInvoker.java:203)
at org.testng.internal.invokers.TestMethodWorker.invokeTestMethods(TestMethodWorker.java:154)
at org.testng.internal.invokers.TestMethodWorker.run(TestMethodWorker.java:134)
at java.base/java.util.ArrayList.forEach(ArrayList.java:1597)
at org.testng.TestRunner.privateRun(TestRunner.java:739)
at org.testng.TestRunner.run(TestRunner.java:614)
at org.testng.SuiteRunner.runTest(SuiteRunner.java:421)
at org.testng.SuiteRunner.runSequentially(SuiteRunner.java:413)
at org.testng.SuiteRunner.privateRun(SuiteRunner.java:373)
at org.testng.SuiteRunner.run(SuiteRunner.java:312)
at org.testng.SuiteRunnerWorker.runSuite(SuiteRunnerWorker.java:52)
at org.testng.SuiteRunnerWorker.run(SuiteRunnerWorker.java:95)
at org.testng.TestNG.runSuitesSequentially(TestNG.java:1274)
at org.testng.TestNG.runSuitesLocally(TestNG.java:1208)
at org.testng.TestNG.runSuites(TestNG.java:1112)
at org.testng.TestNG.run(TestNG.java:1079)
at org.apache.maven.surefire.testng.TestNGExecutor.run(TestNGExecutor.java:308)
at org.apache.maven.surefire.testng.TestNGXmlTestSuite.execute(TestNGXmlTestSuite.java:71)
at org.apache.maven.surefire.testng.TestNGProvider.invoke(TestNGProvider.java:113)
at org.apache.maven.surefire.booter.ForkedBooter.runSuitesInProcess(ForkedBooter.java:385)
at org.apache.maven.surefire.booter.ForkedBooter.execute(ForkedBooter.java:162)
at org.apache.maven.surefire.booter.ForkedBooter.run(ForkedBooter.java:507)
at org.apache.maven.surefire.booter.ForkedBooter.main(ForkedBooter.java:495)
]]>
    </failure>
  </testcase> <!-- WalidacjaZakładkiEdytujInformacjeKontaTDD_MainAccountPage -->
  <testcase classname="testCases.TC_219_WalidacjaZakładkiEdytujInformacjeKontaTDD_MainAccountPage" name="WalidacjaZakładkiEdytujInformacjeKontaTDD_MainAccountPage" time="6.687">
    <failure message="null" type="java.lang.AssertionError">
      <![CDATA[java.lang.AssertionError: null
at org.testng.Assert.fail(Assert.java:111)
at org.testng.Assert.fail(Assert.java:116)
at testCases.TC_219_WalidacjaZakładkiEdytujInformacjeKontaTDD_MainAccountPage.WalidacjaZakładkiEdytujInformacjeKontaTDD_MainAccountPage(TC_219_WalidacjaZakładkiEdytujInformacjeKontaTDD_MainAccountPage.java:55)
at java.base/jdk.internal.reflect.DirectMethodHandleAccessor.invoke(DirectMethodHandleAccessor.java:103)
at java.base/java.lang.reflect.Method.invoke(Method.java:580)
at org.testng.internal.invokers.MethodInvocationHelper.invokeMethod(MethodInvocationHelper.java:141)
at org.testng.internal.invokers.TestInvoker.invokeMethod(TestInvoker.java:686)
at org.testng.internal.invokers.TestInvoker.invokeTestMethod(TestInvoker.java:230)
at org.testng.internal.invokers.MethodRunner.runInSequence(MethodRunner.java:63)
at org.testng.internal.invokers.TestInvoker$MethodInvocationAgent.invoke(TestInvoker.java:992)
at org.testng.internal.invokers.TestInvoker.invokeTestMethods(TestInvoker.java:203)
at org.testng.internal.invokers.TestMethodWorker.invokeTestMethods(TestMethodWorker.java:154)
at org.testng.internal.invokers.TestMethodWorker.run(TestMethodWorker.java:134)
at java.base/java.util.ArrayList.forEach(ArrayList.java:1597)
at org.testng.TestRunner.privateRun(TestRunner.java:739)
at org.testng.TestRunner.run(TestRunner.java:614)
at org.testng.SuiteRunner.runTest(SuiteRunner.java:421)
at org.testng.SuiteRunner.runSequentially(SuiteRunner.java:413)
at org.testng.SuiteRunner.privateRun(SuiteRunner.java:373)
at org.testng.SuiteRunner.run(SuiteRunner.java:312)
at org.testng.SuiteRunnerWorker.runSuite(SuiteRunnerWorker.java:52)
at org.testng.SuiteRunnerWorker.run(SuiteRunnerWorker.java:95)
at org.testng.TestNG.runSuitesSequentially(TestNG.java:1274)
at org.testng.TestNG.runSuitesLocally(TestNG.java:1208)
at org.testng.TestNG.runSuites(TestNG.java:1112)
at org.testng.TestNG.run(TestNG.java:1079)
at org.apache.maven.surefire.testng.TestNGExecutor.run(TestNGExecutor.java:308)
at org.apache.maven.surefire.testng.TestNGXmlTestSuite.execute(TestNGXmlTestSuite.java:71)
at org.apache.maven.surefire.testng.TestNGProvider.invoke(TestNGProvider.java:113)
at org.apache.maven.surefire.booter.ForkedBooter.runSuitesInProcess(ForkedBooter.java:385)
at org.apache.maven.surefire.booter.ForkedBooter.execute(ForkedBooter.java:162)
at org.apache.maven.surefire.booter.ForkedBooter.run(ForkedBooter.java:507)
at org.apache.maven.surefire.booter.ForkedBooter.main(ForkedBooter.java:495)
]]>
    </failure>
  </testcase> <!-- WalidacjaZakładkiEdytujInformacjeKontaTDD_MainAccountPage -->
  <testcase classname="testCases.TC_219_WalidacjaZakładkiEdytujInformacjeKontaTDD_MainAccountPage" name="WalidacjaZakładkiEdytujInformacjeKontaTDD_MainAccountPage" time="8.185"/>
  <testcase classname="testCases.TC_219_WalidacjaZakładkiEdytujInformacjeKontaTDD_MainAccountPage" name="WalidacjaZakładkiEdytujInformacjeKontaTDD_MainAccountPage" time="3.546"/>
  <testcase classname="testCases.TC_219_WalidacjaZakładkiEdytujInformacjeKontaTDD_MainAccountPage" name="WalidacjaZakładkiEdytujInformacjeKontaTDD_MainAccountPage" time="7.133">
    <failure message="null" type="java.lang.AssertionError">
      <![CDATA[java.lang.AssertionError: null
at org.testng.Assert.fail(Assert.java:111)
at org.testng.Assert.fail(Assert.java:116)
at testCases.TC_219_WalidacjaZakładkiEdytujInformacjeKontaTDD_MainAccountPage.WalidacjaZakładkiEdytujInformacjeKontaTDD_MainAccountPage(TC_219_WalidacjaZakładkiEdytujInformacjeKontaTDD_MainAccountPage.java:55)
at java.base/jdk.internal.reflect.DirectMethodHandleAccessor.invoke(DirectMethodHandleAccessor.java:103)
at java.base/java.lang.reflect.Method.invoke(Method.java:580)
at org.testng.internal.invokers.MethodInvocationHelper.invokeMethod(MethodInvocationHelper.java:141)
at org.testng.internal.invokers.TestInvoker.invokeMethod(TestInvoker.java:686)
at org.testng.internal.invokers.TestInvoker.invokeTestMethod(TestInvoker.java:230)
at org.testng.internal.invokers.MethodRunner.runInSequence(MethodRunner.java:63)
at org.testng.internal.invokers.TestInvoker$MethodInvocationAgent.invoke(TestInvoker.java:992)
at org.testng.internal.invokers.TestInvoker.invokeTestMethods(TestInvoker.java:203)
at org.testng.internal.invokers.TestMethodWorker.invokeTestMethods(TestMethodWorker.java:154)
at org.testng.internal.invokers.TestMethodWorker.run(TestMethodWorker.java:134)
at java.base/java.util.ArrayList.forEach(ArrayList.java:1597)
at org.testng.TestRunner.privateRun(TestRunner.java:739)
at org.testng.TestRunner.run(TestRunner.java:614)
at org.testng.SuiteRunner.runTest(SuiteRunner.java:421)
at org.testng.SuiteRunner.runSequentially(SuiteRunner.java:413)
at org.testng.SuiteRunner.privateRun(SuiteRunner.java:373)
at org.testng.SuiteRunner.run(SuiteRunner.java:312)
at org.testng.SuiteRunnerWorker.runSuite(SuiteRunnerWorker.java:52)
at org.testng.SuiteRunnerWorker.run(SuiteRunnerWorker.java:95)
at org.testng.TestNG.runSuitesSequentially(TestNG.java:1274)
at org.testng.TestNG.runSuitesLocally(TestNG.java:1208)
at org.testng.TestNG.runSuites(TestNG.java:1112)
at org.testng.TestNG.run(TestNG.java:1079)
at org.apache.maven.surefire.testng.TestNGExecutor.run(TestNGExecutor.java:308)
at org.apache.maven.surefire.testng.TestNGXmlTestSuite.execute(TestNGXmlTestSuite.java:71)
at org.apache.maven.surefire.testng.TestNGProvider.invoke(TestNGProvider.java:113)
at org.apache.maven.surefire.booter.ForkedBooter.runSuitesInProcess(ForkedBooter.java:385)
at org.apache.maven.surefire.booter.ForkedBooter.execute(ForkedBooter.java:162)
at org.apache.maven.surefire.booter.ForkedBooter.run(ForkedBooter.java:507)
at org.apache.maven.surefire.booter.ForkedBooter.main(ForkedBooter.java:495)
]]>
    </failure>
  </testcase> <!-- WalidacjaZakładkiEdytujInformacjeKontaTDD_MainAccountPage -->
  <testcase classname="testCases.TC_219_WalidacjaZakładkiEdytujInformacjeKontaTDD_MainAccountPage" name="WalidacjaZakładkiEdytujInformacjeKontaTDD_MainAccountPage" time="8.645"/>
  <testcase classname="testCases.TC_219_WalidacjaZakładkiEdytujInformacjeKontaTDD_MainAccountPage" name="WalidacjaZakładkiEdytujInformacjeKontaTDD_MainAccountPage" time="8.736"/>
  <testcase classname="testCases.TC_219_WalidacjaZakładkiEdytujInformacjeKontaTDD_MainAccountPage" name="WalidacjaZakładkiEdytujInformacjeKontaTDD_MainAccountPage" time="8.557"/>
  <testcase classname="testCases.TC_219_WalidacjaZakładkiEdytujInformacjeKontaTDD_MainAccountPage" name="WalidacjaZakładkiEdytujInformacjeKontaTDD_MainAccountPage" time="8.816"/>
  <testcase classname="testCases.TC_219_WalidacjaZakładkiEdytujInformacjeKontaTDD_MainAccountPage" name="WalidacjaZakładkiEdytujInformacjeKontaTDD_MainAccountPage" time="9.249"/>
  <testcase classname="testCases.TC_219_WalidacjaZakładkiEdytujInformacjeKontaTDD_MainAccountPage" name="WalidacjaZakładkiEdytujInformacjeKontaTDD_MainAccountPage" time="8.802"/>
  <testcase classname="testCases.TC_219_WalidacjaZakładkiEdytujInformacjeKontaTDD_MainAccountPage" name="WalidacjaZakładkiEdytujInformacjeKontaTDD_MainAccountPage" time="5.326"/>
  <testcase classname="testCases.TC_219_WalidacjaZakładkiEdytujInformacjeKontaTDD_MainAccountPage" name="WalidacjaZakładkiEdytujInformacjeKontaTDD_MainAccountPage" time="8.748"/>
  <testcase classname="testCases.TC_219_WalidacjaZakładkiEdytujInformacjeKontaTDD_MainAccountPage" name="WalidacjaZakładkiEdytujInformacjeKontaTDD_MainAccountPage" time="8.645"/>
  <testcase classname="testCases.TC_219_WalidacjaZakładkiEdytujInformacjeKontaTDD_MainAccountPage" name="WalidacjaZakładkiEdytujInformacjeKontaTDD_MainAccountPage" time="9.172"/>
  <testcase classname="testCases.TC_219_WalidacjaZakładkiEdytujInformacjeKontaTDD_MainAccountPage" name="WalidacjaZakładkiEdytujInformacjeKontaTDD_MainAccountPage" time="8.858"/>
  <testcase classname="testCases.TC_219_WalidacjaZakładkiEdytujInformacjeKontaTDD_MainAccountPage" name="WalidacjaZakładkiEdytujInformacjeKontaTDD_MainAccountPage" time="8.731"/>
</testsuite> <!-- testCases.TC_219_WalidacjaZakładkiEdytujInformacjeKontaTDD_MainAccountPage -->
