<?xml version="1.0" encoding="UTF-8"?>
<!-- Generated by org.testng.reporters.JUnitReportReporter -->
<testsuite hostname="DESKTOP-5OD0AA6" failures="3" tests="27" name="testCases.TC_121_ValidationOfFunctionalityAdvanceSearchLink_TDD" time="138.527" errors="0" timestamp="2025-01-08T21:40:52 CET" skipped="0">
  <testcase classname="testCases.TC_121_ValidationOfFunctionalityAdvanceSearchLink_TDD" name="alidationOfFunctionalityAdvanceSearchLink_TDD" time="4.516"/>
  <testcase classname="testCases.TC_121_ValidationOfFunctionalityAdvanceSearchLink_TDD" name="alidationOfFunctionalityAdvanceSearchLink_TDD" time="4.800"/>
  <testcase classname="testCases.TC_121_ValidationOfFunctionalityAdvanceSearchLink_TDD" name="alidationOfFunctionalityAdvanceSearchLink_TDD" time="4.864"/>
  <testcase classname="testCases.TC_121_ValidationOfFunctionalityAdvanceSearchLink_TDD" name="alidationOfFunctionalityAdvanceSearchLink_TDD" time="4.534"/>
  <testcase classname="testCases.TC_121_ValidationOfFunctionalityAdvanceSearchLink_TDD" name="alidationOfFunctionalityAdvanceSearchLink_TDD" time="4.402"/>
  <testcase classname="testCases.TC_121_ValidationOfFunctionalityAdvanceSearchLink_TDD" name="alidationOfFunctionalityAdvanceSearchLink_TDD" time="9.704">
    <failure message="****A message about “found products” is not displayed****" type="java.lang.AssertionError">
      <![CDATA[java.lang.AssertionError: ****A message about “found products” is not displayed****
at org.testng.Assert.fail(Assert.java:111)
at testCases.TC_121_ValidationOfFunctionalityAdvanceSearchLink_TDD.alidationOfFunctionalityAdvanceSearchLink_TDD(TC_121_ValidationOfFunctionalityAdvanceSearchLink_TDD.java:43)
at java.base/jdk.internal.reflect.DirectMethodHandleAccessor.invoke(DirectMethodHandleAccessor.java:103)
at java.base/java.lang.reflect.Method.invoke(Method.java:580)
at org.testng.internal.invokers.MethodInvocationHelper.invokeMethod(MethodInvocationHelper.java:141)
at org.testng.internal.invokers.TestInvoker.invokeMethod(TestInvoker.java:686)
at org.testng.internal.invokers.TestInvoker.invokeTestMethod(TestInvoker.java:230)
at org.testng.internal.invokers.MethodRunner.runInSequence(MethodRunner.java:63)
at org.testng.internal.invokers.TestInvoker$MethodInvocationAgent.invoke(TestInvoker.java:992)
at org.testng.internal.invokers.TestInvoker.invokeTestMethods(TestInvoker.java:203)
at org.testng.internal.invokers.TestMethodWorker.invokeTestMethods(TestMethodWorker.java:154)
at org.testng.internal.invokers.TestMethodWorker.run(TestMethodWorker.java:134)
at java.base/java.util.ArrayList.forEach(ArrayList.java:1597)
at org.testng.TestRunner.privateRun(TestRunner.java:739)
at org.testng.TestRunner.run(TestRunner.java:614)
at org.testng.SuiteRunner.runTest(SuiteRunner.java:421)
at org.testng.SuiteRunner.runSequentially(SuiteRunner.java:413)
at org.testng.SuiteRunner.privateRun(SuiteRunner.java:373)
at org.testng.SuiteRunner.run(SuiteRunner.java:312)
at org.testng.SuiteRunnerWorker.runSuite(SuiteRunnerWorker.java:52)
at org.testng.SuiteRunnerWorker.run(SuiteRunnerWorker.java:95)
at org.testng.TestNG.runSuitesSequentially(TestNG.java:1274)
at org.testng.TestNG.runSuitesLocally(TestNG.java:1208)
at org.testng.TestNG.runSuites(TestNG.java:1112)
at org.testng.TestNG.run(TestNG.java:1079)
at org.apache.maven.surefire.testng.TestNGExecutor.run(TestNGExecutor.java:308)
at org.apache.maven.surefire.testng.TestNGXmlTestSuite.execute(TestNGXmlTestSuite.java:71)
at org.apache.maven.surefire.testng.TestNGProvider.invoke(TestNGProvider.java:113)
at org.apache.maven.surefire.booter.ForkedBooter.runSuitesInProcess(ForkedBooter.java:385)
at org.apache.maven.surefire.booter.ForkedBooter.execute(ForkedBooter.java:162)
at org.apache.maven.surefire.booter.ForkedBooter.run(ForkedBooter.java:507)
at org.apache.maven.surefire.booter.ForkedBooter.main(ForkedBooter.java:495)
]]>
    </failure>
  </testcase> <!-- alidationOfFunctionalityAdvanceSearchLink_TDD -->
  <testcase classname="testCases.TC_121_ValidationOfFunctionalityAdvanceSearchLink_TDD" name="alidationOfFunctionalityAdvanceSearchLink_TDD" time="9.596">
    <failure message="****A message about “found products” is not displayed****" type="java.lang.AssertionError">
      <![CDATA[java.lang.AssertionError: ****A message about “found products” is not displayed****
at org.testng.Assert.fail(Assert.java:111)
at testCases.TC_121_ValidationOfFunctionalityAdvanceSearchLink_TDD.alidationOfFunctionalityAdvanceSearchLink_TDD(TC_121_ValidationOfFunctionalityAdvanceSearchLink_TDD.java:43)
at java.base/jdk.internal.reflect.DirectMethodHandleAccessor.invoke(DirectMethodHandleAccessor.java:103)
at java.base/java.lang.reflect.Method.invoke(Method.java:580)
at org.testng.internal.invokers.MethodInvocationHelper.invokeMethod(MethodInvocationHelper.java:141)
at org.testng.internal.invokers.TestInvoker.invokeMethod(TestInvoker.java:686)
at org.testng.internal.invokers.TestInvoker.invokeTestMethod(TestInvoker.java:230)
at org.testng.internal.invokers.MethodRunner.runInSequence(MethodRunner.java:63)
at org.testng.internal.invokers.TestInvoker$MethodInvocationAgent.invoke(TestInvoker.java:992)
at org.testng.internal.invokers.TestInvoker.invokeTestMethods(TestInvoker.java:203)
at org.testng.internal.invokers.TestMethodWorker.invokeTestMethods(TestMethodWorker.java:154)
at org.testng.internal.invokers.TestMethodWorker.run(TestMethodWorker.java:134)
at java.base/java.util.ArrayList.forEach(ArrayList.java:1597)
at org.testng.TestRunner.privateRun(TestRunner.java:739)
at org.testng.TestRunner.run(TestRunner.java:614)
at org.testng.SuiteRunner.runTest(SuiteRunner.java:421)
at org.testng.SuiteRunner.runSequentially(SuiteRunner.java:413)
at org.testng.SuiteRunner.privateRun(SuiteRunner.java:373)
at org.testng.SuiteRunner.run(SuiteRunner.java:312)
at org.testng.SuiteRunnerWorker.runSuite(SuiteRunnerWorker.java:52)
at org.testng.SuiteRunnerWorker.run(SuiteRunnerWorker.java:95)
at org.testng.TestNG.runSuitesSequentially(TestNG.java:1274)
at org.testng.TestNG.runSuitesLocally(TestNG.java:1208)
at org.testng.TestNG.runSuites(TestNG.java:1112)
at org.testng.TestNG.run(TestNG.java:1079)
at org.apache.maven.surefire.testng.TestNGExecutor.run(TestNGExecutor.java:308)
at org.apache.maven.surefire.testng.TestNGXmlTestSuite.execute(TestNGXmlTestSuite.java:71)
at org.apache.maven.surefire.testng.TestNGProvider.invoke(TestNGProvider.java:113)
at org.apache.maven.surefire.booter.ForkedBooter.runSuitesInProcess(ForkedBooter.java:385)
at org.apache.maven.surefire.booter.ForkedBooter.execute(ForkedBooter.java:162)
at org.apache.maven.surefire.booter.ForkedBooter.run(ForkedBooter.java:507)
at org.apache.maven.surefire.booter.ForkedBooter.main(ForkedBooter.java:495)
]]>
    </failure>
  </testcase> <!-- alidationOfFunctionalityAdvanceSearchLink_TDD -->
  <testcase classname="testCases.TC_121_ValidationOfFunctionalityAdvanceSearchLink_TDD" name="alidationOfFunctionalityAdvanceSearchLink_TDD" time="4.457"/>
  <testcase classname="testCases.TC_121_ValidationOfFunctionalityAdvanceSearchLink_TDD" name="alidationOfFunctionalityAdvanceSearchLink_TDD" time="4.633"/>
  <testcase classname="testCases.TC_121_ValidationOfFunctionalityAdvanceSearchLink_TDD" name="alidationOfFunctionalityAdvanceSearchLink_TDD" time="4.848"/>
  <testcase classname="testCases.TC_121_ValidationOfFunctionalityAdvanceSearchLink_TDD" name="alidationOfFunctionalityAdvanceSearchLink_TDD" time="4.591"/>
  <testcase classname="testCases.TC_121_ValidationOfFunctionalityAdvanceSearchLink_TDD" name="alidationOfFunctionalityAdvanceSearchLink_TDD" time="4.577"/>
  <testcase classname="testCases.TC_121_ValidationOfFunctionalityAdvanceSearchLink_TDD" name="alidationOfFunctionalityAdvanceSearchLink_TDD" time="4.668"/>
  <testcase classname="testCases.TC_121_ValidationOfFunctionalityAdvanceSearchLink_TDD" name="alidationOfFunctionalityAdvanceSearchLink_TDD" time="4.683"/>
  <testcase classname="testCases.TC_121_ValidationOfFunctionalityAdvanceSearchLink_TDD" name="alidationOfFunctionalityAdvanceSearchLink_TDD" time="4.853"/>
  <testcase classname="testCases.TC_121_ValidationOfFunctionalityAdvanceSearchLink_TDD" name="alidationOfFunctionalityAdvanceSearchLink_TDD" time="4.457"/>
  <testcase classname="testCases.TC_121_ValidationOfFunctionalityAdvanceSearchLink_TDD" name="alidationOfFunctionalityAdvanceSearchLink_TDD" time="4.686"/>
  <testcase classname="testCases.TC_121_ValidationOfFunctionalityAdvanceSearchLink_TDD" name="alidationOfFunctionalityAdvanceSearchLink_TDD" time="4.209"/>
  <testcase classname="testCases.TC_121_ValidationOfFunctionalityAdvanceSearchLink_TDD" name="alidationOfFunctionalityAdvanceSearchLink_TDD" time="4.923"/>
  <testcase classname="testCases.TC_121_ValidationOfFunctionalityAdvanceSearchLink_TDD" name="alidationOfFunctionalityAdvanceSearchLink_TDD" time="4.519"/>
  <testcase classname="testCases.TC_121_ValidationOfFunctionalityAdvanceSearchLink_TDD" name="alidationOfFunctionalityAdvanceSearchLink_TDD" time="4.142"/>
  <testcase classname="testCases.TC_121_ValidationOfFunctionalityAdvanceSearchLink_TDD" name="alidationOfFunctionalityAdvanceSearchLink_TDD" time="4.632"/>
  <testcase classname="testCases.TC_121_ValidationOfFunctionalityAdvanceSearchLink_TDD" name="alidationOfFunctionalityAdvanceSearchLink_TDD" time="4.464"/>
  <testcase classname="testCases.TC_121_ValidationOfFunctionalityAdvanceSearchLink_TDD" name="alidationOfFunctionalityAdvanceSearchLink_TDD" time="4.356"/>
  <testcase classname="testCases.TC_121_ValidationOfFunctionalityAdvanceSearchLink_TDD" name="alidationOfFunctionalityAdvanceSearchLink_TDD" time="9.287">
    <failure message="****A message about “found products” is not displayed****" type="java.lang.AssertionError">
      <![CDATA[java.lang.AssertionError: ****A message about “found products” is not displayed****
at org.testng.Assert.fail(Assert.java:111)
at testCases.TC_121_ValidationOfFunctionalityAdvanceSearchLink_TDD.alidationOfFunctionalityAdvanceSearchLink_TDD(TC_121_ValidationOfFunctionalityAdvanceSearchLink_TDD.java:43)
at java.base/jdk.internal.reflect.DirectMethodHandleAccessor.invoke(DirectMethodHandleAccessor.java:103)
at java.base/java.lang.reflect.Method.invoke(Method.java:580)
at org.testng.internal.invokers.MethodInvocationHelper.invokeMethod(MethodInvocationHelper.java:141)
at org.testng.internal.invokers.TestInvoker.invokeMethod(TestInvoker.java:686)
at org.testng.internal.invokers.TestInvoker.invokeTestMethod(TestInvoker.java:230)
at org.testng.internal.invokers.MethodRunner.runInSequence(MethodRunner.java:63)
at org.testng.internal.invokers.TestInvoker$MethodInvocationAgent.invoke(TestInvoker.java:992)
at org.testng.internal.invokers.TestInvoker.invokeTestMethods(TestInvoker.java:203)
at org.testng.internal.invokers.TestMethodWorker.invokeTestMethods(TestMethodWorker.java:154)
at org.testng.internal.invokers.TestMethodWorker.run(TestMethodWorker.java:134)
at java.base/java.util.ArrayList.forEach(ArrayList.java:1597)
at org.testng.TestRunner.privateRun(TestRunner.java:739)
at org.testng.TestRunner.run(TestRunner.java:614)
at org.testng.SuiteRunner.runTest(SuiteRunner.java:421)
at org.testng.SuiteRunner.runSequentially(SuiteRunner.java:413)
at org.testng.SuiteRunner.privateRun(SuiteRunner.java:373)
at org.testng.SuiteRunner.run(SuiteRunner.java:312)
at org.testng.SuiteRunnerWorker.runSuite(SuiteRunnerWorker.java:52)
at org.testng.SuiteRunnerWorker.run(SuiteRunnerWorker.java:95)
at org.testng.TestNG.runSuitesSequentially(TestNG.java:1274)
at org.testng.TestNG.runSuitesLocally(TestNG.java:1208)
at org.testng.TestNG.runSuites(TestNG.java:1112)
at org.testng.TestNG.run(TestNG.java:1079)
at org.apache.maven.surefire.testng.TestNGExecutor.run(TestNGExecutor.java:308)
at org.apache.maven.surefire.testng.TestNGXmlTestSuite.execute(TestNGXmlTestSuite.java:71)
at org.apache.maven.surefire.testng.TestNGProvider.invoke(TestNGProvider.java:113)
at org.apache.maven.surefire.booter.ForkedBooter.runSuitesInProcess(ForkedBooter.java:385)
at org.apache.maven.surefire.booter.ForkedBooter.execute(ForkedBooter.java:162)
at org.apache.maven.surefire.booter.ForkedBooter.run(ForkedBooter.java:507)
at org.apache.maven.surefire.booter.ForkedBooter.main(ForkedBooter.java:495)
]]>
    </failure>
  </testcase> <!-- alidationOfFunctionalityAdvanceSearchLink_TDD -->
  <testcase classname="testCases.TC_121_ValidationOfFunctionalityAdvanceSearchLink_TDD" name="alidationOfFunctionalityAdvanceSearchLink_TDD" time="4.487"/>
  <testcase classname="testCases.TC_121_ValidationOfFunctionalityAdvanceSearchLink_TDD" name="alidationOfFunctionalityAdvanceSearchLink_TDD" time="4.639"/>
</testsuite> <!-- testCases.TC_121_ValidationOfFunctionalityAdvanceSearchLink_TDD -->
