<?xml version="1.0" encoding="UTF-8"?>
<!-- Generated by org.testng.reporters.JUnitXMLReporter -->
<testsuite ignored="0" hostname="DESKTOP-5OD0AA6" failures="35" tests="361" name="masterTest" time="2502.88" errors="0" timestamp="2025-01-08T21:40:52 CET">
  <testcase classname="testCases.TC_001_ValidationOfCorrectLogin" name="ValidationOfCorrectLogin" time="1.487"/>
  <testcase classname="testCases.TC_002_ValidationOfIncorrectRegistration_TDD" name="ValidationOfIncorrectRegistration_TDD" time="5.731"/>
  <testcase classname="testCases.TC_002_ValidationOfIncorrectRegistration_TDD" name="ValidationOfIncorrectRegistration_TDD" time="5.749"/>
  <testcase classname="testCases.TC_002_ValidationOfIncorrectRegistration_TDD" name="ValidationOfIncorrectRegistration_TDD" time="5.834"/>
  <testcase classname="testCases.TC_002_ValidationOfIncorrectRegistration_TDD" name="ValidationOfIncorrectRegistration_TDD" time="5.702"/>
  <testcase classname="testCases.TC_002_ValidationOfIncorrectRegistration_TDD" name="ValidationOfIncorrectRegistration_TDD" time="5.711"/>
  <testcase classname="testCases.TC_002_ValidationOfIncorrectRegistration_TDD" name="ValidationOfIncorrectRegistration_TDD" time="2.354">
    <failure type="java.lang.AssertionError" message="****The user registered on the site despite incorrect data ****">
      <![CDATA[java.lang.AssertionError: ****The user registered on the site despite incorrect data ****
at testCases.TC_002_ValidationOfIncorrectRegistration_TDD.ValidationOfIncorrectRegistration_TDD(TC_002_ValidationOfIncorrectRegistration_TDD.java:40)
at java.base/java.util.ArrayList.forEach(ArrayList.java:1597)
... Removed 30 stack frames]]>
    </failure>
  </testcase> <!-- ValidationOfIncorrectRegistration_TDD -->
  <testcase classname="testCases.TC_002_ValidationOfIncorrectRegistration_TDD" name="ValidationOfIncorrectRegistration_TDD" time="2.473">
    <failure type="java.lang.AssertionError" message="****The user registered on the site despite incorrect data ****">
      <![CDATA[java.lang.AssertionError: ****The user registered on the site despite incorrect data ****
at testCases.TC_002_ValidationOfIncorrectRegistration_TDD.ValidationOfIncorrectRegistration_TDD(TC_002_ValidationOfIncorrectRegistration_TDD.java:40)
at java.base/java.util.ArrayList.forEach(ArrayList.java:1597)
... Removed 30 stack frames]]>
    </failure>
  </testcase> <!-- ValidationOfIncorrectRegistration_TDD -->
  <testcase classname="testCases.TC_002_ValidationOfIncorrectRegistration_TDD" name="ValidationOfIncorrectRegistration_TDD" time="6.152"/>
  <testcase classname="testCases.TC_002_ValidationOfIncorrectRegistration_TDD" name="ValidationOfIncorrectRegistration_TDD" time="2.191">
    <failure type="java.lang.AssertionError" message="****The user registered on the site despite incorrect data ****">
      <![CDATA[java.lang.AssertionError: ****The user registered on the site despite incorrect data ****
at testCases.TC_002_ValidationOfIncorrectRegistration_TDD.ValidationOfIncorrectRegistration_TDD(TC_002_ValidationOfIncorrectRegistration_TDD.java:40)
at java.base/java.util.ArrayList.forEach(ArrayList.java:1597)
... Removed 30 stack frames]]>
    </failure>
  </testcase> <!-- ValidationOfIncorrectRegistration_TDD -->
  <testcase classname="testCases.TC_002_ValidationOfIncorrectRegistration_TDD" name="ValidationOfIncorrectRegistration_TDD" time="2.175">
    <failure type="java.lang.AssertionError" message="****The user registered on the site despite incorrect data ****">
      <![CDATA[java.lang.AssertionError: ****The user registered on the site despite incorrect data ****
at testCases.TC_002_ValidationOfIncorrectRegistration_TDD.ValidationOfIncorrectRegistration_TDD(TC_002_ValidationOfIncorrectRegistration_TDD.java:40)
at java.base/java.util.ArrayList.forEach(ArrayList.java:1597)
... Removed 30 stack frames]]>
    </failure>
  </testcase> <!-- ValidationOfIncorrectRegistration_TDD -->
  <testcase classname="testCases.TC_002_ValidationOfIncorrectRegistration_TDD" name="ValidationOfIncorrectRegistration_TDD" time="2.147">
    <failure type="java.lang.AssertionError" message="****The user registered on the site despite incorrect data ****">
      <![CDATA[java.lang.AssertionError: ****The user registered on the site despite incorrect data ****
at testCases.TC_002_ValidationOfIncorrectRegistration_TDD.ValidationOfIncorrectRegistration_TDD(TC_002_ValidationOfIncorrectRegistration_TDD.java:40)
at java.base/java.util.ArrayList.forEach(ArrayList.java:1597)
... Removed 30 stack frames]]>
    </failure>
  </testcase> <!-- ValidationOfIncorrectRegistration_TDD -->
  <testcase classname="testCases.TC_002_ValidationOfIncorrectRegistration_TDD" name="ValidationOfIncorrectRegistration_TDD" time="5.783"/>
  <testcase classname="testCases.TC_002_ValidationOfIncorrectRegistration_TDD" name="ValidationOfIncorrectRegistration_TDD" time="5.824"/>
  <testcase classname="testCases.TC_002_ValidationOfIncorrectRegistration_TDD" name="ValidationOfIncorrectRegistration_TDD" time="5.737"/>
  <testcase classname="testCases.TC_002_ValidationOfIncorrectRegistration_TDD" name="ValidationOfIncorrectRegistration_TDD" time="5.711"/>
  <testcase classname="testCases.TC_002_ValidationOfIncorrectRegistration_TDD" name="ValidationOfIncorrectRegistration_TDD" time="5.75"/>
  <testcase classname="testCases.TC_002_ValidationOfIncorrectRegistration_TDD" name="ValidationOfIncorrectRegistration_TDD" time="5.726"/>
  <testcase classname="testCases.TC_002_ValidationOfIncorrectRegistration_TDD" name="ValidationOfIncorrectRegistration_TDD" time="5.78"/>
  <testcase classname="testCases.TC_002_ValidationOfIncorrectRegistration_TDD" name="ValidationOfIncorrectRegistration_TDD" time="5.747"/>
  <testcase classname="testCases.TC_002_ValidationOfIncorrectRegistration_TDD" name="ValidationOfIncorrectRegistration_TDD" time="5.803"/>
  <testcase classname="testCases.TC_002_ValidationOfIncorrectRegistration_TDD" name="ValidationOfIncorrectRegistration_TDD" time="5.763"/>
  <testcase classname="testCases.TC_002_ValidationOfIncorrectRegistration_TDD" name="ValidationOfIncorrectRegistration_TDD" time="5.707"/>
  <testcase classname="testCases.TC_002_ValidationOfIncorrectRegistration_TDD" name="ValidationOfIncorrectRegistration_TDD" time="5.785"/>
  <testcase classname="testCases.TC_002_ValidationOfIncorrectRegistration_TDD" name="ValidationOfIncorrectRegistration_TDD" time="5.72"/>
  <testcase classname="testCases.TC_002_ValidationOfIncorrectRegistration_TDD" name="ValidationOfIncorrectRegistration_TDD" time="5.679"/>
  <testcase classname="testCases.TC_002_ValidationOfIncorrectRegistration_TDD" name="ValidationOfIncorrectRegistration_TDD" time="5.708"/>
  <testcase classname="testCases.TC_002_ValidationOfIncorrectRegistration_TDD" name="ValidationOfIncorrectRegistration_TDD" time="5.728"/>
  <testcase classname="testCases.TC_002_ValidationOfIncorrectRegistration_TDD" name="ValidationOfIncorrectRegistration_TDD" time="5.845"/>
  <testcase classname="testCases.TC_002_ValidationOfIncorrectRegistration_TDD" name="ValidationOfIncorrectRegistration_TDD" time="5.752"/>
  <testcase classname="testCases.TC_003_ValidationOfCorrectRegister" name="ValidationOfCorrectRegister" time="2.225"/>
  <testcase classname="testCases.TC_005_ValidationOfPageTitle" name="ValidationOfPageTitle" time="0.613"/>
  <testcase classname="testCases.TC_006_ValidationOfDisplayingName_WhatsNew_NewInWomen" name="ValidationOfDisplayingName_WhatsNew_NewInWomen" time="0.479"/>
  <testcase classname="testCases.TC_007_ValidationOfPageName_Hoodies_WhatsNew_F" name="ValidationOfPageName_Hoodies_WhatsNew_F" time="0.835"/>
  <testcase classname="testCases.TC_008_ValidationOfPageName_Jacket_WhatsNew_F" name="ValidationOfPageName_Jacket_WhatsNew_F" time="0.821"/>
  <testcase classname="testCases.TC_009_ValidationOfPageName_Tees_WhatsNew_F" name="ValidationOfPageName_Tees_WhatsNew_F" time="1.389"/>
  <testcase classname="testCases.TC_010_ValidationOfPageName_BrasAndTanks_WhatsNew_F" name="ValidationOfPageName_BrasAndTanks_WhatsNew_F" time="1.026"/>
  <testcase classname="testCases.TC_011_ValidationOfPageName_Pants_WhatsNew_F" name="ValidationOfPageName_Pants_WhatsNew_F" time="0.848"/>
  <testcase classname="testCases.TC_012_ValidationOfPageName_Shorts_WhatsNew_F" name="ValidationOfPageName_Shorts_WhatsNew_F" time="0.945"/>
  <testcase classname="testCases.TC_013_ValidationOfDisplayingPageName_WhatsNew_NewInMens" name="ValidationOfDisplayingPageName_WhatsNew_NewInMens" time="0.509"/>
  <testcase classname="testCases.TC_014_ValidationOfPageName_Hoodies_WhatsNew_M" name="ValidationOfPageName_Hoodies_WhatsNew_M" time="1.145"/>
  <testcase classname="testCases.TC_015_ValidationOfPageName_Jacket_WhatsNew_M" name="ValidationOfPageName_Jacket_WhatsNew_M" time="0.847"/>
  <testcase classname="testCases.TC_016_ValidationOfPageName_Tees_WhatsNew_M" name="ValidationOfPageName_Tees_WhatsNew_M" time="0.798"/>
  <testcase classname="testCases.TC_017_ValidationOfPageName_Tanks_WhatsNew_M" name="ValidationOfPageName_Tanks_WhatsNew_M" time="1.178"/>
  <testcase classname="testCases.TC_018_ValidationOfPageName_Pants_WhatsNew_M" name="ValidationOfPageName_Pants_WhatsNew_M" time="0.811"/>
  <testcase classname="testCases.TC_019_ValidationOfPageName_Shorts_WhatsNew_M" name="ValidationOfPageName_Shorts_WhatsNew_M" time="1.157"/>
  <testcase classname="testCases.TC_020_ValidationOfPageName_Women" name="ValidationOfPageName" time="0.697"/>
  <testcase classname="testCases.TC_021_ValidationOfPageName_Men" name="ValidationOfPageName_Men" time="0.387"/>
  <testcase classname="testCases.TC_022_ValidationOfPageName_Gear" name="ValidationOfPageName_Gear" time="0.53"/>
  <testcase classname="testCases.TC_023_ValidationOfPageName_Training" name="ValidationOfPageName_Training" time="0.447"/>
  <testcase classname="testCases.TC_024_ValidationOfPageName_Sale" name="ValidationOfPageName_Sale" time="0.719">
    <failure type="java.lang.AssertionError" message="**** Page name is incorrect ****">
      <![CDATA[java.lang.AssertionError: **** Page name is incorrect ****
at testCases.TC_024_ValidationOfPageName_Sale.ValidationOfPageName_Sale(TC_024_ValidationOfPageName_Sale.java:32)
at java.base/java.util.ArrayList.forEach(ArrayList.java:1597)
... Removed 30 stack frames]]>
    </failure>
  </testcase> <!-- ValidationOfPageName_Sale -->
  <testcase classname="testCases.TC_025_ValidationOfPageName_Tops_MainMenu_F" name="ValidationOfPageName_Tops_MainMenu_F" time="0.537"/>
  <testcase classname="testCases.TC_026_ValidationOfPageName_Bottom_MainMenu_F" name="ValidationOfPageName_Bottom_MainMenu_F" time="0.534"/>
  <testcase classname="testCases.TC_027_ValidationOfPageName_Jacket_MainMenu_F" name="ValidationOfPageName_Jacket_MainMenu_F" time="0.492"/>
  <testcase classname="testCases.TC_028_ValidationOfPageName_HoodiesAndSweatshirts_MainMenu_F" name="ValidationOfPageName_HoodiesAndSweatshirts_MainMenu_F" time="0.597"/>
  <testcase classname="testCases.TC_029_ValidationOfPageName_Tees_MainMenu_F" name="ValidationOfPageName_Tees_MainMenu_F" time="0.535"/>
  <testcase classname="testCases.TC_030_ValidationOfPageName_BrasAndTanks_MainMenu_F" name="ValidationOfPageName_BrasAndTanks_MainMenu_F" time="0.501"/>
  <testcase classname="testCases.TC_031_ValidationOfPageName_Pants_MainMenu_F" name="ValidationOfPageName_Pants_MainMenu_F" time="0.527"/>
  <testcase classname="testCases.TC_032_ValidationOfPageName_Shorts_MainMenu_F" name="ValidationOfPageName_Shorts_MainMenu_F" time="0.56"/>
  <testcase classname="testCases.TC_033_ValidationOfPageName_Tops_MainMenu_M" name="ValidationOfPageName_Tops_MainMenu_M" time="0.626"/>
  <testcase classname="testCases.TC_034_ValidationOfPageName_Bottom_MainMenu_M" name="ValidationOfPageName_Bottom_MainMenu_M" time="0.522"/>
  <testcase classname="testCases.TC_035_ValidationOfPageName_Jacket_MainMenu_M" name="ValidationOfPageName_Jacket_MainMenu_M" time="0.783"/>
  <testcase classname="testCases.TC_036_ValidationOfPageName_HoodiesAndSweatshirts_MainMenu_M" name="ValidationOfPageName_HoodiesAndSweatshirts_MainMenu_M" time="0.515"/>
  <testcase classname="testCases.TC_037_ValidationOfPageName_Tees_MainMenu_M" name="ValidationOfPageName_Tees_MainMenu_M" time="0.586"/>
  <testcase classname="testCases.TC_038_ValidationOfPageName_Tanks_MainMenu_M" name="ValidationOfPageName_Tanks_MainMenu_M" time="0.515"/>
  <testcase classname="testCases.TC_039_ValidationOfPageName_Pants_MainMenu_M" name="ValidationOfPageName_Pants_MainMenu_M" time="0.52"/>
  <testcase classname="testCases.TC_040_ValidationOfPageName_Shorts_MainMenu_M" name="ValidationOfPageName_Shorts_MainMenu_M" time="0.692"/>
  <testcase classname="testCases.TC_041_ValidationOfPageName_Bags_MainMenu" name="ValidationOfPageName_Bags_MainMenu" time="0.247"/>
  <testcase classname="testCases.TC_042_ValidationOfPageName_Fitness_MainMenu" name="ValidationOfPageName_Fitness_MainMenu" time="0.508"/>
  <testcase classname="testCases.TC_043_ValidationOfPageName_Watches_MainMenu" name="ValidationOfPageName_Watches_MainMenu" time="0.462"/>
  <testcase classname="testCases.TC_044_ValidationOfPageName_Video_MainMenu" name="ValidationOfPageName_Video_MainMenu" time="0.413"/>
  <testcase classname="testCases.TC_045_ValidationOfPageName_Yoga" name="ValidationOfPageName_Yoga" time="0.68"/>
  <testcase classname="testCases.TC_046_ValidationOfPageName_Pants" name="ValidationOfPageName_Pants" time="0.699"/>
  <testcase classname="testCases.TC_047_ValidationOfPageName_Tees" name="ValidationOfPageName_Tees" time="0.632"/>
  <testcase classname="testCases.TC_048_ValidationOfPageName_ErinRecommends" name="ValidationOfPageName_ErinRecommends" time="0.691"/>
  <testcase classname="testCases.TC_049_ValidationOfPageName_PerformanceFabrics" name="ValidationOfPageName_PerformanceFabrics" time="0.667"/>
  <testcase classname="testCases.TC_050_ValidationOfPageName_Eco" name="ValidationOfPageName_Eco" time="0.863"/>
  <testcase classname="testCases.TC_051_ValidationOfName_HotSeller" name="ValidationNameOfHotSeller" time="0.021"/>
  <testcase classname="testCases.TC_052_ValidationOfTheCorrectnessOfTheDescription_HotSeller" name="ValidationOfTheCorrectnessOfTheDescription_HotSeller" time="0.019"/>
  <testcase classname="testCases.TC_053_ValidationOfDisplayingItemNameIn_HSeller" name="ValidationOfDisplayingItemNameIn_HSeller" time="0.118"/>
  <testcase classname="testCases.TC_054_ClickabilityValidationOfProductSize_HSeller" name="ClickabilityValidationOfProductSize_HSeller" time="1.29"/>
  <testcase classname="testCases.TC_055_ClickabilityValidationOfProductColor_HSeller" name="ClickabilityValidationOfProductColor_HSeller" time="0.805"/>
  <testcase classname="testCases.TC_056_ValidationOfProductPriceDisplay_HSeller" name="ValidationOfProductPriceDisplay_HSeller" time="0.736"/>
  <testcase classname="testCases.TC_057_ValidationOfProductImageDisplay_HSeller" name="ValidationOfProductImageDisplay_HSeller" time="0.243"/>
  <testcase classname="testCases.TC_058_ValidationOfButtonDisplayAddToCart_HSeller" name="ValidationOfButtonDisplayAddToCart_HSeller" time="0.888"/>
  <testcase classname="testCases.TC_059_ValidationOfTheAddToCartButton_HSeller" name="ValidationOfTheAddToCartButton_HSeller" time="0.938"/>
  <testcase classname="testCases.TC_060_ValidationOfProductPricesDisplay_ProductPage" name="ValidationOfProductPricesDisplay_ProductPage" time="0.876"/>
  <testcase classname="testCases.TC_061_ValidationOfProductSize_ProductPage" name="ValidationOfProductSize_ProductPage" time="0.82"/>
  <testcase classname="testCases.TC_062_ValidationOfProductColor_ProductPage" name="ValidationOfProductColor_ProductPage" time="0.693"/>
  <testcase classname="testCases.TC_063_ValidationOfCorrectnessAddingProductToCart_ProductPage" name="ValidationOfCorrectnessAddingProductToCart_ProductPage" time="1.324"/>
  <testcase classname="testCases.TC_064_ValidationOfAddingAProductToTheCart_ProductPage_TDD" name="ValidationOfAddingAProductToTheCart_ProductPage_TDD" time="5.296">
    <failure type="java.lang.AssertionError" message="****An exception was thrown during test:Index 0 out of bounds for length 0 ****">
      <![CDATA[java.lang.AssertionError: ****An exception was thrown during test:Index 0 out of bounds for length 0 ****
at testCases.TC_064_ValidationOfAddingAProductToTheCart_ProductPage_TDD.ValidationOfAddingAProductToTheCart_ProductPage_TDD(TC_064_ValidationOfAddingAProductToTheCart_ProductPage_TDD.java:81)
at java.base/java.util.ArrayList.forEach(ArrayList.java:1597)
... Removed 30 stack frames]]>
    </failure>
  </testcase> <!-- ValidationOfAddingAProductToTheCart_ProductPage_TDD -->
  <testcase classname="testCases.TC_064_ValidationOfAddingAProductToTheCart_ProductPage_TDD" name="ValidationOfAddingAProductToTheCart_ProductPage_TDD" time="0.742"/>
  <testcase classname="testCases.TC_064_ValidationOfAddingAProductToTheCart_ProductPage_TDD" name="ValidationOfAddingAProductToTheCart_ProductPage_TDD" time="0.948"/>
  <testcase classname="testCases.TC_064_ValidationOfAddingAProductToTheCart_ProductPage_TDD" name="ValidationOfAddingAProductToTheCart_ProductPage_TDD" time="1.147"/>
  <testcase classname="testCases.TC_064_ValidationOfAddingAProductToTheCart_ProductPage_TDD" name="ValidationOfAddingAProductToTheCart_ProductPage_TDD" time="1.398"/>
  <testcase classname="testCases.TC_064_ValidationOfAddingAProductToTheCart_ProductPage_TDD" name="ValidationOfAddingAProductToTheCart_ProductPage_TDD" time="5.82">
    <failure type="java.lang.AssertionError" message="****An exception was thrown during test:no such element: Unable to locate element: {&amp;quot;method&amp;quot;:&amp;quot;xpath&amp;quot;,&amp;quot;selector&amp;quot;:&amp;quot;//div//a[text()=&amp;apos;shopping cart&amp;apos;]&amp;quot;}
  (Session info: MicrosoftEdge=131.0.2903.112)
For documentation on this error, please visit: https://www.selenium.dev/documentation/webdriver/troubleshooting/errors#no-such-element-exception
Build info: version: &amp;apos;4.21.0&amp;apos;, revision: &amp;apos;79ed462ef4&amp;apos;
System info: os.name: &amp;apos;Windows 11&amp;apos;, os.arch: &amp;apos;amd64&amp;apos;, os.version: &amp;apos;10.0&amp;apos;, java.version: &amp;apos;23.0.1&amp;apos;
Driver info: org.openqa.selenium.edge.EdgeDriver
Command: [b30c950230bac943544e19f92c07bd21, findElement {value=//div//a[text()=&amp;apos;shopping cart&amp;apos;], using=xpath}]
Capabilities {acceptInsecureCerts: false, browserName: MicrosoftEdge, browserVersion: 131.0.2903.112, fedcm:accounts: true, ms:edgeOptions: {debuggerAddress: localhost:57446}, msedge: {msedgedriverVersion: 131.0.2903.112 (16ab910a6e7..., userDataDir: C:\Users\dawid\AppData\Loca...}, networkConnectionEnabled: false, pageLoadStrategy: normal, platformName: windows, proxy: Proxy(), se:cdp: ws://localhost:57446/devtoo..., se:cdpVersion: 131.0.2903.112, setWindowRect: true, strictFileInteractability: false, timeouts: {implicit: 0, pageLoad: 300000, script: 30000}, unhandledPromptBehavior: dismiss and notify, webauthn:extension:credBlob: true, webauthn:extension:largeBlob: true, webauthn:extension:minPinLength: true, webauthn:extension:prf: true, webauthn:virtualAuthenticators: true}
Session ID: b30c950230bac943544e19f92c07bd21 ****">
      <![CDATA[java.lang.AssertionError: ****An exception was thrown during test:no such element: Unable to locate element: {"method":"xpath","selector":"//div//a[text()='shopping cart']"}
  (Session info: MicrosoftEdge=131.0.2903.112)
For documentation on this error, please visit: https://www.selenium.dev/documentation/webdriver/troubleshooting/errors#no-such-element-exception
Build info: version: '4.21.0', revision: '79ed462ef4'
System info: os.name: 'Windows 11', os.arch: 'amd64', os.version: '10.0', java.version: '23.0.1'
Driver info: org.openqa.selenium.edge.EdgeDriver
Command: [b30c950230bac943544e19f92c07bd21, findElement {value=//div//a[text()='shopping cart'], using=xpath}]
Capabilities {acceptInsecureCerts: false, browserName: MicrosoftEdge, browserVersion: 131.0.2903.112, fedcm:accounts: true, ms:edgeOptions: {debuggerAddress: localhost:57446}, msedge: {msedgedriverVersion: 131.0.2903.112 (16ab910a6e7..., userDataDir: C:\Users\dawid\AppData\Loca...}, networkConnectionEnabled: false, pageLoadStrategy: normal, platformName: windows, proxy: Proxy(), se:cdp: ws://localhost:57446/devtoo..., se:cdpVersion: 131.0.2903.112, setWindowRect: true, strictFileInteractability: false, timeouts: {implicit: 0, pageLoad: 300000, script: 30000}, unhandledPromptBehavior: dismiss and notify, webauthn:extension:credBlob: true, webauthn:extension:largeBlob: true, webauthn:extension:minPinLength: true, webauthn:extension:prf: true, webauthn:virtualAuthenticators: true}
Session ID: b30c950230bac943544e19f92c07bd21 ****
at testCases.TC_064_ValidationOfAddingAProductToTheCart_ProductPage_TDD.ValidationOfAddingAProductToTheCart_ProductPage_TDD(TC_064_ValidationOfAddingAProductToTheCart_ProductPage_TDD.java:81)
at java.base/java.util.ArrayList.forEach(ArrayList.java:1597)
... Removed 30 stack frames]]>
    </failure>
  </testcase> <!-- ValidationOfAddingAProductToTheCart_ProductPage_TDD -->
  <testcase classname="testCases.TC_064_ValidationOfAddingAProductToTheCart_ProductPage_TDD" name="ValidationOfAddingAProductToTheCart_ProductPage_TDD" time="5.75">
    <failure type="java.lang.AssertionError" message="****An exception was thrown during test:no such element: Unable to locate element: {&amp;quot;method&amp;quot;:&amp;quot;xpath&amp;quot;,&amp;quot;selector&amp;quot;:&amp;quot;//div//a[text()=&amp;apos;shopping cart&amp;apos;]&amp;quot;}
  (Session info: MicrosoftEdge=131.0.2903.112)
For documentation on this error, please visit: https://www.selenium.dev/documentation/webdriver/troubleshooting/errors#no-such-element-exception
Build info: version: &amp;apos;4.21.0&amp;apos;, revision: &amp;apos;79ed462ef4&amp;apos;
System info: os.name: &amp;apos;Windows 11&amp;apos;, os.arch: &amp;apos;amd64&amp;apos;, os.version: &amp;apos;10.0&amp;apos;, java.version: &amp;apos;23.0.1&amp;apos;
Driver info: org.openqa.selenium.edge.EdgeDriver
Command: [99899b5f8a94af432a9ef8feccf33ebc, findElement {value=//div//a[text()=&amp;apos;shopping cart&amp;apos;], using=xpath}]
Capabilities {acceptInsecureCerts: false, browserName: MicrosoftEdge, browserVersion: 131.0.2903.112, fedcm:accounts: true, ms:edgeOptions: {debuggerAddress: localhost:57479}, msedge: {msedgedriverVersion: 131.0.2903.112 (16ab910a6e7..., userDataDir: C:\Users\dawid\AppData\Loca...}, networkConnectionEnabled: false, pageLoadStrategy: normal, platformName: windows, proxy: Proxy(), se:cdp: ws://localhost:57479/devtoo..., se:cdpVersion: 131.0.2903.112, setWindowRect: true, strictFileInteractability: false, timeouts: {implicit: 0, pageLoad: 300000, script: 30000}, unhandledPromptBehavior: dismiss and notify, webauthn:extension:credBlob: true, webauthn:extension:largeBlob: true, webauthn:extension:minPinLength: true, webauthn:extension:prf: true, webauthn:virtualAuthenticators: true}
Session ID: 99899b5f8a94af432a9ef8feccf33ebc ****">
      <![CDATA[java.lang.AssertionError: ****An exception was thrown during test:no such element: Unable to locate element: {"method":"xpath","selector":"//div//a[text()='shopping cart']"}
  (Session info: MicrosoftEdge=131.0.2903.112)
For documentation on this error, please visit: https://www.selenium.dev/documentation/webdriver/troubleshooting/errors#no-such-element-exception
Build info: version: '4.21.0', revision: '79ed462ef4'
System info: os.name: 'Windows 11', os.arch: 'amd64', os.version: '10.0', java.version: '23.0.1'
Driver info: org.openqa.selenium.edge.EdgeDriver
Command: [99899b5f8a94af432a9ef8feccf33ebc, findElement {value=//div//a[text()='shopping cart'], using=xpath}]
Capabilities {acceptInsecureCerts: false, browserName: MicrosoftEdge, browserVersion: 131.0.2903.112, fedcm:accounts: true, ms:edgeOptions: {debuggerAddress: localhost:57479}, msedge: {msedgedriverVersion: 131.0.2903.112 (16ab910a6e7..., userDataDir: C:\Users\dawid\AppData\Loca...}, networkConnectionEnabled: false, pageLoadStrategy: normal, platformName: windows, proxy: Proxy(), se:cdp: ws://localhost:57479/devtoo..., se:cdpVersion: 131.0.2903.112, setWindowRect: true, strictFileInteractability: false, timeouts: {implicit: 0, pageLoad: 300000, script: 30000}, unhandledPromptBehavior: dismiss and notify, webauthn:extension:credBlob: true, webauthn:extension:largeBlob: true, webauthn:extension:minPinLength: true, webauthn:extension:prf: true, webauthn:virtualAuthenticators: true}
Session ID: 99899b5f8a94af432a9ef8feccf33ebc ****
at testCases.TC_064_ValidationOfAddingAProductToTheCart_ProductPage_TDD.ValidationOfAddingAProductToTheCart_ProductPage_TDD(TC_064_ValidationOfAddingAProductToTheCart_ProductPage_TDD.java:81)
at java.base/java.util.ArrayList.forEach(ArrayList.java:1597)
... Removed 30 stack frames]]>
    </failure>
  </testcase> <!-- ValidationOfAddingAProductToTheCart_ProductPage_TDD -->
  <testcase classname="testCases.TC_064_ValidationOfAddingAProductToTheCart_ProductPage_TDD" name="ValidationOfAddingAProductToTheCart_ProductPage_TDD" time="5.743">
    <failure type="java.lang.AssertionError" message="****An exception was thrown during test:no such element: Unable to locate element: {&amp;quot;method&amp;quot;:&amp;quot;xpath&amp;quot;,&amp;quot;selector&amp;quot;:&amp;quot;//div//a[text()=&amp;apos;shopping cart&amp;apos;]&amp;quot;}
  (Session info: MicrosoftEdge=131.0.2903.112)
For documentation on this error, please visit: https://www.selenium.dev/documentation/webdriver/troubleshooting/errors#no-such-element-exception
Build info: version: &amp;apos;4.21.0&amp;apos;, revision: &amp;apos;79ed462ef4&amp;apos;
System info: os.name: &amp;apos;Windows 11&amp;apos;, os.arch: &amp;apos;amd64&amp;apos;, os.version: &amp;apos;10.0&amp;apos;, java.version: &amp;apos;23.0.1&amp;apos;
Driver info: org.openqa.selenium.edge.EdgeDriver
Command: [bd72659f321c11bbaa802dd7589400dc, findElement {value=//div//a[text()=&amp;apos;shopping cart&amp;apos;], using=xpath}]
Capabilities {acceptInsecureCerts: false, browserName: MicrosoftEdge, browserVersion: 131.0.2903.112, fedcm:accounts: true, ms:edgeOptions: {debuggerAddress: localhost:57511}, msedge: {msedgedriverVersion: 131.0.2903.112 (16ab910a6e7..., userDataDir: C:\Users\dawid\AppData\Loca...}, networkConnectionEnabled: false, pageLoadStrategy: normal, platformName: windows, proxy: Proxy(), se:cdp: ws://localhost:57511/devtoo..., se:cdpVersion: 131.0.2903.112, setWindowRect: true, strictFileInteractability: false, timeouts: {implicit: 0, pageLoad: 300000, script: 30000}, unhandledPromptBehavior: dismiss and notify, webauthn:extension:credBlob: true, webauthn:extension:largeBlob: true, webauthn:extension:minPinLength: true, webauthn:extension:prf: true, webauthn:virtualAuthenticators: true}
Session ID: bd72659f321c11bbaa802dd7589400dc ****">
      <![CDATA[java.lang.AssertionError: ****An exception was thrown during test:no such element: Unable to locate element: {"method":"xpath","selector":"//div//a[text()='shopping cart']"}
  (Session info: MicrosoftEdge=131.0.2903.112)
For documentation on this error, please visit: https://www.selenium.dev/documentation/webdriver/troubleshooting/errors#no-such-element-exception
Build info: version: '4.21.0', revision: '79ed462ef4'
System info: os.name: 'Windows 11', os.arch: 'amd64', os.version: '10.0', java.version: '23.0.1'
Driver info: org.openqa.selenium.edge.EdgeDriver
Command: [bd72659f321c11bbaa802dd7589400dc, findElement {value=//div//a[text()='shopping cart'], using=xpath}]
Capabilities {acceptInsecureCerts: false, browserName: MicrosoftEdge, browserVersion: 131.0.2903.112, fedcm:accounts: true, ms:edgeOptions: {debuggerAddress: localhost:57511}, msedge: {msedgedriverVersion: 131.0.2903.112 (16ab910a6e7..., userDataDir: C:\Users\dawid\AppData\Loca...}, networkConnectionEnabled: false, pageLoadStrategy: normal, platformName: windows, proxy: Proxy(), se:cdp: ws://localhost:57511/devtoo..., se:cdpVersion: 131.0.2903.112, setWindowRect: true, strictFileInteractability: false, timeouts: {implicit: 0, pageLoad: 300000, script: 30000}, unhandledPromptBehavior: dismiss and notify, webauthn:extension:credBlob: true, webauthn:extension:largeBlob: true, webauthn:extension:minPinLength: true, webauthn:extension:prf: true, webauthn:virtualAuthenticators: true}
Session ID: bd72659f321c11bbaa802dd7589400dc ****
at testCases.TC_064_ValidationOfAddingAProductToTheCart_ProductPage_TDD.ValidationOfAddingAProductToTheCart_ProductPage_TDD(TC_064_ValidationOfAddingAProductToTheCart_ProductPage_TDD.java:81)
at java.base/java.util.ArrayList.forEach(ArrayList.java:1597)
... Removed 30 stack frames]]>
    </failure>
  </testcase> <!-- ValidationOfAddingAProductToTheCart_ProductPage_TDD -->
  <testcase classname="testCases.TC_064_ValidationOfAddingAProductToTheCart_ProductPage_TDD" name="ValidationOfAddingAProductToTheCart_ProductPage_TDD" time="0.748"/>
  <testcase classname="testCases.TC_064_ValidationOfAddingAProductToTheCart_ProductPage_TDD" name="ValidationOfAddingAProductToTheCart_ProductPage_TDD" time="0.731"/>
  <testcase classname="testCases.TC_065_ValidationOfImageViewing_RightArrow_PageProduct" name="ValidationOfImageViewing_RightArrow_PageProduct" time="1.863"/>
  <testcase classname="testCases.TC_066_ValidationOfDetailTab_PageProduct" name="ValidationOfDetailTab_PageProduct" time="0.801"/>
  <testcase classname="testCases.TC_067_ValidationOfMoreInformationTab_PageProduct" name="ValidationOfMoreInformationTab_PageProduct" time="0.374">
    <failure type="java.lang.AssertionError" message="**** More information tab was inactive ****">
      <![CDATA[java.lang.AssertionError: **** More information tab was inactive ****
at testCases.TC_067_ValidationOfMoreInformationTab_PageProduct.ValidationOfMoreInformationTab_PageProduct(TC_067_ValidationOfMoreInformationTab_PageProduct.java:31)
at java.base/java.util.ArrayList.forEach(ArrayList.java:1597)
... Removed 30 stack frames]]>
    </failure>
  </testcase> <!-- ValidationOfMoreInformationTab_PageProduct -->
  <testcase classname="testCases.TC_068_ValidationOpinionTab_PageProduct" name="ValidationOpinionTab_PageProduct" time="0.727"/>
  <testcase classname="testCases.TC_069_TextValidationOtherProducts_PageProduct" name="TextValidationOtherProducts_PageProduct" time="5.358"/>
  <testcase classname="testCases.TC_070_TextValidationOtherProducts2_PageProduct" name="WalidacjaTekstuInneProdukty2_PageProduct" time="5.382"/>
  <testcase classname="testCases.TC_071_ValidationOfProductsImage_ProductPage" name="ValidationOfProductsImage_ProductPage" time="0.654"/>
  <testcase classname="testCases.TC_072_ProductsNameValidation_ProductPage" name="ProductsNameValidation_ProductPage" time="0.33">
    <failure type="java.lang.AssertionError" message="**** The product name has not been displayed ****">
      <![CDATA[java.lang.AssertionError: **** The product name has not been displayed ****
at testCases.TC_072_ProductsNameValidation_ProductPage.ProductsNameValidation_ProductPage(TC_072_ProductsNameValidation_ProductPage.java:31)
at java.base/java.util.ArrayList.forEach(ArrayList.java:1597)
... Removed 30 stack frames]]>
    </failure>
  </testcase> <!-- ProductsNameValidation_ProductPage -->
  <testcase classname="testCases.TC_073_ProductsPriceValidation_ProductPage" name="ProductsPriceValidation_ProductPage" time="0.354">
    <failure type="java.lang.AssertionError" message="**** The product price has not been displayed ****">
      <![CDATA[java.lang.AssertionError: **** The product price has not been displayed ****
at testCases.TC_073_ProductsPriceValidation_ProductPage.ProductsPriceValidation_ProductPage(TC_073_ProductsPriceValidation_ProductPage.java:31)
at java.base/java.util.ArrayList.forEach(ArrayList.java:1597)
... Removed 30 stack frames]]>
    </failure>
  </testcase> <!-- ProductsPriceValidation_ProductPage -->
  <testcase classname="testCases.TC_074_FunctionalityValidationOfButtonCompare_ProductPage" name="FunctionalityValidationOfButtonCompare_ProductPage" time="0.883"/>
  <testcase classname="testCases.TC_075_ValidationOfButtonAddWishListWithoutLogin_ProductPage" name="ValidationOfButtonAddToCartWithoutLogin_ProductPage" time="1.005"/>
  <testcase classname="testCases.TC_076_ValidationOfAddToCartButton_ProductPage" name="ValidationOfAddToCartButton_ProductPage" time="3.692"/>
  <testcase classname="testCases.TC_077_ValidationOfClickThroughRateOfTabOpinion_ProductPage" name="ValidationOfClickThroughRateOfTabOpinion_ProductPage" time="0.897"/>
  <testcase classname="testCases.TC_078_ValidationOfClickabilityAButtonAddOpinion_ProductPage" name="ValidationOfClickabilityAButtonAddOpinion_ProductPage" time="0.972"/>
  <testcase classname="testCases.TC_079_ValidationOfTabOpinionName_ProductPage" name="ValidationOfTabOpinionName_ProductPage" time="1.21"/>
  <testcase classname="testCases.TC_080_TextValidationComments_ProductPage" name="TextValidationComments_ProductPage" time="1.19"/>
  <testcase classname="testCases.TC_081_MessageValidationAboutCreatingAComment_ProductPage_TDD" name="MessageValidationAboutCreatingAComment_ProductPage_TDD" time="1.348"/>
  <testcase classname="testCases.TC_081_MessageValidationAboutCreatingAComment_ProductPage_TDD" name="MessageValidationAboutCreatingAComment_ProductPage_TDD" time="1.283"/>
  <testcase classname="testCases.TC_081_MessageValidationAboutCreatingAComment_ProductPage_TDD" name="MessageValidationAboutCreatingAComment_ProductPage_TDD" time="1.373"/>
  <testcase classname="testCases.TC_081_MessageValidationAboutCreatingAComment_ProductPage_TDD" name="MessageValidationAboutCreatingAComment_ProductPage_TDD" time="1.338"/>
  <testcase classname="testCases.TC_081_MessageValidationAboutCreatingAComment_ProductPage_TDD" name="MessageValidationAboutCreatingAComment_ProductPage_TDD" time="1.344"/>
  <testcase classname="testCases.TC_081_MessageValidationAboutCreatingAComment_ProductPage_TDD" name="MessageValidationAboutCreatingAComment_ProductPage_TDD" time="1.337"/>
  <testcase classname="testCases.TC_081_MessageValidationAboutCreatingAComment_ProductPage_TDD" name="MessageValidationAboutCreatingAComment_ProductPage_TDD" time="6.374"/>
  <testcase classname="testCases.TC_081_MessageValidationAboutCreatingAComment_ProductPage_TDD" name="MessageValidationAboutCreatingAComment_ProductPage_TDD" time="6.36"/>
  <testcase classname="testCases.TC_081_MessageValidationAboutCreatingAComment_ProductPage_TDD" name="MessageValidationAboutCreatingAComment_ProductPage_TDD" time="6.378"/>
  <testcase classname="testCases.TC_081_MessageValidationAboutCreatingAComment_ProductPage_TDD" name="MessageValidationAboutCreatingAComment_ProductPage_TDD" time="6.414"/>
  <testcase classname="testCases.TC_081_MessageValidationAboutCreatingAComment_ProductPage_TDD" name="MessageValidationAboutCreatingAComment_ProductPage_TDD" time="2.255"/>
  <testcase classname="testCases.TC_081_MessageValidationAboutCreatingAComment_ProductPage_TDD" name="MessageValidationAboutCreatingAComment_ProductPage_TDD" time="1.361"/>
  <testcase classname="testCases.TC_081_MessageValidationAboutCreatingAComment_ProductPage_TDD" name="MessageValidationAboutCreatingAComment_ProductPage_TDD" time="1.299"/>
  <testcase classname="testCases.TC_081_MessageValidationAboutCreatingAComment_ProductPage_TDD" name="MessageValidationAboutCreatingAComment_ProductPage_TDD" time="1.359"/>
  <testcase classname="testCases.TC_081_MessageValidationAboutCreatingAComment_ProductPage_TDD" name="MessageValidationAboutCreatingAComment_ProductPage_TDD" time="1.343"/>
  <testcase classname="testCases.TC_081_MessageValidationAboutCreatingAComment_ProductPage_TDD" name="MessageValidationAboutCreatingAComment_ProductPage_TDD" time="1.348"/>
  <testcase classname="testCases.TC_081_MessageValidationAboutCreatingAComment_ProductPage_TDD" name="MessageValidationAboutCreatingAComment_ProductPage_TDD" time="1.352"/>
  <testcase classname="testCases.TC_081_MessageValidationAboutCreatingAComment_ProductPage_TDD" name="MessageValidationAboutCreatingAComment_ProductPage_TDD" time="1.367"/>
  <testcase classname="testCases.TC_081_MessageValidationAboutCreatingAComment_ProductPage_TDD" name="MessageValidationAboutCreatingAComment_ProductPage_TDD" time="6.387"/>
  <testcase classname="testCases.TC_081_MessageValidationAboutCreatingAComment_ProductPage_TDD" name="MessageValidationAboutCreatingAComment_ProductPage_TDD" time="1.402"/>
  <testcase classname="testCases.TC_081_MessageValidationAboutCreatingAComment_ProductPage_TDD" name="MessageValidationAboutCreatingAComment_ProductPage_TDD" time="16.441"/>
  <testcase classname="testCases.TC_081_MessageValidationAboutCreatingAComment_ProductPage_TDD" name="MessageValidationAboutCreatingAComment_ProductPage_TDD" time="11.492"/>
  <testcase classname="testCases.TC_082_ValidationOfCreationComment_ProductPage" name="ValidationOfCreationComment_ProductPage" time="2.326">
    <failure type="java.lang.AssertionError" message="****An exception was thrown during test:stale element reference: stale element not found in the current frame
  (Session info: MicrosoftEdge=131.0.2903.112)
For documentation on this error, please visit: https://www.selenium.dev/documentation/webdriver/troubleshooting/errors#stale-element-reference-exception
Build info: version: &amp;apos;4.21.0&amp;apos;, revision: &amp;apos;79ed462ef4&amp;apos;
System info: os.name: &amp;apos;Windows 11&amp;apos;, os.arch: &amp;apos;amd64&amp;apos;, os.version: &amp;apos;10.0&amp;apos;, java.version: &amp;apos;23.0.1&amp;apos;
Driver info: org.openqa.selenium.edge.EdgeDriver
Command: [af2fe6b0165790b7c28b4927623360b2, isElementDisplayed {id=f.A77FC04139FCF4184FEEAF314007416E.d.EDF864A967006DD7D9708EEEF9828CEF.e.133}]
Capabilities {acceptInsecureCerts: false, browserName: MicrosoftEdge, browserVersion: 131.0.2903.112, fedcm:accounts: true, ms:edgeOptions: {debuggerAddress: localhost:58649}, msedge: {msedgedriverVersion: 131.0.2903.112 (16ab910a6e7..., userDataDir: C:\Users\dawid\AppData\Loca...}, networkConnectionEnabled: false, pageLoadStrategy: normal, platformName: windows, proxy: Proxy(), se:cdp: ws://localhost:58649/devtoo..., se:cdpVersion: 131.0.2903.112, setWindowRect: true, strictFileInteractability: false, timeouts: {implicit: 0, pageLoad: 300000, script: 30000}, unhandledPromptBehavior: dismiss and notify, webauthn:extension:credBlob: true, webauthn:extension:largeBlob: true, webauthn:extension:minPinLength: true, webauthn:extension:prf: true, webauthn:virtualAuthenticators: true}
Element: [[EdgeDriver: MicrosoftEdge on windows (af2fe6b0165790b7c28b4927623360b2)] -&amp;gt; xpath: //div[@aria-atomic=&amp;apos;true&amp;apos;]/div]
Session ID: af2fe6b0165790b7c28b4927623360b2 ****">
      <![CDATA[java.lang.AssertionError: ****An exception was thrown during test:stale element reference: stale element not found in the current frame
  (Session info: MicrosoftEdge=131.0.2903.112)
For documentation on this error, please visit: https://www.selenium.dev/documentation/webdriver/troubleshooting/errors#stale-element-reference-exception
Build info: version: '4.21.0', revision: '79ed462ef4'
System info: os.name: 'Windows 11', os.arch: 'amd64', os.version: '10.0', java.version: '23.0.1'
Driver info: org.openqa.selenium.edge.EdgeDriver
Command: [af2fe6b0165790b7c28b4927623360b2, isElementDisplayed {id=f.A77FC04139FCF4184FEEAF314007416E.d.EDF864A967006DD7D9708EEEF9828CEF.e.133}]
Capabilities {acceptInsecureCerts: false, browserName: MicrosoftEdge, browserVersion: 131.0.2903.112, fedcm:accounts: true, ms:edgeOptions: {debuggerAddress: localhost:58649}, msedge: {msedgedriverVersion: 131.0.2903.112 (16ab910a6e7..., userDataDir: C:\Users\dawid\AppData\Loca...}, networkConnectionEnabled: false, pageLoadStrategy: normal, platformName: windows, proxy: Proxy(), se:cdp: ws://localhost:58649/devtoo..., se:cdpVersion: 131.0.2903.112, setWindowRect: true, strictFileInteractability: false, timeouts: {implicit: 0, pageLoad: 300000, script: 30000}, unhandledPromptBehavior: dismiss and notify, webauthn:extension:credBlob: true, webauthn:extension:largeBlob: true, webauthn:extension:minPinLength: true, webauthn:extension:prf: true, webauthn:virtualAuthenticators: true}
Element: [[EdgeDriver: MicrosoftEdge on windows (af2fe6b0165790b7c28b4927623360b2)] -> xpath: //div[@aria-atomic='true']/div]
Session ID: af2fe6b0165790b7c28b4927623360b2 ****
at testCases.TC_082_ValidationOfCreationComment_ProductPage.ValidationOfCreationComment_ProductPage(TC_082_ValidationOfCreationComment_ProductPage.java:58)
at java.base/java.util.ArrayList.forEach(ArrayList.java:1597)
... Removed 30 stack frames]]>
    </failure>
  </testcase> <!-- ValidationOfCreationComment_ProductPage -->
  <testcase classname="testCases.TC_083_ValidationOfLogoDisplay_MainPage" name="ValidationOfLogoDisplay_MainPage" time="0.021"/>
  <testcase classname="testCases.TC_084_ValidationAboutUsLink_FooterPage" name="ValidationAboutUsLink_FooterPage" time="0.022"/>
  <testcase classname="testCases.TC_085_LinkValidationService_FooterPage" name="LinkValidationService_FooterPage" time="0.021"/>
  <testcase classname="testCases.TC_086_ValidationOfPrivacyLinkDisplay_FooterPage" name="ValidationOfPrivacyLinkDisplay_FooterPage" time="0.024"/>
  <testcase classname="testCases.TC_087_ValidationOfSearchLink_FooterPage" name="ValidationOfSearchLink_FooterPage" time="0.021"/>
  <testcase classname="testCases.TC_088_ValidationOfAdvanceSearchLinkDisplay_FooterPage" name="ValidationOfAdvanceSearchLinkDisplay_FooterPage" time="0.02"/>
  <testcase classname="testCases.TC_089_ValidationOfRefundLinkDisplay_FooterPage" name="ValidationOfRefundLinkDisplay_FooterPage" time="0.022"/>
  <testcase classname="testCases.TC_090_ValidationOfContactLinkDisplay_FooterPage" name="ValidationOfContactLinkDisplay_FooterPage" time="0.022"/>
  <testcase classname="testCases.TC_091_ValidationOfAboutUsLinkText_FooterPage" name="ValidationOfAboutUsLinkText_FooterPage" time="0.028"/>
  <testcase classname="testCases.TC_092_ValidationOfServiceLinkText_FooterPage" name="ValidationOfServiceLinkText_FooterPage" time="0.029"/>
  <testcase classname="testCases.TC_093_ValidationOfPrivacyLinkText_FooterPage" name="ValidationOfPrivacyLinkText_FooterPage" time="0.021"/>
  <testcase classname="testCases.TC_094_ValidationOfMostSearchLinkText_FooterPage" name="ValidationOfMostSearchLinkText_FooterPage" time="0.023"/>
  <testcase classname="testCases.TC_095_ValidationOfAdvanceSearchLinkText_FooterPage" name="ValidationOfAdvanceSearchLinkText_FooterPage" time="0.031"/>
  <testcase classname="testCases.TC_096_ValidationOfRefundLinkText_FooterPage" name="ValidationOfRefundLinkText_FooterPage" time="0.025"/>
  <testcase classname="testCases.TC_097_ValidationOfContactUsLinkText_FooterPage" name="ValidationOfContactUsLinkText_FooterPage" time="0.022"/>
  <testcase classname="testCases.TC_098_ValidationOfFunctionalityAboutUsLink_FooterPage" name="ValidationOfFunctionalityAboutUsLink_FooterPage" time="0.459">
    <failure type="java.lang.AssertionError" message="****Page name &amp;apos;About us&amp;apos;is incorrect****">
      <![CDATA[java.lang.AssertionError: ****Page name 'About us'is incorrect****
at testCases.TC_098_ValidationOfFunctionalityAboutUsLink_FooterPage.ValidationOfFunctionalityAboutUsLink_FooterPage(TC_098_ValidationOfFunctionalityAboutUsLink_FooterPage.java:33)
at java.base/java.util.ArrayList.forEach(ArrayList.java:1597)
... Removed 30 stack frames]]>
    </failure>
  </testcase> <!-- ValidationOfFunctionalityAboutUsLink_FooterPage -->
  <testcase classname="testCases.TC_099_ValidationOfFunctionalityServiceLink_FooterPage" name="ValidationOfFunctionalityServiceLink_FooterPage" time="0.475"/>
  <testcase classname="testCases.TC_100_ValidationOfFunctionalityPrivacyLink_FooterPage" name="ValidationOfFunctionalityPrivacyLink_FooterPage" time="0.338">
    <failure type="java.lang.AssertionError" message="****Page name is incorrect****">
      <![CDATA[java.lang.AssertionError: ****Page name is incorrect****
at testCases.TC_100_ValidationOfFunctionalityPrivacyLink_FooterPage.ValidationOfFunctionalityPrivacyLink_FooterPage(TC_100_ValidationOfFunctionalityPrivacyLink_FooterPage.java:33)
at java.base/java.util.ArrayList.forEach(ArrayList.java:1597)
... Removed 30 stack frames]]>
    </failure>
  </testcase> <!-- ValidationOfFunctionalityPrivacyLink_FooterPage -->
  <testcase classname="testCases.TC_101_ValidationOfFunctionalitySearchLink_FooterPage" name="ValidationOfFunctionalitySearchLink_FooterPage" time="0.413"/>
  <testcase classname="testCases.TC_102_ValidationOfFunctionalityAdvanceSearchLink_FooterPage" name="ValidationOfFunctionalityAdvanceSearchLink_FooterPage" time="0.422"/>
  <testcase classname="testCases.TC_103_ValidationOfFunctionalityRefundLink_FooterPage" name="ValidationOfFunctionalityRefundLink_FooterPage" time="0.461"/>
  <testcase classname="testCases.TC_104_ValidationOfFunctionalityContactUsLink_FooterPage" name="ValidationOfFunctionalityContactUsLink_FooterPage" time="0.436"/>
  <testcase classname="testCases.TC_105_ValidationOfInforamationTextsDisplay_AboutUsPage" name="ValidationOfInforamationTextsDisplay_AboutUsPage" time="0.379"/>
  <testcase classname="testCases.TC_106_ValidationOfClickabilityContactLumaLink_AboutUsPage" name="ValidationOfClickabilityContactLumaLink_AboutUsPage" time="0.661"/>
  <testcase classname="testCases.TC_107_ValidationOfClickabilityServiceLumaLink_AboutUsPage" name="ValidationOfClickabilityServiceLumaLink_AboutUsPage" time="0.64"/>
  <testcase classname="testCases.TC_108_ValidationOfClickabilityPrivacyLumaLink_AboutUsPage" name="ValidationOfClickabilityPrivacyLumaLink_AboutUsPage" time="0.655">
    <failure type="java.lang.AssertionError" message="****Page name is incorrect****">
      <![CDATA[java.lang.AssertionError: ****Page name is incorrect****
at testCases.TC_108_ValidationOfClickabilityPrivacyLumaLink_AboutUsPage.ValidationOfClickabilityPrivacyLumaLink_AboutUsPage(TC_108_ValidationOfClickabilityPrivacyLumaLink_AboutUsPage.java:35)
at java.base/java.util.ArrayList.forEach(ArrayList.java:1597)
... Removed 30 stack frames]]>
    </failure>
  </testcase> <!-- ValidationOfClickabilityPrivacyLumaLink_AboutUsPage -->
  <testcase classname="testCases.TC_109_ValidationOfClickabilityShopLumaLink_AboutUsPage" name="ValidationOfClickabilityShopLumaLink_AboutUsPage" time="0.445"/>
  <testcase classname="testCases.TC_110_ValidationOfDisplayingTexts_CustomerServicePage" name="ValidationOfDisplayingTexts_CustomerServicePage" time="0.444"/>
  <testcase classname="testCases.TC_111_ValidationOfDisplayingHeaders_h2_CustomerServicePage" name="ValidationOfDisplayingHeaders_h2_CustomerServicePage" time="0.416"/>
  <testcase classname="testCases.TC_112_ValidationOfDisplayingHeaders_h3_CustomerServicePage" name="ValidationOfDisplayingHeaders_h3_CustomerServicePage" time="0.418"/>
  <testcase classname="testCases.TC_113_ValidationOfDisplayingHeaderDataInTable_CustomerServicePage" name="ValidationOfDisplayingHeaderDataInTable_CustomerServicePage" time="0.762"/>
  <testcase classname="testCases.TC_114_ValidationOfDisplayingTableData_CustomerServicePage" name="ValidationOfDisplayingTableData_CustomerServicePage" time="0.808"/>
  <testcase classname="testCases.TC_115_ValidationOfHeadersDisplay_h2_PrivacyPage" name="WalidacjaWyświetlaniaNagłówkówh2_PrivacyPage" time="0.639"/>
  <testcase classname="testCases.TC_116_ValidationOfDescribesDisplay_p_PrivacyPage" name="ValidationOfDescribesDisplay_p_PrivacyPage" time="0.616">
    <failure type="java.lang.AssertionError" message="****The describe number : 19 is empty****">
      <![CDATA[java.lang.AssertionError: ****The describe number : 19 is empty****
at testCases.TC_116_ValidationOfDescribesDisplay_p_PrivacyPage.ValidationOfDescribesDisplay_p_PrivacyPage(TC_116_ValidationOfDescribesDisplay_p_PrivacyPage.java:40)
at java.base/java.util.ArrayList.forEach(ArrayList.java:1597)
... Removed 30 stack frames]]>
    </failure>
  </testcase> <!-- ValidationOfDescribesDisplay_p_PrivacyPage -->
  <testcase classname="testCases.TC_117_ValidationOfTableHeaders_PrivacyPage" name="ValidationOfTableHeaders_PrivacyPage" time="0.679"/>
  <testcase classname="testCases.TC_118_ValidationOfTableData_PrivacyPage" name="ValidationOfTableData_PrivacyPage" time="0.632"/>
  <testcase classname="testCases.TC_119_ValidationOfFunctionalityContactUsLink_PrivacyPage" name="ValidationOfFunctionalityContactUsLink_PrivacyPage" time="0.657"/>
  <testcase classname="testCases.TC_120_ValidationOfDisplayingMessage_PopularSearchPage" name="ValidationOfDisplayingMessage_PopularSearchPage" time="0.367"/>
  <testcase classname="testCases.TC_121_ValidationOfFunctionalityAdvanceSearchLink_TDD" name="alidationOfFunctionalityAdvanceSearchLink_TDD" time="1.09"/>
  <testcase classname="testCases.TC_121_ValidationOfFunctionalityAdvanceSearchLink_TDD" name="alidationOfFunctionalityAdvanceSearchLink_TDD" time="0.939"/>
  <testcase classname="testCases.TC_121_ValidationOfFunctionalityAdvanceSearchLink_TDD" name="alidationOfFunctionalityAdvanceSearchLink_TDD" time="1.08"/>
  <testcase classname="testCases.TC_121_ValidationOfFunctionalityAdvanceSearchLink_TDD" name="alidationOfFunctionalityAdvanceSearchLink_TDD" time="1.139"/>
  <testcase classname="testCases.TC_121_ValidationOfFunctionalityAdvanceSearchLink_TDD" name="alidationOfFunctionalityAdvanceSearchLink_TDD" time="0.898"/>
  <testcase classname="testCases.TC_121_ValidationOfFunctionalityAdvanceSearchLink_TDD" name="alidationOfFunctionalityAdvanceSearchLink_TDD" time="0.883"/>
  <testcase classname="testCases.TC_121_ValidationOfFunctionalityAdvanceSearchLink_TDD" name="alidationOfFunctionalityAdvanceSearchLink_TDD" time="0.892"/>
  <testcase classname="testCases.TC_121_ValidationOfFunctionalityAdvanceSearchLink_TDD" name="alidationOfFunctionalityAdvanceSearchLink_TDD" time="0.88"/>
  <testcase classname="testCases.TC_121_ValidationOfFunctionalityAdvanceSearchLink_TDD" name="alidationOfFunctionalityAdvanceSearchLink_TDD" time="0.98"/>
  <testcase classname="testCases.TC_121_ValidationOfFunctionalityAdvanceSearchLink_TDD" name="alidationOfFunctionalityAdvanceSearchLink_TDD" time="0.962"/>
  <testcase classname="testCases.TC_121_ValidationOfFunctionalityAdvanceSearchLink_TDD" name="alidationOfFunctionalityAdvanceSearchLink_TDD" time="0.968"/>
  <testcase classname="testCases.TC_121_ValidationOfFunctionalityAdvanceSearchLink_TDD" name="alidationOfFunctionalityAdvanceSearchLink_TDD" time="0.939"/>
  <testcase classname="testCases.TC_121_ValidationOfFunctionalityAdvanceSearchLink_TDD" name="alidationOfFunctionalityAdvanceSearchLink_TDD" time="5.902">
    <failure type="java.lang.AssertionError" message="****A message about “found products” is not displayed****">
      <![CDATA[java.lang.AssertionError: ****A message about “found products” is not displayed****
at testCases.TC_121_ValidationOfFunctionalityAdvanceSearchLink_TDD.alidationOfFunctionalityAdvanceSearchLink_TDD(TC_121_ValidationOfFunctionalityAdvanceSearchLink_TDD.java:43)
at java.base/java.util.ArrayList.forEach(ArrayList.java:1597)
... Removed 30 stack frames]]>
    </failure>
  </testcase> <!-- alidationOfFunctionalityAdvanceSearchLink_TDD -->
  <testcase classname="testCases.TC_121_ValidationOfFunctionalityAdvanceSearchLink_TDD" name="alidationOfFunctionalityAdvanceSearchLink_TDD" time="5.834">
    <failure type="java.lang.AssertionError" message="****A message about “found products” is not displayed****">
      <![CDATA[java.lang.AssertionError: ****A message about “found products” is not displayed****
at testCases.TC_121_ValidationOfFunctionalityAdvanceSearchLink_TDD.alidationOfFunctionalityAdvanceSearchLink_TDD(TC_121_ValidationOfFunctionalityAdvanceSearchLink_TDD.java:43)
at java.base/java.util.ArrayList.forEach(ArrayList.java:1597)
... Removed 30 stack frames]]>
    </failure>
  </testcase> <!-- alidationOfFunctionalityAdvanceSearchLink_TDD -->
  <testcase classname="testCases.TC_121_ValidationOfFunctionalityAdvanceSearchLink_TDD" name="alidationOfFunctionalityAdvanceSearchLink_TDD" time="5.965">
    <failure type="java.lang.AssertionError" message="****A message about “found products” is not displayed****">
      <![CDATA[java.lang.AssertionError: ****A message about “found products” is not displayed****
at testCases.TC_121_ValidationOfFunctionalityAdvanceSearchLink_TDD.alidationOfFunctionalityAdvanceSearchLink_TDD(TC_121_ValidationOfFunctionalityAdvanceSearchLink_TDD.java:43)
at java.base/java.util.ArrayList.forEach(ArrayList.java:1597)
... Removed 30 stack frames]]>
    </failure>
  </testcase> <!-- alidationOfFunctionalityAdvanceSearchLink_TDD -->
  <testcase classname="testCases.TC_121_ValidationOfFunctionalityAdvanceSearchLink_TDD" name="alidationOfFunctionalityAdvanceSearchLink_TDD" time="1.004"/>
  <testcase classname="testCases.TC_121_ValidationOfFunctionalityAdvanceSearchLink_TDD" name="alidationOfFunctionalityAdvanceSearchLink_TDD" time="0.981"/>
  <testcase classname="testCases.TC_121_ValidationOfFunctionalityAdvanceSearchLink_TDD" name="alidationOfFunctionalityAdvanceSearchLink_TDD" time="0.934"/>
  <testcase classname="testCases.TC_121_ValidationOfFunctionalityAdvanceSearchLink_TDD" name="alidationOfFunctionalityAdvanceSearchLink_TDD" time="0.698"/>
  <testcase classname="testCases.TC_121_ValidationOfFunctionalityAdvanceSearchLink_TDD" name="alidationOfFunctionalityAdvanceSearchLink_TDD" time="0.645"/>
  <testcase classname="testCases.TC_121_ValidationOfFunctionalityAdvanceSearchLink_TDD" name="alidationOfFunctionalityAdvanceSearchLink_TDD" time="0.668"/>
  <testcase classname="testCases.TC_121_ValidationOfFunctionalityAdvanceSearchLink_TDD" name="alidationOfFunctionalityAdvanceSearchLink_TDD" time="0.919"/>
  <testcase classname="testCases.TC_121_ValidationOfFunctionalityAdvanceSearchLink_TDD" name="alidationOfFunctionalityAdvanceSearchLink_TDD" time="1.025"/>
  <testcase classname="testCases.TC_121_ValidationOfFunctionalityAdvanceSearchLink_TDD" name="alidationOfFunctionalityAdvanceSearchLink_TDD" time="0.799"/>
  <testcase classname="testCases.TC_121_ValidationOfFunctionalityAdvanceSearchLink_TDD" name="alidationOfFunctionalityAdvanceSearchLink_TDD" time="0.948"/>
  <testcase classname="testCases.TC_121_ValidationOfFunctionalityAdvanceSearchLink_TDD" name="alidationOfFunctionalityAdvanceSearchLink_TDD" time="0.913"/>
  <testcase classname="testCases.TC_121_ValidationOfFunctionalityAdvanceSearchLink_TDD" name="alidationOfFunctionalityAdvanceSearchLink_TDD" time="0.96"/>
  <testcase classname="testCases.TC_122_ValidationOfWeLoveHearingTextDisplay_contactPage" name="ValidationOfWeLoveHearingTextDisplay_contactPage" time="0.3"/>
  <testcase classname="testCases.TC_123_ValidationOfPhoneNumberDisplay_contactPage" name="ValidationOfPhoneNumberDisplay_contactPage" time="0.315"/>
  <testcase classname="testCases.TC_124_ValidationOfDesignInquiriesHeaderDisplay_contactPage" name="ValidationOfDesignInquiriesHeaderDisplay_contactPage" time="0.374"/>
  <testcase classname="testCases.TC_125_ValidationOfDesignQueryTextDisplay_contactPage" name="ValidationOfDesignQueryTextDisplay_contactPage" time="0.296"/>
  <testcase classname="testCases.TC_126_ValidationOfDisplayWeAreAvaliableText_contactPage" name="ValidationOfDisplayWeAreAvaliableText_contactPage" time="0.313"/>
  <testcase classname="testCases.TC_127_ValidationOfDisplayingText_sendToThisMail_contactPage" name="ValidationOfDisplayingText_sendToThisMail_contactPage" time="0.331"/>
  <testcase classname="testCases.TC_128_ValidationOfHeader_pressInquiries_contactPage" name="ValidationOfHeader_pressInquiries_contactPage" time="0.326"/>
  <testcase classname="testCases.TC_129_ValidationOfDisplayHeader_WriteToUs_contactPage" name="ValidationOfDisplayHeader_WriteToUs_contactPage" time="0.292"/>
  <testcase classname="testCases.TC_130_ValidationOfTextDisplay_LeaveMsg_contactPage" name="ValidationOfTextDisplay_LeaveMsg_contactPage" time="0.283"/>
  <testcase classname="testCases.TC_131_ValidationOfSendingMessage_contactPage_TDD" name="ValidationOfSendingMessage_contactPage_TDD" time="0.602"/>
  <testcase classname="testCases.TC_131_ValidationOfSendingMessage_contactPage_TDD" name="ValidationOfSendingMessage_contactPage_TDD" time="5.676"/>
  <testcase classname="testCases.TC_131_ValidationOfSendingMessage_contactPage_TDD" name="ValidationOfSendingMessage_contactPage_TDD" time="0.65"/>
  <testcase classname="testCases.TC_131_ValidationOfSendingMessage_contactPage_TDD" name="ValidationOfSendingMessage_contactPage_TDD" time="0.694"/>
  <testcase classname="testCases.TC_131_ValidationOfSendingMessage_contactPage_TDD" name="ValidationOfSendingMessage_contactPage_TDD" time="0.641"/>
  <testcase classname="testCases.TC_131_ValidationOfSendingMessage_contactPage_TDD" name="ValidationOfSendingMessage_contactPage_TDD" time="10.705"/>
  <testcase classname="testCases.TC_131_ValidationOfSendingMessage_contactPage_TDD" name="ValidationOfSendingMessage_contactPage_TDD" time="10.752"/>
  <testcase classname="testCases.TC_131_ValidationOfSendingMessage_contactPage_TDD" name="ValidationOfSendingMessage_contactPage_TDD" time="16.811">
    <failure type="java.lang.AssertionError" message="****A validation message has been displayed, message sending ended unsuccesful****">
      <![CDATA[java.lang.AssertionError: ****A validation message has been displayed, message sending ended unsuccesful****
at testCases.TC_131_ValidationOfSendingMessage_contactPage_TDD.ValidationOfSendingMessage_contactPage_TDD(TC_131_ValidationOfSendingMessage_contactPage_TDD.java:57)
at java.base/java.util.ArrayList.forEach(ArrayList.java:1597)
... Removed 30 stack frames]]>
    </failure>
  </testcase> <!-- ValidationOfSendingMessage_contactPage_TDD -->
  <testcase classname="testCases.TC_131_ValidationOfSendingMessage_contactPage_TDD" name="ValidationOfSendingMessage_contactPage_TDD" time="16.803">
    <failure type="java.lang.AssertionError" message="****A validation message has been displayed, message sending ended unsuccesful****">
      <![CDATA[java.lang.AssertionError: ****A validation message has been displayed, message sending ended unsuccesful****
at testCases.TC_131_ValidationOfSendingMessage_contactPage_TDD.ValidationOfSendingMessage_contactPage_TDD(TC_131_ValidationOfSendingMessage_contactPage_TDD.java:57)
at java.base/java.util.ArrayList.forEach(ArrayList.java:1597)
... Removed 30 stack frames]]>
    </failure>
  </testcase> <!-- ValidationOfSendingMessage_contactPage_TDD -->
  <testcase classname="testCases.TC_131_ValidationOfSendingMessage_contactPage_TDD" name="ValidationOfSendingMessage_contactPage_TDD" time="16.729">
    <failure type="java.lang.AssertionError" message="****A validation message has been displayed, message sending ended unsuccesful****">
      <![CDATA[java.lang.AssertionError: ****A validation message has been displayed, message sending ended unsuccesful****
at testCases.TC_131_ValidationOfSendingMessage_contactPage_TDD.ValidationOfSendingMessage_contactPage_TDD(TC_131_ValidationOfSendingMessage_contactPage_TDD.java:57)
at java.base/java.util.ArrayList.forEach(ArrayList.java:1597)
... Removed 30 stack frames]]>
    </failure>
  </testcase> <!-- ValidationOfSendingMessage_contactPage_TDD -->
  <testcase classname="testCases.TC_131_ValidationOfSendingMessage_contactPage_TDD" name="ValidationOfSendingMessage_contactPage_TDD" time="16.816">
    <failure type="java.lang.AssertionError" message="****A validation message has been displayed, message sending ended unsuccesful****">
      <![CDATA[java.lang.AssertionError: ****A validation message has been displayed, message sending ended unsuccesful****
at testCases.TC_131_ValidationOfSendingMessage_contactPage_TDD.ValidationOfSendingMessage_contactPage_TDD(TC_131_ValidationOfSendingMessage_contactPage_TDD.java:57)
at java.base/java.util.ArrayList.forEach(ArrayList.java:1597)
... Removed 30 stack frames]]>
    </failure>
  </testcase> <!-- ValidationOfSendingMessage_contactPage_TDD -->
  <testcase classname="testCases.TC_131_ValidationOfSendingMessage_contactPage_TDD" name="ValidationOfSendingMessage_contactPage_TDD" time="17.141">
    <failure type="java.lang.AssertionError" message="****A validation message has been displayed, message sending ended unsuccesful****">
      <![CDATA[java.lang.AssertionError: ****A validation message has been displayed, message sending ended unsuccesful****
at testCases.TC_131_ValidationOfSendingMessage_contactPage_TDD.ValidationOfSendingMessage_contactPage_TDD(TC_131_ValidationOfSendingMessage_contactPage_TDD.java:57)
at java.base/java.util.ArrayList.forEach(ArrayList.java:1597)
... Removed 30 stack frames]]>
    </failure>
  </testcase> <!-- ValidationOfSendingMessage_contactPage_TDD -->
  <testcase classname="testCases.TC_131_ValidationOfSendingMessage_contactPage_TDD" name="ValidationOfSendingMessage_contactPage_TDD" time="5.717"/>
  <testcase classname="testCases.TC_131_ValidationOfSendingMessage_contactPage_TDD" name="ValidationOfSendingMessage_contactPage_TDD" time="5.767"/>
  <testcase classname="testCases.TC_131_ValidationOfSendingMessage_contactPage_TDD" name="ValidationOfSendingMessage_contactPage_TDD" time="5.704"/>
  <testcase classname="testCases.TC_131_ValidationOfSendingMessage_contactPage_TDD" name="ValidationOfSendingMessage_contactPage_TDD" time="5.69"/>
  <testcase classname="testCases.TC_131_ValidationOfSendingMessage_contactPage_TDD" name="ValidationOfSendingMessage_contactPage_TDD" time="16.736"/>
  <testcase classname="testCases.TC_131_ValidationOfSendingMessage_contactPage_TDD" name="ValidationOfSendingMessage_contactPage_TDD" time="16.678"/>
  <testcase classname="testCases.TC_131_ValidationOfSendingMessage_contactPage_TDD" name="ValidationOfSendingMessage_contactPage_TDD" time="16.734"/>
  <testcase classname="testCases.TC_131_ValidationOfSendingMessage_contactPage_TDD" name="ValidationOfSendingMessage_contactPage_TDD" time="16.738"/>
  <testcase classname="testCases.TC_132_ValidationOfDisplayingRefundAndOrdersLink_FooterPage" name="ValidationOfFunctionalityRefundAndOrdersLink_FooterPage" time="6.285">
    <failure type="java.lang.AssertionError" message="****Refund and orders link has not been displayed****">
      <![CDATA[java.lang.AssertionError: ****Refund and orders link has not been displayed****
at testCases.TC_132_ValidationOfDisplayingRefundAndOrdersLink_FooterPage.ValidationOfFunctionalityRefundAndOrdersLink_FooterPage(TC_132_ValidationOfDisplayingRefundAndOrdersLink_FooterPage.java:34)
at java.base/java.util.ArrayList.forEach(ArrayList.java:1597)
... Removed 30 stack frames]]>
    </failure>
  </testcase> <!-- ValidationOfFunctionalityRefundAndOrdersLink_FooterPage -->
  <testcase classname="testCases.TC_133_ValidationOfDisplayingText_InfoBarPage" name="ValidationOfDisplayingText_InfoBarPage" time="0.02"/>
  <testcase classname="testCases.TC_134_ValidationOfThisShopIsDemoText_InfoBarPage" name="ValidationOfThisShopIsDemoText_InfoBarPage" time="0.018"/>
  <testcase classname="testCases.TC_135_ValidationOfAdminPanelLinkDisplay_InfoBarPage" name="ValidationOfAdminPanelLinkDisplay_InfoBarPage" time="0.022"/>
  <testcase classname="testCases.TC_136_ValidationOfCorrectnessAmdministrationPanelLink_InfoBarPage" name="WalidacjaLinkTekstu_InfoBar" time="0.023"/>
  <testcase classname="testCases.TC_137_ValidationOfFunctionalityAdministrationPanelLink_InfoBarPage" name="ValidationOfFunctionalityAdministrationPanelLink_InfoBarPage" time="0.831"/>
  <testcase classname="testCases.TC_138_ValidationOfVolidationMessageDisplayInMailBox_FooterPage_TDD" name="ValidationOfVolidationMessageDisplayInMailBox_FooterPage_TDD" time="20.555">
    <failure type="java.lang.AssertionError" message="****Validation message has not been displayed****">
      <![CDATA[java.lang.AssertionError: ****Validation message has not been displayed****
at testCases.TC_138_ValidationOfVolidationMessageDisplayInMailBox_FooterPage_TDD.ValidationOfVolidationMessageDisplayInMailBox_FooterPage_TDD(TC_138_ValidationOfVolidationMessageDisplayInMailBox_FooterPage_TDD.java:34)
at java.base/java.util.ArrayList.forEach(ArrayList.java:1597)
... Removed 30 stack frames]]>
    </failure>
  </testcase> <!-- ValidationOfVolidationMessageDisplayInMailBox_FooterPage_TDD -->
  <testcase classname="testCases.TC_138_ValidationOfVolidationMessageDisplayInMailBox_FooterPage_TDD" name="ValidationOfVolidationMessageDisplayInMailBox_FooterPage_TDD" time="20.606">
    <failure type="java.lang.AssertionError" message="****Validation message has not been displayed****">
      <![CDATA[java.lang.AssertionError: ****Validation message has not been displayed****
at testCases.TC_138_ValidationOfVolidationMessageDisplayInMailBox_FooterPage_TDD.ValidationOfVolidationMessageDisplayInMailBox_FooterPage_TDD(TC_138_ValidationOfVolidationMessageDisplayInMailBox_FooterPage_TDD.java:34)
at java.base/java.util.ArrayList.forEach(ArrayList.java:1597)
... Removed 30 stack frames]]>
    </failure>
  </testcase> <!-- ValidationOfVolidationMessageDisplayInMailBox_FooterPage_TDD -->
  <testcase classname="testCases.TC_138_ValidationOfVolidationMessageDisplayInMailBox_FooterPage_TDD" name="ValidationOfVolidationMessageDisplayInMailBox_FooterPage_TDD" time="10.486"/>
  <testcase classname="testCases.TC_138_ValidationOfVolidationMessageDisplayInMailBox_FooterPage_TDD" name="ValidationOfVolidationMessageDisplayInMailBox_FooterPage_TDD" time="10.499"/>
  <testcase classname="testCases.TC_138_ValidationOfVolidationMessageDisplayInMailBox_FooterPage_TDD" name="ValidationOfVolidationMessageDisplayInMailBox_FooterPage_TDD" time="20.615">
    <failure type="java.lang.AssertionError" message="****Validation message has not been displayed****">
      <![CDATA[java.lang.AssertionError: ****Validation message has not been displayed****
at testCases.TC_138_ValidationOfVolidationMessageDisplayInMailBox_FooterPage_TDD.ValidationOfVolidationMessageDisplayInMailBox_FooterPage_TDD(TC_138_ValidationOfVolidationMessageDisplayInMailBox_FooterPage_TDD.java:34)
at java.base/java.util.ArrayList.forEach(ArrayList.java:1597)
... Removed 30 stack frames]]>
    </failure>
  </testcase> <!-- ValidationOfVolidationMessageDisplayInMailBox_FooterPage_TDD -->
  <testcase classname="testCases.TC_138_ValidationOfVolidationMessageDisplayInMailBox_FooterPage_TDD" name="ValidationOfVolidationMessageDisplayInMailBox_FooterPage_TDD" time="20.621">
    <failure type="java.lang.AssertionError" message="****Validation message has not been displayed****">
      <![CDATA[java.lang.AssertionError: ****Validation message has not been displayed****
at testCases.TC_138_ValidationOfVolidationMessageDisplayInMailBox_FooterPage_TDD.ValidationOfVolidationMessageDisplayInMailBox_FooterPage_TDD(TC_138_ValidationOfVolidationMessageDisplayInMailBox_FooterPage_TDD.java:34)
at java.base/java.util.ArrayList.forEach(ArrayList.java:1597)
... Removed 30 stack frames]]>
    </failure>
  </testcase> <!-- ValidationOfVolidationMessageDisplayInMailBox_FooterPage_TDD -->
  <testcase classname="testCases.TC_138_ValidationOfVolidationMessageDisplayInMailBox_FooterPage_TDD" name="ValidationOfVolidationMessageDisplayInMailBox_FooterPage_TDD" time="21.425">
    <failure type="java.lang.AssertionError" message="****Validation message has not been displayed****">
      <![CDATA[java.lang.AssertionError: ****Validation message has not been displayed****
at testCases.TC_138_ValidationOfVolidationMessageDisplayInMailBox_FooterPage_TDD.ValidationOfVolidationMessageDisplayInMailBox_FooterPage_TDD(TC_138_ValidationOfVolidationMessageDisplayInMailBox_FooterPage_TDD.java:34)
at java.base/java.util.ArrayList.forEach(ArrayList.java:1597)
... Removed 30 stack frames]]>
    </failure>
  </testcase> <!-- ValidationOfVolidationMessageDisplayInMailBox_FooterPage_TDD -->
  <testcase classname="testCases.TC_138_ValidationOfVolidationMessageDisplayInMailBox_FooterPage_TDD" name="ValidationOfVolidationMessageDisplayInMailBox_FooterPage_TDD" time="1.27"/>
  <testcase classname="testCases.TC_139_ValidationOfFunctionalityChangeLanguageButton" name="ValidationOfFunctionalityChangeLanguageButton" time="1.006"/>
  <testcase classname="testCases.TC_140_ValidationOfAccountDataHeaderDisplay_MyAccountPage" name="ValidationOfAccountDataHeaderDisplay_MyAccountPage" time="1.349"/>
  <testcase classname="testCases.TC_141_ValidationOfContactInformationHeaderDisplay_MyAccountPage" name="ValidationOfContactInformationHeaderDisplay_MyAccountPage" time="1.286"/>
  <testcase classname="testCases.TC_142_ValidationOfNewsletterHeaderDisplay_MyAccountPage" name="ValidationOfNewsletterHeaderDisplay_MyAccountPage" time="1.318"/>
  <testcase classname="testCases.TC_143_ValidationOfAdressBookHeaderDisplay_MyAccountPage" name="ValidationOfAdressBookHeaderDisplay_MyAccountPage" time="1.303"/>
  <testcase classname="testCases.TC_144_ValidationOfDisplayingAdressSettlementHeader_MyAccountPage" name="ValidationOfDisplayingAdressSettlementHeader_MyAccountPage" time="1.35"/>
  <testcase classname="testCases.TC_145_ValidationOfDisplayingDriveryAddressHeader_MyAccountPage" name="ValidationOfDisplayingDriveryAddressHeader_MyAccountPage" time="1.683"/>
  <testcase classname="testCases.TC_146_ValidationOfDisplayingLastOrdersHeader_MyAccountPage" name="ValidationOfDisplayingLastOrdersHeader_MyAccountPage" time="1.249"/>
  <testcase classname="testCases.TC_147_ValidationOfCorrectnessAccountDataHeader_MyAccountPage" name="ValidationOfCorrectnessAccountDataHeader_MyAccountPage" time="1.292"/>
  <testcase classname="testCases.TC_148_ValidationOfCorrectnessContactInformationHeader_MyAccountPage" name="ValidationOfCorrectnessContactInformationHeader_MyAccountPage" time="1.37"/>
  <testcase classname="testCases.TC_149_ValidationOfCorrectnessNewsletterHeader_MyAccountPage" name="ValidationOfCorrectnessNewsletterHeader_MyAccountPage" time="1.4"/>
  <testcase classname="testCases.TC_150_ValidationOfCorrectnessAdressBookHeader_MyAccountPage" name="ValidationOfCorrectnessAdressBookHeader_MyAccountPage" time="1.349"/>
  <testcase classname="testCases.TC_151_ValidationOfCorrectnessSettlementAdressHeader_MyAccountPage" name="ValidationOfCorrectnessSettlementAdressHeader_MyAccountPage" time="1.268"/>
  <testcase classname="testCases.TC_152_ValidationOfCorrectnessDeliveryAdressHeader_MyAccountPage" name="ValidationOfCorrectnessDeliveryAdressHeader_MyAccountPage" time="1.32"/>
  <testcase classname="testCases.TC_153_ValidationOfCorrectnessLastOrdersHeader_MyAccountPage" name="ValidationOfCorrectnessLastOrdersHeader_MyAccountPage" time="1.345"/>
  <testcase classname="testCases.TC_154_ValidationOfDisplayingNameAndEmailUser_MyAccountPage" name="ValidationOfDisplayingNameAndEmailUser_MyAccountPage" time="1.415"/>
  <testcase classname="testCases.TC_155_ValidationNewsletterStatusDisplay_MyAccountPage" name="ValidationNewsletterStatusDisplay_MyAccountPage" time="1.338"/>
  <testcase classname="testCases.TC_156_ValidationOfDisplayingInformationAboutSettlementAdress_MyAccountPage" name="ValidationOfDisplayingInformationAboutSettlementAdress_MyAccountPage" time="1.33"/>
  <testcase classname="testCases.TC_157_ValidationDeriveryAdressInformationDisplay_MyAccountPage" name="ValidationDeriveryAdressInformationDisplay_MyAccountPage" time="1.65"/>
  <testcase classname="testCases.TC_158_ValidationOfDataOfTableHeaders_MyAccountPage" name="ValidationOfDataOfTableHeaders_MyAccountPage" time="1.335"/>
  <testcase classname="testCases.TC_159_ValidationOfTheFunctionalityOfTheChangeDataAccountLink_MyAccountPage" name="ValidationOfTheFunctionalityOfTheChangeDataAccountLink_MyAccountPage" time="1.762"/>
  <testcase classname="testCases.TC_160_ValidationOfFunctionalityOfChangePasswordLink_MyAccountPage" name="ValidationOfFunctionalityOfChangePasswordLink_MyAccountPage" time="1.78"/>
  <testcase classname="testCases.TC_161_ValidationChangeLinkInNewsletter_MyAccountPage" name="ValidationChangeLinkInNewsletter_MyAccountPage" time="1.807"/>
  <testcase classname="testCases.TC_162_ValidationOfFunctionalityManageAddressLink_MyAccountPage" name="ValidationOfFunctionalityManageAddressLink_MyAccountPage" time="1.77"/>
  <testcase classname="testCases.TC_163_ValidationOfFunctionalitySettlementAddressLink_MyAccountPage" name="ValidationOfFunctionalitySettlementAddressLink_MyAccountPage" time="1.91"/>
  <testcase classname="testCases.TC_164_ValidationOfFunctionalityChangeDeriveryAddressLinkInDefaultDeriveryAddres_MyAccountPage" name="ValidationOfFunctionalityChangeDeriveryAddressLinkInDefaultDeriveryAddres_MyAccountPage" time="1.877"/>
  <testcase classname="testCases.TC_165_ValidationOfFunctionalityShowOrdersLink_MyAccountPage" name="ValidationOfFunctionalityShowOrdersLink_MyAccountPage" time="1.936"/>
  <testcase classname="testCases.TC_166_NameValidationOfTheOrderTab_MyAccountPage" name="NameValidationOfTheOrderTab_MyAccountPage" time="1.869"/>
  <testcase classname="testCases.TC_167_NameValidationOfDownloadableProductsTab_MyAccountPage" name="NameValidationOfDownloadableProductsTab_MyAccountPage" time="1.885"/>
  <testcase classname="testCases.TC_168_NameValidationOfMyWishListTab_MyAccountPage" name="NameValidationOfMyWishListTab_MyAccountPage" time="2.51"/>
  <testcase classname="testCases.TC_169_NameValdationOfAddressBookTab_MyAccountPage" name="NameValdationOfAddressBookTab_MyAccountPage" time="1.817"/>
  <testcase classname="testCases.TC_170_NameValidationAccountDataTab_MyAccountPage" name="NameValidationAccountDataTab_MyAccountPage" time="1.794"/>
  <testcase classname="testCases.TC_171_NameValidationOfRememberedMethodsOfPayTab_MyAccountPage" name="NameValidationOfRememberedMethodsOfPayTab_MyAccountPage" time="1.949"/>
  <testcase classname="testCases.TC_172_NameValidationMyOpinionsTab_MyAccountPage" name="NameValidationMyOpinionsTab_MyAccountPage" time="1.801"/>
  <testcase classname="testCases.TC_173_NameValidationOfNewsletterTab_MyAccountPage" name="NameValidationOfNewsletterTab_MyAccountPage" time="1.85"/>
  <testcase classname="testCases.TC_174_ValidationOfCorrectnessCompareProductsText_MyAccountPage" name="TC_174_ValidationOfCorrectnessCompareProductsText_MyAccountPagealidationOfCorrectnessCompareProductsText_MyAccountPage" time="1.322"/>
  <testcase classname="testCases.TC_175_ValidationNoProductsToCompareTextDisplay_MyAccountPage" name="ValidationNoProductsToCompareTextDisplay_MyAccountPage" time="1.321"/>
  <testcase classname="testCases.TC_176_ValidationLastOrdersTextDisplay_MyAccountPage" name="ValidationLastOrdersTextDisplay_MyAccountPage" time="1.308">
    <failure type="java.lang.AssertionError" message="****The text has not been displayed ****">
      <![CDATA[java.lang.AssertionError: ****The text has not been displayed ****
at testCases.TC_176_ValidationLastOrdersTextDisplay_MyAccountPage.ValidationLastOrdersTextDisplay_MyAccountPage(TC_176_ValidationLastOrdersTextDisplay_MyAccountPage.java:28)
at java.base/java.util.ArrayList.forEach(ArrayList.java:1597)
... Removed 30 stack frames]]>
    </failure>
  </testcase> <!-- ValidationLastOrdersTextDisplay_MyAccountPage -->
  <testcase classname="testCases.TC_177_ValidationOfFunctionalityShowAllProductsLink_MyAccountPage" name="ValidationShowAllProductsLink_MyAccountPage" time="1.782"/>
  <testcase classname="testCases.TC_178_ValidationOfFunctionalityAddToCartButton_MyAccountPage" name="ValidationOfFunctionalityAddToCartButton_MyAccountPage" time="2.381"/>
  <testcase classname="testCases.TC_179_ValidationMyWishListText_MyAccountPage" name="ValidationMyWishListText_MyAccountPage" time="1.623"/>
  <testcase classname="testCases.TC_180_ValidationOfDisplayingDescriptionAboutNoProductsInWishList_MyAccountPage" name="ValidationOfDisplayingDescriptionAboutNoProductsInWishList_MyAccountPage" time="1.344"/>
  <testcase classname="testCases.TC_181_ValidationOfDisplayingAFirstProductInOrdersTab_MyAccountPage" name="ValidationOfDisplayingAFirstProductInOrdersTab_MyAccountPage" time="1.985"/>
  <testcase classname="testCases.TC_182_ValidationOfDisplayingASecondProductInOrdersTab_MyAccountPage" name="ValidationOfDisplayingASecondProductInOrdersTab_MyAccountPage" time="2.138"/>
  <testcase classname="testCases.TC_183_ValidationOfTheFunctionalityOfTheOptionToDisplayTheQuantityOfProductsInTheOrdersTabOption20_MyAccountPage" name="ValidationOfTheFunctionalityOfTheOptionToDisplayTheQuantityOfProductsInTheOrdersTabOption20_MyAccountPage" time="2.463"/>
  <testcase classname="testCases.TC_184_ValidationOfTheFunctionalityOfTheOptionToDisplayTheQuantityOfProductsInTheOrdersTabOption50_MyAccountPage" name="ValidationOfTheFunctionalityOfTheOptionToDisplayTheQuantityOfProductsInTheOrdersTabOption50_MyAccountPage" time="2.509"/>
  <testcase classname="testCases.TC_185_ValidationOfProductCounter_MyAccountPage" name="ValidationOfProductCounter_MyAccountPage" time="1.997"/>
  <testcase classname="testCases.TC_186_ValidationOfCorrectnessNoProductsInWishListMessage_MyAccountPage" name="ValidationOfCorrectnessNoProductsInWishListMessage_MyAccountPage" time="6.939">
    <failure type="java.lang.AssertionError" message="****An exception was thrown during test:no such element: Unable to locate element: {&amp;quot;method&amp;quot;:&amp;quot;xpath&amp;quot;,&amp;quot;selector&amp;quot;:&amp;quot;//span[text()=&amp;apos;Nie masz żadnych produktów na liście życzeń.&amp;apos;]&amp;quot;}
  (Session info: MicrosoftEdge=131.0.2903.112)
For documentation on this error, please visit: https://www.selenium.dev/documentation/webdriver/troubleshooting/errors#no-such-element-exception
Build info: version: &amp;apos;4.21.0&amp;apos;, revision: &amp;apos;79ed462ef4&amp;apos;
System info: os.name: &amp;apos;Windows 11&amp;apos;, os.arch: &amp;apos;amd64&amp;apos;, os.version: &amp;apos;10.0&amp;apos;, java.version: &amp;apos;23.0.1&amp;apos;
Driver info: org.openqa.selenium.edge.EdgeDriver
Command: [b2403312201e4d4ed9fe3fc3dc7c4c7a, findElement {value=//span[text()=&amp;apos;Nie masz żadnych produktów na liście życzeń.&amp;apos;], using=xpath}]
Capabilities {acceptInsecureCerts: false, browserName: MicrosoftEdge, browserVersion: 131.0.2903.112, fedcm:accounts: true, ms:edgeOptions: {debuggerAddress: localhost:62936}, msedge: {msedgedriverVersion: 131.0.2903.112 (16ab910a6e7..., userDataDir: C:\Users\dawid\AppData\Loca...}, networkConnectionEnabled: false, pageLoadStrategy: normal, platformName: windows, proxy: Proxy(), se:cdp: ws://localhost:62936/devtoo..., se:cdpVersion: 131.0.2903.112, setWindowRect: true, strictFileInteractability: false, timeouts: {implicit: 0, pageLoad: 300000, script: 30000}, unhandledPromptBehavior: dismiss and notify, webauthn:extension:credBlob: true, webauthn:extension:largeBlob: true, webauthn:extension:minPinLength: true, webauthn:extension:prf: true, webauthn:virtualAuthenticators: true}
Session ID: b2403312201e4d4ed9fe3fc3dc7c4c7a ****">
      <![CDATA[java.lang.AssertionError: ****An exception was thrown during test:no such element: Unable to locate element: {"method":"xpath","selector":"//span[text()='Nie masz żadnych produktów na liście życzeń.']"}
  (Session info: MicrosoftEdge=131.0.2903.112)
For documentation on this error, please visit: https://www.selenium.dev/documentation/webdriver/troubleshooting/errors#no-such-element-exception
Build info: version: '4.21.0', revision: '79ed462ef4'
System info: os.name: 'Windows 11', os.arch: 'amd64', os.version: '10.0', java.version: '23.0.1'
Driver info: org.openqa.selenium.edge.EdgeDriver
Command: [b2403312201e4d4ed9fe3fc3dc7c4c7a, findElement {value=//span[text()='Nie masz żadnych produktów na liście życzeń.'], using=xpath}]
Capabilities {acceptInsecureCerts: false, browserName: MicrosoftEdge, browserVersion: 131.0.2903.112, fedcm:accounts: true, ms:edgeOptions: {debuggerAddress: localhost:62936}, msedge: {msedgedriverVersion: 131.0.2903.112 (16ab910a6e7..., userDataDir: C:\Users\dawid\AppData\Loca...}, networkConnectionEnabled: false, pageLoadStrategy: normal, platformName: windows, proxy: Proxy(), se:cdp: ws://localhost:62936/devtoo..., se:cdpVersion: 131.0.2903.112, setWindowRect: true, strictFileInteractability: false, timeouts: {implicit: 0, pageLoad: 300000, script: 30000}, unhandledPromptBehavior: dismiss and notify, webauthn:extension:credBlob: true, webauthn:extension:largeBlob: true, webauthn:extension:minPinLength: true, webauthn:extension:prf: true, webauthn:virtualAuthenticators: true}
Session ID: b2403312201e4d4ed9fe3fc3dc7c4c7a ****
at testCases.TC_186_ValidationOfCorrectnessNoProductsInWishListMessage_MyAccountPage.ValidationOfCorrectnessNoProductsInWishListMessage_MyAccountPage(TC_186_ValidationOfCorrectnessNoProductsInWishListMessage_MyAccountPage.java:39)
at java.base/java.util.ArrayList.forEach(ArrayList.java:1597)
... Removed 30 stack frames]]>
    </failure>
  </testcase> <!-- ValidationOfCorrectnessNoProductsInWishListMessage_MyAccountPage -->
  <testcase classname="testCases.TC_187_ValidationOfDisplayingProductsInWishList_MyAccountPage" name="ValidationOfDisplayingProductsInWishList_MyAccountPage" time="4.48"/>
  <testcase classname="testCases.TC_188_ValidationOfDisplayingRefreshButtonInWishList_MyAccountPage" name="ValidationOfDisplayingRefreshButtonInWishList_MyAccountPage" time="5.319"/>
  <testcase classname="testCases.TC_189_ValidationOfFunctionalityShareWishList_MyAccountPage" name="ValidationOfFunctionalityShareWishList_MyAccountPage" time="4.248"/>
  <testcase classname="testCases.TC_190_ValidationOfFunctionalityAddAllToCartButton_MyAccountPage" name="ValidationOfFunctionalityAddAllToCartButton_MyAccountPage" time="4.596"/>
  <testcase classname="testCases.TC_191_ValidationOfTheCorrectnessOfTheMessageYouHaveNotBoughtAnyDownloadableProduct_MyAccountPage" name="ValidationOfTheCorrectnessOfTheMessageYouHaveNotBoughtAnyDownloadableProduct_MyAccountPage" time="1.853"/>
  <testcase classname="testCases.TC_192_ValidationOfCorrectnessOfYouDontHaveRememberedAnyPaymentsMethodsValidationMessage_MyAccountPage" name="ValidationOfCorrectnessOfYouDontHaveRememberedAnyPaymentsMethodsValidationMessage_MyAccountPage" time="2.091"/>
  <testcase classname="testCases.TC_193_ValidationOfTheCorrectnessOfCommunionAboutTheLackOfReviews_MyAccountPage" name="ValidationOfTheCorrectnessOfCommunionAboutTheLackOfReviews_MyAccountPage" time="1.826"/>
  <testcase classname="testCases.TC_194_ValidationOfSubscribeOptionsText_MyAccountPage" name="ValidationOfSubscribeOptionsText_MyAccountPage" time="1.841"/>
  <testcase classname="testCases.TC_195_ValidationOfSubscribeNewsletterButton_MyAccountPage" name="ValidationOfSubscribeNewsletterButton_MyAccountPage" time="2.488"/>
  <testcase classname="testCases.TC_196_ValidationOfFunctionalitySubscribeNewsletterCheckBox_MyAccountPage" name="ValidationOfFunctionalitySubscribeNewsletterCheckBox_MyAccountPage" time="3.398"/>
  <testcase classname="testCases.TC_197_ValidationChangeEmailCheckBox_MyAccountPage" name="ValidationChangeEmailCheckBox_MyAccountPage" time="2.323"/>
  <testcase classname="testCases.TC_198_ValidationChangePasswordCheckBox_MyAccountPage" name="ValidationChangePasswordCheckBox_MyAccountPage" time="2.041"/>
  <testcase classname="testCases.TC_199_ValidationOfFunctionalityOfChangePasswordAndEmailCheckboxes_MyAccountPage" name="ValidationOfFunctionalityOfChangePasswordAndEmailCheckboxes_MyAccountPage" time="2.058"/>
  <testcase classname="testCases.TC_200_ValidationOfFunctionalityOfRemoteAssistanceShoppingCheckbox_MyAccountPage" name="ValidationOfFunctionalityOfRemoteAssistanceShoppingCheckbox_MyAccountPage" time="1.964"/>
  <testcase classname="testCases.TC_201_ValidationOptionOfShoppingTextDisplay_Tops_M" name="ValidationOptionOfShoppingTextDisplay_Tops_M" time="0.506"/>
  <testcase classname="testCases.TC_202_ValidationOfDisplayingProductsCounter_Tops_M" name="ValidationOfDisplayingProductsCounter_Tops_M" time="0.489"/>
  <testcase classname="testCases.TC_203_ValidationOfDropdownItemOptionByPosition_Tops_M" name="ValidationOfDropdownItemOptionByPosition_Tops_M" time="0.575"/>
  <testcase classname="testCases.TC_204_ValidationOfDropdownItemOptionByName_Tops_M" name="ValidationOfDropdownItemOptionByName_Tops_M" time="1.136"/>
  <testcase classname="testCases.TC_205_ValidationOfDropdownItemOptionByPrice_Tops_M" name="ValidationOfDropdownItemOptionByPrice_Tops_M" time="1.149"/>
  <testcase classname="testCases.TC_206_ValidationOfFunctionalitySortByCategory_TopsPage_M" name="ValidationOfFunctionalitySortByCategory_TopsPage_M" time="4.322"/>
  <testcase classname="testCases.TC_207_ValidationOfOptionsInStyles_TopsPage_M" name="ValidationOfOptionsInStyles_TopsPage_M" time="13.637"/>
  <testcase classname="testCases.TC_208_ValidationOfOptionsInPrices_TopsPage_M" name="ValidationOfOptionsInPrices_TopsPage_M" time="7.572"/>
  <testcase classname="testCases.TC_209_ValidationOfOptionsInMaterial_TopsPage_M" name="ValidationOfOptionsInMaterial_TopsPage_M" time="15.595"/>
  <testcase classname="testCases.TC_210_ValidationOfOptionsInEcoCollection_TopsPage_M" name="ValidationOfOptionsInEcoCollection_TopsPage_M" time="2.352"/>
  <testcase classname="testCases.TC_211_ValidationOfOptionsInPerformanceFabric_TopsPage_M" name="ValidationOfOptionsInPerformanceFabric_TopsPage_M" time="2.427"/>
  <testcase classname="testCases.TC_212_ValidationOfOptionsInErinReccomends_TopsPage_M" name="WalidacjaOpcjiWErinReccomends_TopsPage_M" time="2.511"/>
  <testcase classname="testCases.TC_213_ValidationOfOptionsInNew_TopsPage_M" name="ValidationOfOptionsInNew_TopsPage_M" time="2.581"/>
  <testcase classname="testCases.TC_214_ValidationOfOptionsInSale_TopsPage_M" name="ValidationOfOptionsInSale_TopsPage_M" time="2.542"/>
  <testcase classname="testCases.TC_215_ValidationOfOptionsInPattern_TopsPage_M" name="ValidationOfOptionsInPattern_TopsPage_M" time="3.207"/>
  <testcase classname="testCases.TC_216_ValidationOfOptionsInClimate_TopsPage_M" name="ValidationOfOptionsInClimate_TopsPage_M" time="10.641"/>
  <testcase classname="testCases.TC_217_ValidationOfOptionsInColor_TopsPage_M" name="ValidationOfOptionsInColor_TopsPage_M" time="12.51"/>
  <testcase classname="testCases.TC_218_ValidationOfOptionsInSize_TopsPage_M" name="ValidationOfOptionsInSize_TopsPage_M" time="7.514"/>
  <testcase classname="testCases.TC_219_ValidationOfTheEditAccountDataFunctionality_InvalidData_TDD_MainAccountPage" name="ValidationOfTheEditAccountDataFunctionality_InvalidData_TDD_MainAccountPage" time="8.453"/>
  <testcase classname="testCases.TC_219_ValidationOfTheEditAccountDataFunctionality_InvalidData_TDD_MainAccountPage" name="ValidationOfTheEditAccountDataFunctionality_InvalidData_TDD_MainAccountPage" time="3.074"/>
  <testcase classname="testCases.TC_219_ValidationOfTheEditAccountDataFunctionality_InvalidData_TDD_MainAccountPage" name="ValidationOfTheEditAccountDataFunctionality_InvalidData_TDD_MainAccountPage" time="3.174"/>
  <testcase classname="testCases.TC_219_ValidationOfTheEditAccountDataFunctionality_InvalidData_TDD_MainAccountPage" name="ValidationOfTheEditAccountDataFunctionality_InvalidData_TDD_MainAccountPage" time="3.137"/>
  <testcase classname="testCases.TC_219_ValidationOfTheEditAccountDataFunctionality_InvalidData_TDD_MainAccountPage" name="ValidationOfTheEditAccountDataFunctionality_InvalidData_TDD_MainAccountPage" time="3.133"/>
  <testcase classname="testCases.TC_219_ValidationOfTheEditAccountDataFunctionality_InvalidData_TDD_MainAccountPage" name="ValidationOfTheEditAccountDataFunctionality_InvalidData_TDD_MainAccountPage" time="3.19"/>
  <testcase classname="testCases.TC_219_ValidationOfTheEditAccountDataFunctionality_InvalidData_TDD_MainAccountPage" name="ValidationOfTheEditAccountDataFunctionality_InvalidData_TDD_MainAccountPage" time="3.186"/>
  <testcase classname="testCases.TC_219_ValidationOfTheEditAccountDataFunctionality_InvalidData_TDD_MainAccountPage" name="ValidationOfTheEditAccountDataFunctionality_InvalidData_TDD_MainAccountPage" time="7.534"/>
  <testcase classname="testCases.TC_219_ValidationOfTheEditAccountDataFunctionality_InvalidData_TDD_MainAccountPage" name="ValidationOfTheEditAccountDataFunctionality_InvalidData_TDD_MainAccountPage" time="7.752"/>
  <testcase classname="testCases.TC_219_ValidationOfTheEditAccountDataFunctionality_InvalidData_TDD_MainAccountPage" name="ValidationOfTheEditAccountDataFunctionality_InvalidData_TDD_MainAccountPage" time="7.52"/>
  <testcase classname="testCases.TC_219_ValidationOfTheEditAccountDataFunctionality_InvalidData_TDD_MainAccountPage" name="ValidationOfTheEditAccountDataFunctionality_InvalidData_TDD_MainAccountPage" time="7.606"/>
  <testcase classname="testCases.TC_219_ValidationOfTheEditAccountDataFunctionality_InvalidData_TDD_MainAccountPage" name="ValidationOfTheEditAccountDataFunctionality_InvalidData_TDD_MainAccountPage" time="7.496"/>
  <testcase classname="testCases.TC_219_ValidationOfTheEditAccountDataFunctionality_InvalidData_TDD_MainAccountPage" name="ValidationOfTheEditAccountDataFunctionality_InvalidData_TDD_MainAccountPage" time="7.512"/>
  <testcase classname="testCases.TC_219_ValidationOfTheEditAccountDataFunctionality_InvalidData_TDD_MainAccountPage" name="ValidationOfTheEditAccountDataFunctionality_InvalidData_TDD_MainAccountPage" time="8.148"/>
  <testcase classname="testCases.TC_219_ValidationOfTheEditAccountDataFunctionality_InvalidData_TDD_MainAccountPage" name="ValidationOfTheEditAccountDataFunctionality_InvalidData_TDD_MainAccountPage" time="7.626"/>
  <testcase classname="testCases.TC_219_ValidationOfTheEditAccountDataFunctionality_InvalidData_TDD_MainAccountPage" name="ValidationOfTheEditAccountDataFunctionality_InvalidData_TDD_MainAccountPage" time="7.171"/>
  <testcase classname="testCases.TC_219_ValidationOfTheEditAccountDataFunctionality_InvalidData_TDD_MainAccountPage" name="ValidationOfTheEditAccountDataFunctionality_InvalidData_TDD_MainAccountPage" time="7.643"/>
  <testcase classname="testCases.TC_219_ValidationOfTheEditAccountDataFunctionality_InvalidData_TDD_MainAccountPage" name="ValidationOfTheEditAccountDataFunctionality_InvalidData_TDD_MainAccountPage" time="7.578"/>
  <testcase classname="testCases.TC_219_ValidationOfTheEditAccountDataFunctionality_InvalidData_TDD_MainAccountPage" name="ValidationOfTheEditAccountDataFunctionality_InvalidData_TDD_MainAccountPage" time="7.436"/>
  <testcase classname="testCases.TC_219_ValidationOfTheEditAccountDataFunctionality_InvalidData_TDD_MainAccountPage" name="ValidationOfTheEditAccountDataFunctionality_InvalidData_TDD_MainAccountPage" time="7.498"/>
  <testcase classname="testCases.TC_219_ValidationOfTheEditAccountDataFunctionality_InvalidData_TDD_MainAccountPage" name="ValidationOfTheEditAccountDataFunctionality_InvalidData_TDD_MainAccountPage" time="7.56"/>
  <testcase classname="testCases.TC_219_ValidationOfTheEditAccountDataFunctionality_InvalidData_TDD_MainAccountPage" name="ValidationOfTheEditAccountDataFunctionality_InvalidData_TDD_MainAccountPage" time="7.602"/>
  <testcase classname="testCases.TC_219_ValidationOfTheEditAccountDataFunctionality_InvalidData_TDD_MainAccountPage" name="ValidationOfTheEditAccountDataFunctionality_InvalidData_TDD_MainAccountPage" time="7.527"/>
  <testcase classname="testCases.TC_219_ValidationOfTheEditAccountDataFunctionality_InvalidData_TDD_MainAccountPage" name="ValidationOfTheEditAccountDataFunctionality_InvalidData_TDD_MainAccountPage" time="7.423"/>
  <testcase classname="testCases.TC_219_ValidationOfTheEditAccountDataFunctionality_InvalidData_TDD_MainAccountPage" name="ValidationOfTheEditAccountDataFunctionality_InvalidData_TDD_MainAccountPage" time="7.912"/>
  <testcase classname="testCases.TC_219_ValidationOfTheEditAccountDataFunctionality_InvalidData_TDD_MainAccountPage" name="ValidationOfTheEditAccountDataFunctionality_InvalidData_TDD_MainAccountPage" time="7.469"/>
  <testcase classname="testCases.TC_219_ValidationOfTheEditAccountDataFunctionality_InvalidData_TDD_MainAccountPage" name="ValidationOfTheEditAccountDataFunctionality_InvalidData_TDD_MainAccountPage" time="7.471"/>
  <testcase classname="testCases.TC_219_ValidationOfTheEditAccountDataFunctionality_InvalidData_TDD_MainAccountPage" name="ValidationOfTheEditAccountDataFunctionality_InvalidData_TDD_MainAccountPage" time="7.56"/>
  <testcase classname="testCases.TC_219_ValidationOfTheEditAccountDataFunctionality_InvalidData_TDD_MainAccountPage" name="ValidationOfTheEditAccountDataFunctionality_InvalidData_TDD_MainAccountPage" time="7.521"/>
  <testcase classname="testCases.TC_219_ValidationOfTheEditAccountDataFunctionality_InvalidData_TDD_MainAccountPage" name="ValidationOfTheEditAccountDataFunctionality_InvalidData_TDD_MainAccountPage" time="8.283"/>
  <testcase classname="testCases.TC_219_ValidationOfTheEditAccountDataFunctionality_InvalidData_TDD_MainAccountPage" name="ValidationOfTheEditAccountDataFunctionality_InvalidData_TDD_MainAccountPage" time="7.469"/>
  <testcase classname="testCases.TC_219_ValidationOfTheEditAccountDataFunctionality_InvalidData_TDD_MainAccountPage" name="ValidationOfTheEditAccountDataFunctionality_InvalidData_TDD_MainAccountPage" time="7.583"/>
  <testcase classname="testCases.TC_219_ValidationOfTheEditAccountDataFunctionality_InvalidData_TDD_MainAccountPage" name="ValidationOfTheEditAccountDataFunctionality_InvalidData_TDD_MainAccountPage" time="7.591"/>
  <testcase classname="testCases.TC_220_ValidationOfCorrectEditingOfAccountInformation_MainAccountPage" name="ValidationOfCorrectEditingOfAccountInformation_MainAccountPage" time="5.139">
    <failure type="java.lang.AssertionError" message="****The message: &amp;apos;Unable to send mail. Please try again later.&amp;apos; has been displayed ****">
      <![CDATA[java.lang.AssertionError: ****The message: 'Unable to send mail. Please try again later.' has been displayed ****
at testCases.TC_220_ValidationOfCorrectEditingOfAccountInformation_MainAccountPage.ValidationOfCorrectEditingOfAccountInformation_MainAccountPage(TC_220_ValidationOfCorrectEditingOfAccountInformation_MainAccountPage.java:46)
at java.base/java.util.ArrayList.forEach(ArrayList.java:1597)
... Removed 30 stack frames]]>
    </failure>
  </testcase> <!-- ValidationOfCorrectEditingOfAccountInformation_MainAccountPage -->
</testsuite> <!-- masterTest -->
